# ------------------------------------------
# Quality Check Summary by Ringo software
# ------------------------------------------
# Executed at            : 2026/03/16 12:33:14 UTC
# ------------------------------------------
# QC of RINEX file       : D:\Master in Geoinformatics\Semester 2\GNSS Survey Mapping\Lab\Lab 2\ringo\Data\2\BHPL00IND_R_20251980000_01D_30S_MO.crx.gz
# input RnxNav files     : D:\Master in Geoinformatics\Semester 2\GNSS Survey Mapping\Lab\Lab 2\ringo\BRDC\2\BRDC00IGS_R_20251980000_01D_MN.rnx.gz
# ------------------------------------------
# Marker                 : BHPL                                                        
# Receiver               : TRIMBLE ALLOY       
# Antenna                : JAVGRANT_G5TLBI NONE
# Time of Start          : 2025/07/17 00:00:00.000
# Time of End            : 2025/07/17 23:59:30.000
# Approx XYZ             :   1272088.1669,   5722249.0233,   2506319.8411
# Observation Interval   : 30.0000 seconds
# Satellite systems      : GREJSI
#                        : G01G02G03G04G05G06G07G08G09G10G11G12G13G14G15G16G17G18G19G20G21G22G23G24G25G26G27G28G29G30G31G32
#                        : R01R02R03R04R05R06R07R08R09R10R11R12R13R14R15R16R17R18R19R20R21R22R23R24
#                        : E02E03E04E05E06E07E08E09E10E11E12E13E15E16E19E21E23E24E25E26E27E29E30E31E33E34E36
#                        : J02J03J07
#                        : S23S27S28S29S32S34S36S37
#                        : I02I03I06I09I10
# Total satellites       :  99
# Number of obs epochs   : 2880
# Number of obs data     : 117477
# N Expected epochs      : 2880
# Observation rate (%)   : 100.00
# N obs data     (>10deg): 93667
# N possible obs (> 0deg): 119725
# N possible obs (>10deg): 96636
# ------------------------------------------
# Number of obs epochs for each SV:
# ------------------------------------------
# GPS
%      C1C  L1C  S1C  C1X  L1X  S1X  C2W  L2W  S2W  C2X  L2X  S2X  C5X  L5X  S5X
G01   1253 1249 1253 1253 1252 1253    0    0    0 1248 1248 1248 1253 1253 1253
G02   1218 1206 1218    0    0    0 1167 1165 1167    0    0    0    0    0    0
G03    933  928  933    0    0    0    0    0    0  929  929  929  933  933  933
G04    875  872  875  875  874  875    0    0    0  874  874  874  874  874  874
G05    852  849  852    0    0    0    0    0    0  849  849  849    0    0    0
G06    845  844  845    0    0    0    0    0    0  842  842  842  845  845  845
G07   1042 1031 1042    0    0    0    0    0    0 1035 1035 1035    0    0    0
G08   1090 1072 1090    0    0    0    0    0    0 1073 1073 1073 1089 1089 1089
G09    788  784  788    0    0    0    0    0    0  782  781  782  788  788  788
G10   1067 1067 1067    0    0    0    0    0    0 1067 1067 1067 1067 1067 1067
G11    960  957  960  960  960  960    0    0    0  960  960  960  959  959  959
G12    886  876  886    0    0    0    0    0    0  873  873  873    0    0    0
G13   1218 1216 1218    0    0    0 1146 1146 1146    0    0    0    0    0    0
G14   1076 1065 1076 1076 1076 1076    0    0    0 1076 1076 1076 1076 1076 1076
G15    880  847  880    0    0    0    0    0    0  783  782  783    0    0    0
G16    742  739  742    0    0    0  696  696  696    0    0    0    0    0    0
G17    993  993  993    0    0    0    0    0    0  993  993  993    0    0    0
G18   1020 1014 1020 1020 1020 1020    0    0    0 1019 1019 1019 1020 1020 1020
G19   1037 1036 1037    0    0    0 1033 1033 1033    0    0    0    0    0    0
G20    789  782  789    0    0    0  749  748  749    0    0    0    0    0    0
G21    931  905  931  931  930  931    0    0    0  919  919  919  931  931  931
G22   1077 1075 1077    0    0    0 1046 1046 1046    0    0    0    0    0    0
G23   1065 1063 1065 1065 1065 1065    0    0    0 1065 1065 1065 1065 1065 1065
G24   1329 1310 1329    0    0    0    0    0    0 1308 1307 1308 1329 1329 1329
G25   1144 1133 1144    0    0    0    0    0    0 1139 1139 1139 1139 1139 1139
G26   1002  967 1002    0    0    0    0    0    0  950  946  950 1002 1002 1002
G27   1251 1239 1251    0    0    0    0    0    0 1240 1238 1240 1251 1251 1251
G28    842  835  842  842  842  842    0    0    0  842  842  842  842  842  842
G29    816  812  816    0    0    0    0    0    0  812  812  812    0    0    0
G30    864  859  864    0    0    0    0    0    0  851  851  851  864  864  864
G31    901  898  901    0    0    0    0    0    0  901  900  901    0    0    0
G32   1032 1032 1032    0    0    0    0    0    0 1031 1031 1031 1032 1032 1032
# ------------------------------------------
# GLONASS
%      C1C  L1C  S1C  C1P  L1P  S1P  C2C  L2C  S2C  C3X  L3X  S3X
R01    933  932  933  932  931  932    1    0    1    0    0    0
R02    986  986  986  986  986  986  985  984  985    0    0    0
R03    921  920  921  913  913  913  887  881  887    0    0    0
R04    903  902  903  890  888  890  888  886  888    0    0    0
R05   1062 1061 1062 1060 1059 1060 1061 1060 1061    0    0    0
R06   1004 1001 1004  982  980  982    0    0    0    0    0    0
R07   1087 1087 1087 1085 1085 1085 1080 1080 1080    0    0    0
R08    852  851  852  833  827  833  779  775  779    0    0    0
R09   1116 1116 1116 1112 1111 1112 1081 1080 1081 1110 1109 1110
R10    997  997  997  994  991  994    0    0    0    0    0    0
R11   1213 1213 1213 1212 1211 1212 1201 1201 1201    0    0    0
R12   1022 1022 1022 1021 1020 1021 1009 1004 1009    0    0    0
R13    724  724  724  718  716  718    0    0    0    0    0    0
R14    739  739  739  738  737  738  713  711  713    0    0    0
R15    916  916  916  916  915  916  909  908  909    0    0    0
R16   1054 1054 1054 1054 1053 1054 1052 1051 1052    0    0    0
R17   1015 1015 1015 1014 1013 1014 1003 1003 1003    0    0    0
R18   1008 1008 1008 1008 1008 1008 1005 1004 1005    0    0    0
R19    949  947  949  929  925  929  903  901  903    0    0    0
R20   1061 1061 1061 1026 1024 1026 1061 1060 1061    0    0    0
R21   1202 1202 1202 1202 1202 1202 1201 1201 1201 1201 1201 1201
R22   1105 1105 1105 1105 1105 1105 1087 1083 1087    0    0    0
R23    716  716  716  716  716  716    0    0    0    0    0    0
R24    827  827  827  820  816  820  797  796  797    0    0    0
# ------------------------------------------
# Galileo
%      C1X  L1X  S1X  C5X  L5X  S5X  C7X  L7X  S7X  C8I  L8I  S8I  C6X  L6X  S6X
E02   1429 1428 1429 1423 1421 1423 1429 1429 1429 1392 1381 1392 1429 1428 1429
E03   1111 1111 1111 1111 1111 1111 1111 1111 1111 1093 1086 1093 1111 1111 1111
E04    676  676  676  676  676  676  676  676  676  672  663  672  676  676  676
E05    899  898  899  887  887  887  892  891  892  857  842  857  897  897  897
E06    856  855  856  833  833  833  852  851  852  816  795  816  852  851  852
E07   1351 1351 1351 1351 1351 1351 1351 1351 1351 1350 1345 1350 1351 1351 1351
E08   1330 1330 1330 1330 1330 1330 1330 1330 1330 1325 1315 1325 1330 1330 1330
E09    824  824  824  816  814  816  824  824  824  769  741  769  823  823  823
E10    291  291  291  288  288  288  282  281  282  277  267  277  290  290  290
E11    448  448  448  443  441  443  447  447  447  397  388  397  448  448  448
E12    277  276  277  262  262  262  269  268  269  248  244  248  277  276  277
E13   1600 1600 1600 1594 1594 1594 1595 1595 1595 1579 1571 1579 1599 1599 1599
E15   1476 1476 1476 1467 1467 1467 1467 1467 1467 1435 1407 1435 1475 1475 1475
E16    417  417  417  417  417  417  417  417  417  415  414  415  417  417  417
E19    926  926  926  921  920  921  920  919  920  880  856  880  926  926  926
E21   1250 1250 1250 1250 1250 1250 1250 1250 1250 1250 1249 1250 1250 1250 1250
E23    978  978  978  978  978  978  978  978  978  976  971  976  978  978  978
E24    280  280  280  280  280  280  280  280  280  279  274  279  280  280  280
E25    658  657  658  648  648  648  649  649  649  597  582  597  654  654  654
E26   1479 1478 1479 1479 1479 1479 1477 1477 1477 1470 1453 1470 1478 1477 1478
E27   1592 1591 1592 1588 1588 1588 1591 1588 1591 1548 1523 1548 1591 1590 1591
E29   1244 1242 1244 1244 1244 1244 1242 1241 1242 1164 1128 1164 1244 1242 1244
E30   1685 1685 1685 1684 1684 1684 1684 1682 1684 1633 1605 1633 1684 1684 1684
E31    419  419  419  419  419  419  419  419  419  419  419  419  419  419  419
E33    925  924  925  918  918  918  915  913  915  809  783  809  923  922  923
E34   1265 1265 1265 1265 1265 1265 1265 1265 1265 1262 1262 1262 1265 1265 1265
E36    946  946  946  946  946  946  946  946  946  946  940  946  946  946  946
# ------------------------------------------
# QZSS
%      C1C  L1C  S1C  C1X  L1X  S1X  C1Z  L1Z  S1Z  C2X  L2X  S2X  C5X  L5X  S5X
J02   2202 2188 2202 2202 2202 2202 2202 2188 2202 2202 2202 2202 2202 2202 2202
J03   2324 2298 2324 2324 2324 2324 2324 2298 2324 2324 2324 2324 2324 2324 2324
J07   2880 2823 2880 2880 2880 2880 2880 2823 2880 2880 2880 2880 2880 2880 2880
# ------------------------------------------
# SBAS
%      C1C  L1C  S1C
S23     16   16   16
S27   2880 2880 2880
S28   2880 2880 2880
S29   2849 2849 2849
S32   2880 2880 2880
S34   2319 2319 2319
S36      2    2    2
S37     27   27   27
# ------------------------------------------
# NavIC/IRNSS
%      C5A  L5A  S5A  C9A  L9A  S9A
I02   2880 2880 2880 2880 2880 2880
I03   2880 2880 2880 2880    0 2880
I06   2880 2880 2880 2880 2880 2880
I09   2880 2880 2880 2880 2880 2880
I10   2836 2836 2836 2836 2835 2836
# ------------------------------------------
# Cycle slip detection settings:
# ------------------------------------------
# Elmask (slip count ): 10.0
# Elmask (slip detect): 0.0
# MP detection type   : offset
# MP reference type   : rolling average (window=50epochs)
# MP threshold        : 2.000 (m)
# GF detection type   : velocity
# GF reference type   : single epoch
# GF threshold        : 0.050 (m/s)
# MW detection type   : sigma
# MW reference type   : rolling average (window=50epochs)
# MW threshold        : 4.000 (sigmas)
# ------------------------------------------
# Quality Report:
# ------------------------------------------
# For each satellite
% PRN, STD(MP1), STD(MP2), STD(MP5), # of slips/nobs (MP1, MP2, MP5, GF, MW, IOD(L1))
  G01,   0.2393,   0.3105,   0.3168,    14 /  1253,    11 /  1248,    10 /  1253,     8 /  1253,    12 /  1253,    12 /  1253
  G02,   0.2209,   0.4284,     ----,    10 /  1165,    11 /  1165,     0 /     0,     4 /  1165,     6 /  1165,     8 /  1165
  G03,   0.2112,   0.2860,   0.2344,     6 /   928,     6 /   925,     4 /   928,     4 /   928,     3 /   928,     6 /   928
  G04,   0.1910,   0.2161,   0.2164,     3 /   874,     3 /   874,     3 /   874,     3 /   874,     7 /   874,     3 /   874
  G05,   0.1787,   0.2545,     ----,     1 /   847,     1 /   847,     0 /     0,     0 /   847,     0 /   847,     1 /   847
  G06,   0.1912,   0.2427,   0.2571,     6 /   844,     5 /   841,     2 /   844,     5 /   844,     8 /   844,     6 /   844
  G07,   0.1684,   0.2527,     ----,     1 /  1028,     1 /  1028,     0 /     0,     1 /  1028,     5 /  1028,     1 /  1028
  G08,   0.2499,   0.3191,   0.2318,    14 /  1072,    10 /  1058,     8 /  1072,     9 /  1072,     9 /  1072,    12 /  1072
  G09,   0.1942,   0.2570,   0.2166,     5 /   784,     3 /   778,     4 /   784,     4 /   784,     6 /   784,     4 /   784
  G10,   0.1550,   0.2480,   0.1978,     2 /  1066,     2 /  1066,     2 /  1066,     0 /  1066,     3 /  1066,     1 /  1066
  G11,   0.2056,   0.2591,   0.2268,     7 /   960,     7 /   960,     7 /   959,     7 /   960,     5 /   960,     7 /   960
  G12,   0.2087,   0.2962,     ----,     2 /   867,     6 /   867,     0 /     0,     0 /   867,     7 /   867,     2 /   867
  G13,   0.2441,   0.3576,     ----,    14 /  1146,    16 /  1146,     0 /     0,     7 /  1146,    20 /  1146,    12 /  1146
  G14,   0.1711,   0.2130,   0.2002,    14 /  1075,    14 /  1075,    14 /  1075,    14 /  1075,     3 /  1075,    14 /  1075
  G15,   0.2038,   0.2661,     ----,     1 /   771,     1 /   771,     0 /     0,     0 /   771,     7 /   771,     1 /   771
  G16,   0.2543,   0.2722,     ----,     1 /   696,     3 /   696,     0 /     0,     0 /   696,     1 /   696,     0 /   696
  G17,   0.1743,   0.2355,     ----,     3 /   993,     2 /   993,     0 /     0,     0 /   993,     4 /   993,     1 /   993
  G18,   0.1809,   0.2400,   0.2072,    12 /  1020,    11 /  1019,    10 /  1020,    11 /  1020,     1 /  1020,    12 /  1020
  G19,   0.1849,   0.2644,     ----,     2 /  1033,     3 /  1033,     0 /     0,     1 /  1033,     2 /  1033,     1 /  1033
  G20,   0.1970,   0.3075,     ----,     6 /   748,     6 /   748,     0 /     0,     2 /   748,     5 /   748,     4 /   748
  G21,   0.2202,   0.3011,   0.2858,    52 /   931,    50 /   919,    56 /   931,    50 /   931,    12 /   931,    52 /   931
  G22,   0.1760,   0.3008,     ----,     4 /  1046,     4 /  1046,     0 /     0,     2 /  1046,     3 /  1046,     3 /  1046
  G23,   0.1702,   0.2244,   0.1789,     4 /  1065,     4 /  1065,     4 /  1065,     3 /  1065,     1 /  1065,     3 /  1065
  G24,   0.2454,   0.3056,   0.2821,     7 /  1310,     0 /  1293,     0 /  1310,     6 /  1310,    12 /  1310,     6 /  1310
  G25,   0.2224,   0.3035,   0.2807,     4 /  1130,     4 /  1130,     4 /  1130,     1 /  1130,     5 /  1130,     2 /  1130
  G26,   0.2921,   0.3422,   0.2854,    17 /   967,    13 /   920,     7 /   967,    11 /   967,    17 /   967,    18 /   967
  G27,   0.2845,   0.3628,   0.2876,     8 /  1239,     6 /  1230,     5 /  1239,     8 /  1239,    11 /  1239,    11 /  1239
  G28,   0.1913,   0.2240,   0.1937,    11 /   842,    11 /   842,    12 /   842,    10 /   842,     6 /   842,    11 /   842
  G29,   0.1857,   0.2345,     ----,     0 /   810,     0 /   810,     0 /     0,     0 /   810,     3 /   810,     0 /   810
  G30,   0.1621,   0.2518,   0.2296,     4 /   859,     1 /   850,     1 /   859,     3 /   859,     2 /   859,     3 /   859
  G31,   0.1793,   0.2419,     ----,     3 /   897,     3 /   897,     0 /     0,     1 /   897,     1 /   897,     2 /   897
  G32,   0.1744,   0.2017,   0.1907,     2 /  1032,     1 /  1031,     1 /  1032,     1 /  1032,     0 /  1032,     1 /  1032
  R01,     ----,     ----,     ----,     0 /     0,     0 /     0,     0 /     0,     0 /     0,     0 /     0,     0 /     0
  R02,   0.2206,   0.3651,     ----,     1 /   984,     1 /   984,     0 /     0,     1 /   984,     3 /   984,     1 /   984
  R03,   0.2527,   0.4118,     ----,     3 /   881,     6 /   881,     0 /     0,     2 /   881,     0 /   881,     3 /   881
  R04,   0.2934,   0.4405,     ----,     4 /   886,     9 /   886,     0 /     0,     1 /   886,     7 /   886,     2 /   886
  R05,   0.2593,   0.3764,     ----,     2 /  1060,     6 /  1060,     0 /     0,     2 /  1060,     5 /  1060,     2 /  1060
  R06,     ----,     ----,     ----,     0 /     0,     0 /     0,     0 /     0,     0 /     0,     0 /     0,     0 /     0
  R07,   0.2569,   0.4186,     ----,     1 /  1080,     4 /  1080,     0 /     0,     1 /  1080,     0 /  1080,     1 /  1080
  R08,   0.3641,   0.4053,     ----,     2 /   774,     3 /   774,     0 /     0,     1 /   774,     3 /   774,     1 /   774
  R09,   0.2180,   0.3825,   0.3409,    15 /  1109,    13 /  1080,     3 /  1109,    13 /  1109,     2 /  1109,    14 /  1109
  R10,     ----,     ----,     ----,     0 /     0,     0 /     0,     0 /     0,     0 /     0,     0 /     0,     0 /     0
  R11,   0.2263,   0.3911,     ----,     1 /  1201,     2 /  1201,     0 /     0,     1 /  1201,     3 /  1201,     1 /  1201
  R12,   0.2531,   0.4336,     ----,     3 /  1004,     8 /  1004,     0 /     0,     1 /  1004,     4 /  1004,     2 /  1004
  R13,     ----,     ----,     ----,     0 /     0,     0 /     0,     0 /     0,     0 /     0,     0 /     0,     0 /     0
  R14,   0.3038,   0.3534,     ----,     0 /   711,     7 /   711,     0 /     0,     0 /   711,     3 /   711,     0 /   711
  R15,   0.2624,   0.3460,     ----,     0 /   908,     0 /   908,     0 /     0,     0 /   908,     2 /   908,     1 /   908
  R16,   0.2021,   0.3527,     ----,     0 /  1051,     2 /  1051,     0 /     0,     0 /  1051,     3 /  1051,     0 /  1051
  R17,   0.2862,   0.4351,     ----,     2 /  1003,     3 /  1003,     0 /     0,     1 /  1003,     2 /  1003,     1 /  1003
  R18,   0.2620,   0.4344,     ----,     0 /  1003,     1 /  1003,     0 /     0,     0 /  1003,     0 /  1003,     0 /  1003
  R19,   0.2821,   0.4574,     ----,     5 /   901,    13 /   901,     0 /     0,     3 /   901,     5 /   901,     4 /   901
  R20,   0.3779,   0.3869,     ----,     0 /  1060,     2 /  1060,     0 /     0,     0 /  1060,     2 /  1060,     0 /  1060
  R21,   0.2927,   0.3427,   0.2891,     0 /  1201,     2 /  1201,     1 /  1201,     0 /  1201,     1 /  1201,     0 /  1201
  R22,   0.2550,   0.4310,     ----,     0 /  1083,     5 /  1083,     0 /     0,     0 /  1083,     4 /  1083,     0 /  1083
  R23,     ----,     ----,     ----,     0 /     0,     0 /     0,     0 /     0,     0 /     0,     0 /     0,     0 /     0
  R24,   0.2727,   0.4220,     ----,     2 /   796,     9 /   796,     0 /     0,     2 /   796,     5 /   796,     3 /   796
  E02,   0.3029,   0.2882,   0.2919,     8 /  1428,     6 /  1428,     4 /  1420,     4 /  1428,    16 /  1428,     4 /  1428
  E03,   0.2565,   0.2575,   0.2495,     0 /  1110,     0 /  1110,     2 /  1110,     0 /  1110,     5 /  1110,     0 /  1110
  E04,   0.2855,   0.3131,   0.2044,     6 /   676,     4 /   676,     4 /   676,     3 /   676,    10 /   676,     4 /   676
  E05,   0.3095,   0.3270,   0.2750,     2 /   890,     1 /   890,     2 /   886,     1 /   890,     4 /   890,     1 /   890
  E06,   0.3886,   0.3475,   0.2905,    14 /   851,     5 /   849,     7 /   833,     3 /   851,    10 /   851,     7 /   851
  E07,   0.2055,   0.2152,   0.1964,     0 /  1350,     0 /  1350,     0 /  1350,     0 /  1350,     0 /  1350,     0 /  1350
  E08,   0.2318,   0.2696,   0.2152,     0 /  1330,     0 /  1330,     0 /  1330,     0 /  1330,     0 /  1330,     0 /  1330
  E09,   0.3973,   0.3754,   0.3555,     3 /   824,     3 /   824,     3 /   814,     0 /   824,     3 /   824,     0 /   824
  E10,   0.4415,   0.3318,   0.3061,     2 /   288,     1 /   281,     1 /   288,     0 /   288,     8 /   288,     0 /   288
  E11,   0.3045,   0.3018,   0.3398,     4 /   447,     4 /   447,     0 /   441,     0 /   447,     5 /   447,     2 /   447
  E12,   0.3002,   0.3613,   0.2532,     2 /   267,     2 /   267,     1 /   262,     1 /   267,     5 /   267,     1 /   267
  E13,   0.2839,   0.2878,   0.2398,     2 /  1595,     1 /  1595,     2 /  1594,     1 /  1595,     4 /  1595,     1 /  1595
  E15,   0.2746,   0.2825,   0.2560,     4 /  1466,     7 /  1466,     5 /  1466,     1 /  1466,    11 /  1466,     3 /  1466
  E16,   0.1992,   0.3433,   0.2357,     0 /   417,     0 /   417,     0 /   417,     0 /   417,     0 /   417,     0 /   417
  E19,   0.2557,   0.2486,   0.2637,     7 /   920,     5 /   919,     4 /   920,     3 /   920,     6 /   920,     4 /   920
  E21,   0.2045,   0.1924,   0.1730,     0 /  1250,     0 /  1250,     0 /  1250,     0 /  1250,     2 /  1250,     0 /  1250
  E23,   0.1936,   0.1935,   0.1663,     0 /   978,     0 /   978,     0 /   978,     0 /   978,     2 /   978,     0 /   978
  E24,   0.2949,   0.3762,   0.3261,     0 /   280,     0 /   280,     0 /   280,     0 /   280,     2 /   280,     0 /   280
  E25,   0.2181,   0.3020,   0.3731,     1 /   648,     1 /   648,     1 /   647,     1 /   648,     4 /   648,     1 /   648
  E26,   0.2326,   0.2679,   0.2222,     8 /  1478,     5 /  1476,     8 /  1478,     5 /  1478,    12 /  1478,     7 /  1478
  E27,   0.3112,   0.3111,   0.2844,     9 /  1590,     6 /  1587,     5 /  1587,     7 /  1590,     6 /  1590,     7 /  1590
  E29,   0.2579,   0.2693,   0.2731,    10 /  1242,     7 /  1239,     7 /  1242,     6 /  1242,     6 /  1242,     8 /  1242
  E30,   0.3012,   0.2813,   0.2768,     9 /  1684,     5 /  1682,     6 /  1684,     5 /  1684,     8 /  1684,     7 /  1684
  E31,   0.2161,   0.2363,   0.1855,     0 /   419,     0 /   419,     0 /   419,     0 /   419,     1 /   419,     0 /   419
  E33,   0.3389,   0.3854,   0.3322,    21 /   921,    13 /   911,    10 /   916,    10 /   921,    12 /   921,    12 /   921
  E34,   0.2152,   0.1920,   0.1692,     0 /  1265,     0 /  1265,     1 /  1265,     0 /  1265,     5 /  1265,     0 /  1265
  E36,   0.2252,   0.2231,   0.2067,     0 /   946,     0 /   946,     0 /   946,     0 /   946,     1 /   946,     0 /   946
  J02,   0.2187,   0.2167,   0.2362,    19 /  2202,    20 /  2202,    20 /  2202,    19 /  2202,     2 /  2202,    19 /  2202
  J03,   0.2155,   0.2155,   0.2266,    28 /  2324,    28 /  2324,    28 /  2324,    28 /  2324,     8 /  2324,    28 /  2324
  J07,   0.2645,   0.1281,   0.0909,   106 /  2880,   106 /  2880,   106 /  2880,   106 /  2880,    41 /  2880,   106 /  2880
  S23,     ----,     ----,     ----,     0 /     0,     0 /     0,     0 /     0,     0 /     0,     0 /     0,     0 /     0
  S27,     ----,     ----,     ----,     0 /     0,     0 /     0,     0 /     0,     0 /     0,     0 /     0,     0 /     0
  S28,     ----,     ----,     ----,     0 /     0,     0 /     0,     0 /     0,     0 /     0,     0 /     0,     0 /     0
  S29,     ----,     ----,     ----,     0 /     0,     0 /     0,     0 /     0,     0 /     0,     0 /     0,     0 /     0
  S32,     ----,     ----,     ----,     0 /     0,     0 /     0,     0 /     0,     0 /     0,     0 /     0,     0 /     0
  S34,     ----,     ----,     ----,     0 /     0,     0 /     0,     0 /     0,     0 /     0,     0 /     0,     0 /     0
  S36,     ----,     ----,     ----,     0 /     0,     0 /     0,     0 /     0,     0 /     0,     0 /     0,     0 /     0
  S37,     ----,     ----,     ----,     0 /     0,     0 /     0,     0 /     0,     0 /     0,     0 /     0,     0 /     0
  I02,     ----,   0.2812,   0.1964,     0 /     0,     0 /  2880,     0 /  2880,     0 /  2880,     5 /  2880,     0 /  2880
  I03,     ----,     ----,     ----,     0 /     0,     0 /     0,     0 /     0,     0 /     0,     0 /     0,     0 /     0
  I06,     ----,   0.1701,   0.2056,     0 /     0,     0 /  2880,     0 /  2880,     0 /  2880,     0 /  2880,     0 /  2880
  I09,     ----,   0.2698,   0.2053,     0 /     0,     0 /  2880,     0 /  2880,     0 /  2880,     6 /  2880,     0 /  2880
  I10,     ----,   0.2823,   0.2212,     0 /     0,     0 /  2835,     0 /  2835,     0 /  2835,     1 /  2835,     0 /  2835
# ------------------------------------------
# Summary of each satellite system
% SYS, STD(MP1), STD(MP2), STD(MP5), # of slips/nobs (MP1, MP2, MP5, GF, MW, IOD(L1))
    G,   0.2086,   0.2835,   0.2439,   240 / 31298,   219 / 31171,   154 / 19250,   176 / 31298,   187 / 31298,   220 / 31298
    R,   0.2719,   0.4001,   0.3151,    41 / 18696,    96 / 18667,     4 /  2310,    29 / 18696,    54 / 18696,    36 / 18696
    E,   0.2754,   0.2820,   0.2564,   112 / 26560,    76 / 26530,    73 / 26499,    51 / 26560,   148 / 26560,    69 / 26560
    J,   0.2366,   0.1869,   0.1895,   153 /  7406,   154 /  7406,   154 /  7406,   153 /  7406,    51 /  7406,   153 /  7406
    S,     ----,     ----,     ----,     0 /     0,     0 /     0,     0 /     0,     0 /     0,     0 /     0,     0 /     0
    I,     ----,   0.2551,   0.2073,     0 /     0,     0 / 11475,     0 / 11475,     0 / 11475,    12 / 11475,     0 / 11475
