# ------------------------------------------
# Quality Check Summary by Ringo software
# ------------------------------------------
# Executed at            : 2026/03/16 12:33:24 UTC
# ------------------------------------------
# QC of RINEX file       : D:\Master in Geoinformatics\Semester 2\GNSS Survey Mapping\Lab\Lab 2\ringo\Data\2\bomb1980.25o.gz
# input RnxNav files     : D:\Master in Geoinformatics\Semester 2\GNSS Survey Mapping\Lab\Lab 2\ringo\BRDC\2\BRDC00IGS_R_20251980000_01D_MN.rnx.gz
# ------------------------------------------
# Marker                 : BOMB                                                        
# Receiver               : TRIMBLE ALLOY       
# Antenna                : TRM159900.00    SCIS
# Time of Start          : 2025/07/17 00:00:00.000
# Time of End            : 2025/07/17 23:59:30.000
# Approx XYZ             :   1770512.4146,   5761891.6065,   2077904.6216
# Observation Interval   : 30.0000 seconds
# Satellite systems      : GREJCI
#                        : G01G02G03G04G05G06G07G08G09G10G11G12G13G14G15G16G17G18G19G20G21G22G23G24G25G26G27G28G29G30G31G32
#                        : R01R02R03R04R05R06R07R08R09R10R11R12R13R14R15R16R17R18R19R20R21R22R23R24
#                        : E02E03E04E05E06E07E08E09E10E11E12E13E15E16E19E21E23E24E25E26E27E29E30E31E33E34E36
#                        : J02J03J04J07
#                        : C01C02C03C05C06C11C12C13C14C16C19C20C21C22C23C24C25C26C27C28C29C30C32C33C34C35C36C37C38C39C40C41C42C43C44C45C47C48C49C50C59C60
#                        : I02I03I06I09I10
# Total satellites       : 134
# Number of obs epochs   : 2880
# Number of obs data     : 159424
# N Expected epochs      : 2880
# Observation rate (%)   : 100.00
# N obs data     (>10deg): 132872
# N possible obs (> 0deg): 173385
# N possible obs (>10deg): 140026
# ------------------------------------------
# Number of obs epochs for each SV:
# ------------------------------------------
# GPS
%      C1C  L1C  S1C  C2W  L2W  S2W  C2X  L2X  S2X  C5X  L5X  S5X
G01   1212 1187 1212 1140 1121 1140 1212 1212 1212 1212 1212 1212
G02   1132 1105 1132 1067 1050 1067    0    0    0    0    0    0
G03    648  636  648  646  635  646  646  646  646  648  648  648
G04    732  727  732  723  719  723  732  732  732  732  732  732
G05    789  767  789  788  767  788  789  789  789    0    0    0
G06    747  734  747  747  734  747  747  747  747  747  747  747
G07   1043 1032 1043 1043 1032 1043 1043 1043 1043    0    0    0
G08   1004  954 1004  994  947  994 1004 1004 1004 1004 1004 1004
G09    664  662  664  663  662  663  663  662  663  664  664  664
G10   1081 1080 1081 1080 1079 1080 1080 1080 1080 1081 1081 1081
G11    930  926  930  906  903  906  930  930  930  930  930  930
G12    672  663  672  671  662  671  672  672  672    0    0    0
G13   1195 1152 1195 1010  986 1010    0    0    0    0    0    0
G14   1078 1058 1078 1076 1056 1076 1078 1078 1078 1078 1078 1078
G15    765  756  765  763  755  763  764  764  764    0    0    0
G16    718  705  718  671  661  671    0    0    0    0    0    0
G17    974  968  974  974  968  974  973  973  973    0    0    0
G18    977  942  977  965  935  965  977  977  977  977  977  977
G19   1009 1000 1009 1003  995 1003    0    0    0    0    0    0
G20    712  705  712  693  690  693    0    0    0    0    0    0
G21    751  735  751  733  723  733  750  750  750  751  751  751
G22   1088 1069 1088 1074 1058 1074    0    0    0    0    0    0
G23   1062 1060 1062 1060 1059 1060 1062 1062 1062 1062 1062 1062
G24   1216 1174 1216 1205 1166 1205 1216 1216 1216 1216 1216 1216
G25    957  920  957  953  917  953  956  956  956  956  956  956
G26    780  760  780  778  760  778  779  777  779  780  780  780
G27   1216 1178 1216 1215 1177 1215 1216 1216 1216 1216 1216 1216
G28    789  777  789  776  765  776  789  789  789  789  789  789
G29    681  675  681  680  675  680  679  679  679    0    0    0
G30    714  713  714  714  713  714  713  713  713  714  714  714
G31    836  830  836  834  828  834  836  836  836    0    0    0
G32   1006 1003 1006 1005 1002 1005 1006 1005 1006 1006 1006 1006
# ------------------------------------------
# GLONASS
%      C1C  L1C  S1C  C1P  L1P  S1P  C2C  L2C  S2C  C2P  L2P  S2P  C3X  L3X  S3X
R01    896  896  896  895  894  895    0    0    0    0    0    0    0    0    0
R02   1012 1011 1012 1011 1008 1011 1012 1012 1012 1005 1002 1005    0    0    0
R03    809  806  809  768  763  768  786  784  786  749  746  749    0    0    0
R04    586  585  586  586  584  586  586  586  586  582  581  582    0    0    0
R05    920  918  920  915  911  915  916  912  916  897  892  897    0    0    0
R06    767  767  767  740  734  740    0    0    0    0    0    0    0    0    0
R07    947  946  947  941  936  941  946  944  946  929  928  929    0    0    0
R08    684  684  684  676  674  676  684  684  684  676  674  676    0    0    0
R09    993  991  993  958  954  958  985  981  985  944  943  944  959  958  959
R10    775  775  775  775  772  775    0    0    0    0    0    0    0    0    0
R11   1001  999 1001  998  996  998  998  998  998  971  966  971    0    0    0
R12    889  887  889  876  876  876  888  888  888  871  869  871    0    0    0
R13    571  571  571  565  565  565    0    0    0    1    0    1    0    0    0
R14    701  701  701  699  698  699  699  698  699  684  683  684    0    0    0
R15    887  887  887  886  886  886  887  887  887  880  879  880    0    0    0
R16   1080 1080 1080 1078 1077 1078 1079 1079 1079 1078 1077 1078    0    0    0
R17    881  881  881  869  869  869  874  874  874  861  859  861    0    0    0
R18    892  892  892  887  884  887  889  888  889  875  872  875    0    0    0
R19    685  684  685  672  670  672  684  682  684  668  665  668    0    0    0
R20    781  781  781  769  766  769  781  781  781  781  781  781    0    0    0
R21   1218 1218 1218 1216 1215 1216 1218 1217 1218 1212 1210 1212 1214 1213 1214
R22   1075 1074 1075 1065 1063 1065 1027 1026 1027  991  984  991    0    0    0
R23    589  589  589  589  588  589    0    0    0    0    0    0    0    0    0
R24    551  551  551  550  550  550  551  551  551  549  549  549    0    0    0
# ------------------------------------------
# Galileo
%      C1X  L1X  S1X  C5X  L5X  S5X  C7X  L7X  S7X  C8X  L8X  S8X  C6X  L6X  S6X
E02   1400 1396 1400 1398 1398 1398 1399 1399 1399 1399 1399 1399 1398 1394 1398
E03   1125 1120 1125 1123 1122 1123 1124 1123 1124 1125 1124 1125 1123 1118 1123
E04    545  545  545  545  545  545  545  545  545  545  545  545  545  545  545
E05    976  976  976  976  976  976  976  976  976  976  976  976  976  976  976
E06    265  265  265  265  265  265  265  265  265  265  265  265  265  265  265
E07   1360 1360 1360 1360 1360 1360 1360 1360 1360 1360 1360 1360 1360 1360 1360
E08   1293 1293 1293 1291 1291 1291 1291 1291 1291 1293 1293 1293 1292 1292 1292
E09    504  501  504  504  504  504  504  504  504  504  504  504  503  501  503
E10    306  305  306  306  306  306  306  304  306  306  306  306  306  305  306
E11    327  325  327  323  323  323  323  323  323  327  326  327  326  324  326
E12    278  277  278  278  278  278  278  278  278  278  278  278  278  277  278
E13   1406 1404 1406 1403 1403 1403 1406 1406 1406 1406 1406 1406 1402 1401 1402
E15   1222 1221 1222 1202 1202 1202 1209 1206 1209 1222 1221 1222 1222 1221 1222
E16    418  418  418  418  418  418  418  418  418  418  418  418  418  418  418
E19    777  776  777  775  775  775  777  777  777  777  777  777  777  776  777
E21   1249 1249 1249 1249 1249 1249 1249 1249 1249 1249 1249 1249 1249 1249 1249
E23   1012 1012 1012 1012 1012 1012 1012 1012 1012 1012 1012 1012 1011 1011 1011
E24    275  275  275  274  274  274  275  275  275  275  275  275  275  275  275
E25    563  562  563  563  563  563  563  563  563  563  563  563  561  560  561
E26   1521 1519 1521 1515 1515 1515 1518 1517 1518 1520 1520 1520 1520 1518 1520
E27   1215 1214 1215 1210 1210 1210 1215 1214 1215 1215 1215 1215 1215 1214 1215
E29    990  986  990  986  986  986  983  982  983  989  988  989  990  986  990
E30   1657 1655 1657 1657 1657 1657 1657 1657 1657 1657 1657 1657 1657 1655 1657
E31    214  214  214  214  214  214  214  214  214  214  214  214  214  214  214
E33    686  682  686  677  676  677  681  681  681  685  685  685  682  678  682
E34   1273 1272 1273 1273 1273 1273 1273 1273 1273 1273 1273 1273 1273 1272 1273
E36    926  926  926  926  926  926  926  926  926  926  926  926  926  926  926
# ------------------------------------------
# QZSS
%      C1C  L1C  S1C  C1X  L1X  S1X  C1Z  L1Z  S1Z  C2X  L2X  S2X  C5X  L5X  S5X
J02   2012 1968 2012 2008 2008 2008 2007 1963 2007 2012 2012 2012 2012 2012 2012
J03   2114 2081 2114 2114 2114 2114 2114 2081 2114 2114 2114 2114 2114 2114 2114
J04   2379 2334 2379 2378 2376 2378 2373 2328 2373 2377 2377 2377 2379 2379 2379
J07   2878 1516 2878 2878 2878 2878 2871 1516 2871 2878 2878 2878 2878 2878 2878
# ------------------------------------------
# Beidou
%      C1X  L1X  S1X  C5X  L5X  S5X  C2I  L2I  S2I  C7I  L7I  S7I  C6I  L6I  S6I
C01      0    0    0    0    0    0 2848 2662 2848 2824 2639 2824 2652 2479 2652
C02      0    0    0    0    0    0 2880 2880 2880 2880 2880 2880 2880 2880 2880
C03      0    0    0    0    0    0 2880 2880 2880 2880 2880 2880 2880 2880 2880
C05      0    0    0    0    0    0 2880 2880 2880 2880 2880 2880 2880 2880 2880
C06      0    0    0    0    0    0 2642 2640 2642 2641 2639 2641 2641 2639 2641
C11      0    0    0    0    0    0 1080 1076 1080 1080 1076 1080 1080 1076 1080
C12      0    0    0    0    0    0  749  749  749  749  749  749  749  749  749
C13      0    0    0    0    0    0 2661 2660 2661 2654 2653 2654 2654 2653 2654
C14      0    0    0    0    0    0 1172 1172 1172 1172 1172 1172 1172 1172 1172
C16      0    0    0    0    0    0 2621 2619 2621 2619 2617 2619 2619 2617 2619
C19    614  614  614  614  614  614  614  614  614    0    0    0  614  614  614
C20   1017 1015 1017 1021 1020 1021 1025 1025 1025    0    0    0 1023 1023 1023
C21   1077 1077 1077 1077 1077 1077 1077 1077 1077    0    0    0 1077 1076 1077
C22    865  861  865  871  871  871  871  871  871    0    0    0  869  869  869
C23   1193 1192 1193 1196 1196 1196 1196 1196 1196    0    0    0 1196 1196 1196
C24   1254 1251 1254 1262 1261 1262 1262 1262 1262    0    0    0 1261 1260 1261
C25   1023 1023 1023 1024 1024 1024 1024 1023 1024    0    0    0 1024 1023 1024
C26   1445 1443 1445 1445 1445 1445 1445 1443 1445    0    0    0 1445 1443 1445
C27    829  828  829  829  829  829  829  829  829    0    0    0  829  829  829
C28   1271 1261 1271 1282 1280 1282 1297 1295 1297    0    0    0 1296 1294 1296
C29    844  843  844  849  849  849  849  849  849    0    0    0  848  848  848
C30    633  633  633  638  637  638  638  638  638    0    0    0  638  638  638
C32    858  858  858  856  856  856  858  858  858    0    0    0  854  854  854
C33   1200 1199 1200 1200 1200 1200 1200 1200 1200    0    0    0 1200 1200 1200
C34    944  939  944  945  944  945  953  952  953    0    0    0  952  949  952
C35    898  897  898  900  899  900  902  902  902    0    0    0  901  900  901
C36    465  465  465  465  465  465  465  464  465    0    0    0  464  464  464
C37   1203 1203 1203 1203 1203 1203 1203 1203 1203    0    0    0 1201 1201 1201
C38   2384 2380 2384 2399 2398 2399 2400 2398 2400    0    0    0 2400 2398 2400
C39   2429 2427 2429 2431 2430 2431 2431 2431 2431    0    0    0 2429 2429 2429
C40   2429 2427 2429 2429 2428 2429 2429 2429 2429    0    0    0 2426 2426 2426
C41    755  755  755  756  756  756  756  755  756    0    0    0  756  755  756
C42   1209 1209 1209 1209 1209 1209 1209 1209 1209    0    0    0 1208 1208 1208
C43   1433 1432 1433 1436 1436 1436 1438 1438 1438    0    0    0 1437 1437 1437
C44   1005 1004 1005  996  996  996 1014 1014 1014    0    0    0 1004 1003 1004
C45    739  738  739  749  748  749  749  745  749    0    0    0  747  744  747
C47    769  768  769  774  774  774  774  773  774    0    0    0  771  770  771
C48    821  818  821  831  831  831  832  831  832    0    0    0  830  829  830
C49   1432 1432 1432 1436 1436 1436 1436 1436 1436    0    0    0 1436 1436 1436
C50   1183 1182 1183 1185 1185 1185 1185 1185 1185    0    0    0 1183 1183 1183
C59      0    0    0    0    0    0 2880 2871 2880    0    0    0 2880 2870 2880
C60      0    0    0    0    0    0 2880 2880 2880    0    0    0 2880 2880 2880
# ------------------------------------------
# NavIC/IRNSS
%      C5A  L5A  S5A
I02   2880 2880 2880
I03   2880 2880 2880
I06   2880 2880 2880
I09   2880 2880 2880
I10   2836 2836 2836
# ------------------------------------------
# Cycle slip detection settings:
# ------------------------------------------
# Elmask (slip count ): 10.0
# Elmask (slip detect): 0.0
# MP detection type   : offset
# MP reference type   : rolling average (window=50epochs)
# MP threshold        : 2.000 (m)
# GF detection type   : velocity
# GF reference type   : single epoch
# GF threshold        : 0.050 (m/s)
# MW detection type   : sigma
# MW reference type   : rolling average (window=50epochs)
# MW threshold        : 4.000 (sigmas)
# ------------------------------------------
# Quality Report:
# ------------------------------------------
# For each satellite
% PRN, STD(MP1), STD(MP2), STD(MP5), # of slips/nobs (MP1, MP2, MP5, GF, MW, IOD(L1))
  G01,   0.2317,   0.3958,   0.2639,    30 /  1187,    31 /  1187,     0 /  1187,    25 /  1187,    14 /  1187,    26 /  1187
  G02,   0.2054,   0.4074,     ----,     9 /  1050,     9 /  1050,     0 /     0,     1 /  1050,    13 /  1050,     8 /  1050
  G03,   0.1678,   0.2730,   0.1571,     2 /   636,     2 /   636,     2 /   636,     0 /   636,     2 /   636,     1 /   636
  G04,   0.1804,   0.3200,   0.1463,     5 /   727,     5 /   727,     2 /   727,     2 /   727,    10 /   727,     3 /   727
  G05,   0.1815,   0.3174,     ----,     1 /   767,     1 /   767,     0 /     0,     1 /   767,     4 /   767,     1 /   767
  G06,   0.1989,   0.2808,   0.1818,     0 /   734,     0 /   734,     0 /   734,     0 /   734,     3 /   734,     0 /   734
  G07,   0.1813,   0.3014,     ----,     3 /  1032,     3 /  1032,     0 /     0,     1 /  1032,     6 /  1032,     2 /  1032
  G08,   0.2295,   0.3595,   0.2227,    12 /   954,    12 /   954,     5 /   954,     8 /   954,     7 /   954,    10 /   954
  G09,   0.1541,   0.2979,   0.1643,     1 /   662,     0 /   662,     1 /   662,     0 /   662,     4 /   662,     1 /   662
  G10,   0.1706,   0.3167,   0.1659,     3 /  1080,     3 /  1079,     2 /  1080,     2 /  1080,     2 /  1080,     3 /  1080
  G11,   0.1870,   0.3412,   0.1791,    14 /   926,    14 /   926,     4 /   926,    12 /   926,    14 /   926,    13 /   926
  G12,   0.1488,   0.2472,     ----,     6 /   663,     6 /   663,     0 /     0,     3 /   663,     4 /   663,     5 /   663
  G13,   0.1938,   0.4109,     ----,     8 /   986,     9 /   986,     0 /     0,     3 /   986,    14 /   986,     8 /   986
  G14,   0.1764,   0.3054,   0.1600,     4 /  1058,     7 /  1058,     2 /  1058,     3 /  1058,     5 /  1058,     4 /  1058
  G15,   0.2071,   0.3487,     ----,     0 /   756,     0 /   756,     0 /     0,     1 /   756,    11 /   756,     3 /   756
  G16,   0.1788,   0.3330,     ----,     0 /   661,     0 /   661,     0 /     0,     0 /   661,     4 /   661,     0 /   661
  G17,   0.1905,   0.3317,     ----,     5 /   968,     5 /   968,     0 /     0,     4 /   968,     5 /   968,     5 /   968
  G18,   0.2031,   0.3003,   0.1872,     8 /   942,     8 /   942,     2 /   942,     4 /   942,     3 /   942,     4 /   942
  G19,   0.1894,   0.3405,     ----,     1 /   995,     1 /   995,     0 /     0,     1 /   995,     5 /   995,     2 /   995
  G20,   0.1722,   0.3071,     ----,     0 /   690,     0 /   690,     0 /     0,     0 /   690,     1 /   690,     0 /   690
  G21,   0.2023,   0.3316,   0.2343,     9 /   735,     9 /   735,     1 /   735,     7 /   735,     2 /   735,     8 /   735
  G22,   0.1614,   0.2976,     ----,     0 /  1058,     0 /  1058,     0 /     0,     0 /  1058,     0 /  1058,     0 /  1058
  G23,   0.1862,   0.3170,   0.1838,     2 /  1060,     2 /  1060,     0 /  1060,     0 /  1060,     0 /  1060,     1 /  1060
  G24,   0.2360,   0.3683,   0.2488,    10 /  1174,    10 /  1174,     2 /  1174,     8 /  1174,     7 /  1174,     8 /  1174
  G25,   0.2553,   0.3936,   0.3061,    11 /   919,    15 /   919,     5 /   919,     4 /   919,     4 /   919,     7 /   919
  G26,   0.2111,   0.3340,   0.1893,     5 /   760,     6 /   760,     4 /   760,     1 /   760,     5 /   760,     5 /   760
  G27,   0.2292,   0.3745,   0.2282,     1 /  1178,     1 /  1178,     1 /  1178,     1 /  1178,     6 /  1178,     1 /  1178
  G28,   0.1893,   0.3204,   0.1739,     3 /   777,     3 /   777,     0 /   777,     2 /   777,     5 /   777,     2 /   777
  G29,   0.1572,   0.2550,     ----,     2 /   675,     2 /   675,     0 /     0,     1 /   675,     1 /   675,     1 /   675
  G30,   0.1574,   0.3255,   0.1642,     3 /   713,     3 /   713,     2 /   713,     1 /   713,     3 /   713,     3 /   713
  G31,   0.1787,   0.3141,     ----,     2 /   830,     2 /   830,     0 /     0,     2 /   830,     4 /   830,     2 /   830
  G32,   0.1817,   0.3292,   0.2125,     2 /  1003,     4 /  1003,     2 /  1003,     2 /  1003,     4 /  1003,     3 /  1003
  R01,     ----,     ----,     ----,     0 /     0,     0 /     0,     0 /     0,     0 /     0,     0 /     0,     0 /     0
  R02,   0.2440,   0.2316,     ----,    11 /  1011,    12 /  1011,     0 /     0,    11 /  1011,     2 /  1011,    11 /  1011
  R03,   0.3103,   0.3172,     ----,    18 /   783,    22 /   783,     0 /     0,    15 /   783,    15 /   783,    18 /   783
  R04,   0.2051,   0.2192,     ----,     5 /   585,     5 /   585,     0 /     0,     5 /   585,     5 /   585,     5 /   585
  R05,   0.2878,   0.2883,     ----,    22 /   911,    26 /   911,     0 /     0,    13 /   911,    13 /   911,    22 /   911
  R06,     ----,     ----,     ----,     0 /     0,     0 /     0,     0 /     0,     0 /     0,     0 /     0,     0 /     0
  R07,   0.2698,   0.2520,     ----,    15 /   943,    16 /   943,     0 /     0,    12 /   943,     7 /   943,    15 /   943
  R08,   0.3316,   0.2100,     ----,     7 /   684,     7 /   684,     0 /     0,     5 /   684,     5 /   684,     5 /   684
  R09,   0.2686,   0.2717,   0.2789,    16 /   981,    18 /   980,     4 /   957,    12 /   981,    26 /   981,    17 /   981
  R10,     ----,     ----,     ----,     0 /     0,     0 /     0,     0 /     0,     0 /     0,     0 /     0,     0 /     0
  R11,   0.2570,   0.2780,     ----,    21 /   998,    24 /   998,     0 /     0,    16 /   998,     8 /   998,    21 /   998
  R12,   0.2934,   0.2725,     ----,    16 /   887,    18 /   887,     0 /     0,    12 /   887,     5 /   887,    15 /   887
  R13,     ----,     ----,     ----,     0 /     0,     0 /     0,     0 /     0,     0 /     0,     0 /     0,     0 /     0
  R14,   0.3161,   0.2452,     ----,     4 /   698,     8 /   698,     0 /     0,     4 /   698,     7 /   698,     6 /   698
  R15,   0.2796,   0.2734,     ----,     9 /   887,    10 /   887,     0 /     0,     2 /   887,     7 /   887,    10 /   887
  R16,   0.2499,   0.2347,     ----,     5 /  1079,     5 /  1079,     0 /     0,     1 /  1079,     2 /  1079,     5 /  1079
  R17,   0.2530,   0.2935,     ----,    17 /   874,    18 /   874,     0 /     0,    15 /   874,     5 /   874,    17 /   874
  R18,   0.2900,   0.2711,     ----,    13 /   888,    16 /   888,     0 /     0,    11 /   888,    10 /   888,    12 /   888
  R19,   0.2669,   0.2525,     ----,    14 /   681,    14 /   681,     0 /     0,    12 /   681,     6 /   681,    14 /   681
  R20,   0.2809,   0.1912,     ----,     0 /   781,     0 /   781,     0 /     0,     0 /   781,     2 /   781,     0 /   781
  R21,   0.2419,   0.2535,   0.2878,     7 /  1217,     8 /  1217,     1 /  1213,     4 /  1217,     4 /  1217,     7 /  1217
  R22,   0.2592,   0.2832,     ----,    40 /  1026,    42 /  1026,     0 /     0,    31 /  1026,    15 /  1026,    39 /  1026
  R23,     ----,     ----,     ----,     0 /     0,     0 /     0,     0 /     0,     0 /     0,     0 /     0,     0 /     0
  R24,   0.2069,   0.2095,     ----,     2 /   551,     2 /   551,     0 /     0,     1 /   551,     3 /   551,     2 /   551
  E02,   0.3097,   0.2666,   0.2488,    12 /  1395,    11 /  1395,    14 /  1394,     6 /  1395,    10 /  1395,     9 /  1395
  E03,   0.2951,   0.2436,   0.2525,    13 /  1119,    11 /  1118,    13 /  1118,     9 /  1119,    10 /  1119,     9 /  1119
  E04,   0.2142,   0.2061,   0.1841,     0 /   545,     0 /   545,     0 /   545,     0 /   545,     2 /   545,     0 /   545
  E05,   0.3439,   0.2939,   0.2965,     0 /   976,     0 /   976,     1 /   976,     0 /   976,     4 /   976,     1 /   976
  E06,   0.2704,   0.2411,   0.2412,     0 /   265,     0 /   265,     0 /   265,     0 /   265,     2 /   265,     0 /   265
  E07,   0.1898,   0.1898,   0.1604,     2 /  1360,     2 /  1360,     3 /  1360,     0 /  1360,     3 /  1360,     0 /  1360
  E08,   0.2238,   0.2316,   0.1905,     5 /  1291,     5 /  1291,     6 /  1291,     4 /  1291,     1 /  1291,     5 /  1291
  E09,   0.4171,   0.3833,   0.4155,     4 /   501,     3 /   501,     4 /   501,     1 /   501,     2 /   501,     3 /   501
  E10,   0.3902,   0.2615,   0.2689,     3 /   305,     2 /   303,     2 /   305,     0 /   305,     0 /   305,     2 /   305
  E11,   0.3911,   0.2666,   0.3395,     0 /   321,     0 /   321,     0 /   321,     0 /   321,     1 /   321,     0 /   321
  E12,   0.2692,   0.2317,   0.2039,     0 /   277,     0 /   277,     0 /   277,     0 /   277,     0 /   277,     0 /   277
  E13,   0.3099,   0.2913,   0.2842,    13 /  1404,    14 /  1404,    13 /  1401,     5 /  1404,    13 /  1404,     9 /  1404
  E15,   0.2502,   0.2415,   0.2332,     4 /  1208,     2 /  1206,     2 /  1202,     1 /  1208,     3 /  1208,     5 /  1208
  E16,   0.2274,   0.2238,   0.2344,     0 /   418,     0 /   418,     1 /   418,     0 /   418,     0 /   418,     0 /   418
  E19,   0.3104,   0.2721,   0.2901,     2 /   775,     3 /   775,     2 /   774,     1 /   775,     3 /   775,     1 /   775
  E21,   0.2220,   0.2107,   0.1760,     0 /  1249,     0 /  1249,     0 /  1249,     0 /  1249,     1 /  1249,     0 /  1249
  E23,   0.1861,   0.1811,   0.1716,     2 /  1012,     4 /  1012,     3 /  1012,     2 /  1012,     0 /  1012,     2 /  1012
  E24,   0.3949,   0.3273,   0.2489,     1 /   275,     1 /   275,     3 /   274,     1 /   275,     2 /   275,     1 /   275
  E25,   0.2463,   0.2330,   0.1810,     4 /   562,     4 /   562,     5 /   562,     2 /   562,     6 /   562,     3 /   562
  E26,   0.2665,   0.2657,   0.2659,     5 /  1517,     3 /  1515,     4 /  1513,     5 /  1517,    15 /  1517,     9 /  1517
  E27,   0.2885,   0.2831,   0.2647,     8 /  1213,     9 /  1213,    10 /  1209,     6 /  1213,     9 /  1213,     6 /  1213
  E29,   0.2455,   0.2065,   0.2010,     6 /   983,     3 /   979,     5 /   983,     4 /   983,     7 /   983,     8 /   983
  E30,   0.2938,   0.2543,   0.2382,     2 /  1655,     1 /  1655,     2 /  1655,     1 /  1655,    10 /  1655,     1 /  1655
  E31,   0.1559,   0.1361,   0.1404,     0 /   214,     0 /   214,     0 /   214,     0 /   214,     0 /   214,     0 /   214
  E33,   0.3041,   0.2597,   0.2889,    11 /   677,    10 /   677,    10 /   672,     3 /   677,     7 /   677,     7 /   677
  E34,   0.1875,   0.1799,   0.1610,     2 /  1272,     3 /  1272,     3 /  1272,     1 /  1272,     3 /  1272,     1 /  1272
  E36,   0.2553,   0.2312,   0.2444,     3 /   926,     3 /   926,     4 /   926,     2 /   926,     8 /   926,     3 /   926
  J02,   0.2496,   0.2651,   0.2566,    65 /  2012,    64 /  2012,    65 /  2012,    62 /  2012,    26 /  2012,    64 /  2012
  J03,   0.2288,   0.2479,   0.2294,    52 /  2114,    52 /  2114,    53 /  2114,    48 /  2114,    18 /  2114,    50 /  2114
  J04,   0.2169,   0.2263,   0.2061,    68 /  2379,    66 /  2377,    66 /  2379,    63 /  2379,    13 /  2379,    66 /  2379
  J07,   0.2827,   0.1216,   0.0655,   845 /  2878,   842 /  2878,   842 /  2878,   842 /  2878,    18 /  2878,   842 /  2878
  C01,   0.4636,   0.5247,     ----,    70 /  2639,    77 /  2639,     0 /     0,    19 /  2639,   113 /  2639,    42 /  2639
  C02,   0.1565,   0.0956,     ----,     0 /  2880,     0 /  2880,     0 /     0,     0 /  2880,     2 /  2880,     0 /  2880
  C03,   0.1775,   0.1242,     ----,     0 /  2880,     0 /  2880,     0 /     0,     0 /  2880,     2 /  2880,     0 /  2880
  C05,   0.1465,   0.0991,     ----,     0 /  2880,     0 /  2880,     0 /     0,     0 /  2880,     3 /  2880,     0 /  2880
  C06,   0.2611,   0.2319,     ----,     1 /  2639,     1 /  2639,     0 /     0,     2 /  2639,    11 /  2639,     3 /  2639
  C11,   0.2620,   0.2667,     ----,     9 /  1075,     9 /  1075,     0 /     0,     3 /  1075,    10 /  1075,     9 /  1075
  C12,   0.2063,   0.1771,     ----,     3 /   749,     3 /   749,     0 /     0,     2 /   749,     3 /   749,     2 /   749
  C13,   0.1993,   0.2216,     ----,     7 /  2653,     8 /  2653,     0 /     0,     3 /  2653,    10 /  2653,     7 /  2653
  C14,   0.2123,   0.1822,     ----,     2 /  1172,     1 /  1172,     0 /     0,     1 /  1172,     4 /  1172,     2 /  1172
  C16,   0.2388,   0.2576,     ----,     3 /  2617,     3 /  2617,     0 /     0,     2 /  2617,     9 /  2617,     4 /  2617
  C19,   0.2365,     ----,   0.1961,     0 /   614,     0 /     0,     0 /   614,     0 /   614,     1 /   614,     0 /   614
  C20,   0.2624,     ----,   0.2924,     2 /  1020,     0 /     0,     3 /  1020,     0 /  1020,     3 /  1020,     2 /  1020
  C21,   0.2399,     ----,   0.2217,     1 /  1077,     0 /     0,     5 /  1077,     1 /  1077,     4 /  1077,     1 /  1077
  C22,   0.3207,     ----,   0.2764,     3 /   871,     0 /     0,     3 /   871,     1 /   871,     8 /   871,     4 /   871
  C23,   0.2119,     ----,   0.1887,     5 /  1195,     0 /     0,     4 /  1195,     3 /  1195,     4 /  1195,     4 /  1195
  C24,   0.2309,     ----,   0.2565,     4 /  1261,     0 /     0,     8 /  1261,     1 /  1261,    14 /  1261,     3 /  1261
  C25,   0.2116,     ----,   0.2527,     3 /  1023,     0 /     0,     5 /  1023,     2 /  1023,     5 /  1023,     3 /  1023
  C26,   0.2200,     ----,   0.2275,     6 /  1445,     0 /     0,     7 /  1445,     5 /  1445,     7 /  1445,     6 /  1445
  C27,   0.1717,     ----,   0.1800,     0 /   829,     0 /     0,     0 /   829,     0 /   829,     1 /   829,     0 /   829
  C28,   0.2478,     ----,   0.3363,     2 /  1279,     0 /     0,     4 /  1279,     0 /  1279,    10 /  1279,     1 /  1279
  C29,   0.2253,     ----,   0.2657,     2 /   849,     0 /     0,     2 /   849,     1 /   849,     4 /   849,     1 /   849
  C30,   0.2455,     ----,   0.1745,     5 /   637,     0 /     0,     5 /   637,     2 /   637,     5 /   637,     4 /   637
  C32,   0.3415,     ----,   0.2802,     4 /   855,     0 /     0,     6 /   855,     2 /   855,     2 /   855,     4 /   855
  C33,   0.1862,     ----,   0.1745,     0 /  1200,     0 /     0,     0 /  1200,     0 /  1200,     1 /  1200,     0 /  1200
  C34,   0.2246,     ----,   0.2777,     5 /   943,     0 /     0,     8 /   943,     1 /   943,     5 /   943,     2 /   943
  C35,   0.1861,     ----,   0.1533,     3 /   899,     0 /     0,     3 /   899,     1 /   899,     3 /   899,     2 /   899
  C36,   0.2268,     ----,   0.2596,     4 /   465,     0 /     0,     4 /   465,     3 /   465,     3 /   465,     3 /   465
  C37,   0.1663,     ----,   0.1815,     1 /  1203,     0 /     0,     0 /  1203,     0 /  1203,     0 /  1203,     0 /  1203
  C38,   0.2732,     ----,   0.2428,     8 /  2398,     0 /     0,     8 /  2398,     5 /  2398,    14 /  2398,     6 /  2398
  C39,   0.2715,     ----,   0.2400,     1 /  2430,     0 /     0,     1 /  2430,     0 /  2430,    11 /  2430,     0 /  2430
  C40,   0.2423,     ----,   0.2577,     6 /  2428,     0 /     0,     5 /  2428,     0 /  2428,    16 /  2428,     2 /  2428
  C41,   0.1613,     ----,   0.1588,     2 /   754,     0 /     0,     2 /   754,     1 /   754,     2 /   754,     2 /   754
  C42,   0.2102,     ----,   0.1851,     1 /  1209,     0 /     0,     2 /  1209,     1 /  1209,     2 /  1209,     1 /  1209
  C43,   0.2420,     ----,   0.3645,     3 /  1436,     0 /     0,     4 /  1436,     0 /  1436,     9 /  1436,     0 /  1436
  C44,   0.2041,     ----,   0.2212,     2 /   996,     0 /     0,     3 /   996,     1 /   996,     6 /   996,     2 /   996
  C45,   0.3384,     ----,   0.2798,     7 /   746,     0 /     0,     8 /   746,     4 /   746,     8 /   746,     6 /   746
  C47,   0.2022,     ----,   0.2213,     5 /   773,     0 /     0,     8 /   773,     1 /   773,     2 /   773,     4 /   773
  C48,   0.2769,     ----,   0.2581,     3 /   831,     0 /     0,     4 /   831,     3 /   831,    14 /   831,     4 /   831
  C49,   0.2539,     ----,   0.2622,     1 /  1436,     0 /     0,     1 /  1436,     0 /  1436,     3 /  1436,     0 /  1436
  C50,   0.2141,     ----,   0.2362,     3 /  1185,     0 /     0,     3 /  1185,     2 /  1185,     4 /  1185,     3 /  1185
  C59,     ----,     ----,     ----,     0 /     0,     0 /     0,     0 /     0,     0 /     0,     0 /     0,     0 /     0
  C60,     ----,     ----,     ----,     0 /     0,     0 /     0,     0 /     0,     0 /     0,     0 /     0,     0 /     0
  I02,     ----,     ----,     ----,     0 /     0,     0 /     0,     0 /     0,     0 /     0,     0 /     0,     0 /     0
  I03,     ----,     ----,     ----,     0 /     0,     0 /     0,     0 /     0,     0 /     0,     0 /     0,     0 /     0
  I06,     ----,     ----,     ----,     0 /     0,     0 /     0,     0 /     0,     0 /     0,     0 /     0,     0 /     0
  I09,     ----,     ----,     ----,     0 /     0,     0 /     0,     0 /     0,     0 /     0,     0 /     0,     0 /     0
  I10,     ----,     ----,     ----,     0 /     0,     0 /     0,     0 /     0,     0 /     0,     0 /     0,     0 /     0
# ------------------------------------------
# Summary of each satellite system
% SYS, STD(MP1), STD(MP2), STD(MP5), # of slips/nobs (MP1, MP2, MP5, GF, MW, IOD(L1))
    G,   0.1945,   0.3346,   0.2065,   162 / 28356,   173 / 28355,    37 / 17225,   100 / 28356,   172 / 28356,   140 / 28356
    R,   0.2704,   0.2593,   0.2839,   242 / 16465,   271 / 16464,     5 /  2170,   182 / 16465,   147 / 16465,   241 / 16465
    E,   0.2733,   0.2472,   0.2396,   102 / 23715,    94 / 23704,   110 / 23689,    54 / 23715,   122 / 23715,    85 / 23715
    J,   0.2482,   0.2155,   0.1951,  1030 /  9383,  1024 /  9381,  1026 /  9383,  1015 /  9383,    75 /  9383,  1022 /  9383
    C,   0.2441,   0.2521,   0.2460,   187 / 56471,   102 / 22184,   116 / 34287,    73 / 56471,   338 / 56471,   139 / 56471
    I,     ----,     ----,     ----,     0 /     0,     0 /     0,     0 /     0,     0 /     0,     0 /     0,     0 /     0
