# ------------------------------------------
# Quality Check Summary by Ringo software
# ------------------------------------------
# Executed at            : 2026/03/16 12:33:35 UTC
# ------------------------------------------
# QC of RINEX file       : D:\Master in Geoinformatics\Semester 2\GNSS Survey Mapping\Lab\Lab 2\ringo\Data\2\DRDN00IND_R_20251980000_01D_30S_MO.crx.gz
# input RnxNav files     : D:\Master in Geoinformatics\Semester 2\GNSS Survey Mapping\Lab\Lab 2\ringo\BRDC\2\BRDC00IGS_R_20251980000_01D_MN.rnx.gz
# ------------------------------------------
# Marker                 : DRDN00IND                                                   
# Receiver               : TRIMBLE ALLOY       
# Antenna                : JAVGRANT_G5TLBI NONE
# Time of Start          : 2025/07/17 00:00:00.000
# Time of End            : 2025/07/17 23:59:30.000
# Approx XYZ             :   1141412.0783,   5390352.5667,   3203325.6009
# Observation Interval   : 30.0000 seconds
# Satellite systems      : GREJSI
#                        : G01G02G03G04G05G06G07G08G09G10G11G12G13G14G15G16G17G18G19G20G21G22G23G24G25G26G27G28G29G30G31G32
#                        : R01R02R03R04R05R06R07R08R09R10R11R12R13R14R15R16R17R18R19R20R21R22R23R24
#                        : E02E03E04E05E06E07E08E09E10E11E12E13E15E16E19E21E23E24E25E26E27E29E30E31E33E34E36
#                        : J02J03J04J07
#                        : S22S23S27S28S29S36S37
#                        : I02I03I05I06I09I10
# Total satellites       : 100
# Number of obs epochs   : 2880
# Number of obs data     : 125246
# N Expected epochs      : 2880
# Observation rate (%)   : 100.00
# N obs data     (>10deg): 98094
# N possible obs (> 0deg): 119954
# N possible obs (>10deg): 98255
# ------------------------------------------
# Number of obs epochs for each SV:
# ------------------------------------------
# GPS
%      C1C  L1C  S1C  C2W  L2W  S2W  C2X  L2X  S2X  C5X  L5X  S5X
G01   1167 1164 1167 1159 1157 1159 1167 1167 1167 1167 1167 1167
G02   1158 1155 1158 1141 1141 1141    0    0    0    0    0    0
G03    924  924  924  924  924  924  921  921  921  924  924  924
G04    919  918  919  917  917  917  918  918  918  918  918  918
G05    798  798  798  798  798  798  798  798  798    0    0    0
G06    803  803  803  802  802  802  803  803  803  803  803  803
G07    988  988  988  988  988  988  988  988  988    0    0    0
G08   1098 1096 1098 1097 1095 1097 1098 1098 1098 1098 1098 1098
G09    793  788  793  792  788  792  791  791  791  793  793  793
G10   1008 1007 1008 1008 1007 1008 1008 1008 1008 1008 1008 1008
G11    859  857  859  843  842  843  859  859  859  859  859  859
G12    866  863  866  865  862  865  865  865  865    0    0    0
G13   1149 1147 1149 1128 1128 1128    0    0    0    0    0    0
G14   1017 1014 1017 1014 1011 1014 1017 1017 1017 1017 1017 1017
G15   1040 1036 1040 1040 1036 1040 1040 1040 1040    0    0    0
G16    979  968  979  933  925  933    0    0    0    0    0    0
G17    856  853  856  856  853  856  856  856  856    0    0    0
G18    964  963  964  962  962  962  963  963  963  964  963  964
G19    961  960  961  920  920  920    0    0    0    0    0    0
G20    883  878  883  859  857  859    0    0    0    0    0    0
G21   1062 1060 1062 1060 1058 1060 1062 1062 1062 1062 1062 1062
G22   1017 1012 1017 1008 1004 1008    0    0    0    0    0    0
G23    974  972  974  970  969  970  974  974  974  974  974  974
G24   1186 1181 1186 1186 1181 1186 1184 1184 1184 1186 1186 1186
G25   1128 1127 1128 1128 1127 1128 1119 1118 1119 1128 1128 1128
G26   1071 1065 1071 1069 1064 1069 1070 1069 1070 1071 1071 1071
G27   1169 1166 1169 1169 1166 1169 1169 1169 1169 1169 1169 1169
G28    798  797  798  797  796  797  798  798  798  798  798  798
G29    845  842  845  844  842  844  845  845  845    0    0    0
G30    902  902  902  902  902  902  902  902  902  902  902  902
G31    837  837  837  836  836  836  829  829  829    0    0    0
G32    958  956  958  958  956  958  947  946  947  958  958  958
# ------------------------------------------
# GLONASS
%      C1C  L1C  S1C  C1P  L1P  S1P  C2C  L2C  S2C  C2P  L2P  S2P  C3X  L3X  S3X
R01    828  828  828  817  815  817    1    0    1    0    0    0    0    0    0
R02    929  929  929  929  929  929  927  927  927  921  920  921    0    0    0
R03    872  872  872  872  871  872  872  872  872  872  871  872    0    0    0
R04    942  942  942  942  941  942  936  936  936  916  915  916    0    0    0
R05   1043 1043 1043 1043 1041 1043 1033 1032 1033 1029 1026 1029    0    0    0
R06    985  984  985  957  955  957    0    0    0    0    0    0    0    0    0
R07   1047 1047 1047 1047 1046 1047 1046 1046 1046 1045 1045 1045    0    0    0
R08    964  964  964  964  964  964  963  963  963  961  961  961    0    0    0
R09   1065 1065 1065 1065 1065 1065 1065 1065 1065 1065 1065 1065 1065 1065 1065
R10   1059 1059 1059 1058 1058 1058    0    0    0    0    0    0    0    0    0
R11   1186 1186 1186 1186 1186 1186 1180 1179 1180 1169 1169 1169    0    0    0
R12    990  990  990  990  990  990  990  989  990  988  988  988    0    0    0
R13    878  878  878  876  876  876    0    0    0    0    0    0    0    0    0
R14    708  708  708  708  708  708  707  707  707  706  706  706    0    0    0
R15    823  823  823  803  803  803  777  775  777  765  765  765    0    0    0
R16    970  970  970  969  969  969  968  967  968  964  964  964    0    0    0
R17    958  957  958  957  957  957  952  952  952  943  943  943    0    0    0
R18    971  971  971  971  971  971  969  969  969  968  967  968    0    0    0
R19   1038 1038 1038 1038 1036 1038 1037 1036 1037 1035 1035 1035    0    0    0
R20    910  910  910  889  886  889  910  910  910  910  910  910    0    0    0
R21   1145 1145 1145 1145 1145 1145 1143 1142 1143 1139 1138 1139 1145 1145 1145
R22   1027 1027 1027 1027 1027 1027 1027 1027 1027 1026 1026 1026    0    0    0
R23    723  723  723  722  722  722    0    0    0    0    0    0    0    0    0
R24    851  850  851  849  849  849  839  837  839  831  829  831    0    0    0
# ------------------------------------------
# Galileo
%      C1X  L1X  S1X  C5X  L5X  S5X  C7X  L7X  S7X  C8X  L8X  S8X  C6X  L6X  S6X
E02   1292 1292 1292 1292 1292 1292 1292 1292 1292 1289 1289 1289 1292 1292 1292
E03   1017 1017 1017 1017 1017 1017 1017 1017 1017 1017 1017 1017 1017 1017 1017
E04    690  690  690  690  690  690  690  690  690  690  690  690  690  690  690
E05    810  810  810  810  810  810  810  810  810  810  810  810  810  810  810
E06    791  791  791  791  791  791  791  791  791  791  791  791  791  791  791
E07   1277 1277 1277 1277 1277 1277 1277 1277 1277 1277 1277 1277 1277 1277 1277
E08   1219 1218 1219 1217 1217 1217 1217 1217 1217 1219 1219 1219 1219 1218 1219
E09    907  907  907  906  905  906  905  905  905  907  907  907  907  907  907
E10    296  296  296  296  296  296  296  296  296  296  296  296  296  296  296
E11    433  432  433  433  433  433  433  433  433  433  433  433  433  432  433
E12    265  265  265  265  265  265  265  265  265  265  265  265  265  265  265
E13   1530 1530 1530 1529 1529 1529 1527 1525 1527 1530 1530 1530 1530 1530 1530
E15   1424 1424 1424 1424 1424 1424 1424 1423 1424 1424 1424 1424 1424 1424 1424
E16    375  375  375  375  375  375  375  375  375  375  375  375  375  375  375
E19    923  923  923  923  923  923  923  923  923  923  923  923  923  923  923
E21   1214 1214 1214 1214 1214 1214 1214 1214 1214 1214 1214 1214 1214 1214 1214
E23    937  937  937  937  937  937  937  937  937  937  937  937  937  937  937
E24    337  337  337  337  337  337  337  337  337  337  337  337  337  337  337
E25    648  648  648  648  648  648  648  648  648  648  648  648  648  648  648
E26   1387 1387 1387 1387 1387 1387 1387 1387 1387 1387 1387 1387 1387 1387 1387
E27   1515 1515 1515 1515 1515 1515 1515 1515 1515 1515 1515 1515 1515 1515 1515
E29   1167 1167 1167 1167 1167 1167 1167 1167 1167 1167 1167 1167 1167 1167 1167
E30   1593 1593 1593 1592 1592 1592 1592 1592 1592 1592 1592 1592 1593 1593 1593
E31    558  558  558  558  558  558  558  558  558  558  558  558  558  558  558
E33    921  921  921  921  921  921  921  921  921  921  921  921  921  921  921
E34   1227 1227 1227 1227 1227 1227 1227 1227 1227 1227 1227 1227 1227 1227 1227
E36    899  899  899  899  899  899  899  899  899  899  899  899  899  899  899
# ------------------------------------------
# QZSS
%      C1C  L1C  S1C  C1X  L1X  S1X  C1Z  L1Z  S1Z  C2X  L2X  S2X  C5X  L5X  S5X
J02   1928 1914 1928 1928 1928 1928 1927 1914 1927 1926 1926 1926 1928 1928 1928
J03   2148 2132 2148 2148 2148 2148 2147 2132 2147 2142 2142 2142 2148 2148 2148
J04   2345 2329 2345 2345 2345 2345 2345 2329 2345 2344 2344 2344 2345 2345 2345
J07   2880 2818 2880 2880 2880 2880 2880 2818 2880 2880 2880 2880 2880 2880 2880
# ------------------------------------------
# SBAS
%      C1C  L1C  S1C
S22   1688 1688 1688
S23   2880 2880 2880
S27   2880 2880 2880
S28   2880 2880 2880
S29   2880 2880 2880
S36   2880 2880 2880
S37   2880 2880 2880
# ------------------------------------------
# NavIC/IRNSS
%      C5A  L5A  S5A  C9A  L9A  S9A
I02   2880 2880 2880 2880 2880 2880
I03   2880 2880 2880 2880    0 2880
I05   2880 2880 2880 2880 2880 2880
I06   2880 2880 2880 2880 2880 2880
I09   2880 2880 2880 2880 2880 2880
I10   2836 2836 2836 2836 2836 2836
# ------------------------------------------
# Cycle slip detection settings:
# ------------------------------------------
# Elmask (slip count ): 10.0
# Elmask (slip detect): 0.0
# MP detection type   : offset
# MP reference type   : rolling average (window=50epochs)
# MP threshold        : 2.000 (m)
# GF detection type   : velocity
# GF reference type   : single epoch
# GF threshold        : 0.050 (m/s)
# MW detection type   : sigma
# MW reference type   : rolling average (window=50epochs)
# MW threshold        : 4.000 (sigmas)
# ------------------------------------------
# Quality Report:
# ------------------------------------------
# For each satellite
% PRN, STD(MP1), STD(MP2), STD(MP5), # of slips/nobs (MP1, MP2, MP5, GF, MW, IOD(L1))
  G01,   0.2424,   0.2140,   0.1874,     5 /  1164,     5 /  1164,     0 /  1164,     1 /  1164,     4 /  1164,     5 /  1164
  G02,   0.2506,   0.2314,     ----,     1 /  1141,     1 /  1141,     0 /     0,     0 /  1141,     2 /  1141,     1 /  1141
  G03,   0.2140,   0.2069,   0.1642,     2 /   924,     2 /   924,     1 /   924,     1 /   924,     7 /   924,     2 /   924
  G04,   0.2396,   0.2093,   0.1865,     4 /   917,     5 /   917,     1 /   917,     4 /   917,     7 /   917,     4 /   917
  G05,   0.1947,   0.1685,     ----,     0 /   798,     0 /   798,     0 /     0,     0 /   798,     4 /   798,     0 /   798
  G06,   0.2099,   0.1618,   0.1176,     2 /   803,     2 /   803,     0 /   803,     2 /   803,     2 /   803,     2 /   803
  G07,   0.2058,   0.2359,     ----,     0 /   987,     0 /   987,     0 /     0,     0 /   987,     1 /   987,     0 /   987
  G08,   0.2714,   0.2534,   0.2074,     2 /  1096,     2 /  1096,     1 /  1096,     1 /  1096,     1 /  1096,     1 /  1096
  G09,   0.2125,   0.1988,   0.1466,     0 /   788,     0 /   788,     0 /   788,     0 /   788,     1 /   788,     0 /   788
  G10,   0.2010,   0.2208,   0.1753,     0 /  1007,     0 /  1007,     0 /  1007,     0 /  1007,    11 /  1007,     0 /  1007
  G11,   0.1944,   0.1834,   0.1234,     4 /   857,     4 /   857,     0 /   857,     4 /   857,     4 /   857,     4 /   857
  G12,   0.2226,   0.2189,     ----,     0 /   862,     0 /   862,     0 /     0,     0 /   862,     0 /   862,     0 /   862
  G13,   0.2520,   0.1952,     ----,     1 /  1128,     1 /  1128,     0 /     0,     1 /  1128,     5 /  1128,     3 /  1128
  G14,   0.2087,   0.1979,   0.1538,     3 /  1014,     3 /  1014,     0 /  1014,     3 /  1014,     8 /  1014,     3 /  1014
  G15,   0.2275,   0.2289,     ----,     0 /  1036,     0 /  1036,     0 /     0,     1 /  1036,     2 /  1036,     1 /  1036
  G16,   0.2438,   0.2285,     ----,     4 /   925,     4 /   925,     0 /     0,     0 /   925,     6 /   925,     3 /   925
  G17,   0.1882,   0.1668,     ----,     0 /   853,     0 /   853,     0 /     0,     0 /   853,     2 /   853,     0 /   853
  G18,   0.2297,   0.2230,   0.1872,     3 /   962,     3 /   962,     1 /   962,     0 /   962,     1 /   962,     3 /   962
  G19,   0.2106,   0.1695,     ----,     0 /   920,     0 /   920,     0 /     0,     0 /   920,     2 /   920,     0 /   920
  G20,   0.2269,   0.1690,     ----,     1 /   857,     1 /   857,     0 /     0,     0 /   857,     1 /   857,     1 /   857
  G21,   0.2224,   0.2225,   0.2502,     6 /  1059,     6 /  1059,     0 /  1059,     2 /  1059,     6 /  1059,     5 /  1059
  G22,   0.2133,   0.1815,     ----,     2 /  1004,     2 /  1004,     0 /     0,     1 /  1004,     9 /  1004,     1 /  1004
  G23,   0.2402,   0.1879,   0.1448,     1 /   972,     3 /   972,     1 /   972,     1 /   972,     1 /   972,     2 /   972
  G24,   0.2672,   0.2259,   0.1799,     2 /  1181,     3 /  1181,     2 /  1181,     1 /  1181,     1 /  1181,     2 /  1181
  G25,   0.2876,   0.2553,   0.1565,     0 /  1127,     0 /  1127,     0 /  1127,     0 /  1127,     6 /  1127,     0 /  1127
  G26,   0.2773,   0.2702,   0.2559,     3 /  1065,     1 /  1064,     1 /  1065,     1 /  1065,     0 /  1065,     2 /  1065
  G27,   0.2634,   0.2326,   0.1860,     1 /  1166,     1 /  1166,     1 /  1166,     0 /  1166,     1 /  1166,     1 /  1166
  G28,   0.2085,   0.1620,   0.1200,     4 /   797,     4 /   797,     0 /   797,     3 /   797,     0 /   797,     4 /   797
  G29,   0.2626,   0.2255,     ----,     2 /   842,     2 /   842,     0 /     0,     0 /   842,     3 /   842,     2 /   842
  G30,   0.2362,   0.2270,   0.2225,     1 /   902,     1 /   902,     2 /   902,     0 /   902,     1 /   902,     1 /   902
  G31,   0.2169,   0.1811,     ----,     0 /   836,     0 /   836,     0 /     0,     0 /   836,     4 /   836,     0 /   836
  G32,   0.2084,   0.1935,   0.1657,     0 /   956,     0 /   956,     1 /   956,     0 /   956,     5 /   956,     0 /   956
  R01,     ----,     ----,     ----,     0 /     0,     0 /     0,     0 /     0,     0 /     0,     0 /     0,     0 /     0
  R02,   0.2720,   0.2074,     ----,     4 /   927,     5 /   927,     0 /     0,     0 /   927,     3 /   927,     4 /   927
  R03,   0.3219,   0.2192,     ----,     1 /   871,     1 /   871,     0 /     0,     0 /   871,     1 /   871,     1 /   871
  R04,   0.2680,   0.2270,     ----,    15 /   935,    15 /   935,     0 /     0,    13 /   935,     3 /   935,    15 /   935
  R05,   0.2317,   0.2078,     ----,     1 /  1032,     1 /  1032,     0 /     0,     1 /  1032,     5 /  1032,     1 /  1032
  R06,     ----,     ----,     ----,     0 /     0,     0 /     0,     0 /     0,     0 /     0,     0 /     0,     0 /     0
  R07,   0.2383,   0.2051,     ----,     1 /  1046,     1 /  1046,     0 /     0,     1 /  1046,     4 /  1046,     1 /  1046
  R08,   0.2797,   0.2047,     ----,     2 /   963,     2 /   963,     0 /     0,     1 /   963,     5 /   963,     2 /   963
  R09,   0.2478,   0.2045,   0.2365,     0 /  1064,     1 /  1064,     0 /  1064,     0 /  1064,     5 /  1064,     0 /  1064
  R10,     ----,     ----,     ----,     0 /     0,     0 /     0,     0 /     0,     0 /     0,     0 /     0,     0 /     0
  R11,   0.2822,   0.2215,     ----,     7 /  1179,     6 /  1179,     0 /     0,     6 /  1179,     5 /  1179,     6 /  1179
  R12,   0.3140,   0.2230,     ----,     1 /   989,     1 /   989,     0 /     0,     0 /   989,     1 /   989,     1 /   989
  R13,     ----,     ----,     ----,     0 /     0,     0 /     0,     0 /     0,     0 /     0,     0 /     0,     0 /     0
  R14,   0.3170,   0.1845,     ----,     1 /   707,     1 /   707,     0 /     0,     1 /   707,     4 /   707,     1 /   707
  R15,   0.3167,   0.1941,     ----,     1 /   775,     1 /   775,     0 /     0,     1 /   775,     4 /   775,     1 /   775
  R16,   0.2715,   0.2102,     ----,     3 /   967,     3 /   967,     0 /     0,     0 /   967,     8 /   967,     2 /   967
  R17,   0.4084,   0.2284,     ----,     7 /   952,     6 /   952,     0 /     0,     5 /   952,     9 /   952,     6 /   952
  R18,   0.2453,   0.2118,     ----,     0 /   969,     0 /   969,     0 /     0,     0 /   969,     2 /   969,     0 /   969
  R19,   0.2541,   0.2119,     ----,     1 /  1036,     1 /  1036,     0 /     0,     1 /  1036,     2 /  1036,     1 /  1036
  R20,   0.2923,   0.1733,     ----,     0 /   910,     0 /   910,     0 /     0,     0 /   910,     1 /   910,     0 /   910
  R21,   0.2766,   0.1744,   0.2002,     9 /  1145,     7 /  1142,     1 /  1145,     9 /  1145,     3 /  1145,     9 /  1145
  R22,   0.3303,   0.2367,     ----,     2 /  1027,     4 /  1027,     0 /     0,     1 /  1027,     3 /  1027,     2 /  1027
  R23,     ----,     ----,     ----,     0 /     0,     0 /     0,     0 /     0,     0 /     0,     0 /     0,     0 /     0
  R24,   0.3372,   0.2357,     ----,     3 /   837,     6 /   837,     0 /     0,     2 /   837,     2 /   837,     2 /   837
  E02,   0.1925,   0.1585,   0.1441,     2 /  1292,     2 /  1292,     2 /  1292,     2 /  1292,     2 /  1292,     2 /  1292
  E03,   0.2113,   0.1634,   0.1488,     0 /  1017,     0 /  1017,     0 /  1017,     0 /  1017,     1 /  1017,     0 /  1017
  E04,   0.3527,   0.2546,   0.2209,     0 /   689,     0 /   689,     0 /   689,     0 /   689,     3 /   689,     0 /   689
  E05,   0.2111,   0.1694,   0.1471,     0 /   810,     0 /   810,     0 /   810,     0 /   810,     4 /   810,     0 /   810
  E06,   0.3521,   0.2600,   0.2276,     0 /   791,     0 /   791,     0 /   791,     0 /   791,     3 /   791,     0 /   791
  E07,   0.2129,   0.1916,   0.1632,     0 /  1277,     0 /  1277,     0 /  1277,     0 /  1277,     1 /  1277,     0 /  1277
  E08,   0.1986,   0.1678,   0.1358,     0 /  1217,     0 /  1217,     0 /  1217,     0 /  1217,     2 /  1217,     0 /  1217
  E09,   0.2765,   0.2745,   0.2403,     0 /   905,     0 /   905,     0 /   905,     0 /   905,     1 /   905,     0 /   905
  E10,   0.2569,   0.1959,   0.1791,     0 /   296,     0 /   296,     0 /   296,     0 /   296,     0 /   296,     0 /   296
  E11,   0.2157,   0.1686,   0.1476,     0 /   432,     0 /   432,     0 /   432,     0 /   432,     2 /   432,     0 /   432
  E12,   0.3163,   0.2187,   0.1848,     0 /   265,     0 /   265,     0 /   265,     0 /   265,     1 /   265,     0 /   265
  E13,   0.2162,   0.1767,   0.1628,     3 /  1529,     2 /  1525,     1 /  1529,     2 /  1529,     5 /  1529,     3 /  1529
  E15,   0.2774,   0.2227,   0.1932,     1 /  1424,     0 /  1423,     0 /  1424,     1 /  1424,     7 /  1424,     1 /  1424
  E16,   0.2296,   0.1982,   0.1422,     0 /   375,     0 /   375,     0 /   375,     0 /   375,     1 /   375,     0 /   375
  E19,   0.2664,   0.1981,   0.1797,     0 /   923,     0 /   923,     0 /   923,     0 /   923,     1 /   923,     0 /   923
  E21,   0.1807,   0.1465,   0.1321,     0 /  1214,     0 /  1214,     0 /  1214,     0 /  1214,     2 /  1214,     0 /  1214
  E23,   0.2271,   0.1886,   0.1641,     0 /   937,     0 /   937,     0 /   937,     0 /   937,     1 /   937,     0 /   937
  E24,   0.2656,   0.2455,   0.2032,     0 /   337,     0 /   337,     0 /   337,     0 /   337,     2 /   337,     0 /   337
  E25,   0.2633,   0.2278,   0.2086,     1 /   648,     1 /   648,     0 /   648,     1 /   648,     4 /   648,     1 /   648
  E26,   0.2611,   0.2218,   0.1883,     0 /  1386,     0 /  1386,     0 /  1386,     0 /  1386,     0 /  1386,     0 /  1386
  E27,   0.2753,   0.2569,   0.2362,     0 /  1515,     0 /  1515,     0 /  1515,     0 /  1515,     2 /  1515,     0 /  1515
  E29,   0.2938,   0.2409,   0.2413,     0 /  1167,     0 /  1167,     1 /  1167,     0 /  1167,     0 /  1167,     0 /  1167
  E30,   0.2459,   0.2135,   0.1819,     0 /  1592,     0 /  1592,     0 /  1592,     0 /  1592,     3 /  1592,     0 /  1592
  E31,   0.3270,   0.2789,   0.3012,     0 /   558,     0 /   558,     0 /   558,     0 /   558,     0 /   558,     0 /   558
  E33,   0.3083,   0.2725,   0.2397,     0 /   921,     0 /   921,     0 /   921,     0 /   921,     1 /   921,     0 /   921
  E34,   0.2086,   0.1700,   0.1564,     0 /  1227,     0 /  1227,     0 /  1227,     0 /  1227,     4 /  1227,     0 /  1227
  E36,   0.1617,   0.1299,   0.1301,     2 /   899,     2 /   899,     2 /   899,     2 /   899,     1 /   899,     2 /   899
  J02,   0.2173,   0.1923,   0.1252,    24 /  1928,    23 /  1926,    24 /  1928,    24 /  1928,     3 /  1928,    24 /  1928
  J03,   0.2060,   0.1851,   0.1391,    27 /  2148,    23 /  2142,    25 /  2148,    26 /  2148,     5 /  2148,    26 /  2148
  J04,   0.2111,   0.1890,   0.1226,    22 /  2344,    21 /  2343,    22 /  2344,    22 /  2344,     3 /  2344,    22 /  2344
  J07,   0.2774,   0.1324,   0.0453,   117 /  2880,   116 /  2880,   116 /  2880,   116 /  2880,    35 /  2880,   116 /  2880
  S22,     ----,     ----,     ----,     0 /     0,     0 /     0,     0 /     0,     0 /     0,     0 /     0,     0 /     0
  S23,     ----,     ----,     ----,     0 /     0,     0 /     0,     0 /     0,     0 /     0,     0 /     0,     0 /     0
  S27,     ----,     ----,     ----,     0 /     0,     0 /     0,     0 /     0,     0 /     0,     0 /     0,     0 /     0
  S28,     ----,     ----,     ----,     0 /     0,     0 /     0,     0 /     0,     0 /     0,     0 /     0,     0 /     0
  S29,     ----,     ----,     ----,     0 /     0,     0 /     0,     0 /     0,     0 /     0,     0 /     0,     0 /     0
  S36,     ----,     ----,     ----,     0 /     0,     0 /     0,     0 /     0,     0 /     0,     0 /     0,     0 /     0
  S37,     ----,     ----,     ----,     0 /     0,     0 /     0,     0 /     0,     0 /     0,     0 /     0,     0 /     0
  I02,     ----,   0.2644,   0.2049,     0 /     0,     0 /  2880,     0 /  2880,     0 /  2880,     1 /  2880,     0 /  2880
  I03,     ----,     ----,     ----,     0 /     0,     0 /     0,     0 /     0,     0 /     0,     0 /     0,     0 /     0
  I05,     ----,     ----,     ----,     0 /     0,  2879 /  2880,  2879 /  2880,     0 /  2880,     0 /  2880,     0 /  2880
  I06,     ----,   0.3227,   0.2402,     0 /     0,     0 /  2880,     0 /  2880,     0 /  2880,     3 /  2880,     0 /  2880
  I09,     ----,   0.2638,   0.2025,     0 /     0,     0 /  2880,     0 /  2880,     0 /  2880,     1 /  2880,     0 /  2880
  I10,     ----,   0.3357,   0.2281,     0 /     0,     0 /  2836,     0 /  2836,     0 /  2836,     6 /  2836,     0 /  2836
# ------------------------------------------
# Summary of each satellite system
% SYS, STD(MP1), STD(MP2), STD(MP5), # of slips/nobs (MP1, MP2, MP5, GF, MW, IOD(L1))
    G,   0.2332,   0.2119,   0.1818,    54 / 30946,    56 / 30945,    12 / 18757,    27 / 30946,   108 / 30946,    53 / 30946
    R,   0.2907,   0.2105,   0.2185,    59 / 18331,    62 / 18328,     1 /  2209,    42 / 18331,    70 / 18331,    55 / 18331
    E,   0.2504,   0.2090,   0.1874,     9 / 25643,     7 / 25638,     6 / 25643,     8 / 25643,    54 / 25643,     9 / 25643
    J,   0.2337,   0.1732,   0.1102,   190 /  9300,   183 /  9291,   187 /  9300,   188 /  9300,    46 /  9300,   188 /  9300
    S,     ----,     ----,     ----,     0 /     0,     0 /     0,     0 /     0,     0 /     0,     0 /     0,     0 /     0
    I,     ----,   0.2667,   0.1962,     0 /     0,  2879 / 14356,  2879 / 14356,     0 / 14356,    11 / 14356,     0 / 14356
