# ------------------------------------------
# Quality Check Summary by Ringo software
# ------------------------------------------
# Executed at            : 2026/03/16 12:33:45 UTC
# ------------------------------------------
# QC of RINEX file       : D:\Master in Geoinformatics\Semester 2\GNSS Survey Mapping\Lab\Lab 2\ringo\Data\2\IISC00IND_R_20251980000_01D_30S_MO.crx.gz
# input RnxNav files     : D:\Master in Geoinformatics\Semester 2\GNSS Survey Mapping\Lab\Lab 2\ringo\BRDC\2\BRDC00IGS_R_20251980000_01D_MN.rnx.gz
# ------------------------------------------
# Marker                 : IISC                                                        
# Receiver               : SEPT POLARX5        
# Antenna                : ASH701945E_M    NONE
# Time of Start          : 2025/07/17 00:00:00.000
# Time of End            : 2025/07/17 23:59:30.000
# Approx XYZ             :   1337936.4550,   6070317.1261,   1427876.7852
# Observation Interval   : 30.0000 seconds
# Satellite systems      : GREJCI
#                        : G01G02G03G04G05G06G07G08G09G10G11G12G13G14G15G16G17G18G19G20G21G22G23G24G25G26G27G28G29G30G31G32
#                        : R01R02R03R04R05R06R07R08R09R10R11R12R13R14R15R16R17R18R19R20R21R22R23R24R26R27
#                        : E02E03E04E05E06E07E08E09E10E11E12E13E14E15E16E18E19E21E23E24E25E26E27E29E30E31E33E34E36
#                        : J02J03J04J07
#                        : C02C03C05C06C07C08C09C10C11C12C13C14C16C19C20C21C22C23C24C25C26C27C28C29C30C32C33C34C35C36C37C38C39C40C41C42C43C44C45C47C48C49C50C56C58C59C60
#                        : I01I02I03I06I09I10
# Total satellites       : 144
# Number of obs epochs   : 2880
# Number of obs data     : 159871
# N Expected epochs      : 2880
# Observation rate (%)   : 100.00
# N obs data     (>10deg): 142336
# N possible obs (> 0deg): 187526
# N possible obs (>10deg): 155555
# ------------------------------------------
# Number of obs epochs for each SV:
# ------------------------------------------
# GPS
%      C1C  L1C  S1C  C1W  S1W  C2W  L2W  S2W  C2L  L2L  S2L  C5Q  L5Q  S5Q  C1L  L1L  S1L
G01    834  809  834  805  805  805  805  805  886  843  886  818  809  818  878  831  878
G02    892  739  892  720  720  720  720  720    0    0    0    0    0    0    0    0    0
G03    645  570  645  569  569  569  569  569  643  596  643  640  594  640    0    0    0
G04    780  716  780  715  715  715  715  715  788  748  788  761  661  761  793  720  793
G05    630  573  630  572  572  572  572  572  675  610  675    0    0    0    0    0    0
G06    624  580  624  579  579  579  579  579  633  595  633  614  584  614    0    0    0
G07    940  894  940  893  893  893  893  893  931  891  931    0    0    0    0    0    0
G08    545  499  545  498  498  498  498  498  548  507  548  535  476  535    0    0    0
G09    680  594  680  594  594  594  594  594  673  617  673  670  614  670    0    0    0
G10   1014  972 1014  972  972  972  972  972 1005  982 1005  975  965  975    0    0    0
G11    657  627  657  624  624  624  624  624  657  638  657  654  632  654  778  640  778
G12    685  610  685  610  610  610  609  610  670  603  670    0    0    0    0    0    0
G13    909  798  909  792  792  792  792  792    0    0    0    0    0    0    0    0    0
G14   1004  978 1004  978  978  978  978  978 1012  989 1012  995  960  995 1001  983 1001
G15    661  554  661  552  552  552  552  552  615  551  615    0    0    0    0    0    0
G16    562  526  562  524  524  524  524  524    0    0    0    0    0    0    0    0    0
G17    858  694  858  693  693  693  693  693  852  738  852    0    0    0    0    0    0
G18    871  806  871  804  804  804  804  804  884  825  884  845  783  845  873  810  873
G19    869  812  869  811  811  811  811  811    0    0    0    0    0    0    0    0    0
G20    627  580  627  579  579  579  579  579    0    0    0    0    0    0    0    0    0
G21    579  548  579  547  547  547  547  547  604  547  604  586  553  586  587  548  587
G22   1003  974 1003  971  971  971  971  971    0    0    0    0    0    0    0    0    0
G23    977  919  977  915  915  915  915  915  984  956  984  895  895  895  968  932  968
G24    938  845  938  844  844  844  844  844  932  863  932  910  836  910    0    0    0
G25    662  548  662  548  548  548  548  548  645  563  645  627  560  627    0    0    0
G26    562  527  562  526  526  526  526  526  570  554  570  556  529  556    0    0    0
G27    929  822  929  819  819  819  819  819  927  860  927  859  791  859    0    0    0
G28    639  591  639  591  591  591  591  591  656  591  656  632  591  632  645  590  645
G29    704  647  704  646  646  646  646  646  710  630  710    0    0    0    0    0    0
G30    747  712  747  710  710  710  710  710  742  700  742  733  707  733    0    0    0
G31    695  624  695  623  623  623  623  623  694  655  694    0    0    0    0    0    0
G32    934  835  934  836  836  836  834  836  922  849  922  810  762  810    0    0    0
# ------------------------------------------
# GLONASS
%      C1C  L1C  S1C  C1P  L1P  S1P  C2P  L2P  S2P  C2C  L2C  S2C  C3Q  L3Q  S3Q
R01    514  422  514  412  412  412    0    0    0    0    0    0    0    0    0
R02    878  858  878  861  857  861  860  856  860  878  860  878    0    0    0
R03    526  476  526  489  472  489  526  516  526  732  649  732    0    0    0
R04    518  504  518  500  500  500  513  512  513  565  545  565  542  542  542
R05    649  545  649  540  536  540  603  580  603  735  650  735  631  631  631
R06    462  424  462  420  420  420    0    0    0    0    0    0    0    0    0
R07    700  594  700  632  581  632  706  655  706  828  719  828    0    0    0
R08    486  441  486  442  440  442  473  467  473  555  521  555    0    0    0
R09    890  836  890  825  825  825  871  859  871  955  884  955  904  904  904
R10    750  711  750  712  712  712    0    0    0    0    0    0    0    0    0
R11    772  639  772  636  620  636  729  708  729  815  737  815  748  748  748
R12    694  646  694  636  634  636  682  669  682  770  722  770  702  702  702
R13    431  424  431  420  420  420    0    0    0    0    0    0    0    0    0
R14    606  513  606  518  510  518  559  547  559  627  561  627    0    0    0
R15    576  522  576  522  518  522  562  554  562  687  605  687    0    0    0
R16    944  876  944  880  874  880  891  873  891  969  881  969  890  890  890
R17    580  491  580  490  485  490  575  555  575  705  620  705    0    0    0
R18    716  668  716  664  657  664  693  681  693  766  732  766    0    0    0
R19    450  429  450  429  429  429  455  446  455  549  499  549  499  499  499
R20    197  162  197  161  161  161  218  204  218  847  731  847    0    0    0
R21   1056  917 1056  929  917  929 1053 1014 1053 1118 1045 1118 1083 1083 1083
R22    926  843  926  849  839  849  868  848  868  953  867  953  929  929  929
R23    501  499  501  501  500  501    0    0    0    0    0    0    0    0    0
R24    485  455  485  456  455  456  483  480  483  549  530  549  522  522  522
R26    536  493  536  496  494  496  496  491  496  555  504  555  513  513  513
R27    880  820  880  827  820  827  841  835  841  910  856  910  841  841  841
# ------------------------------------------
# Galileo
%      C1C  L1C  S1C  C6C  L6C  S6C  C5Q  L5Q  S5Q  C7Q  L7Q  S7Q  C8Q  L8Q  S8Q
E02   1119  889 1119  570  507  570  953  861  953 1202  969 1202  882  882  882
E03    781  698  781  640  615  640  715  675  715  793  733  793  685  685  685
E04    585  559  585    0    0    0  544  509  544  591  583  591  503  503  503
E05    794  560  794  563  351  563  624  500  624  818  642  818  437  437  437
E06    337  265  337    0    0    0  298  222  298  359  314  359  182  182  182
E07   1310 1270 1310 1039  992 1039 1288 1261 1288 1321 1290 1321 1217 1217 1217
E08   1214 1085 1214 1017  961 1017 1119 1014 1119 1233 1199 1233  999  999  999
E09    243  163  243    0    0    0  140   12  140  263  206  263   38   38   38
E10    176  140  176   43    0   43  155  117  155  182  160  182   93   93   93
E11    223  176  223  179  128  179  203  161  203  260  205  260  200  200  200
E12    171  171  171   38   38   38  151  151  151  171  171  171  111  111  111
E13   1226  987 1226  845  478  845 1135  882 1135 1241 1092 1241  864  864  864
E14    491  457  491  466  449  466  481  460  481  508  482  508  464  464  464
E15   1105  979 1105  600  549  600  958  898  958 1120 1074 1120  894  894  894
E16    390  345  390  350  304  350  370  346  370  409  358  409  336  336  336
E18   1341 1054 1341  687  673  687 1216  908 1216 1344 1216 1344  915  915  915
E19    732  683  732  399  337  399  573  492  573  775  706  775  542  542  542
E21   1193 1147 1193 1052  947 1052 1147 1041 1147 1213 1213 1213 1006 1006 1006
E23    954  954  954  593  593  593  938  938  938  954  954  954  927  927  927
E24    220  196  220  203  157  203  210  203  210  226  217  226  199  199  199
E25    530  465  530  466  438  466  483  469  483  534  511  534  444  444  444
E26   1339 1188 1339  545  523  545 1246 1082 1246 1416 1271 1416 1093 1093 1093
E27   1036  761 1036  679  658  679  759  692  759 1011  923 1011  693  693  693
E29   1020  944 1020  637  570  637  964  899  964 1093 1045 1093  904  904  904
E30   1530 1156 1530 1077  834 1077 1395 1112 1395 1532 1394 1532 1104 1104 1104
E31    333  333  333   26   26   26  296  296  296  333  333  333  294  294  294
E33    449  449  449  388  388  388  448  414  448  449  449  449  402  402  402
E34   1251 1207 1251 1086 1032 1086 1232 1201 1232 1255 1248 1255 1146 1146 1146
E36    832  750  832  743  463  743  792  744  792  875  778  875  612  612  612
# ------------------------------------------
# QZSS
%      C1C  L1C  S1C  C2L  L2L  S2L  C5Q  L5Q  S5Q  C1L  L1L  S1L  C1Z  L1Z  S1Z  C5P  L5P  S5P
J02   1494 1193 1494 1466 1415 1466 1363 1003 1363 1506 1287 1506 1184 1184 1184    0    0    0
J03   1882 1804 1882 1889 1868 1889 1793 1775 1793 1881 1849 1881 1746 1746 1746 1444 1444 1444
J04   1941 1892 1941 1960 1951 1960 1954 1932 1954 1961 1920 1961 1878 1878 1878 1770 1770 1770
J07   2880 2876 2880 2880 2880 2880 2880 2880 2880 2880 2880 2880 2880 2880 2880    0    0    0
# ------------------------------------------
# Beidou
%      C1P  L1P  S1P  C5P  L5P  S5P  C2I  L2I  S2I  C7I  L7I  S7I  C6I  L6I  S6I
C02      0    0    0    0    0    0 2880 2880 2880 2880 2880 2880 2880 2880 2880
C03      0    0    0    0    0    0 2880 2880 2880 2880 2880 2880 2880 2880 2880
C05      0    0    0    0    0    0 2880 2880 2880 2880 2880 2880 2880 2880 2880
C06      0    0    0    0    0    0 2375 2220 2375 2471 2309 2471 2243 2090 2243
C07      0    0    0    0    0    0 2516 2277 2516 2781 2469 2781 2354 2131 2354
C08      0    0    0    0    0    0 2195 2131 2195 2315 2182 2315 2122 2045 2122
C09      0    0    0    0    0    0 2585 2346 2585 2825 2449 2825 2234 2158 2234
C10      0    0    0    0    0    0 2823 2394 2823 2855 2633 2855 2754 2243 2754
C11      0    0    0    0    0    0    4    0    4  664  664  664    0    0    0
C12      0    0    0    0    0    0  806  745  806  864  816  864  768  669  768
C13      0    0    0    0    0    0 2370 2243 2370 2438 2270 2438 2265 2141 2265
C14      0    0    0    0    0    0 1145 1095 1145 1179 1126 1179 1127 1038 1127
C16      0    0    0    0    0    0 2333 2202 2333 2425 2304 2425 2172 2048 2172
C19    554  489  554  474  439  474  541  487  541    0    0    0  512  470  512
C20    820  625  820  664  557  664  859  682  859    0    0    0  625  516  625
C21    949  839  949  851  718  851  986  865  986    0    0    0  855  676  855
C22    673  634  673  600  583  600  759  673  759    0    0    0  629  602  629
C23   1092 1025 1092 1081  979 1081 1095 1029 1095    0    0    0 1082  962 1082
C24    998  827  998  774  670  774 1022  866 1022    0    0    0  797  591  797
C25    935  739  935  780  687  780  963  767  963    0    0    0  791  670  791
C26   1326  977 1326 1130  860 1130 1359 1022 1359    0    0    0 1216  892 1216
C27    724  660  724  683  642  683  769  696  769    0    0    0  698  648  698
C28   1042  850 1042  884  546  884 1126  907 1126    0    0    0  895  565  895
C29    735  646  735  700  630  700  757  693  757    0    0    0  713  585  713
C30    527  522  527  474  474  474  553  519  553    0    0    0  480  480  480
C32    691  622  691  653  574  653  708  643  708    0    0    0  666  586  666
C33   1074 1005 1074 1009  978 1009 1087 1015 1087    0    0    0 1008  967 1008
C34    765  689  765  707  645  707  780  696  780    0    0    0  704  619  704
C35    866  837  866  848  827  848  875  847  875    0    0    0  851  824  851
C36    476  420  476  396  388  396  470  425  470    0    0    0  452  388  452
C37   1145 1106 1145 1129 1099 1129 1149 1099 1149    0    0    0 1131 1038 1131
C38   2150 2026 2150 2033 1997 2033 2174 2044 2174    0    0    0 2088 1934 2088
C39   2170 2025 2170 2080 1933 2080 2191 2020 2191    0    0    0 2096 1927 2096
C40   2145 2051 2145 2070 1935 2070 2168 2062 2168    0    0    0 2077 1940 2077
C41    782  708  782  745  679  745  794  716  794    0    0    0  758  645  758
C42   1119 1063 1119 1097 1034 1097 1127 1066 1127    0    0    0 1101 1035 1101
C43   1203  957 1203  979  794  979 1259  983 1259    0    0    0 1009  761 1009
C44    925  845  925  858  820  858  942  877  942    0    0    0  858  738  858
C45    459  403  459  448  393  448  468  399  468    0    0    0  441  359  441
C47    635  473  635  571  461  571  676  509  676    0    0    0  593  463  593
C48    694  510  694  609  316  609  732  573  732    0    0    0  643  397  643
C49   1328 1004 1328  953  897  953 1368 1032 1368    0    0    0  962  915  962
C50   1053  961 1053  972  913  972 1068  981 1068    0    0    0 1018  917 1018
C56      0    0    0    0    0    0 2398 2389 2398    0    0    0 2362 2239 2362
C58      0    0    0    0    0    0   39   38   39    0    0    0   22    7   22
C59      0    0    0    0    0    0    1    1    1    0    0    0    0    0    0
C60      0    0    0    0    0    0 2880 2880 2880    0    0    0 2880 2880 2880
# ------------------------------------------
# NavIC/IRNSS
%      C5A  L5A  S5A
I01   2880 2880 2880
I02   2880 2880 2880
I03   2880 2880 2880
I06   2880 2880 2880
I09   2880 2880 2880
I10   2836 2836 2836
# ------------------------------------------
# Cycle slip detection settings:
# ------------------------------------------
# Elmask (slip count ): 10.0
# Elmask (slip detect): 0.0
# MP detection type   : offset
# MP reference type   : rolling average (window=50epochs)
# MP threshold        : 2.000 (m)
# GF detection type   : velocity
# GF reference type   : single epoch
# GF threshold        : 0.050 (m/s)
# MW detection type   : sigma
# MW reference type   : rolling average (window=50epochs)
# MW threshold        : 4.000 (sigmas)
# ------------------------------------------
# Quality Report:
# ------------------------------------------
# For each satellite
% PRN, STD(MP1), STD(MP2), STD(MP5), # of slips/nobs (MP1, MP2, MP5, GF, MW, IOD(L1))
  G01,   0.3863,   0.5894,   0.3733,     9 /   825,     5 /   825,     5 /   799,     4 /   825,     2 /   825,     5 /   825
  G02,   0.3555,   0.6268,     ----,     4 /   720,     6 /   720,     0 /     0,     0 /   720,     3 /   720,     2 /   720
  G03,   0.2636,   0.4280,   0.2778,     2 /   570,     1 /   570,     0 /   570,     1 /   570,     1 /   570,     1 /   570
  G04,   0.2934,   0.4041,   0.2212,     4 /   718,     2 /   718,     1 /   638,     2 /   718,     2 /   718,     2 /   718
  G05,   0.2067,   0.3602,     ----,     4 /   573,     4 /   573,     0 /     0,     2 /   573,     2 /   573,     3 /   573
  G06,   0.2121,   0.3397,   0.2086,     3 /   580,     1 /   580,     0 /   580,     1 /   580,     2 /   580,     1 /   580
  G07,   0.2912,   0.5160,     ----,     0 /   893,     9 /   893,     0 /     0,     0 /   893,     6 /   893,     0 /   893
  G08,   0.2437,   0.4937,   0.2949,     0 /   499,     2 /   499,     0 /   475,     0 /   499,     1 /   499,     0 /   499
  G09,   0.2207,   0.4206,   0.2126,     0 /   594,     3 /   594,     0 /   588,     0 /   594,     0 /   594,     0 /   594
  G10,   0.2694,   0.4866,   0.2807,     2 /   972,     4 /   972,     1 /   957,     2 /   972,     4 /   972,     2 /   972
  G11,   0.2355,   0.3905,   0.2376,     2 /   625,     1 /   625,     0 /   625,     1 /   625,     3 /   625,     1 /   625
  G12,   0.3041,   0.4154,     ----,     4 /   609,     8 /   609,     0 /     0,     3 /   609,     3 /   609,     3 /   609
  G13,   0.3367,   0.5835,     ----,     2 /   792,     3 /   792,     0 /     0,     1 /   792,     5 /   792,     1 /   792
  G14,   0.3217,   0.5396,   0.2636,     2 /   983,     2 /   983,     1 /   958,     1 /   983,     5 /   983,     1 /   983
  G15,   0.2626,   0.3724,     ----,     1 /   553,     5 /   553,     0 /     0,     1 /   553,     3 /   553,     1 /   553
  G16,   0.2217,   0.3640,     ----,     0 /   524,     0 /   524,     0 /     0,     0 /   524,     3 /   524,     0 /   524
  G17,   0.2830,   0.4601,     ----,     3 /   693,     9 /   693,     0 /     0,     0 /   693,     3 /   693,     1 /   693
  G18,   0.3390,   0.4485,   0.2680,     8 /   809,    11 /   809,     0 /   769,     4 /   809,     2 /   809,     7 /   809
  G19,   0.2824,   0.5345,     ----,     0 /   811,    11 /   811,     0 /     0,     0 /   811,     3 /   811,     0 /   811
  G20,   0.2242,   0.3785,     ----,     0 /   579,     3 /   579,     0 /     0,     0 /   579,     4 /   579,     0 /   579
  G21,   0.2025,   0.3757,   0.2280,     1 /   548,     0 /   547,     0 /   548,     0 /   548,    10 /   548,     1 /   548
  G22,   0.3051,   0.4655,     ----,     0 /   971,     5 /   971,     0 /     0,     0 /   971,    10 /   971,     0 /   971
  G23,   0.3012,   0.4997,   0.2841,     8 /   932,     8 /   932,     1 /   895,     2 /   932,     5 /   932,     4 /   932
  G24,   0.3600,   0.5862,   0.3393,     5 /   845,     6 /   845,     1 /   827,     2 /   845,    10 /   845,     2 /   845
  G25,   0.2833,   0.4537,   0.2856,     1 /   548,     1 /   548,     1 /   545,     0 /   548,     1 /   548,     0 /   548
  G26,   0.2890,   0.4090,   0.2582,     1 /   527,     2 /   526,     1 /   526,     1 /   527,     0 /   527,     1 /   527
  G27,   0.3300,   0.5632,   0.3284,     3 /   821,    12 /   821,     0 /   788,     3 /   821,     1 /   821,     4 /   821
  G28,   0.2716,   0.3869,   0.2246,     0 /   591,     2 /   591,     0 /   585,     0 /   591,     2 /   591,     0 /   591
  G29,   0.2802,   0.4204,     ----,     0 /   646,     2 /   646,     0 /     0,     0 /   646,     5 /   646,     0 /   646
  G30,   0.2876,   0.4714,   0.2669,     3 /   710,     7 /   710,     0 /   702,     2 /   710,     7 /   710,     2 /   710
  G31,   0.2318,   0.3982,     ----,     1 /   624,     5 /   624,     0 /     0,     1 /   624,     1 /   624,     1 /   624
  G32,   0.3242,   0.5113,   0.2870,     0 /   834,    11 /   834,     0 /   762,     0 /   834,     0 /   834,     0 /   834
  R01,     ----,     ----,     ----,     0 /     0,     0 /     0,     0 /     0,     0 /     0,     0 /     0,     0 /     0
  R02,   0.6854,   0.5970,     ----,    34 /   856,     7 /   856,     0 /     0,     0 /   856,     3 /   856,     0 /   856
  R03,   0.7116,   0.3669,     ----,    43 /   476,     0 /   476,     0 /     0,     0 /   476,     1 /   476,     0 /   476
  R04,   0.6927,   0.3132,   0.2533,    50 /   504,     1 /   504,     0 /   504,     0 /   504,     1 /   504,     0 /   504
  R05,   0.6287,   0.4399,   0.3420,    51 /   545,     4 /   545,     0 /   545,     0 /   545,     2 /   545,     1 /   545
  R06,     ----,     ----,     ----,     0 /     0,     0 /     0,     0 /     0,     0 /     0,     0 /     0,     0 /     0
  R07,   0.6813,   0.4156,     ----,    70 /   594,     2 /   594,     0 /     0,     0 /   594,     1 /   594,     1 /   594
  R08,   0.7210,   0.2649,     ----,    19 /   441,     0 /   441,     0 /     0,     0 /   441,     0 /   441,     0 /   441
  R09,   0.5623,   0.4504,   0.3832,    75 /   836,    16 /   836,     4 /   836,     2 /   836,     4 /   836,     2 /   836
  R10,     ----,     ----,     ----,     0 /     0,     0 /     0,     0 /     0,     0 /     0,     0 /     0,     0 /     0
  R11,   0.6401,   0.4647,   0.3874,    59 /   639,     7 /   639,     0 /   639,     1 /   639,     4 /   639,     1 /   639
  R12,   0.6496,   0.5506,   0.4292,    76 /   643,     5 /   642,     1 /   643,     4 /   643,     9 /   643,     4 /   643
  R13,     ----,     ----,     ----,     0 /     0,     0 /     0,     0 /     0,     0 /     0,     0 /     0,     0 /     0
  R14,   0.4648,   0.4147,     ----,     9 /   511,     6 /   511,     0 /     0,     0 /   511,     0 /   511,     0 /   511
  R15,   0.6201,   0.4518,     ----,    43 /   517,     4 /   517,     0 /     0,     2 /   517,     3 /   517,     2 /   517
  R16,   0.7470,   0.5752,   0.4547,    85 /   877,     8 /   871,     6 /   876,     5 /   877,     8 /   877,     5 /   877
  R17,   0.7450,   0.4312,     ----,    79 /   491,     0 /   491,     0 /     0,     0 /   491,     2 /   491,     0 /   491
  R18,   0.7013,   0.5933,     ----,    64 /   668,    11 /   668,     0 /     0,     0 /   668,     2 /   668,     0 /   668
  R19,   0.6935,   0.3204,   0.2431,     8 /   429,     1 /   429,     0 /   429,     0 /   429,     2 /   429,     0 /   429
  R20,   0.7468,   0.2824,     ----,    32 /   163,     2 /   163,     0 /     0,     0 /   163,     1 /   163,     0 /   163
  R21,   0.7690,   0.4595,   0.3809,   131 /   917,     3 /   917,     1 /   917,     0 /   917,     4 /   917,     0 /   917
  R22,   0.6424,   0.5516,   0.4386,    80 /   841,    18 /   840,     4 /   841,     1 /   841,     8 /   841,     3 /   841
  R23,     ----,     ----,     ----,     0 /     0,     0 /     0,     0 /     0,     0 /     0,     0 /     0,     0 /     0
  R24,   0.6421,   0.3721,   0.2626,    18 /   455,     1 /   455,     0 /   455,     0 /   455,     0 /   455,     0 /   455
  R26,   0.4342,   0.3733,   0.3226,     9 /   494,     5 /   493,     3 /   494,     2 /   494,     4 /   494,     2 /   494
  R27,   0.5817,   0.5212,   0.4357,    36 /   821,     7 /   821,     5 /   820,     2 /   821,     4 /   821,     2 /   821
  E02,   0.2319,   0.3482,   0.3218,     0 /   889,     0 /   889,     0 /   845,     0 /   889,     1 /   889,     0 /   889
  E03,   0.1546,   0.2325,   0.2569,     1 /   698,     0 /   698,     0 /   671,     0 /   698,     1 /   698,     0 /   698
  E04,   0.2484,   0.4868,   0.3616,     0 /   559,     2 /   559,     0 /   509,     0 /   559,     1 /   559,     0 /   559
  E05,   0.2075,   0.4004,   0.3527,     0 /   560,     0 /   560,     0 /   499,     0 /   560,     1 /   560,     0 /   560
  E06,   0.4335,   0.5276,   0.4750,     0 /   265,     0 /   265,     0 /   222,     0 /   265,     3 /   265,     0 /   265
  E07,   0.1991,   0.3270,   0.3064,     0 /  1270,     0 /  1270,     0 /  1254,     0 /  1270,     4 /  1270,     0 /  1270
  E08,   0.2325,   0.3577,   0.3123,     1 /  1076,     2 /  1076,     0 /  1014,     0 /  1076,     9 /  1076,     0 /  1076
  E09,   0.4527,   0.6925,   0.5725,     0 /   162,     2 /   162,     0 /     9,     0 /   162,     8 /   162,     0 /   162
  E10,   0.3377,   0.5807,   0.4531,     0 /   140,     0 /   140,     0 /   117,     0 /   140,     1 /   140,     0 /   140
  E11,   0.2377,   0.3343,   0.3146,     0 /   176,     0 /   176,     0 /   161,     0 /   176,     0 /   176,     0 /   176
  E12,   0.1780,   0.3290,   0.2210,     0 /   171,     0 /   171,     0 /   151,     0 /   171,     0 /   171,     0 /   171
  E13,   0.2706,   0.4162,   0.3339,     0 /   987,     7 /   987,     0 /   882,     0 /   987,    10 /   987,     0 /   987
  E14,   0.1515,   0.2695,   0.2115,     0 /   457,     0 /   457,     0 /   457,     0 /   457,     2 /   457,     0 /   457
  E15,   0.2264,   0.3386,   0.3071,     0 /   973,     2 /   973,     0 /   896,     0 /   973,     3 /   973,     0 /   973
  E16,   0.2357,   0.3386,   0.2560,     0 /   345,     0 /   345,     0 /   344,     0 /   345,     0 /   345,     0 /   345
  E18,   0.2854,   0.3925,   0.3251,     0 /  1054,    14 /  1054,     0 /   908,     0 /  1054,     9 /  1054,     0 /  1054
  E19,   0.2060,   0.3024,   0.2795,     0 /   683,     0 /   683,     0 /   492,     0 /   683,     2 /   683,     0 /   683
  E21,   0.2649,   0.3983,   0.3022,     0 /  1147,     4 /  1147,     1 /  1041,     0 /  1147,     1 /  1147,     0 /  1147
  E23,   0.2222,   0.3576,   0.2937,     0 /   954,     0 /   954,     0 /   938,     0 /   954,     6 /   954,     0 /   954
  E24,   0.3038,   0.3769,   0.4135,     0 /   196,     0 /   196,     0 /   195,     0 /   196,     2 /   196,     0 /   196
  E25,   0.1536,   0.2545,   0.2209,     0 /   465,     0 /   465,     0 /   464,     0 /   465,     0 /   465,     0 /   465
  E26,   0.2409,   0.3831,   0.3221,     0 /  1188,     3 /  1188,     0 /  1074,     0 /  1188,     3 /  1188,     0 /  1188
  E27,   0.1967,   0.2920,   0.2189,     2 /   760,     1 /   760,     0 /   690,     0 /   760,     4 /   760,     0 /   760
  E29,   0.2446,   0.3067,   0.2715,     2 /   944,     0 /   944,     0 /   899,     0 /   944,     3 /   944,     0 /   944
  E30,   0.2264,   0.3370,   0.3211,     0 /  1156,     2 /  1156,     0 /  1094,     0 /  1156,     1 /  1156,     0 /  1156
  E31,   0.2747,   0.4351,   0.3512,     0 /   333,     1 /   333,     0 /   296,     0 /   333,     0 /   333,     0 /   333
  E33,   0.1478,   0.3074,   0.2035,     0 /   449,     1 /   449,     0 /   414,     0 /   449,     1 /   449,     0 /   449
  E34,   0.2004,   0.3038,   0.2736,     0 /  1207,     0 /  1207,     0 /  1199,     0 /  1207,     2 /  1207,     0 /  1207
  E36,   0.2776,   0.3915,   0.4529,     0 /   750,     2 /   750,     5 /   741,     1 /   750,     1 /   750,     1 /   750
  J02,   0.5043,   0.4555,   0.4905,    13 /  1243,    10 /  1243,     6 /   950,     2 /  1243,    13 /  1243,     7 /  1243
  J03,   0.4219,   0.3558,   0.3685,    13 /  1849,     5 /  1849,     6 /  1768,     4 /  1849,    12 /  1849,     4 /  1849
  J04,   0.3212,   0.3195,   0.3360,     4 /  1909,     1 /  1909,     1 /  1909,     1 /  1909,     5 /  1909,     1 /  1909
  J07,   0.3957,   0.3209,   0.2680,    12 /  2880,    11 /  2880,    11 /  2880,     8 /  2880,    26 /  2880,     8 /  2880
  C02,   0.2414,   0.1579,     ----,     0 /  2880,     0 /  2880,     0 /     0,     0 /  2880,     2 /  2880,     0 /  2880
  C03,   0.2496,   0.1828,     ----,     0 /  2880,     0 /  2880,     0 /     0,     0 /  2880,     4 /  2880,     0 /  2880
  C05,   0.2594,   0.2009,     ----,     0 /  2880,     0 /  2880,     0 /     0,     0 /  2880,     5 /  2880,     0 /  2880
  C06,   0.3938,   0.3013,     ----,    15 /  2220,     0 /  2220,     0 /     0,     0 /  2220,     4 /  2220,     0 /  2220
  C07,   0.4106,   0.3000,     ----,    20 /  2277,     2 /  2277,     0 /     0,     0 /  2277,     6 /  2277,     0 /  2277
  C08,   0.4911,   0.3267,     ----,    17 /  2131,     0 /  2131,     0 /     0,     0 /  2131,     2 /  2131,     0 /  2131
  C09,   0.3652,   0.3018,     ----,    26 /  2346,     6 /  2346,     0 /     0,     0 /  2346,     1 /  2346,     0 /  2346
  C10,   0.3662,   0.2638,     ----,    14 /  2394,     0 /  2394,     0 /     0,     0 /  2394,     0 /  2394,     0 /  2394
  C11,     ----,     ----,     ----,     0 /     0,     0 /     0,     0 /     0,     0 /     0,     0 /     0,     0 /     0
  C12,   0.4861,   0.3432,     ----,    15 /   745,     1 /   745,     0 /     0,     0 /   745,     2 /   745,     0 /   745
  C13,   0.3348,   0.2869,     ----,    11 /  2243,     1 /  2243,     0 /     0,     0 /  2243,     8 /  2243,     0 /  2243
  C14,   0.5208,   0.3586,     ----,    11 /  1095,     0 /  1095,     0 /     0,     0 /  1095,     1 /  1095,     0 /  1095
  C16,   0.4085,   0.2988,     ----,    12 /  2192,     0 /  2192,     0 /     0,     0 /  2192,     4 /  2192,     0 /  2192
  C19,   0.4319,     ----,   0.3058,     0 /   439,     0 /     0,     0 /   439,     0 /   439,     3 /   439,     0 /   439
  C20,   0.6104,     ----,   0.3905,     8 /   556,     0 /     0,     1 /   556,     0 /   556,     8 /   556,     0 /   556
  C21,   0.3483,     ----,   0.2676,     8 /   709,     0 /     0,     6 /   709,     6 /   709,    11 /   709,     6 /   709
  C22,   0.3367,     ----,   0.2372,     2 /   583,     0 /     0,     0 /   583,     0 /   583,     0 /   583,     0 /   583
  C23,   0.4162,     ----,   0.3018,     9 /   979,     0 /     0,     0 /   979,     0 /   979,     5 /   979,     0 /   979
  C24,   0.4586,     ----,   0.3385,    14 /   670,     0 /     0,     8 /   670,     6 /   670,     5 /   670,     6 /   670
  C25,   0.3879,     ----,   0.2390,     2 /   687,     0 /     0,     0 /   687,     0 /   687,     2 /   687,     0 /   687
  C26,   0.4652,     ----,   0.3398,     7 /   860,     0 /     0,     0 /   860,     0 /   860,     7 /   860,     0 /   860
  C27,   0.3140,     ----,   0.2721,     2 /   638,     0 /     0,     0 /   638,     0 /   638,     1 /   638,     0 /   638
  C28,   0.3576,     ----,   0.3180,     0 /   546,     0 /     0,     0 /   546,     0 /   546,     2 /   546,     0 /   546
  C29,   0.5487,     ----,   0.4223,     2 /   630,     0 /     0,     0 /   630,     0 /   630,     2 /   630,     0 /   630
  C30,   0.3395,     ----,   0.2320,     0 /   474,     0 /     0,     0 /   474,     0 /   474,     3 /   474,     0 /   474
  C32,   0.4735,     ----,   0.3175,     8 /   574,     0 /     0,     0 /   574,     0 /   574,     0 /   574,     0 /   574
  C33,   0.4614,     ----,   0.2971,    11 /   974,     0 /     0,     2 /   974,     1 /   974,     6 /   974,     1 /   974
  C34,   0.3698,     ----,   0.2905,     1 /   645,     0 /     0,     0 /   645,     0 /   645,     5 /   645,     0 /   645
  C35,   0.3711,     ----,   0.2762,     4 /   827,     0 /     0,     0 /   827,     0 /   827,     6 /   827,     0 /   827
  C36,   0.3722,     ----,   0.2827,     3 /   388,     0 /     0,     2 /   388,     0 /   388,     6 /   388,     2 /   388
  C37,   0.4981,     ----,   0.2985,    18 /  1091,     0 /     0,    10 /  1091,    10 /  1091,     2 /  1091,    10 /  1091
  C38,   0.4324,     ----,   0.3341,     4 /  1995,     0 /     0,     0 /  1995,     0 /  1995,     3 /  1995,     0 /  1995
  C39,   0.4436,     ----,   0.2947,     2 /  1933,     0 /     0,     0 /  1933,     0 /  1933,     2 /  1933,     0 /  1933
  C40,   0.4401,     ----,   0.3398,     5 /  1935,     0 /     0,     0 /  1935,     0 /  1935,    12 /  1935,     0 /  1935
  C41,   0.3872,     ----,   0.2916,     9 /   679,     0 /     0,     0 /   679,     0 /   679,     3 /   679,     0 /   679
  C42,   0.4519,     ----,   0.2885,     3 /  1034,     0 /     0,     2 /  1034,     2 /  1034,     4 /  1034,     2 /  1034
  C43,   0.5011,     ----,   0.3529,     9 /   794,     0 /     0,     0 /   794,     0 /   794,     6 /   794,     0 /   794
  C44,   0.4254,     ----,   0.2901,     3 /   816,     0 /     0,     0 /   816,     0 /   816,     6 /   816,     0 /   816
  C45,   0.4479,     ----,   0.3360,     6 /   393,     0 /     0,     2 /   393,     2 /   393,     4 /   393,     2 /   393
  C47,   0.4764,     ----,   0.3413,     4 /   460,     0 /     0,     0 /   460,     0 /   460,     3 /   460,     0 /   460
  C48,   0.4955,     ----,   0.3872,     3 /   307,     0 /     0,     0 /   307,     0 /   307,     3 /   307,     0 /   307
  C49,   0.4989,     ----,   0.3427,     8 /   897,     0 /     0,     0 /   897,     0 /   897,     5 /   897,     0 /   897
  C50,   0.4202,     ----,   0.3247,     4 /   913,     0 /     0,     0 /   913,     0 /   913,     3 /   913,     0 /   913
  C56,     ----,     ----,     ----,     0 /     0,     0 /     0,     0 /     0,     0 /     0,     0 /     0,     0 /     0
  C58,     ----,     ----,     ----,     0 /     0,     0 /     0,     0 /     0,     0 /     0,     0 /     0,     0 /     0
  C59,     ----,     ----,     ----,     0 /     0,     0 /     0,     0 /     0,     0 /     0,     0 /     0,     0 /     0
  C60,     ----,     ----,     ----,     0 /     0,     0 /     0,     0 /     0,     0 /     0,     0 /     0,     0 /     0
  I01,     ----,     ----,     ----,     0 /     0,     0 /     0,     0 /     0,     0 /     0,     0 /     0,     0 /     0
  I02,     ----,     ----,     ----,     0 /     0,     0 /     0,     0 /     0,     0 /     0,     0 /     0,     0 /     0
  I03,     ----,     ----,     ----,     0 /     0,     0 /     0,     0 /     0,     0 /     0,     0 /     0,     0 /     0
  I06,     ----,     ----,     ----,     0 /     0,     0 /     0,     0 /     0,     0 /     0,     0 /     0,     0 /     0
  I09,     ----,     ----,     ----,     0 /     0,     0 /     0,     0 /     0,     0 /     0,     0 /     0,     0 /     0
  I10,     ----,     ----,     ----,     0 /     0,     0 /     0,     0 /     0,     0 /     0,     0 /     0,     0 /     0
# ------------------------------------------
# Summary of each satellite system
% SYS, STD(MP1), STD(MP2), STD(MP5), # of slips/nobs (MP1, MP2, MP5, GF, MW, IOD(L1))
    G,   0.2919,   0.4760,   0.2779,    73 / 22519,   151 / 22517,    12 / 13137,    34 / 22519,   109 / 22519,    46 / 22519
    R,   0.6604,   0.4718,   0.3829,  1071 / 12718,   108 / 12709,    24 /  7999,    19 / 12718,    63 / 12718,    23 / 12718
    E,   0.2370,   0.3612,   0.3111,     6 / 20014,    43 / 20014,     6 / 18476,     1 / 20014,    79 / 20014,     1 / 20014
    J,   0.4051,   0.3532,   0.3445,    42 /  7881,    27 /  7881,    24 /  7507,    15 /  7881,    56 /  7881,    20 /  7881
    C,   0.4026,   0.2694,   0.3144,   300 / 50709,    10 / 26283,    33 / 24426,    27 / 50709,   167 / 50709,    29 / 50709
    I,     ----,     ----,     ----,     0 /     0,     0 /     0,     0 /     0,     0 /     0,     0 /     0,     0 /     0
