# ------------------------------------------
# Quality Check Summary by Ringo software
# ------------------------------------------
# Executed at            : 2026/03/16 12:33:56 UTC
# ------------------------------------------
# QC of RINEX file       : D:\Master in Geoinformatics\Semester 2\GNSS Survey Mapping\Lab\Lab 2\ringo\Data\2\mani1980.25o.gz
# input RnxNav files     : D:\Master in Geoinformatics\Semester 2\GNSS Survey Mapping\Lab\Lab 2\ringo\BRDC\2\BRDC00IGS_R_20251980000_01D_MN.rnx.gz
# ------------------------------------------
# Marker                 : MANI                                                        
# Receiver               : TRIMBLE ALLOY       
# Antenna                : TRM159900.00    SCIS
# Time of Start          : 2025/07/17 00:00:00.000
# Time of End            : 2025/07/17 23:59:30.000
# Approx XYZ             :   1278752.0246,   5724145.6103,   2498753.5767
# Observation Interval   : 30.0000 seconds
# Satellite systems      : GREJCI
#                        : G01G02G03G04G05G06G07G08G09G10G11G12G13G14G15G16G17G18G19G20G21G22G23G24G25G26G27G28G29G30G31G32
#                        : R01R02R03R04R05R06R07R08R09R10R11R12R13R14R15R16R17R18R19R20R21R22R23R24
#                        : E02E03E04E05E06E07E08E09E10E11E12E13E15E16E19E21E23E24E25E26E27E29E30E31E33E34E36
#                        : J02J03J04J07
#                        : C01C02C03C05C06C11C12C13C14C16C19C20C21C22C23C24C25C26C27C28C29C30C32C33C34C35C36C37C38C39C40C41C42C43C44C45C47C48C49C50C56C58C59C60
#                        : I02I03I06I09I10
# Total satellites       : 136
# Number of obs epochs   : 2880
# Number of obs data     : 173020
# N Expected epochs      : 2880
# Observation rate (%)   : 100.00
# N obs data     (>10deg): 140604
# N possible obs (> 0deg): 170105
# N possible obs (>10deg): 141114
# ------------------------------------------
# Number of obs epochs for each SV:
# ------------------------------------------
# GPS
%      C1C  L1C  S1C  C2W  L2W  S2W  C2X  L2X  S2X  C5X  L5X  S5X
G01   1253 1233 1253 1234 1216 1234 1253 1253 1253 1253 1253 1253
G02   1252 1230 1252 1218 1202 1218    0    0    0    0    0    0
G03    944  898  944  943  897  943  944  944  944  944  944  944
G04    941  934  941  932  927  932  941  941  941  941  941  941
G05    833  828  833  832  827  832  831  831  831    0    0    0
G06    808  803  808  808  803  808  808  808  808  808  808  808
G07   1011 1006 1011 1009 1004 1009 1011 1011 1011    0    0    0
G08   1107 1073 1107 1103 1070 1103 1104 1104 1104 1107 1107 1107
G09    806  798  806  806  798  806  805  805  805  806  806  806
G10   1052 1052 1052 1052 1052 1052 1052 1052 1052 1052 1052 1052
G11    950  940  950  942  934  942  950  950  950  950  950  950
G12    838  805  838  831  800  831  832  832  832    0    0    0
G13   1210 1187 1210 1109 1098 1109    0    0    0    0    0    0
G14   1062 1048 1062 1054 1043 1054 1062 1062 1062 1062 1062 1062
G15   1049 1024 1049 1046 1021 1046 1045 1045 1045    0    0    0
G16    813  785  813  752  736  752    0    0    0    0    0    0
G17    975  966  975  974  965  974  973  973  973    0    0    0
G18    994  973  994  990  970  990  994  994  994  994  994  994
G19   1013 1009 1013 1002  998 1002    0    0    0    0    0    0
G20    805  782  805  768  751  768    0    0    0    0    0    0
G21   1052 1014 1052 1034  998 1034 1052 1052 1052 1052 1052 1052
G22   1056 1048 1056 1038 1032 1038    0    0    0    0    0    0
G23   1040 1032 1040 1032 1028 1032 1040 1040 1040 1040 1040 1040
G24   1282 1235 1282 1271 1225 1271 1281 1279 1281 1282 1282 1282
G25   1120 1086 1120 1117 1085 1117 1120 1120 1120 1120 1120 1120
G26   1092 1061 1092 1080 1051 1080 1092 1092 1092 1092 1092 1092
G27   1183 1151 1183 1179 1150 1179 1179 1179 1179 1183 1182 1183
G28    818  815  818  803  801  803  818  818  818  818  818  818
G29    844  832  844  843  831  843  844  844  844    0    0    0
G30    917  903  917  915  902  915  917  917  917  917  917  917
G31    866  861  866  866  861  866  866  866  866    0    0    0
G32   1014 1003 1014 1013 1002 1013 1014 1014 1014 1014 1014 1014
# ------------------------------------------
# GLONASS
%      C1C  L1C  S1C  C1P  L1P  S1P  C2C  L2C  S2C  C2P  L2P  S2P  C3X  L3X  S3X
R01    914  914  914  908  906  908    0    0    0    1    0    1    0    0    0
R02    982  982  982  981  981  981  982  982  982  976  976  976    0    0    0
R03    922  922  922  921  919  921  922  921  922  917  913  917    0    0    0
R04    955  955  955  955  954  955  955  955  955  938  935  938    0    0    0
R05   1048 1048 1048 1046 1044 1046 1047 1047 1047 1044 1043 1044    0    0    0
R06    809  809  809  776  774  776    0    0    0    0    0    0    0    0    0
R07   1094 1093 1094 1089 1086 1089 1092 1092 1092 1086 1084 1086    0    0    0
R08    935  934  935  931  931  931  934  934  934  926  924  926    0    0    0
R09   1109 1109 1109 1108 1107 1108 1109 1109 1109 1108 1108 1108 1109 1109 1109
R10   1074 1074 1074 1065 1060 1065    0    0    0    0    0    0    0    0    0
R11   1211 1211 1211 1209 1207 1209 1211 1210 1211 1196 1193 1196    0    0    0
R12   1028 1028 1028 1026 1026 1026 1024 1024 1024 1014 1011 1014    0    0    0
R13    759  758  759  691  683  691    0    0    0    0    0    0    0    0    0
R14    741  741  741  741  740  741  740  740  740  735  732  735    0    0    0
R15    914  914  914  913  913  913  914  914  914  910  910  910    0    0    0
R16   1055 1055 1055 1054 1054 1054 1055 1055 1055 1053 1053 1053    0    0    0
R17    993  993  993  990  988  990  992  991  992  978  978  978    0    0    0
R18   1015 1015 1015 1013 1012 1013 1014 1014 1014 1012 1010 1012    0    0    0
R19   1036 1036 1036 1028 1027 1028 1032 1031 1032 1021 1018 1021    0    0    0
R20    832  832  832  795  795  795  832  832  832  832  832  832    0    0    0
R21   1201 1201 1201 1201 1201 1201 1201 1201 1201 1198 1196 1198 1201 1201 1201
R22   1107 1107 1107 1106 1104 1106 1106 1105 1106 1088 1086 1088    0    0    0
R23    750  750  750  748  748  748    0    0    0    0    0    0    0    0    0
R24    862  860  862  850  849  850  855  853  855  837  832  837    0    0    0
# ------------------------------------------
# Galileo
%      C1X  L1X  S1X  C5X  L5X  S5X  C7X  L7X  S7X  C8X  L8X  S8X  C6X  L6X  S6X
E02   1414 1413 1414 1414 1413 1414 1414 1413 1414 1414 1414 1414 1414 1413 1414
E03   1100 1099 1100 1095 1093 1095 1100 1099 1100 1100 1100 1100 1100 1099 1100
E04    659  658  659  657  657  657  658  658  658  659  659  659  659  658  659
E05    905  903  905  904  904  904  905  905  905  905  905  905  905  903  905
E06    840  838  840  840  840  840  840  839  840  840  840  840  840  838  840
E07   1306 1305 1306 1306 1306 1306 1306 1306 1306 1306 1306 1306 1305 1304 1305
E08   1262 1261 1262 1262 1262 1262 1261 1261 1261 1262 1262 1262 1262 1261 1262
E09    831  831  831  829  829  829  830  830  830  831  831  831  831  831  831
E10    316  314  316  316  316  316  316  316  316  316  316  316  316  314  316
E11    433  432  433  423  422  423  419  419  419  433  433  433  429  428  429
E12    281  279  281  281  280  281  281  281  281  281  281  281  281  279  281
E13   1641 1639 1641 1641 1641 1641 1641 1640 1641 1641 1641 1641 1640 1639 1640
E15   1454 1451 1454 1453 1453 1453 1454 1454 1454 1454 1454 1454 1453 1450 1453
E16    417  417  417  417  417  417  417  417  417  417  417  417  416  416  416
E19    784  784  784  776  776  776  784  783  784  784  784  784  784  784  784
E21   1211 1211 1211 1211 1211 1211 1211 1211 1211 1211 1211 1211 1211 1211 1211
E23    974  974  974  974  974  974  974  974  974  974  974  974  974  974  974
E24    271  271  271  271  271  271  271  271  271  271  271  271  271  271  271
E25    690  687  690  689  688  689  690  690  690  690  690  690  690  687  690
E26   1463 1462 1463 1460 1460 1460 1462 1462 1462 1463 1463 1463 1462 1461 1462
E27   1560 1560 1560 1559 1559 1559 1560 1560 1560 1560 1560 1560 1555 1555 1555
E29   1171 1171 1171 1171 1171 1171 1171 1171 1171 1171 1171 1171 1171 1171 1171
E30   1704 1701 1704 1702 1702 1702 1702 1702 1702 1704 1704 1704 1704 1701 1704
E31    464  464  464  464  464  464  464  464  464  464  464  464  464  464  464
E33    910  910  910  910  910  910  910  910  910  910  910  910  910  910  910
E34   1265 1263 1265 1265 1265 1265 1265 1265 1265 1265 1265 1265 1265 1263 1265
E36    932  931  932  932  932  932  932  932  932  932  932  932  932  931  932
# ------------------------------------------
# QZSS
%      C1C  L1C  S1C  C1X  L1X  S1X  C1Z  L1Z  S1Z  C2X  L2X  S2X  C5X  L5X  S5X
J02   2095 2043 2095 2095 2095 2095 2095 2043 2095 2095 2095 2095 2095 2095 2095
J03   2285 2180 2285 2285 2284 2285 2281 2176 2281 2284 2284 2284 2278 2278 2278
J04   2453 2385 2453 2453 2452 2453 2453 2385 2453 2453 2453 2453 2453 2453 2453
J07   2880 1994 2880 2880 2880 2880 2879 1994 2879 2880 2880 2880 2880 2880 2880
# ------------------------------------------
# Beidou
%      C1X  L1X  S1X  C5X  L5X  S5X  C2I  L2I  S2I  C7I  L7I  S7I  C6I  L6I  S6I
C01      0    0    0    0    0    0 2723 2625 2723 2717 2621 2717 2349 2257 2349
C02      0    0    0    0    0    0 2880 2880 2880 2880 2880 2880 2880 2880 2880
C03      0    0    0    0    0    0 2880 2880 2880 2880 2880 2880 2880 2880 2880
C05      0    0    0    0    0    0 2880 2880 2880 2880 2880 2880 2880 2880 2880
C06      0    0    0    0    0    0 2527 2527 2527 2527 2527 2527 2527 2527 2527
C11      0    0    0    0    0    0 1241 1241 1241 1239 1239 1239 1239 1239 1239
C12      0    0    0    0    0    0 1002 1001 1002 1001 1000 1001 1001 1000 1001
C13      0    0    0    0    0    0 2543 2540 2543 2542 2539 2542 2542 2539 2542
C14      0    0    0    0    0    0 1175 1171 1175 1175 1171 1175 1175 1171 1175
C16      0    0    0    0    0    0 2553 2550 2553 2551 2548 2551 2551 2548 2551
C19    933  933  933  936  936  936  936  933  936    0    0    0  936  933  936
C20   1082 1082 1082 1083 1083 1083 1083 1083 1083    0    0    0 1082 1082 1082
C21   1106 1104 1106 1106 1106 1106 1107 1107 1107    0    0    0 1105 1105 1105
C22    885  885  885  886  886  886  886  885  886    0    0    0  886  885  886
C23   1158 1158 1158 1158 1158 1158 1158 1158 1158    0    0    0 1158 1158 1158
C24   1352 1351 1352 1352 1351 1352 1352 1349 1352    0    0    0 1351 1348 1351
C25   1053 1050 1053 1055 1055 1055 1055 1055 1055    0    0    0 1054 1054 1054
C26   1438 1435 1438 1438 1438 1438 1439 1438 1439    0    0    0 1437 1436 1437
C27    917  914  917  918  916  918  918  916  918    0    0    0  918  916  918
C28   1354 1352 1354 1354 1353 1354 1355 1354 1355    0    0    0 1354 1353 1354
C29    840  838  840  840  840  840  840  840  840    0    0    0  840  840  840
C30    682  681  682  683  683  683  683  683  683    0    0    0  683  683  683
C32   1038 1035 1038 1042 1042 1042 1042 1040 1042    0    0    0 1037 1035 1037
C33   1148 1147 1148 1148 1148 1148 1148 1148 1148    0    0    0 1146 1146 1146
C34   1263 1261 1263 1263 1263 1263 1264 1262 1264    0    0    0 1259 1257 1259
C35    900  899  900  900  900  900  900  900  900    0    0    0  900  900  900
C36    578  578  578  578  578  578  578  578  578    0    0    0  577  577  577
C37   1169 1169 1169 1170 1170 1170 1170 1170 1170    0    0    0 1169 1169 1169
C38   2318 2317 2318 2319 2319 2319 2319 2317 2319    0    0    0 2317 2315 2317
C39   2348 2343 2348 2348 2348 2348 2348 2348 2348    0    0    0 2348 2348 2348
C40   2405 2405 2405 2407 2407 2407 2407 2403 2407    0    0    0 2407 2403 2407
C41    992  992  992  993  992  993  993  992  993    0    0    0  989  987  989
C42   1175 1174 1175 1175 1175 1175 1175 1175 1175    0    0    0 1175 1175 1175
C43   1459 1458 1459 1464 1464 1464 1469 1469 1469    0    0    0 1468 1468 1468
C44   1103 1101 1103 1104 1104 1104 1104 1104 1104    0    0    0 1100 1099 1100
C45    888  887  888  892  892  892  894  892  894    0    0    0  891  889  891
C47    774  773  774  775  775  775  775  775  775    0    0    0  774  774  774
C48   1003 1000 1003 1005 1005 1005 1005 1004 1005    0    0    0 1002 1001 1002
C49   1456 1454 1456 1459 1458 1459 1459 1459 1459    0    0    0 1458 1458 1458
C50   1141 1140 1141 1141 1140 1141 1141 1141 1141    0    0    0 1141 1141 1141
C56    108    0  108   14    0   14 2880 2879 2880    0    0    0 2880 2879 2880
C58     10    0   10    0    0    0  300  300  300    0    0    0    0    0    0
C59      0    0    0    0    0    0 2880 2876 2880    0    0    0 2880 2876 2880
C60      0    0    0    0    0    0 2880 2880 2880    0    0    0 2880 2880 2880
# ------------------------------------------
# NavIC/IRNSS
%      C5A  L5A  S5A
I02   2880 2880 2880
I03   2880 2880 2880
I06   2880 2880 2880
I09   2880 2880 2880
I10   2836 2836 2836
# ------------------------------------------
# Cycle slip detection settings:
# ------------------------------------------
# Elmask (slip count ): 10.0
# Elmask (slip detect): 0.0
# MP detection type   : offset
# MP reference type   : rolling average (window=50epochs)
# MP threshold        : 2.000 (m)
# GF detection type   : velocity
# GF reference type   : single epoch
# GF threshold        : 0.050 (m/s)
# MW detection type   : sigma
# MW reference type   : rolling average (window=50epochs)
# MW threshold        : 4.000 (sigmas)
# ------------------------------------------
# Quality Report:
# ------------------------------------------
# For each satellite
% PRN, STD(MP1), STD(MP2), STD(MP5), # of slips/nobs (MP1, MP2, MP5, GF, MW, IOD(L1))
  G01,   0.2027,   0.3047,   0.2049,    16 /  1233,    17 /  1233,     2 /  1233,    12 /  1233,    10 /  1233,    13 /  1233
  G02,   0.1937,   0.2787,     ----,     7 /  1202,     9 /  1202,     0 /     0,     3 /  1202,    12 /  1202,     6 /  1202
  G03,   0.1915,   0.2224,   0.1864,     3 /   898,     3 /   898,     2 /   898,     0 /   898,     5 /   898,     1 /   898
  G04,   0.1814,   0.2418,   0.1474,     5 /   934,     5 /   934,     0 /   934,     4 /   934,     9 /   934,     4 /   934
  G05,   0.1581,   0.1821,     ----,     3 /   828,     3 /   828,     0 /     0,     2 /   828,     1 /   828,     2 /   828
  G06,   0.1607,   0.1767,   0.1398,     1 /   803,     1 /   803,     1 /   803,     1 /   803,     2 /   803,     1 /   803
  G07,   0.1564,   0.1927,     ----,     3 /  1006,     4 /  1006,     0 /     0,     2 /  1006,     1 /  1006,     4 /  1006
  G08,   0.2755,   0.2600,   0.2277,     7 /  1072,     5 /  1070,     3 /  1072,     6 /  1072,     6 /  1072,     7 /  1072
  G09,   0.1597,   0.1727,   0.1658,     0 /   798,     0 /   798,     0 /   798,     0 /   798,     0 /   798,     0 /   798
  G10,   0.1490,   0.1911,   0.1312,     2 /  1051,     2 /  1051,     0 /  1051,     1 /  1051,     1 /  1051,     2 /  1051
  G11,   0.1825,   0.2312,   0.1349,     8 /   940,     9 /   940,     2 /   940,     7 /   940,     8 /   940,     7 /   940
  G12,   0.1783,   0.2031,     ----,     4 /   801,     4 /   801,     0 /     0,     0 /   801,     8 /   801,     3 /   801
  G13,   0.1823,   0.3103,     ----,     1 /  1098,     2 /  1098,     0 /     0,     1 /  1098,     1 /  1098,     1 /  1098
  G14,   0.1599,   0.2001,   0.1312,     6 /  1048,     6 /  1048,     1 /  1048,     2 /  1048,     8 /  1048,     3 /  1048
  G15,   0.3025,   0.2231,     ----,    10 /  1024,    11 /  1024,     0 /     0,     6 /  1024,     9 /  1024,     7 /  1024
  G16,   0.1740,   0.2487,     ----,     0 /   736,     0 /   736,     0 /     0,     0 /   736,     9 /   736,     1 /   736
  G17,   0.1642,   0.1900,     ----,     3 /   966,     3 /   966,     0 /     0,     2 /   966,    11 /   966,     3 /   966
  G18,   0.1733,   0.2278,   0.1398,     3 /   972,     4 /   972,     4 /   972,     2 /   972,     5 /   972,     2 /   972
  G19,   0.1732,   0.2206,     ----,     0 /   998,     0 /   998,     0 /     0,     0 /   998,     2 /   998,     0 /   998
  G20,   0.1436,   0.1917,     ----,     1 /   751,     1 /   751,     0 /     0,     1 /   751,     3 /   751,     1 /   751
  G21,   0.2018,   0.2782,   0.1739,    13 /  1014,    15 /  1014,     3 /  1014,     9 /  1014,     9 /  1014,    11 /  1014
  G22,   0.1590,   0.2435,     ----,     0 /  1032,     0 /  1032,     0 /     0,     0 /  1032,     2 /  1032,     0 /  1032
  G23,   0.1532,   0.2132,   0.1184,     3 /  1032,     3 /  1032,     0 /  1032,     2 /  1032,     4 /  1032,     3 /  1032
  G24,   0.2136,   0.2350,   0.1717,     9 /  1234,     8 /  1233,     0 /  1234,     9 /  1234,     7 /  1234,    10 /  1234
  G25,   0.2105,   0.2411,   0.1534,     3 /  1086,     2 /  1086,     1 /  1086,     2 /  1086,     4 /  1086,     2 /  1086
  G26,   0.2241,   0.2210,   0.2296,    12 /  1061,    12 /  1061,     2 /  1061,     9 /  1061,    11 /  1061,     9 /  1061
  G27,   0.2055,   0.2620,   0.1520,     4 /  1151,     6 /  1151,     2 /  1151,     2 /  1151,     6 /  1151,     4 /  1151
  G28,   0.1679,   0.2222,   0.1172,     5 /   815,     6 /   815,     3 /   815,     4 /   815,     2 /   815,     4 /   815
  G29,   0.1666,   0.1806,     ----,     0 /   832,     0 /   832,     0 /     0,     0 /   832,     0 /   832,     0 /   832
  G30,   0.1662,   0.1906,   0.1665,     3 /   903,     4 /   903,     3 /   903,     3 /   903,     8 /   903,     3 /   903
  G31,   0.1530,   0.1872,     ----,     0 /   861,     0 /   861,     0 /     0,     1 /   861,     2 /   861,     1 /   861
  G32,   0.1588,   0.1903,   0.1347,     4 /  1003,     4 /  1003,     1 /  1003,     3 /  1003,     8 /  1003,     4 /  1003
  R01,     ----,     ----,     ----,     0 /     0,     0 /     0,     0 /     0,     0 /     0,     0 /     0,     0 /     0
  R02,   0.2278,   0.1958,     ----,     0 /   982,     0 /   982,     0 /     0,     0 /   982,     5 /   982,     0 /   982
  R03,   0.2194,   0.1934,     ----,    14 /   921,    15 /   921,     0 /     0,    13 /   921,     5 /   921,    14 /   921
  R04,   0.2684,   0.2433,     ----,    26 /   955,    26 /   955,     0 /     0,    23 /   955,    10 /   955,    25 /   955
  R05,   0.2696,   0.2092,     ----,     5 /  1047,     6 /  1047,     0 /     0,     2 /  1047,     3 /  1047,     4 /  1047
  R06,     ----,     ----,     ----,     0 /     0,     0 /     0,     0 /     0,     0 /     0,     0 /     0,     0 /     0
  R07,   0.2595,   0.2314,     ----,    13 /  1090,    14 /  1090,     0 /     0,     2 /  1090,     7 /  1090,    12 /  1090
  R08,   0.3073,   0.2129,     ----,    12 /   934,    14 /   934,     0 /     0,     8 /   934,     6 /   934,    13 /   934
  R09,   0.2114,   0.1675,   0.1822,     6 /  1108,     6 /  1108,     3 /  1108,     4 /  1108,     1 /  1108,     6 /  1108
  R10,     ----,     ----,     ----,     0 /     0,     0 /     0,     0 /     0,     0 /     0,     0 /     0,     0 /     0
  R11,   0.2274,   0.2131,     ----,    12 /  1210,    11 /  1210,     0 /     0,     8 /  1210,    11 /  1210,    11 /  1210
  R12,   0.2464,   0.2635,     ----,    19 /  1024,    21 /  1024,     0 /     0,    16 /  1024,    10 /  1024,    17 /  1024
  R13,     ----,     ----,     ----,     0 /     0,     0 /     0,     0 /     0,     0 /     0,     0 /     0,     0 /     0
  R14,   0.3009,   0.1766,     ----,     6 /   740,     8 /   740,     0 /     0,     5 /   740,     8 /   740,     5 /   740
  R15,   0.1998,   0.1967,     ----,     5 /   913,     5 /   913,     0 /     0,     5 /   913,     5 /   913,     5 /   913
  R16,   0.2242,   0.1893,     ----,     1 /  1054,     2 /  1054,     0 /     0,     0 /  1054,     3 /  1054,     1 /  1054
  R17,   0.2734,   0.2177,     ----,     6 /   991,    10 /   991,     0 /     0,     4 /   991,     9 /   991,     7 /   991
  R18,   0.2701,   0.2208,     ----,     5 /  1014,     8 /  1014,     0 /     0,     2 /  1014,     7 /  1014,     6 /  1014
  R19,   0.2986,   0.2520,     ----,    18 /  1031,    20 /  1031,     0 /     0,    18 /  1031,    10 /  1031,    18 /  1031
  R20,   0.2635,   0.1477,     ----,     0 /   832,     0 /   832,     0 /     0,     0 /   832,     2 /   832,     0 /   832
  R21,   0.2951,   0.1529,   0.1655,     7 /  1200,     9 /  1200,     0 /  1200,     4 /  1200,    10 /  1200,     7 /  1200
  R22,   0.2557,   0.2609,     ----,    29 /  1105,    31 /  1105,     0 /     0,    24 /  1105,     7 /  1105,    29 /  1105
  R23,     ----,     ----,     ----,     0 /     0,     0 /     0,     0 /     0,     0 /     0,     0 /     0,     0 /     0
  R24,   0.2951,   0.2654,     ----,    21 /   853,    21 /   853,     0 /     0,    17 /   853,    13 /   853,    21 /   853
  E02,   0.2070,   0.1653,   0.1557,     6 /  1413,     4 /  1412,     3 /  1412,     6 /  1413,     8 /  1413,     6 /  1413
  E03,   0.1862,   0.1472,   0.1465,     4 /  1099,     3 /  1098,     2 /  1092,     2 /  1099,     5 /  1099,     3 /  1099
  E04,   0.2338,   0.1961,   0.2020,     8 /   657,    10 /   657,     6 /   656,     1 /   657,     4 /   657,     6 /   657
  E05,   0.2189,   0.1647,   0.1625,     3 /   903,     3 /   903,     2 /   902,     1 /   903,     4 /   903,     2 /   903
  E06,   0.2956,   0.2416,   0.2479,    10 /   838,     8 /   837,     8 /   838,     7 /   838,     6 /   838,     9 /   838
  E07,   0.1622,   0.1263,   0.1229,     1 /  1304,     1 /  1304,     1 /  1304,     0 /  1304,     1 /  1304,     0 /  1304
  E08,   0.1628,   0.1321,   0.1300,     3 /  1261,     1 /  1260,     0 /  1261,     2 /  1261,     2 /  1261,     2 /  1261
  E09,   0.2869,   0.2217,   0.2397,     1 /   830,     1 /   830,     1 /   829,     0 /   830,     3 /   830,     1 /   830
  E10,   0.2566,   0.1948,   0.1874,     2 /   314,     2 /   314,     2 /   314,     1 /   314,     4 /   314,     1 /   314
  E11,   0.2828,   0.2083,   0.2587,     7 /   425,     5 /   418,     3 /   421,     3 /   425,     3 /   425,     5 /   425
  E12,   0.2774,   0.2209,   0.2557,     2 /   279,     2 /   279,     2 /   278,     1 /   279,     3 /   279,     3 /   279
  E13,   0.2087,   0.1695,   0.1791,     5 /  1639,     5 /  1639,     4 /  1639,     1 /  1639,     4 /  1639,     5 /  1639
  E15,   0.2083,   0.1689,   0.1766,     3 /  1451,     3 /  1451,     3 /  1450,     1 /  1451,     9 /  1451,     3 /  1451
  E16,   0.1886,   0.1427,   0.1458,     0 /   417,     0 /   417,     0 /   417,     0 /   417,     0 /   417,     0 /   417
  E19,   0.1992,   0.1397,   0.1752,     0 /   783,     0 /   783,     0 /   776,     0 /   783,     3 /   783,     0 /   783
  E21,   0.1231,   0.1122,   0.1013,     0 /  1211,     0 /  1211,     0 /  1211,     0 /  1211,     4 /  1211,     0 /  1211
  E23,   0.1553,   0.1349,   0.1501,     0 /   974,     0 /   974,     0 /   974,     0 /   974,     0 /   974,     0 /   974
  E24,   0.2160,   0.1606,   0.1732,     0 /   271,     0 /   271,     0 /   271,     0 /   271,     1 /   271,     0 /   271
  E25,   0.2912,   0.1562,   0.1784,     9 /   687,     9 /   687,    10 /   685,     3 /   687,     4 /   687,     6 /   687
  E26,   0.2229,   0.1589,   0.1649,     5 /  1461,     5 /  1461,     5 /  1459,     2 /  1461,     2 /  1461,     3 /  1461
  E27,   0.2380,   0.1854,   0.1884,    10 /  1560,     9 /  1560,    10 /  1559,     5 /  1560,    12 /  1560,     9 /  1560
  E29,   0.1602,   0.1535,   0.1543,     3 /  1171,     3 /  1171,     3 /  1171,     1 /  1171,     7 /  1171,     2 /  1171
  E30,   0.2176,   0.1640,   0.1618,     6 /  1699,     6 /  1699,     7 /  1699,     3 /  1699,     8 /  1699,     5 /  1699
  E31,   0.1899,   0.1855,   0.1912,     0 /   464,     0 /   464,     0 /   464,     0 /   464,     0 /   464,     0 /   464
  E33,   0.2283,   0.2030,   0.1988,     1 /   910,     1 /   910,     1 /   910,     1 /   910,     3 /   910,     1 /   910
  E34,   0.1379,   0.1107,   0.1208,     2 /  1262,     2 /  1262,     2 /  1262,     2 /  1262,     3 /  1262,     2 /  1262
  E36,   0.1637,   0.1339,   0.1376,     1 /   931,     1 /   931,     1 /   931,     1 /   931,     2 /   931,     1 /   931
  J02,   0.2001,   0.1900,   0.1300,    57 /  2095,    57 /  2095,    57 /  2095,    57 /  2095,     7 /  2095,    57 /  2095
  J03,   0.2023,   0.1751,   0.1280,    93 /  2284,    93 /  2284,    90 /  2278,    91 /  2284,    16 /  2284,    91 /  2284
  J04,   0.1832,   0.1748,   0.1148,   106 /  2453,   106 /  2453,   106 /  2453,    47 /  2453,    12 /  2453,   106 /  2453
  J07,   0.2424,   0.1158,   0.0550,   793 /  2880,   793 /  2880,   793 /  2880,   698 /  2880,     8 /  2880,   793 /  2880
  C01,   0.3982,   0.4787,     ----,    26 /  2621,    29 /  2621,     0 /     0,     9 /  2621,    54 /  2621,    16 /  2621
  C02,   0.1343,   0.0913,     ----,     0 /  2880,     0 /  2880,     0 /     0,     0 /  2880,     4 /  2880,     0 /  2880
  C03,   0.1466,   0.1132,     ----,     0 /  2880,     0 /  2880,     0 /     0,     0 /  2880,     1 /  2880,     0 /  2880
  C05,   0.1282,   0.0976,     ----,     0 /  2880,     0 /  2880,     0 /     0,     0 /  2880,     2 /  2880,     0 /  2880
  C06,   0.1696,   0.1600,     ----,     0 /  2527,     0 /  2527,     0 /     0,     0 /  2527,     0 /  2527,     0 /  2527
  C11,   0.2113,   0.1818,     ----,     1 /  1239,     1 /  1239,     0 /     0,     1 /  1239,     3 /  1239,     1 /  1239
  C12,   0.1953,   0.1847,     ----,     1 /  1000,     1 /  1000,     0 /     0,     1 /  1000,     3 /  1000,     1 /  1000
  C13,   0.1524,   0.1974,     ----,     1 /  2539,     2 /  2539,     0 /     0,     0 /  2539,    11 /  2539,     0 /  2539
  C14,   0.1919,   0.1560,     ----,     4 /  1171,     4 /  1171,     0 /     0,     2 /  1171,     5 /  1171,     4 /  1171
  C16,   0.1557,   0.1946,     ----,     2 /  2548,     2 /  2548,     0 /     0,     1 /  2548,     6 /  2548,     2 /  2548
  C19,   0.1766,     ----,   0.1680,     4 /   935,     0 /     0,     4 /   935,     4 /   935,     2 /   935,     4 /   935
  C20,   0.1973,     ----,   0.2082,     4 /  1083,     0 /     0,     4 /  1083,     2 /  1083,    11 /  1083,     3 /  1083
  C21,   0.1834,     ----,   0.1677,     3 /  1105,     0 /     0,     5 /  1105,     1 /  1105,     8 /  1105,     1 /  1105
  C22,   0.1893,     ----,   0.1227,     0 /   885,     0 /     0,     1 /   885,     0 /   885,     1 /   885,     0 /   885
  C23,   0.1616,     ----,   0.1042,     1 /  1158,     0 /     0,     1 /  1158,     1 /  1158,     2 /  1158,     1 /  1158
  C24,   0.1977,     ----,   0.1644,     9 /  1351,     0 /     0,    10 /  1351,     6 /  1351,     9 /  1351,     7 /  1351
  C25,   0.1853,     ----,   0.1852,     1 /  1054,     0 /     0,     2 /  1054,     0 /  1054,     3 /  1054,     1 /  1054
  C26,   0.1676,     ----,   0.1550,     9 /  1437,     0 /     0,     9 /  1437,     6 /  1437,     7 /  1437,     6 /  1437
  C27,   0.1601,     ----,   0.2016,     3 /   916,     0 /     0,     3 /   916,     3 /   916,     3 /   916,     3 /   916
  C28,   0.1925,     ----,   0.2158,     6 /  1353,     0 /     0,     6 /  1353,     3 /  1353,     3 /  1353,     6 /  1353
  C29,   0.1932,     ----,   0.1756,     2 /   840,     0 /     0,     2 /   840,     1 /   840,     2 /   840,     2 /   840
  C30,   0.1774,     ----,   0.1481,     3 /   682,     0 /     0,     3 /   682,     2 /   682,     3 /   682,     3 /   682
  C32,   0.2082,     ----,   0.1862,     8 /  1040,     0 /     0,     8 /  1040,     3 /  1040,    12 /  1040,     5 /  1040
  C33,   0.1874,     ----,   0.1423,     4 /  1148,     0 /     0,     5 /  1148,     3 /  1148,     6 /  1148,     3 /  1148
  C34,   0.2471,     ----,   0.2238,     5 /  1263,     0 /     0,     5 /  1263,     3 /  1263,     8 /  1263,     3 /  1263
  C35,   0.2047,     ----,   0.1026,     1 /   900,     0 /     0,     1 /   900,     1 /   900,     3 /   900,     1 /   900
  C36,   0.1861,     ----,   0.1382,     0 /   578,     0 /     0,     1 /   578,     0 /   578,     4 /   578,     0 /   578
  C37,   0.1798,     ----,   0.1280,     0 /  1170,     0 /     0,     1 /  1170,     0 /  1170,     2 /  1170,     0 /  1170
  C38,   0.1708,     ----,   0.1119,     4 /  2319,     0 /     0,     5 /  2319,     4 /  2319,     3 /  2319,     4 /  2319
  C39,   0.1838,     ----,   0.1252,     1 /  2348,     0 /     0,     1 /  2348,     1 /  2348,     2 /  2348,     1 /  2348
  C40,   0.1599,     ----,   0.1218,     7 /  2407,     0 /     0,     7 /  2407,     6 /  2407,     7 /  2407,     6 /  2407
  C41,   0.1782,     ----,   0.1437,     4 /   991,     0 /     0,     4 /   991,     3 /   991,     4 /   991,     4 /   991
  C42,   0.1488,     ----,   0.1030,     3 /  1174,     0 /     0,     3 /  1174,     0 /  1174,     6 /  1174,     2 /  1174
  C43,   0.1999,     ----,   0.1918,     4 /  1463,     0 /     0,     5 /  1463,     0 /  1463,     5 /  1463,     2 /  1463
  C44,   0.2160,     ----,   0.1465,     6 /  1104,     0 /     0,     6 /  1104,     2 /  1104,     3 /  1104,     4 /  1104
  C45,   0.2746,     ----,   0.1797,     5 /   892,     0 /     0,     5 /   892,     4 /   892,     7 /   892,     5 /   892
  C47,   0.2058,     ----,   0.2018,     1 /   775,     0 /     0,     1 /   775,     1 /   775,     5 /   775,     1 /   775
  C48,   0.1951,     ----,   0.1871,     6 /  1004,     0 /     0,     8 /  1004,     2 /  1004,     5 /  1004,     6 /  1004
  C49,   0.1834,     ----,   0.1790,     5 /  1458,     0 /     0,     5 /  1458,     1 /  1458,     5 /  1458,     4 /  1458
  C50,   0.1683,     ----,   0.1276,     0 /  1140,     0 /     0,     0 /  1140,     0 /  1140,     2 /  1140,     0 /  1140
  C56,     ----,     ----,     ----,     0 /     0,     0 /     0,     0 /     0,     0 /     0,     0 /     0,     0 /     0
  C58,     ----,     ----,     ----,     0 /     0,     0 /     0,     0 /     0,     0 /     0,     0 /     0,     0 /     0
  C59,     ----,     ----,     ----,     0 /     0,     0 /     0,     0 /     0,     0 /     0,     0 /     0,     0 /     0
  C60,     ----,     ----,     ----,     0 /     0,     0 /     0,     0 /     0,     0 /     0,     0 /     0,     0 /     0
  I02,     ----,     ----,     ----,     0 /     0,     0 /     0,     0 /     0,     0 /     0,     0 /     0,     0 /     0
  I03,     ----,     ----,     ----,     0 /     0,     0 /     0,     0 /     0,     0 /     0,     0 /     0,     0 /     0
  I06,     ----,     ----,     ----,     0 /     0,     0 /     0,     0 /     0,     0 /     0,     0 /     0,     0 /     0
  I09,     ----,     ----,     ----,     0 /     0,     0 /     0,     0 /     0,     0 /     0,     0 /     0,     0 /     0
  I10,     ----,     ----,     ----,     0 /     0,     0 /     0,     0 /     0,     0 /     0,     0 /     0,     0 /     0
# ------------------------------------------
# Summary of each satellite system
% SYS, STD(MP1), STD(MP2), STD(MP5), # of slips/nobs (MP1, MP2, MP5, GF, MW, IOD(L1))
    G,   0.1880,   0.2290,   0.1641,   139 / 31183,   149 / 31180,    30 / 19048,    96 / 31183,   174 / 31183,   119 / 31183
    R,   0.2597,   0.2142,   0.1737,   205 / 19004,   227 / 19004,     3 /  2308,   155 / 19004,   132 / 19004,   201 / 19004
    E,   0.2086,   0.1642,   0.1700,    92 / 26214,    84 / 26203,    76 / 26185,    44 / 26214,   105 / 26214,    75 / 26214
    J,   0.2102,   0.1634,   0.1083,  1049 /  9712,  1049 /  9712,  1046 /  9706,   893 /  9712,    43 /  9712,  1047 /  9712
    C,   0.1937,   0.2173,   0.1594,   144 / 58258,    39 / 22285,   121 / 35973,    77 / 58258,   232 / 58258,   112 / 58258
    I,     ----,     ----,     ----,     0 /     0,     0 /     0,     0 /     0,     0 /     0,     0 /     0,     0 /     0
