# ------------------------------------------
# Quality Check Summary by Ringo software
# ------------------------------------------
# Executed at            : 2026/03/16 12:34:07 UTC
# ------------------------------------------
# QC of RINEX file       : D:\Master in Geoinformatics\Semester 2\GNSS Survey Mapping\Lab\Lab 2\ringo\Data\2\ropa1980.25o.gz
# input RnxNav files     : D:\Master in Geoinformatics\Semester 2\GNSS Survey Mapping\Lab\Lab 2\ringo\BRDC\2\BRDC00IGS_R_20251980000_01D_MN.rnx.gz
# ------------------------------------------
# Marker                 : ROPA                                                        
# Receiver               : TRIMBLE ALLOY       
# Antenna                : TRM159900.00    SCIS
# Time of Start          : 2025/07/17 00:00:00.000
# Time of End            : 2025/07/17 23:59:30.000
# Approx XYZ             :   1279202.3004,   5322673.7494,   3262591.1296
# Observation Interval   : 30.0000 seconds
# Satellite systems      : GREJCI
#                        : G01G02G03G04G05G06G07G08G09G10G11G12G13G14G15G16G17G18G19G20G21G22G23G24G25G26G27G28G29G30G31G32
#                        : R01R02R03R04R05R06R07R08R09R10R11R12R13R14R15R16R17R18R19R20R21R22R23R24
#                        : E02E03E04E05E06E07E08E09E10E11E12E13E15E16E19E21E23E24E25E26E27E29E30E31E33E34E36
#                        : J02J03J04J07
#                        : C01C02C03C05C06C11C12C13C14C16C19C20C21C22C23C24C25C26C27C28C29C30C32C33C34C35C36C37C38C39C40C41C42C43C44C45C47C48C49C50C56C58C59C60
#                        : I02I03I05I06I09I10
# Total satellites       : 137
# Number of obs epochs   : 2880
# Number of obs data     : 160512
# N Expected epochs      : 2880
# Observation rate (%)   : 100.00
# N obs data     (>10deg): 136904
# N possible obs (> 0deg): 165298
# N possible obs (>10deg): 137686
# ------------------------------------------
# Number of obs epochs for each SV:
# ------------------------------------------
# GPS
%      C1C  L1C  S1C  C2W  L2W  S2W  C2X  L2X  S2X  C5X  L5X  S5X
G01   1037 1023 1037 1016 1008 1016 1037 1037 1037 1037 1037 1037
G02   1033 1017 1033 1012 1001 1012    0    0    0    0    0    0
G03    729  721  729  729  721  729  729  729  729  729  729  729
G04    885  882  885  875  873  875  885  885  885  885  885  885
G05    710  706  710  710  706  710  710  710  710    0    0    0
G06    703  700  703  703  700  703  703  703  703  703  703  703
G07    955  953  955  955  953  955  955  955  955    0    0    0
G08    965  946  965  962  943  962  965  965  965  965  965  965
G09    762  752  762  761  751  761  762  761  762  762  762  762
G10    967  964  967  967  964  967  967  967  967  967  967  967
G11    837  830  837  818  814  818  837  837  837  837  837  837
G12    730  728  730  730  728  730  730  730  730    0    0    0
G13   1024 1016 1024  956  950  956    0    0    0    0    0    0
G14    968  964  968  963  961  963  968  968  968  968  968  968
G15    922  908  922  917  904  917  913  912  913    0    0    0
G16    836  823  836  765  756  765    0    0    0    0    0    0
G17    914  892  914  914  892  914  914  914  914    0    0    0
G18    915  910  915  905  903  905  914  914  914  915  915  915
G19    941  941  941  941  941  941    0    0    0    0    0    0
G20    695  686  695  689  680  689    0    0    0    0    0    0
G21    937  922  937  913  902  913  933  933  933  937  937  937
G22    953  947  953  950  945  950    0    0    0    0    0    0
G23    953  947  953  953  947  953  953  953  953  953  953  953
G24   1036 1007 1036 1035 1006 1035 1031 1031 1031 1036 1036 1036
G25    975  942  975  974  941  974  967  967  967  974  974  974
G26    925  915  925  923  915  923  924  924  924  925  925  925
G27   1023 1013 1023 1023 1013 1023 1013 1013 1013 1023 1023 1023
G28    713  710  713  707  704  707  713  713  713  713  713  713
G29    806  803  806  806  803  806  806  806  806    0    0    0
G30    865  863  865  865  863  865  865  865  865  865  865  865
G31    786  783  786  786  783  786  779  779  779    0    0    0
G32    941  941  941  941  941  941  939  939  939  941  941  941
# ------------------------------------------
# GLONASS
%      C1C  L1C  S1C  C1P  L1P  S1P  C2C  L2C  S2C  C2P  L2P  S2P  C3X  L3X  S3X
R01    847  847  847  841  840  841    1    0    1    1    0    1    0    0    0
R02    904  904  904  902  900  902  904  904  904  892  890  892    0    0    0
R03    859  859  859  855  853  855  855  855  855  844  842  844    0    0    0
R04    781  781  781  766  763  766  768  763  768  730  729  730    0    0    0
R05    970  970  970  965  965  965  968  968  968  964  961  964    0    0    0
R06    854  854  854  808  807  808    0    0    0    0    0    0    0    0    0
R07   1000  999 1000  991  990  991  996  996  996  982  982  982    0    0    0
R08    913  913  913  911  910  911  907  906  907  897  896  897    0    0    0
R09   1047 1047 1047 1044 1042 1044 1047 1047 1047 1035 1035 1035 1041 1040 1041
R10    909  909  909  879  877  879    0    0    0    0    0    0    0    0    0
R11   1123 1123 1123 1122 1122 1122 1121 1120 1121 1106 1104 1106    0    0    0
R12    911  911  911  910  910  910  911  911  911  901  900  901    0    0    0
R13    770  769  770  764  764  764    0    0    0    0    0    0    0    0    0
R14    681  681  681  676  676  676  675  675  675  670  670  670    0    0    0
R15    846  846  846  846  846  846  846  846  846  844  844  844    0    0    0
R16    928  927  928  924  923  924  924  923  924  917  914  917    0    0    0
R17    893  892  893  892  891  892  893  893  893  884  882  884    0    0    0
R18    894  893  894  892  892  892  894  894  894  890  890  890    0    0    0
R19    991  989  991  979  973  979  976  975  976  963  961  963    0    0    0
R20    771  771  771  770  770  770  771  771  771  771  771  771    0    0    0
R21   1122 1121 1122 1121 1121 1121 1118 1117 1118 1105 1104 1105 1114 1113 1114
R22    999  999  999  998  997  998  987  987  987  962  960  962    0    0    0
R23    706  706  706  705  705  705    0    0    0    0    0    0    0    0    0
R24    690  690  690  676  676  676  646  646  646  626  625  626    0    0    0
# ------------------------------------------
# Galileo
%      C1X  L1X  S1X  C5X  L5X  S5X  C7X  L7X  S7X  C8X  L8X  S8X  C6X  L6X  S6X
E02   1195 1192 1195 1190 1190 1190 1190 1190 1190 1192 1192 1192 1194 1191 1194
E03    881  880  881  881  881  881  881  881  881  881  881  881  881  880  881
E04    610  610  610  610  610  610  610  610  610  610  610  610  610  610  610
E05    720  717  720  720  720  720  720  720  720  720  720  720  720  717  720
E06    659  657  659  657  656  657  654  654  654  659  659  659  659  657  659
E07   1156 1155 1156 1156 1156 1156 1156 1156 1156 1156 1156 1156 1156 1155 1156
E08   1163 1163 1163 1163 1163 1163 1163 1163 1163 1163 1163 1163 1163 1163 1163
E09    794  793  794  785  781  785  772  771  772  791  791  791  794  793  794
E10    261  261  261  257  257  257  260  260  260  261  261  261  261  261  261
E11    341  340  341  336  336  336  336  336  336  336  336  336  338  337  338
E12    178  177  178  174  174  174  174  174  174  178  178  178  178  177  178
E13   1404 1402 1404 1374 1373 1374 1396 1396 1396 1403 1402 1403 1403 1401 1403
E15   1148 1148 1148 1148 1148 1148 1148 1148 1148 1148 1148 1148 1148 1148 1148
E16    358  358  358  358  358  358  358  358  358  358  358  358  358  358  358
E19    803  801  803  797  797  797  803  803  803  803  803  803  803  801  803
E21   1184 1183 1184 1184 1184 1184 1184 1184 1184 1184 1184 1184 1184 1183 1184
E23    920  920  920  920  920  920  920  920  920  920  920  920  920  920  920
E24    251  250  251  249  249  249  250  249  250  251  251  251  251  250  251
E25    489  489  489  488  488  488  489  489  489  489  489  489  489  489  489
E26   1322 1320 1322 1314 1312 1314 1312 1312 1312 1317 1317 1317 1322 1320 1322
E27   1392 1389 1392 1391 1390 1391 1391 1389 1391 1392 1392 1392 1392 1389 1392
E29   1118 1117 1118 1118 1118 1118 1118 1118 1118 1118 1118 1118 1118 1117 1118
E30   1518 1516 1518 1517 1517 1517 1518 1518 1518 1518 1518 1518 1518 1516 1518
E31    497  497  497  497  497  497  497  497  497  497  497  497  497  497  497
E33    875  875  875  875  875  875  875  875  875  875  875  875  875  875  875
E34   1188 1187 1188 1188 1188 1188 1188 1188 1188 1188 1188 1188 1188 1187 1188
E36    866  866  866  866  866  866  866  865  866  866  866  866  866  866  866
# ------------------------------------------
# QZSS
%      C1C  L1C  S1C  C1X  L1X  S1X  C1Z  L1Z  S1Z  C2X  L2X  S2X  C5X  L5X  S5X
J02   1980 1908 1980 1968 1968 1968 1964 1895 1964 1972 1972 1972 1980 1980 1980
J03   1967 1931 1967 1960 1959 1960 1956 1922 1956 1967 1967 1967 1967 1967 1967
J04   2157 2057 2157 2157 2156 2157 2155 2057 2155 2157 2157 2157 2157 2157 2157
J07   2880 1582 2880 2880 2880 2880 2876 1582 2876 2880 2880 2880 2880 2880 2880
# ------------------------------------------
# Beidou
%      C1X  L1X  S1X  C5X  L5X  S5X  C2I  L2I  S2I  C7I  L7I  S7I  C6I  L6I  S6I
C01      0    0    0    0    0    0 2819 2579 2819 2802 2565 2802 1562 1456 1562
C02      0    0    0    0    0    0 2880 2880 2880 2880 2880 2880 2880 2880 2880
C03      0    0    0    0    0    0 2880 2880 2880 2880 2880 2880 2880 2880 2880
C05      0    0    0    0    0    0 2880 2880 2880 2880 2880 2880 2880 2880 2880
C06      0    0    0    0    0    0 2194 2194 2194 2193 2193 2193 2193 2193 2193
C11      0    0    0    0    0    0 1110 1107 1110 1109 1106 1109 1109 1106 1109
C12      0    0    0    0    0    0  905  905  905  905  905  905  905  905  905
C13      0    0    0    0    0    0 2237 2236 2237 2237 2236 2237 2237 2236 2237
C14      0    0    0    0    0    0 1021 1020 1021 1020 1019 1020 1020 1019 1020
C16      0    0    0    0    0    0 2187 2187 2187 2187 2187 2187 2187 2187 2187
C19    899  895  899  905  905  905  905  904  905    0    0    0  904  903  904
C20    931  929  931  934  934  934  939  939  939    0    0    0  938  938  938
C21   1004 1004 1004 1004 1004 1004 1004 1004 1004    0    0    0 1004 1004 1004
C22    787  784  787  784  783  784  790  788  790    0    0    0  790  788  790
C23   1056 1056 1056 1061 1061 1061 1061 1060 1061    0    0    0 1061 1060 1061
C24   1195 1195 1195 1197 1196 1197 1197 1197 1197    0    0    0 1196 1195 1196
C25    937  936  937  938  936  938  938  937  938    0    0    0  937  936  937
C26   1117 1115 1117 1117 1117 1117 1117 1113 1117    0    0    0 1117 1112 1117
C27    865  860  865  873  873  873  873  871  873    0    0    0  871  869  871
C28   1213 1212 1213 1217 1217 1217 1223 1222 1223    0    0    0 1223 1222 1223
C29    727  727  727  729  729  729  729  727  729    0    0    0  729  727  729
C30    539  539  539  540  540  540  540  540  540    0    0    0  540  540  540
C32    763  760  763  764  763  764  764  763  764    0    0    0  762  761  762
C33   1061 1060 1061 1062 1062 1062 1063 1063 1063    0    0    0 1062 1062 1062
C34   1057 1056 1057 1062 1062 1062 1062 1058 1062    0    0    0 1062 1058 1062
C35    834  831  834  834  834  834  834  832  834    0    0    0  834  832  834
C36    543  542  543  543  543  543  543  543  543    0    0    0  543  543  543
C37   1074 1074 1074 1074 1074 1074 1074 1074 1074    0    0    0 1074 1074 1074
C38   2119 2119 2119 2118 2117 2118 2119 2119 2119    0    0    0 2119 2119 2119
C39   2139 2138 2139 2142 2142 2142 2142 2141 2142    0    0    0 2140 2139 2140
C40   2141 2141 2141 2141 2140 2141 2141 2140 2141    0    0    0 2141 2140 2141
C41    895  895  895  895  895  895  895  895  895    0    0    0  895  895  895
C42   1097 1095 1097 1097 1097 1097 1097 1097 1097    0    0    0 1097 1097 1097
C43   1252 1250 1252 1243 1242 1243 1253 1251 1253    0    0    0 1253 1251 1253
C44   1020 1019 1020 1020 1020 1020 1021 1019 1021    0    0    0 1020 1018 1020
C45    805  805  805  805  805  805  805  803  805    0    0    0  804  802  804
C47    708  708  708  710  710  710  712  712  712    0    0    0  709  708  709
C48    956  954  956  958  958  958  958  958  958    0    0    0  958  958  958
C49   1214 1213 1214 1214 1214 1214 1214 1213 1214    0    0    0 1214 1213 1214
C50   1036 1036 1036 1036 1036 1036 1036 1035 1036    0    0    0 1036 1035 1036
C56     97    0   97    6    0    6 1995 1995 1995    0    0    0 1994 1994 1994
C58     14    0   14    0    0    0  234  233  234    0    0    0    0    0    0
C59      0    0    0    0    0    0 2880 2866 2880    0    0    0 2880 2866 2880
C60      0    0    0    0    0    0 2880 2880 2880    0    0    0 2880 2880 2880
# ------------------------------------------
# NavIC/IRNSS
%      C5A  L5A  S5A
I02   2880 2880 2880
I03   2880 2880 2880
I05   2880 2880 2880
I06   2880 2880 2880
I09   2880 2880 2880
I10   2836 2836 2836
# ------------------------------------------
# Cycle slip detection settings:
# ------------------------------------------
# Elmask (slip count ): 10.0
# Elmask (slip detect): 0.0
# MP detection type   : offset
# MP reference type   : rolling average (window=50epochs)
# MP threshold        : 2.000 (m)
# GF detection type   : velocity
# GF reference type   : single epoch
# GF threshold        : 0.050 (m/s)
# MW detection type   : sigma
# MW reference type   : rolling average (window=50epochs)
# MW threshold        : 4.000 (sigmas)
# ------------------------------------------
# Quality Report:
# ------------------------------------------
# For each satellite
% PRN, STD(MP1), STD(MP2), STD(MP5), # of slips/nobs (MP1, MP2, MP5, GF, MW, IOD(L1))
  G01,   0.2209,   0.3813,   0.2018,     5 /  1023,     7 /  1023,     2 /  1023,     2 /  1023,     8 /  1023,     3 /  1023
  G02,   0.2057,   0.3525,     ----,     5 /  1001,     5 /  1001,     0 /     0,     3 /  1001,     4 /  1001,     3 /  1001
  G03,   0.2040,   0.3225,   0.2090,     0 /   721,     1 /   721,     0 /   721,     0 /   721,     3 /   721,     0 /   721
  G04,   0.1649,   0.2845,   0.1967,     2 /   882,     2 /   882,     1 /   882,     2 /   882,     5 /   882,     2 /   882
  G05,   0.1623,   0.2282,     ----,     0 /   706,     0 /   706,     0 /     0,     0 /   706,     6 /   706,     0 /   706
  G06,   0.1625,   0.2218,   0.1486,     0 /   700,     0 /   700,     0 /   700,     0 /   700,     1 /   700,     0 /   700
  G07,   0.1467,   0.2701,     ----,     1 /   953,     1 /   953,     0 /     0,     1 /   953,     1 /   953,     1 /   953
  G08,   0.2036,   0.3560,   0.2220,     3 /   946,     3 /   946,     2 /   946,     2 /   946,     2 /   946,     3 /   946
  G09,   0.1939,   0.2969,   0.1860,     2 /   752,     2 /   752,     1 /   752,     1 /   752,     2 /   752,     2 /   752
  G10,   0.1644,   0.2684,   0.1495,     0 /   964,     0 /   964,     0 /   964,     0 /   964,     1 /   964,     0 /   964
  G11,   0.1690,   0.2583,   0.1400,     8 /   830,     8 /   830,     0 /   830,     7 /   830,     5 /   830,     7 /   830
  G12,   0.1604,   0.2643,     ----,     1 /   728,     1 /   728,     0 /     0,     1 /   728,     3 /   728,     1 /   728
  G13,   0.1806,   0.3366,     ----,     0 /   950,     0 /   950,     0 /     0,     0 /   950,     0 /   950,     0 /   950
  G14,   0.1579,   0.2598,   0.1616,     1 /   964,     1 /   964,     0 /   964,     0 /   964,     6 /   964,     0 /   964
  G15,   0.1902,   0.3157,     ----,     1 /   905,     1 /   905,     0 /     0,     0 /   905,     0 /   905,     1 /   905
  G16,   0.2241,   0.3271,     ----,     1 /   756,     2 /   756,     0 /     0,     1 /   756,     8 /   756,     2 /   756
  G17,   0.1749,   0.2214,     ----,     5 /   892,     4 /   892,     0 /     0,     2 /   892,     9 /   892,     2 /   892
  G18,   0.2196,   0.2855,   0.1859,     6 /   910,     6 /   909,     1 /   910,     3 /   910,     6 /   910,     6 /   910
  G19,   0.1752,   0.3043,     ----,     0 /   941,     0 /   941,     0 /     0,     0 /   941,     1 /   941,     0 /   941
  G20,   0.1497,   0.2522,     ----,     0 /   680,     0 /   680,     0 /     0,     0 /   680,     1 /   680,     0 /   680
  G21,   0.2287,   0.3529,   0.2540,     5 /   922,     7 /   920,     0 /   922,     4 /   922,    11 /   922,     5 /   922
  G22,   0.1527,   0.2778,     ----,     0 /   945,     0 /   945,     0 /     0,     0 /   945,     6 /   945,     0 /   945
  G23,   0.1796,   0.2462,   0.1681,     2 /   947,     2 /   947,     1 /   947,     2 /   947,     5 /   947,     2 /   947
  G24,   0.3003,   0.3353,   0.2256,     5 /  1007,     6 /  1006,     7 /  1007,     4 /  1007,    16 /  1007,     4 /  1007
  G25,   0.2191,   0.3102,   0.2744,     3 /   942,     3 /   942,     2 /   941,     3 /   942,     3 /   942,     4 /   942
  G26,   0.2434,   0.3575,   0.2088,     1 /   915,     2 /   915,     1 /   915,     0 /   915,    12 /   915,     1 /   915
  G27,   0.2165,   0.3773,   0.2265,     0 /  1013,     0 /  1013,     0 /  1013,     0 /  1013,     3 /  1013,     0 /  1013
  G28,   0.2099,   0.2476,   0.1860,     4 /   710,     4 /   710,     1 /   710,     4 /   710,     6 /   710,     4 /   710
  G29,   0.1960,   0.2768,     ----,     1 /   803,     1 /   803,     0 /     0,     1 /   803,     2 /   803,     1 /   803
  G30,   0.1665,   0.2517,   0.1707,     0 /   863,     0 /   863,     0 /   863,     0 /   863,     3 /   863,     0 /   863
  G31,   0.2241,   0.2302,     ----,     0 /   783,     0 /   783,     0 /     0,     0 /   783,     2 /   783,     0 /   783
  G32,   0.1730,   0.2489,   0.1764,     0 /   941,     0 /   941,     1 /   941,     0 /   941,     2 /   941,     0 /   941
  R01,     ----,     ----,     ----,     0 /     0,     0 /     0,     0 /     0,     0 /     0,     0 /     0,     0 /     0
  R02,   0.2665,   0.2061,     ----,     8 /   904,    10 /   904,     0 /     0,     4 /   904,     4 /   904,     8 /   904
  R03,   0.2544,   0.2236,     ----,    14 /   855,    15 /   855,     0 /     0,    13 /   855,     6 /   855,    14 /   855
  R04,   0.2681,   0.2521,     ----,    10 /   763,    15 /   763,     0 /     0,    10 /   763,    11 /   763,    10 /   763
  R05,   0.2407,   0.2230,     ----,     9 /   968,    10 /   968,     0 /     0,     8 /   968,     2 /   968,     8 /   968
  R06,     ----,     ----,     ----,     0 /     0,     0 /     0,     0 /     0,     0 /     0,     0 /     0,     0 /     0
  R07,   0.2340,   0.2409,     ----,     4 /   995,     7 /   995,     0 /     0,     2 /   995,     3 /   995,     4 /   995
  R08,   0.2839,   0.2683,     ----,     8 /   906,     9 /   906,     0 /     0,     2 /   906,    10 /   906,     9 /   906
  R09,   0.1955,   0.2215,   0.2546,     7 /  1047,     7 /  1047,     0 /  1040,     7 /  1047,     7 /  1047,     7 /  1047
  R10,     ----,     ----,     ----,     0 /     0,     0 /     0,     0 /     0,     0 /     0,     0 /     0,     0 /     0
  R11,   0.3645,   0.2300,     ----,     8 /  1120,    11 /  1120,     0 /     0,     5 /  1120,     5 /  1120,     6 /  1120
  R12,   0.3639,   0.2658,     ----,    11 /   911,    11 /   911,     0 /     0,    10 /   911,     6 /   911,    11 /   911
  R13,     ----,     ----,     ----,     0 /     0,     0 /     0,     0 /     0,     0 /     0,     0 /     0,     0 /     0
  R14,   0.3150,   0.1881,     ----,     3 /   675,     4 /   675,     0 /     0,     3 /   675,     4 /   675,     3 /   675
  R15,   0.3518,   0.2205,     ----,     1 /   846,     0 /   846,     0 /     0,     0 /   846,     2 /   846,     0 /   846
  R16,   0.2168,   0.2113,     ----,     7 /   922,     9 /   922,     0 /     0,     6 /   922,     8 /   922,     7 /   922
  R17,   0.3301,   0.2675,     ----,     7 /   892,     9 /   892,     0 /     0,     3 /   892,    13 /   892,     6 /   892
  R18,   0.2453,   0.2486,     ----,     2 /   893,     4 /   893,     0 /     0,     2 /   893,     2 /   893,     3 /   893
  R19,   0.2969,   0.2436,     ----,    11 /   975,    14 /   975,     0 /     0,     6 /   975,     8 /   975,    11 /   975
  R20,   0.2444,   0.1395,     ----,     0 /   771,     0 /   771,     0 /     0,     0 /   771,     2 /   771,     0 /   771
  R21,   0.2740,   0.1874,   0.2260,     9 /  1118,     9 /  1117,     2 /  1113,     7 /  1118,    15 /  1118,     8 /  1118
  R22,   0.2924,   0.2912,     ----,    21 /   987,    26 /   987,     0 /     0,    11 /   987,    10 /   987,    20 /   987
  R23,     ----,     ----,     ----,     0 /     0,     0 /     0,     0 /     0,     0 /     0,     0 /     0,     0 /     0
  R24,   0.3881,   0.2088,     ----,     5 /   646,     9 /   646,     0 /     0,     4 /   646,     4 /   646,     5 /   646
  E02,   0.2336,   0.2232,   0.1976,     3 /  1188,     3 /  1188,     3 /  1188,     2 /  1188,     4 /  1188,     2 /  1188
  E03,   0.2066,   0.1872,   0.1622,     0 /   880,     0 /   880,     0 /   880,     0 /   880,     3 /   880,     0 /   880
  E04,   0.2823,   0.2894,   0.2809,     1 /   610,     0 /   610,     1 /   610,     0 /   610,     3 /   610,     0 /   610
  E05,   0.2654,   0.2286,   0.2008,     1 /   717,     0 /   717,     0 /   717,     0 /   717,     3 /   717,     0 /   717
  E06,   0.3761,   0.3483,   0.3378,     5 /   656,     3 /   653,     5 /   655,     2 /   656,    11 /   656,     4 /   656
  E07,   0.1496,   0.1473,   0.1317,     1 /  1155,     0 /  1155,     0 /  1155,     0 /  1155,     2 /  1155,     0 /  1155
  E08,   0.1890,   0.1896,   0.1779,     2 /  1163,     0 /  1163,     1 /  1163,     0 /  1163,     3 /  1163,     0 /  1163
  E09,   0.3040,   0.3224,   0.2992,     9 /   783,     2 /   770,     0 /   780,     5 /   783,     8 /   783,     6 /   783
  E10,   0.2761,   0.2973,   0.2583,     1 /   260,     0 /   260,     1 /   257,     0 /   260,     3 /   260,     0 /   260
  E11,   0.2023,   0.1936,   0.1779,     2 /   336,     0 /   336,     0 /   336,     0 /   336,     2 /   336,     0 /   336
  E12,   0.2143,   0.2316,   0.2601,     0 /   173,     0 /   173,     0 /   173,     0 /   173,     0 /   173,     0 /   173
  E13,   0.2398,   0.2337,   0.2076,     1 /  1394,     0 /  1394,     2 /  1372,     0 /  1394,     5 /  1394,     0 /  1394
  E15,   0.2147,   0.2308,   0.2233,     0 /  1148,     1 /  1148,     1 /  1148,     0 /  1148,     4 /  1148,     0 /  1148
  E16,   0.2411,   0.2476,   0.2200,     2 /   358,     2 /   358,     2 /   358,     1 /   358,     5 /   358,     1 /   358
  E19,   0.2089,   0.2112,   0.2426,     0 /   801,     0 /   801,     1 /   795,     0 /   801,     7 /   801,     0 /   801
  E21,   0.1765,   0.1922,   0.1774,     0 /  1183,     0 /  1183,     0 /  1183,     0 /  1183,     1 /  1183,     0 /  1183
  E23,   0.1650,   0.1890,   0.1818,     1 /   920,     0 /   920,     0 /   920,     0 /   920,     0 /   920,     0 /   920
  E24,   0.3669,   0.3449,   0.2712,     0 /   249,     0 /   249,     1 /   249,     0 /   249,     2 /   249,     0 /   249
  E25,   0.1954,   0.2279,   0.2293,     0 /   489,     0 /   489,     2 /   488,     0 /   489,     0 /   489,     0 /   489
  E26,   0.2311,   0.2451,   0.2421,     5 /  1314,     3 /  1311,     2 /  1310,     0 /  1314,     6 /  1314,     1 /  1314
  E27,   0.2566,   0.2561,   0.2386,     7 /  1389,     5 /  1387,     5 /  1387,     4 /  1389,     9 /  1389,     5 /  1389
  E29,   0.1956,   0.2319,   0.2004,     1 /  1117,     1 /  1117,     3 /  1117,     1 /  1117,     3 /  1117,     1 /  1117
  E30,   0.2490,   0.2316,   0.2060,     3 /  1516,     1 /  1516,     2 /  1515,     1 /  1516,    10 /  1516,     1 /  1516
  E31,   0.2255,   0.2485,   0.2306,     0 /   497,     0 /   497,     0 /   497,     0 /   497,     0 /   497,     0 /   497
  E33,   0.2776,   0.2872,   0.3065,     2 /   875,     2 /   875,     4 /   875,     1 /   875,     6 /   875,     2 /   875
  E34,   0.1698,   0.1595,   0.1534,     2 /  1187,     1 /  1187,     2 /  1187,     1 /  1187,     9 /  1187,     1 /  1187
  E36,   0.1930,   0.1863,   0.1846,     4 /   866,     2 /   865,     2 /   866,     4 /   866,     7 /   866,     4 /   866
  J02,   0.2170,   0.2069,   0.1826,    91 /  1977,    86 /  1971,    86 /  1977,    86 /  1977,    14 /  1977,    89 /  1977
  J03,   0.2080,   0.1969,   0.1710,    43 /  1965,    43 /  1965,    42 /  1965,    42 /  1965,     5 /  1965,    42 /  1965
  J04,   0.1860,   0.1883,   0.1465,   111 /  2157,   111 /  2157,   111 /  2157,   111 /  2157,     9 /  2157,   111 /  2157
  J07,   0.2874,   0.1202,   0.0574,   952 /  2880,   952 /  2880,   952 /  2880,   952 /  2880,     1 /  2880,   952 /  2880
  C01,   0.4593,   0.4628,     ----,    65 /  2565,    76 /  2565,     0 /     0,    13 /  2565,   104 /  2565,    41 /  2565
  C02,   0.1603,   0.1021,     ----,     0 /  2880,     0 /  2880,     0 /     0,     0 /  2880,     2 /  2880,     0 /  2880
  C03,   0.1648,   0.1324,     ----,     0 /  2880,     0 /  2880,     0 /     0,     0 /  2880,     3 /  2880,     0 /  2880
  C05,   0.1531,   0.1054,     ----,     0 /  2880,     0 /  2880,     0 /     0,     0 /  2880,     4 /  2880,     0 /  2880
  C06,   0.1812,   0.1664,     ----,     1 /  2193,     1 /  2193,     0 /     0,     1 /  2193,     7 /  2193,     1 /  2193
  C11,   0.2706,   0.2247,     ----,     0 /  1106,     1 /  1106,     0 /     0,     1 /  1106,     5 /  1106,     1 /  1106
  C12,   0.2581,   0.1977,     ----,     0 /   905,     0 /   905,     0 /     0,     0 /   905,     0 /   905,     0 /   905
  C13,   0.1588,   0.1951,     ----,     0 /  2236,     0 /  2236,     0 /     0,     0 /  2236,     9 /  2236,     0 /  2236
  C14,   0.1866,   0.1552,     ----,     0 /  1019,     0 /  1019,     0 /     0,     0 /  1019,     0 /  1019,     0 /  1019
  C16,   0.1787,   0.1798,     ----,     1 /  2187,     1 /  2187,     0 /     0,     1 /  2187,     2 /  2187,     1 /  2187
  C19,   0.2168,     ----,   0.2334,     3 /   905,     0 /     0,     4 /   905,     2 /   905,     3 /   905,     3 /   905
  C20,   0.2130,     ----,   0.2200,     0 /   934,     0 /     0,     0 /   934,     0 /   934,     3 /   934,     0 /   934
  C21,   0.1758,     ----,   0.1759,     0 /  1004,     0 /     0,     0 /  1004,     0 /  1004,     0 /  1004,     0 /  1004
  C22,   0.1635,     ----,   0.1750,     4 /   783,     0 /     0,     4 /   783,     4 /   783,     4 /   783,     4 /   783
  C23,   0.2689,     ----,   0.1574,     1 /  1060,     0 /     0,     0 /  1060,     0 /  1060,     2 /  1060,     0 /  1060
  C24,   0.2768,     ----,   0.2515,     4 /  1196,     0 /     0,     2 /  1196,     0 /  1196,    10 /  1196,     2 /  1196
  C25,   0.3654,     ----,   0.1820,     2 /   936,     0 /     0,     2 /   936,     1 /   936,     1 /   936,     1 /   936
  C26,   0.3417,     ----,   0.2231,     8 /  1116,     0 /     0,     8 /  1116,     6 /  1116,     4 /  1116,     6 /  1116
  C27,   0.2168,     ----,   0.2457,     5 /   873,     0 /     0,     7 /   873,     4 /   873,     3 /   873,     5 /   873
  C28,   0.2291,     ----,   0.2757,     3 /  1217,     0 /     0,     5 /  1217,     2 /  1217,    12 /  1217,     3 /  1217
  C29,   0.2613,     ----,   0.2143,     4 /   729,     0 /     0,     6 /   729,     4 /   729,     1 /   729,     4 /   729
  C30,   0.2307,     ----,   0.1354,     0 /   540,     0 /     0,     0 /   540,     0 /   540,     3 /   540,     0 /   540
  C32,   0.2204,     ----,   0.2268,     2 /   763,     0 /     0,     4 /   763,     2 /   763,     4 /   763,     2 /   763
  C33,   0.2172,     ----,   0.1841,     0 /  1062,     0 /     0,     0 /  1062,     1 /  1062,     6 /  1062,     1 /  1062
  C34,   0.3496,     ----,   0.2579,     8 /  1062,     0 /     0,    10 /  1062,     8 /  1062,    10 /  1062,     8 /  1062
  C35,   0.2261,     ----,   0.1286,     3 /   832,     0 /     0,     2 /   832,     2 /   832,     9 /   832,     2 /   832
  C36,   0.1930,     ----,   0.2328,     0 /   543,     0 /     0,     1 /   543,     0 /   543,     3 /   543,     0 /   543
  C37,   0.1466,     ----,   0.1480,     0 /  1074,     0 /     0,     0 /  1074,     0 /  1074,     0 /  1074,     0 /  1074
  C38,   0.1873,     ----,   0.1639,     0 /  2117,     0 /     0,     0 /  2117,     0 /  2117,     7 /  2117,     0 /  2117
  C39,   0.1940,     ----,   0.1603,     3 /  2142,     0 /     0,     4 /  2142,     3 /  2142,     4 /  2142,     3 /  2142
  C40,   0.2477,     ----,   0.1544,     2 /  2140,     0 /     0,     2 /  2140,     2 /  2140,     6 /  2140,     2 /  2140
  C41,   0.1978,     ----,   0.1883,     0 /   895,     0 /     0,     0 /   895,     0 /   895,     0 /   895,     0 /   895
  C42,   0.2508,     ----,   0.1598,     0 /  1097,     0 /     0,     0 /  1097,     0 /  1097,     0 /  1097,     0 /  1097
  C43,   0.2949,     ----,   0.2324,     5 /  1242,     0 /     0,     4 /  1242,     4 /  1242,     6 /  1242,     4 /  1242
  C44,   0.2562,     ----,   0.2126,     6 /  1020,     0 /     0,     5 /  1020,     5 /  1020,    11 /  1020,     5 /  1020
  C45,   0.2733,     ----,   0.2592,     6 /   805,     0 /     0,     7 /   805,     4 /   805,     5 /   805,     4 /   805
  C47,   0.2949,     ----,   0.2084,     0 /   710,     0 /     0,     0 /   710,     0 /   710,     6 /   710,     0 /   710
  C48,   0.2243,     ----,   0.2722,     1 /   958,     0 /     0,     0 /   958,     0 /   958,     3 /   958,     1 /   958
  C49,   0.2710,     ----,   0.2663,     5 /  1214,     0 /     0,     3 /  1214,     3 /  1214,     5 /  1214,     3 /  1214
  C50,   0.2048,     ----,   0.1621,     4 /  1036,     0 /     0,     3 /  1036,     2 /  1036,     4 /  1036,     2 /  1036
  C56,     ----,     ----,     ----,     0 /     0,     0 /     0,     0 /     0,     0 /     0,     0 /     0,     0 /     0
  C58,     ----,     ----,     ----,     0 /     0,     0 /     0,     0 /     0,     0 /     0,     0 /     0,     0 /     0
  C59,     ----,     ----,     ----,     0 /     0,     0 /     0,     0 /     0,     0 /     0,     0 /     0,     0 /     0
  C60,     ----,     ----,     ----,     0 /     0,     0 /     0,     0 /     0,     0 /     0,     0 /     0,     0 /     0
  I02,     ----,     ----,     ----,     0 /     0,     0 /     0,     0 /     0,     0 /     0,     0 /     0,     0 /     0
  I03,     ----,     ----,     ----,     0 /     0,     0 /     0,     0 /     0,     0 /     0,     0 /     0,     0 /     0
  I05,     ----,     ----,     ----,     0 /     0,     0 /     0,     0 /     0,     0 /     0,     0 /     0,     0 /     0
  I06,     ----,     ----,     ----,     0 /     0,     0 /     0,     0 /     0,     0 /     0,     0 /     0,     0 /     0
  I09,     ----,     ----,     ----,     0 /     0,     0 /     0,     0 /     0,     0 /     0,     0 /     0,     0 /     0
  I10,     ----,     ----,     ----,     0 /     0,     0 /     0,     0 /     0,     0 /     0,     0 /     0,     0 /     0
# ------------------------------------------
# Summary of each satellite system
% SYS, STD(MP1), STD(MP2), STD(MP5), # of slips/nobs (MP1, MP2, MP5, GF, MW, IOD(L1))
    G,   0.1958,   0.2979,   0.1987,    62 / 27995,    69 / 27991,    20 / 16951,    43 / 27995,   143 / 27995,    54 / 27995
    R,   0.2885,   0.2319,   0.2402,   145 / 17194,   179 / 17193,     2 /  2153,   103 / 17194,   122 / 17194,   140 / 17194
    E,   0.2307,   0.2321,   0.2189,    53 / 23224,    26 / 23202,    40 / 23181,    22 / 23224,   116 / 23224,    28 / 23224
    J,   0.2337,   0.1762,   0.1413,  1197 /  8979,  1192 /  8973,  1191 /  8979,  1191 /  8979,    29 /  8979,  1194 /  8979
    C,   0.2402,   0.2183,   0.2049,   146 / 52856,    79 / 20851,    83 / 32005,    75 / 52856,   271 / 52856,   109 / 52856
    I,     ----,     ----,     ----,     0 /     0,     0 /     0,     0 /     0,     0 /     0,     0 /     0,     0 /     0
