# ------------------------------------------
# Quality Check Summary by Ringo software
# ------------------------------------------
# Executed at            : 2026/03/16 12:34:17 UTC
# ------------------------------------------
# QC of RINEX file       : D:\Master in Geoinformatics\Semester 2\GNSS Survey Mapping\Lab\Lab 2\ringo\Data\3\BHPL00IND_R_20251990000_01D_30S_MO.crx.gz
# input RnxNav files     : D:\Master in Geoinformatics\Semester 2\GNSS Survey Mapping\Lab\Lab 2\ringo\BRDC\3\BRDC00IGS_R_20251990000_01D_MN.rnx.gz
# ------------------------------------------
# Marker                 : BHPL                                                        
# Receiver               : TRIMBLE ALLOY       
# Antenna                : JAVGRANT_G5TLBI NONE
# Time of Start          : 2025/07/18 00:00:00.000
# Time of End            : 2025/07/18 23:59:30.000
# Approx XYZ             :   1272088.1669,   5722249.0233,   2506319.8411
# Observation Interval   : 30.0000 seconds
# Satellite systems      : GREJSI
#                        : G01G02G03G04G05G06G07G08G09G10G11G12G13G14G15G16G17G18G19G20G21G22G23G24G25G26G27G28G29G30G31G32
#                        : R01R02R03R04R05R06R07R08R09R10R11R12R13R14R15R16R17R18R19R20R21R22R23R24
#                        : E02E03E04E05E06E07E08E09E10E11E12E13E15E16E19E21E23E24E25E26E27E29E30E31E33E34E36
#                        : J02J03J07
#                        : S27S28S29S32S34S37
#                        : I02I03I06I09I10
# Total satellites       :  97
# Number of obs epochs   : 2880
# Number of obs data     : 119818
# N Expected epochs      : 2880
# Observation rate (%)   : 100.00
# N obs data     (>10deg): 95837
# N possible obs (> 0deg): 116684
# N possible obs (>10deg): 96132
# ------------------------------------------
# Number of obs epochs for each SV:
# ------------------------------------------
# GPS
%      C1C  L1C  S1C  C1X  L1X  S1X  C2W  L2W  S2W  C2X  L2X  S2X  C5X  L5X  S5X
G01   1261 1254 1261 1261 1260 1261    0    0    0 1246 1246 1246 1260 1258 1260
G02   1219 1206 1219    0    0    0 1159 1157 1159    0    0    0    0    0    0
G03    934  923  934    0    0    0    0    0    0  930  930  930  934  934  934
G04    883  879  883  883  883  883    0    0    0  883  883  883  883  883  883
G05    852  845  852    0    0    0    0    0    0  849  849  849    0    0    0
G06    844  839  844    0    0    0    0    0    0  844  844  844  844  844  844
G07   1039 1028 1039    0    0    0    0    0    0 1033 1031 1033    0    0    0
G08   1081 1076 1081    0    0    0    0    0    0 1068 1068 1068 1081 1081 1081
G09    785  782  785    0    0    0    0    0    0  779  779  779  785  785  785
G10   1067 1066 1067    0    0    0    0    0    0 1066 1065 1066 1067 1067 1067
G11    959  957  959  959  959  959    0    0    0  958  958  958  959  959  959
G12    890  874  890    0    0    0    0    0    0  870  870  870    0    0    0
G13   1216 1209 1216    0    0    0 1133 1133 1133    0    0    0    0    0    0
G14   1072 1063 1072 1072 1072 1072    0    0    0 1071 1071 1071 1072 1072 1072
G15    875  848  875    0    0    0    0    0    0  787  787  787    0    0    0
G16    744  738  744    0    0    0  700  700  700    0    0    0    0    0    0
G17    989  988  989    0    0    0    0    0    0  988  987  988    0    0    0
G18   1018 1011 1018 1018 1017 1018    0    0    0 1017 1017 1017 1018 1018 1018
G19   1036 1035 1036    0    0    0 1027 1027 1027    0    0    0    0    0    0
G20    787  787  787    0    0    0  744  744  744    0    0    0    0    0    0
G21    921  899  921  919  919  919    0    0    0  912  912  912  921  921  921
G22   1076 1072 1076    0    0    0 1052 1052 1052    0    0    0    0    0    0
G23   1063 1059 1063 1063 1063 1063    0    0    0 1063 1063 1063 1063 1063 1063
G24   1307 1298 1307    0    0    0    0    0    0 1292 1291 1292 1305 1305 1305
G25   1136 1127 1136    0    0    0    0    0    0 1135 1135 1135 1134 1134 1134
G26    961  925  961    0    0    0    0    0    0  940  938  940  960  960  960
G27   1250 1234 1250    0    0    0    0    0    0 1238 1238 1238 1250 1249 1250
G28    839  832  839  839  839  839    0    0    0  837  837  837  838  838  838
G29    811  810  811    0    0    0    0    0    0  808  808  808    0    0    0
G30    863  855  863    0    0    0    0    0    0  852  852  852  862  862  862
G31    894  890  894    0    0    0    0    0    0  891  890  891    0    0    0
G32   1030 1027 1030    0    0    0    0    0    0 1028 1027 1028 1029 1029 1029
# ------------------------------------------
# GLONASS
%      C1C  L1C  S1C  C1P  L1P  S1P  C2C  L2C  S2C  C3X  L3X  S3X
R01    788  786  788  766  762  766    1    0    1    0    0    0
R02    920  919  920  920  918  920  916  916  916    0    0    0
R03    986  986  986  986  985  986  984  984  984    0    0    0
R04    934  934  934  934  933  934  927  924  927    0    0    0
R05    875  873  875  863  858  863  843  841  843    0    0    0
R06    899  893  899  888  881  888    0    0    0    0    0    0
R07   1163 1162 1163 1158 1154 1158 1147 1144 1147    0    0    0
R08   1082 1081 1082 1081 1081 1081 1070 1068 1070    0    0    0
R09   1052 1050 1052 1051 1050 1051 1050 1050 1050 1051 1051 1051
R10   1133 1133 1133 1131 1129 1131    0    0    0    0    0    0
R11   1041 1040 1041 1027 1023 1027 1025 1021 1025    0    0    0
R12   1220 1218 1220 1216 1210 1216 1194 1192 1194    0    0    0
R13    997  995  997  992  990  992    0    0    0    0    0    0
R14    799  798  799  779  774  779  751  748  751    0    0    0
R15    712  712  712  708  707  708  703  701  703    0    0    0
R16    918  918  918  917  915  917  917  917  917    0    0    0
R17    854  852  854  834  829  834  815  809  815    0    0    0
R18    997  997  997  992  991  992  986  984  986    0    0    0
R19   1027 1027 1027 1025 1022 1025 1019 1017 1019    0    0    0
R20    726  724  726  707  704  707  726  726  726    0    0    0
R21   1096 1096 1096 1096 1095 1096 1095 1090 1095 1095 1095 1095
R22   1204 1204 1204 1204 1204 1204 1195 1195 1195    0    0    0
R23   1162 1161 1162 1161 1160 1161    1    0    1    0    0    0
R24    711  711  711  709  709  709  706  706  706    0    0    0
# ------------------------------------------
# Galileo
%      C1X  L1X  S1X  C5X  L5X  S5X  C7X  L7X  S7X  C8I  L8I  S8I  C6X  L6X  S6X
E02   1405 1402 1405 1389 1389 1389 1398 1398 1398 1320 1301 1320 1404 1401 1404
E03   1336 1336 1336 1335 1335 1335 1335 1334 1335 1332 1318 1332 1336 1336 1336
E04    948  947  948  939  938  939  936  934  936  917  904  917  944  943  944
E05   1358 1357 1358 1357 1357 1357 1356 1356 1356 1353 1345 1353 1357 1356 1357
E06   1091 1090 1091 1087 1087 1087 1089 1089 1089 1075 1062 1075 1089 1088 1089
E07    863  863  863  861  860  861  861  861  861  855  844  855  862  862  862
E08   1009 1009 1009 1007 1007 1007 1006 1006 1006 1001  994 1001 1007 1007 1007
E09   1231 1231 1231 1230 1230 1230 1231 1231 1231 1219 1205 1219 1231 1231 1231
E10   1227 1226 1227 1227 1226 1227 1227 1226 1227 1221 1217 1221 1226 1225 1226
E11   1339 1339 1339 1338 1338 1338 1336 1336 1336 1319 1292 1319 1338 1338 1338
E12   1083 1083 1083 1081 1081 1081 1083 1082 1083 1071 1063 1071 1082 1082 1082
E13    457  457  457  456  456  456  456  455  456  436  430  436  454  454  454
E15   1249 1249 1249 1249 1249 1249 1249 1247 1249 1242 1229 1242 1248 1248 1248
E16   1713 1713 1713 1698 1698 1698 1707 1706 1707 1635 1604 1635 1710 1710 1710
E19    666  666  666  654  653  654  665  665  665  588  562  588  666  666  666
E21    324  324  324  324  324  324  324  324  324  324  320  324  324  324  324
E23    380  380  380  378  378  378  379  379  379  374  372  374  380  380  380
E24   1646 1645 1646 1629 1629 1629 1643 1643 1643 1599 1579 1599 1646 1645 1646
E25   1666 1666 1666 1637 1635 1637 1638 1635 1638 1581 1552 1581 1661 1661 1661
E26    289  289  289  289  289  289  289  289  289  280  264  280  288  288  288
E27    851  850  851  851  851  851  850  850  850  847  844  847  851  850  851
E29    824  823  824  809  809  809  820  819  820  783  772  783  823  822  823
E30   1162 1162 1162 1162 1162 1162 1162 1162 1162 1162 1160 1162 1162 1162 1162
E31    988  986  988  980  980  980  982  981  982  939  914  939  985  983  985
E33    645  644  645  644  644  644  645  645  645  630  622  630  645  644  645
E34   1620 1617 1620 1616 1616 1616 1618 1615 1618 1585 1565 1585 1618 1615 1618
E36   1478 1475 1478 1472 1471 1472 1477 1477 1477 1436 1401 1436 1477 1474 1477
# ------------------------------------------
# QZSS
%      C1C  L1C  S1C  C1X  L1X  S1X  C1Z  L1Z  S1Z  C2X  L2X  S2X  C5X  L5X  S5X
J02   2194 2183 2194 2192 2192 2192 2192 2182 2192 2194 2194 2194 2194 2194 2194
J03   2317 2303 2317 2315 2315 2315 2309 2300 2309 2316 2315 2316 2317 2317 2317
J07   2880 2808 2880 2880 2880 2880 2880 2808 2880 2880 2880 2880 2880 2880 2880
# ------------------------------------------
# SBAS
%      C1C  L1C  S1C
S27   2880 2880 2880
S28   2880 2880 2880
S29   2674 2674 2674
S32   1282 1282 1282
S34   2878 2878 2878
S37   1587 1587 1587
# ------------------------------------------
# NavIC/IRNSS
%      C5A  L5A  S5A  C9A  L9A  S9A
I02   2880 2880 2880 2880 2880 2880
I03   2880 2880 2880 2880 1349 2880
I06   2880 2880 2880 2880 2880 2880
I09   2880 2880 2880 2880 2880 2880
I10   2880 2880 2880 2880 2880 2880
# ------------------------------------------
# Cycle slip detection settings:
# ------------------------------------------
# Elmask (slip count ): 10.0
# Elmask (slip detect): 0.0
# MP detection type   : offset
# MP reference type   : rolling average (window=50epochs)
# MP threshold        : 2.000 (m)
# GF detection type   : velocity
# GF reference type   : single epoch
# GF threshold        : 0.050 (m/s)
# MW detection type   : sigma
# MW reference type   : rolling average (window=50epochs)
# MW threshold        : 4.000 (sigmas)
# ------------------------------------------
# Quality Report:
# ------------------------------------------
# For each satellite
% PRN, STD(MP1), STD(MP2), STD(MP5), # of slips/nobs (MP1, MP2, MP5, GF, MW, IOD(L1))
  G01,   0.2253,   0.3066,   0.3054,    21 /  1257,    17 /  1245,    17 /  1257,    18 /  1257,     7 /  1257,    20 /  1257
  G02,   0.2217,   0.4066,     ----,    15 /  1157,    17 /  1157,     0 /     0,     8 /  1157,    12 /  1157,    13 /  1157
  G03,   0.2096,   0.2975,   0.2336,    12 /   922,    11 /   918,     5 /   922,     6 /   922,     7 /   922,    11 /   922
  G04,   0.1781,   0.2083,   0.2071,     9 /   883,     9 /   883,     9 /   883,     7 /   883,     5 /   883,     8 /   883
  G05,   0.1735,   0.2389,     ----,     5 /   844,     5 /   844,     0 /     0,     3 /   844,     3 /   844,     4 /   844
  G06,   0.1909,   0.2486,   0.2125,     2 /   839,     3 /   839,     3 /   839,     1 /   839,     4 /   839,     2 /   839
  G07,   0.1865,   0.2594,     ----,     4 /  1026,     4 /  1026,     0 /     0,     2 /  1026,     1 /  1026,     2 /  1026
  G08,   0.2405,   0.2853,   0.2194,    16 /  1076,    11 /  1063,    11 /  1076,     8 /  1076,     6 /  1076,    15 /  1076
  G09,   0.2069,   0.2277,   0.1815,     5 /   782,     5 /   778,     5 /   782,     2 /   782,     6 /   782,     5 /   782
  G10,   0.1549,   0.2301,   0.2059,     4 /  1066,     3 /  1064,     2 /  1066,     3 /  1066,     3 /  1066,     2 /  1066
  G11,   0.1934,   0.2424,   0.2071,    12 /   959,    11 /   958,    11 /   959,     6 /   959,     5 /   959,     9 /   959
  G12,   0.2210,   0.2894,     ----,     2 /   860,     0 /   860,     0 /     0,     1 /   860,    10 /   860,     2 /   860
  G13,   0.2324,   0.3325,     ----,    19 /  1133,    19 /  1133,     0 /     0,     8 /  1133,    14 /  1133,    15 /  1133
  G14,   0.1867,   0.2185,   0.2030,    14 /  1072,    12 /  1071,    14 /  1072,    12 /  1072,     7 /  1072,    14 /  1072
  G15,   0.1922,   0.2843,     ----,     0 /   772,     1 /   772,     0 /     0,     0 /   772,     8 /   772,     0 /   772
  G16,   0.1949,   0.2864,     ----,     9 /   700,     9 /   700,     0 /     0,     2 /   700,     6 /   700,     7 /   700
  G17,   0.1856,   0.2317,     ----,     2 /   986,     2 /   986,     0 /     0,     0 /   986,     2 /   986,     1 /   986
  G18,   0.2136,   0.2493,   0.2509,     9 /  1016,     9 /  1015,     7 /  1016,     7 /  1016,     2 /  1016,     9 /  1016
  G19,   0.1762,   0.2620,     ----,     9 /  1026,    12 /  1026,     0 /     0,     2 /  1026,     4 /  1026,     8 /  1026
  G20,   0.1847,   0.3280,     ----,     2 /   744,     2 /   744,     0 /     0,     1 /   744,     4 /   744,     1 /   744
  G21,   0.2083,   0.3175,   0.2609,    45 /   921,    39 /   912,    49 /   921,    41 /   921,    10 /   921,    42 /   921
  G22,   0.1792,   0.2885,     ----,     3 /  1052,     4 /  1052,     0 /     0,     1 /  1052,     9 /  1052,     3 /  1052
  G23,   0.1667,   0.2168,   0.1722,    10 /  1063,    11 /  1063,    11 /  1063,     8 /  1063,     3 /  1063,    10 /  1063
  G24,   0.2429,   0.2962,   0.2845,    19 /  1296,    14 /  1282,     9 /  1296,     9 /  1296,    16 /  1296,    15 /  1296
  G25,   0.2542,   0.3001,   0.2725,     9 /  1126,     9 /  1125,     9 /  1124,     7 /  1126,     9 /  1126,    10 /  1126
  G26,   0.2407,   0.3233,   0.2937,    16 /   924,    11 /   906,     8 /   924,     6 /   924,    21 /   924,     8 /   924
  G27,   0.2617,   0.3276,   0.2740,     8 /  1234,    10 /  1228,     6 /  1233,     5 /  1234,    12 /  1234,     8 /  1234
  G28,   0.1822,   0.2159,   0.1860,    13 /   838,    12 /   837,    13 /   838,    12 /   838,     2 /   838,    13 /   838
  G29,   0.1706,   0.2227,     ----,     2 /   807,     2 /   807,     0 /     0,     1 /   807,     3 /   807,     2 /   807
  G30,   0.1582,   0.2401,   0.2163,     2 /   855,     1 /   848,     1 /   855,     2 /   855,     3 /   855,     2 /   855
  G31,   0.1738,   0.2438,     ----,     2 /   887,     2 /   887,     0 /     0,     0 /   887,     4 /   887,     1 /   887
  G32,   0.1865,   0.2137,   0.1963,     3 /  1027,     2 /  1025,     3 /  1027,     3 /  1027,     4 /  1027,     3 /  1027
  R01,     ----,     ----,     ----,     0 /     0,     0 /     0,     0 /     0,     0 /     0,     0 /     0,     0 /     0
  R02,   0.2258,   0.3579,     ----,     5 /   916,     7 /   916,     0 /     0,     4 /   916,     4 /   916,     5 /   916
  R03,   0.2529,   0.3660,     ----,     2 /   984,     5 /   984,     0 /     0,     2 /   984,     2 /   984,     3 /   984
  R04,   0.2567,   0.4128,     ----,     6 /   924,     8 /   924,     0 /     0,     3 /   924,     6 /   924,     6 /   924
  R05,   0.2292,   0.4018,     ----,     3 /   840,     5 /   840,     0 /     0,     2 /   840,     8 /   840,     2 /   840
  R06,     ----,     ----,     ----,     0 /     0,     0 /     0,     0 /     0,     0 /     0,     0 /     0,     0 /     0
  R07,   0.2644,   0.4041,     ----,     7 /  1144,     9 /  1144,     0 /     0,     3 /  1144,     5 /  1144,     6 /  1144
  R08,   0.2707,   0.4079,     ----,     1 /  1068,     3 /  1068,     0 /     0,     0 /  1068,     2 /  1068,     1 /  1068
  R09,   0.2289,   0.3730,   0.3303,     3 /  1050,     2 /  1049,     4 /  1050,     3 /  1050,     4 /  1050,     3 /  1050
  R10,     ----,     ----,     ----,     0 /     0,     0 /     0,     0 /     0,     0 /     0,     0 /     0,     0 /     0
  R11,   0.2651,   0.3762,     ----,     4 /  1020,     8 /  1020,     0 /     0,     6 /  1020,    10 /  1020,     6 /  1020
  R12,   0.2299,   0.3956,     ----,     4 /  1192,     7 /  1192,     0 /     0,     3 /  1192,     7 /  1192,     3 /  1192
  R13,     ----,     ----,     ----,     0 /     0,     0 /     0,     0 /     0,     0 /     0,     0 /     0,     0 /     0
  R14,   0.3182,   0.3759,     ----,     5 /   748,    17 /   748,     0 /     0,     2 /   748,     4 /   748,     5 /   748
  R15,   0.2934,   0.3553,     ----,     0 /   701,     3 /   701,     0 /     0,     0 /   701,     2 /   701,     0 /   701
  R16,   0.2591,   0.3359,     ----,     4 /   917,     4 /   917,     0 /     0,     3 /   917,     4 /   917,     3 /   917
  R17,   0.2852,   0.4208,     ----,     7 /   809,    16 /   809,     0 /     0,     5 /   809,     9 /   809,     6 /   809
  R18,   0.2805,   0.4028,     ----,     4 /   984,     4 /   984,     0 /     0,     4 /   984,     3 /   984,     4 /   984
  R19,   0.2685,   0.4354,     ----,     1 /  1017,     5 /  1017,     0 /     0,     0 /  1017,     3 /  1017,     0 /  1017
  R20,   0.3097,   0.3618,     ----,     3 /   726,     3 /   726,     0 /     0,     3 /   726,     6 /   726,     3 /   726
  R21,   0.2553,   0.3912,   0.3444,     9 /  1095,     6 /  1090,     4 /  1095,     7 /  1095,     5 /  1095,     9 /  1095
  R22,   0.3022,   0.3653,     ----,     7 /  1195,     6 /  1195,     0 /     0,     5 /  1195,     5 /  1195,     5 /  1195
  R23,     ----,     ----,     ----,     0 /     0,     0 /     0,     0 /     0,     0 /     0,     0 /     0,     0 /     0
  R24,   0.2250,   0.3895,     ----,     1 /   706,     2 /   706,     0 /     0,     1 /   706,     4 /   706,     1 /   706
  E02,   0.2946,   0.3107,   0.2893,    16 /  1398,    12 /  1395,    10 /  1386,     4 /  1398,    11 /  1398,     8 /  1398
  E03,   0.1967,   0.2029,   0.1794,     5 /  1335,     5 /  1334,     5 /  1335,     4 /  1335,     3 /  1335,     5 /  1335
  E04,   0.2962,   0.2711,   0.2452,     4 /   937,     3 /   932,     4 /   937,     4 /   937,     5 /   937,     4 /   937
  E05,   0.2203,   0.2042,   0.2066,     6 /  1356,     5 /  1356,     5 /  1356,     3 /  1356,     7 /  1356,     5 /  1356
  E06,   0.2295,   0.2400,   0.2287,     9 /  1088,    10 /  1088,     9 /  1086,     5 /  1088,     3 /  1088,     7 /  1088
  E07,   0.2565,   0.2690,   0.2241,    11 /   861,     7 /   861,     7 /   860,     5 /   861,     3 /   861,     7 /   861
  E08,   0.2120,   0.2845,   0.2227,     3 /  1007,     3 /  1006,     2 /  1007,     2 /  1007,     2 /  1007,     3 /  1007
  E09,   0.2469,   0.2583,   0.2409,     9 /  1230,     9 /  1230,     9 /  1229,     3 /  1230,     5 /  1230,     8 /  1230
  E10,   0.2004,   0.2249,   0.1885,     3 /  1225,     3 /  1225,     3 /  1225,     2 /  1225,     1 /  1225,     2 /  1225
  E11,   0.2071,   0.2316,   0.1914,     5 /  1338,     4 /  1336,     5 /  1338,     6 /  1338,     5 /  1338,     6 /  1338
  E12,   0.2343,   0.2245,   0.2173,     6 /  1082,     7 /  1082,     6 /  1081,     4 /  1082,     3 /  1082,     6 /  1082
  E13,   0.2404,   0.2503,   0.2388,     9 /   456,     7 /   455,     7 /   456,     4 /   456,     2 /   456,     5 /   456
  E15,   0.2371,   0.2727,   0.2357,    11 /  1249,    10 /  1247,     7 /  1249,     8 /  1249,     9 /  1249,    12 /  1249
  E16,   0.2923,   0.3136,   0.2773,    18 /  1707,    11 /  1705,    13 /  1697,    11 /  1707,    14 /  1707,    12 /  1707
  E19,   0.4171,   0.3482,   0.3409,     4 /   665,     3 /   665,     2 /   653,     0 /   665,     2 /   665,     1 /   665
  E21,   0.3721,   0.2364,   0.2444,     1 /   324,     1 /   324,     1 /   324,     0 /   324,     1 /   324,     1 /   324
  E23,   0.2259,   0.3027,   0.2944,     1 /   379,     1 /   379,     1 /   378,     0 /   379,     3 /   379,     1 /   379
  E24,   0.2803,   0.2983,   0.2714,    12 /  1642,    14 /  1642,    14 /  1628,    10 /  1642,     8 /  1642,    10 /  1642
  E25,   0.2922,   0.3221,   0.2780,    27 /  1645,    17 /  1635,    17 /  1635,    12 /  1645,    15 /  1645,    16 /  1645
  E26,   0.4000,   0.2785,   0.2983,     4 /   289,     2 /   289,     2 /   289,     1 /   289,     0 /   289,     1 /   289
  E27,   0.2129,   0.2271,   0.1688,     1 /   850,     1 /   849,     0 /   850,     1 /   850,     1 /   850,     2 /   850
  E29,   0.4176,   0.3438,   0.2990,     7 /   818,     3 /   818,     5 /   808,     1 /   818,    11 /   818,     3 /   818
  E30,   0.1855,   0.1779,   0.1644,     0 /  1162,     0 /  1162,     0 /  1162,     0 /  1162,     1 /  1162,     0 /  1162
  E31,   0.3121,   0.2921,   0.3078,    10 /   981,     8 /   978,     7 /   977,     5 /   981,    12 /   981,     8 /   981
  E33,   0.3773,   0.2759,   0.2873,     2 /   644,     2 /   644,     3 /   643,     1 /   644,    10 /   644,     2 /   644
  E34,   0.2845,   0.2719,   0.2790,    11 /  1615,     7 /  1613,     4 /  1613,     5 /  1615,    10 /  1615,     7 /  1615
  E36,   0.3508,   0.3034,   0.2874,     8 /  1474,     5 /  1474,     6 /  1468,     0 /  1474,     8 /  1474,     2 /  1474
  J02,   0.2237,   0.2116,   0.2382,    23 /  2193,    23 /  2193,    23 /  2193,    22 /  2193,     4 /  2193,    22 /  2193
  J03,   0.2162,   0.2169,   0.2379,    26 /  2316,    24 /  2314,    25 /  2316,    22 /  2316,    13 /  2316,    22 /  2316
  J07,   0.2592,   0.1112,   0.0633,   117 /  2880,   117 /  2880,   117 /  2880,   117 /  2880,    44 /  2880,   117 /  2880
  S27,     ----,     ----,     ----,     0 /     0,     0 /     0,     0 /     0,     0 /     0,     0 /     0,     0 /     0
  S28,     ----,     ----,     ----,     0 /     0,     0 /     0,     0 /     0,     0 /     0,     0 /     0,     0 /     0
  S29,     ----,     ----,     ----,     0 /     0,     0 /     0,     0 /     0,     0 /     0,     0 /     0,     0 /     0
  S32,     ----,     ----,     ----,     0 /     0,     0 /     0,     0 /     0,     0 /     0,     0 /     0,     0 /     0
  S34,     ----,     ----,     ----,     0 /     0,     0 /     0,     0 /     0,     0 /     0,     0 /     0,     0 /     0
  S37,     ----,     ----,     ----,     0 /     0,     0 /     0,     0 /     0,     0 /     0,     0 /     0,     0 /     0
  I02,     ----,   0.2638,   0.1992,     0 /     0,     0 /  2880,     0 /  2880,     0 /  2880,     2 /  2880,     0 /  2880
  I03,     ----,     ----,     ----,     0 /     0,  1348 /  1349,  1348 /  1349,     0 /  1349,     0 /  1349,     0 /  1349
  I06,     ----,   0.1701,   0.2130,     0 /     0,     0 /  2880,     0 /  2880,     0 /  2880,     1 /  2880,     0 /  2880
  I09,     ----,   0.2585,   0.2053,     0 /     0,     0 /  2880,     0 /  2880,     0 /  2880,     1 /  2880,     0 /  2880
  I10,     ----,   0.2732,   0.2290,     0 /     0,     0 /  2880,     0 /  2880,     0 /  2880,     3 /  2880,     0 /  2880
# ------------------------------------------
# Summary of each satellite system
% SYS, STD(MP1), STD(MP2), STD(MP5), # of slips/nobs (MP1, MP2, MP5, GF, MW, IOD(L1))
    G,   0.2041,   0.2762,   0.2373,   303 / 31150,   279 / 31054,   193 / 19153,   192 / 31150,   212 / 31150,   265 / 31150
    R,   0.2646,   0.3874,   0.3376,    76 / 18036,   120 / 18030,     8 /  2145,    56 / 18036,    93 / 18036,    71 / 18036
    E,   0.2753,   0.2714,   0.2495,   203 / 28757,   160 / 28724,   154 / 28670,   101 / 28757,   155 / 28757,   144 / 28757
    J,   0.2360,   0.1812,   0.1901,   166 /  7389,   164 /  7387,   165 /  7389,   161 /  7389,    61 /  7389,   161 /  7389
    S,     ----,     ----,     ----,     0 /     0,     0 /     0,     0 /     0,     0 /     0,     0 /     0,     0 /     0
    I,     ----,     ----,     ----,     0 /     0,  1348 / 12869,  1348 / 12869,     0 / 12869,     7 / 12869,     0 / 12869
