# ------------------------------------------
# Quality Check Summary by Ringo software
# ------------------------------------------
# Executed at            : 2026/03/16 12:34:27 UTC
# ------------------------------------------
# QC of RINEX file       : D:\Master in Geoinformatics\Semester 2\GNSS Survey Mapping\Lab\Lab 2\ringo\Data\3\bomb1990.25o.gz
# input RnxNav files     : D:\Master in Geoinformatics\Semester 2\GNSS Survey Mapping\Lab\Lab 2\ringo\BRDC\3\BRDC00IGS_R_20251990000_01D_MN.rnx.gz
# ------------------------------------------
# Marker                 : BOMB                                                        
# Receiver               : TRIMBLE ALLOY       
# Antenna                : TRM159900.00    SCIS
# Time of Start          : 2025/07/18 00:00:00.000
# Time of End            : 2025/07/18 23:59:30.000
# Approx XYZ             :   1770512.4146,   5761891.6065,   2077904.6216
# Observation Interval   : 30.0000 seconds
# Satellite systems      : GREJCI
#                        : G01G02G03G04G05G06G07G08G09G10G11G12G13G14G15G16G17G18G19G20G21G22G23G24G25G26G27G28G29G30G31G32
#                        : R01R02R03R04R05R06R07R08R09R10R11R12R13R14R15R16R17R18R19R20R21R22R23R24
#                        : E02E03E04E05E06E07E08E09E10E11E12E13E15E16E19E21E23E24E25E26E27E29E30E31E33E34E36
#                        : J02J03J04J07
#                        : C01C02C03C05C06C11C12C13C14C16C19C20C21C22C23C24C25C26C27C28C29C30C32C33C34C35C36C37C38C39C40C41C42C43C44C45C47C48C49C50C59C60
#                        : I02I03I06I09I10
# Total satellites       : 134
# Number of obs epochs   : 2880
# Number of obs data     : 162673
# N Expected epochs      : 2880
# Observation rate (%)   : 100.00
# N obs data     (>10deg): 135586
# N possible obs (> 0deg): 177227
# N possible obs (>10deg): 142284
# ------------------------------------------
# Number of obs epochs for each SV:
# ------------------------------------------
# GPS
%      C1C  L1C  S1C  C2W  L2W  S2W  C2X  L2X  S2X  C5X  L5X  S5X
G01   1185 1166 1185 1135 1119 1135 1185 1185 1185 1185 1185 1185
G02   1138 1116 1138 1073 1060 1073    0    0    0    0    0    0
G03    643  634  643  642  633  642  641  641  641  643  643  643
G04    731  730  731  727  727  727  731  731  731  731  731  731
G05    791  769  791  791  769  791  789  789  789    0    0    0
G06    731  721  731  731  721  731  731  731  731  731  731  731
G07   1052 1039 1052 1050 1038 1050 1052 1052 1052    0    0    0
G08    978  935  978  971  930  971  978  978  978  978  978  978
G09    671  666  671  669  664  669  668  668  668  671  671  671
G10   1074 1073 1074 1073 1073 1073 1074 1074 1074 1074 1074 1074
G11    917  912  917  906  902  906  917  917  917  917  917  917
G12    672  662  672  672  662  672  672  672  672    0    0    0
G13   1186 1141 1186 1030 1006 1030    0    0    0    0    0    0
G14   1082 1065 1082 1082 1065 1082 1082 1082 1082 1082 1082 1082
G15    771  757  771  765  754  765  771  771  771    0    0    0
G16    685  669  685  660  651  660    0    0    0    0    0    0
G17    968  961  968  967  961  967  968  968  968    0    0    0
G18    976  943  976  968  936  968  976  976  976  976  976  976
G19   1003  991 1003 1001  989 1001    0    0    0    0    0    0
G20    729  717  729  694  687  694    0    0    0    0    0    0
G21    742  727  742  724  711  724  742  742  742  742  742  742
G22   1084 1067 1084 1075 1059 1075    0    0    0    0    0    0
G23   1063 1061 1063 1059 1057 1059 1063 1063 1063 1063 1063 1063
G24   1228 1177 1228 1225 1175 1225 1228 1228 1228 1228 1228 1228
G25    956  923  956  951  919  951  956  956  956  956  956  956
G26    791  773  791  789  771  789  790  790  790  791  791  791
G27   1212 1178 1212 1203 1173 1203 1212 1212 1212 1212 1212 1212
G28    785  773  785  768  757  768  785  785  785  785  785  785
G29    680  676  680  679  675  679  680  680  680    0    0    0
G30    712  708  712  711  707  711  711  711  711  712  712  712
G31    826  816  826  825  816  825  826  826  826    0    0    0
G32   1006 1006 1006 1006 1006 1006 1005 1005 1005 1006 1006 1006
# ------------------------------------------
# GLONASS
%      C1C  L1C  S1C  C1P  L1P  S1P  C2C  L2C  S2C  C2P  L2P  S2P  C3X  L3X  S3X
R01    696  696  696  685  685  685    1    0    1    0    0    0    0    0    0
R02    888  888  888  888  888  888  888  888  888  883  881  883    0    0    0
R03   1009 1009 1009 1009 1008 1009 1009 1008 1009 1004 1004 1004    0    0    0
R04    884  883  884  863  860  863  854  853  854  825  821  825    0    0    0
R05    586  585  586  586  583  586  586  586  586  585  585  585    0    0    0
R06    693  693  693  632  630  632    0    0    0    0    0    0    0    0    0
R07   1039 1039 1039 1019 1017 1019 1033 1029 1033 1010 1009 1010    0    0    0
R08    940  939  940  921  920  921  940  940  940  923  922  923    0    0    0
R09   1084 1084 1084 1084 1081 1084 1084 1083 1084 1076 1076 1076 1081 1079 1081
R10    995  994  995  936  933  936    0    0    0    0    0    0    0    0    0
R11    780  780  780  779  779  779  780  780  780  778  777  778    0    0    0
R12    995  994  995  994  993  994  994  994  994  977  970  977    0    0    0
R13    825  822  825  797  794  797    0    0    0    0    0    0    0    0    0
R14    623  622  623  619  618  619  623  623  623  613  610  613    0    0    0
R15    691  691  691  691  689  691  691  690  691  681  680  681    0    0    0
R16    884  884  884  884  884  884  884  884  884  878  878  878    0    0    0
R17    569  569  569  564  563  564  566  565  566  553  553  553    0    0    0
R18    846  845  846  841  838  841  846  846  846  844  842  844    0    0    0
R19    906  906  906  896  894  896  900  900  900  890  888  890    0    0    0
R20    506  505  506  478  478  478  506  506  506  506  506  506    0    0    0
R21   1063 1063 1063 1062 1061 1062 1060 1059 1060 1055 1054 1055 1059 1058 1059
R22   1218 1218 1218 1218 1218 1218 1218 1217 1218 1210 1207 1210    0    0    0
R23   1146 1145 1146 1123 1121 1123    1    0    1    0    0    0    0    0    0
R24    585  585  585  585  585  585  585  585  585  585  584  585    0    0    0
# ------------------------------------------
# Galileo
%      C1X  L1X  S1X  C5X  L5X  S5X  C7X  L7X  S7X  C8X  L8X  S8X  C6X  L6X  S6X
E02   1182 1181 1182 1182 1182 1182 1182 1182 1182 1182 1182 1182 1182 1181 1182
E03   1381 1381 1381 1381 1381 1381 1381 1381 1381 1381 1381 1381 1381 1381 1381
E04   1107 1107 1107 1107 1107 1107 1107 1107 1107 1107 1107 1107 1104 1104 1104
E05   1386 1385 1386 1386 1386 1386 1386 1386 1386 1386 1386 1386 1386 1385 1386
E06   1122 1119 1122 1120 1120 1120 1120 1120 1120 1122 1121 1122 1121 1118 1121
E07    761  761  761  761  761  761  761  761  761  761  761  761  761  761  761
E08    859  858  859  858  858  858  859  859  859  859  859  859  858  857  858
E09   1136 1134 1136 1136 1136 1136 1136 1136 1136 1136 1136 1136 1136 1134 1136
E10   1235 1234 1235 1234 1234 1234 1235 1235 1235 1235 1234 1235 1235 1234 1235
E11   1239 1237 1239 1237 1237 1237 1239 1239 1239 1239 1239 1239 1237 1235 1237
E12   1076 1076 1076 1074 1074 1074 1075 1075 1075 1076 1076 1076 1074 1074 1074
E13    463  463  463  463  463  463  463  463  463  463  463  463  463  463  463
E15   1263 1261 1263 1261 1260 1261 1261 1261 1261 1263 1263 1263 1262 1260 1262
E16   1671 1669 1671 1671 1670 1671 1671 1671 1671 1671 1671 1671 1670 1668 1670
E19    572  568  572  559  556  559  568  568  568  572  572  572  572  568  572
E21    146  143  146  145  145  145  146  146  146  146  146  146  145  142  145
E23    391  391  391  390  390  390  391  391  391  391  391  391  391  391  391
E24   1617 1610 1617 1616 1615 1616 1617 1617 1617 1617 1617 1617 1614 1608 1614
E25   1668 1664 1668 1668 1668 1668 1668 1668 1668 1668 1668 1668 1667 1663 1667
E26    309  308  309  309  309  309  309  309  309  309  309  309  309  308  309
E27    890  889  890  890  890  890  890  890  890  890  890  890  890  889  890
E29    481  475  481  477  475  477  479  478  479  481  481  481  480  474  480
E30   1151 1151 1151 1151 1151 1151 1151 1151 1151 1151 1151 1151 1151 1151 1151
E31    851  849  851  851  851  851  851  851  851  851  851  851  850  848  850
E33    559  557  559  556  556  556  556  556  556  558  558  558  557  555  557
E34   1573 1570 1573 1560 1559 1560 1569 1569 1569 1571 1571 1571 1568 1565 1568
E36   1108 1105 1108 1107 1107 1107 1108 1108 1108 1108 1108 1108 1108 1105 1108
# ------------------------------------------
# QZSS
%      C1C  L1C  S1C  C1X  L1X  S1X  C1Z  L1Z  S1Z  C2X  L2X  S2X  C5X  L5X  S5X
J02   2099 2042 2099 2099 2094 2099 2092 2036 2092 2098 2098 2098 2099 2098 2099
J03   2100 2064 2100 2100 2099 2100 2097 2062 2097 2100 2100 2100 2100 2100 2100
J04   2432 2380 2432 2432 2432 2432 2429 2380 2429 2432 2432 2432 2432 2432 2432
J07   2877 1439 2877 2877 2877 2877 2864 1439 2864 2877 2877 2877 2877 2877 2877
# ------------------------------------------
# Beidou
%      C1X  L1X  S1X  C5X  L5X  S5X  C2I  L2I  S2I  C7I  L7I  S7I  C6I  L6I  S6I
C01      0    0    0    0    0    0 2845 2618 2845 2803 2581 2803 2536 2345 2536
C02      0    0    0    0    0    0 2880 2880 2880 2880 2880 2880 2880 2880 2880
C03      0    0    0    0    0    0 2880 2880 2880 2880 2880 2880 2880 2880 2880
C05      0    0    0    0    0    0 2880 2880 2880 2880 2880 2880 2880 2880 2880
C06      0    0    0    0    0    0 2613 2612 2613 2613 2611 2613 2613 2611 2613
C11      0    0    0    0    0    0 1344 1339 1344 1341 1336 1341 1341 1336 1341
C12      0    0    0    0    0    0 1124 1120 1124 1123 1119 1123 1123 1119 1123
C13      0    0    0    0    0    0 2642 2642 2642 2639 2638 2639 2639 2638 2639
C14      0    0    0    0    0    0  765  764  765  763  762  763  763  762  763
C16      0    0    0    0    0    0 2622 2621 2622 2618 2617 2618 2618 2616 2618
C19    864  863  864  869  869  869  869  869  869    0    0    0  867  867  867
C20    677  677  677  681  681  681  681  680  681    0    0    0  680  680  680
C21   1215 1214 1215 1215 1215 1215 1215 1215 1215    0    0    0 1214 1214 1214
C22   1102 1102 1102 1101 1101 1101 1102 1102 1102    0    0    0 1101 1101 1101
C23   1169 1169 1169 1169 1169 1169 1169 1169 1169    0    0    0 1168 1168 1168
C24   1035 1031 1035 1035 1035 1035 1035 1034 1035    0    0    0 1032 1030 1032
C25   1223 1218 1223 1225 1224 1225 1225 1225 1225    0    0    0 1222 1222 1222
C26   1002  995 1002 1003 1002 1003 1006 1005 1006    0    0    0 1004 1002 1004
C27    646  644  646  664  663  664  664  663  664    0    0    0  662  661  662
C28    760  760  760  760  760  760  760  760  760    0    0    0  760  760  760
C29    893  892  893  896  896  896  897  896  897    0    0    0  894  894  894
C30    885  881  885  885  885  885  886  886  886    0    0    0  885  885  885
C32    991  990  991  990  990  990  991  991  991    0    0    0  989  989  989
C33    754  754  754  755  755  755  755  755  755    0    0    0  754  753  754
C34   1447 1441 1447 1452 1452 1452 1452 1450 1452    0    0    0 1451 1449 1451
C35    824  823  824  825  824  825  825  824  825    0    0    0  820  818  820
C36    950  942  950  952  952  952  952  950  952    0    0    0  949  944  949
C37    493  493  493  495  495  495  495  494  495    0    0    0  494  493  494
C38   2378 2377 2378 2378 2377 2378 2380 2378 2380    0    0    0 2379 2377 2379
C39   2405 2403 2405 2405 2405 2405 2405 2403 2405    0    0    0 2403 2401 2403
C40   2451 2448 2451 2448 2448 2448 2454 2453 2454    0    0    0 2451 2450 2451
C41    855  855  855  854  854  854  855  854  855    0    0    0  853  851  853
C42   1159 1154 1159 1158 1158 1158 1159 1158 1159    0    0    0 1158 1157 1158
C43   1250 1244 1250 1245 1244 1245 1263 1259 1263    0    0    0 1259 1255 1259
C44    977  976  977  993  993  993  993  990  993    0    0    0  993  989  993
C45   1433 1431 1433 1434 1434 1434 1434 1434 1434    0    0    0 1434 1434 1434
C47    865  865  865  866  866  866  867  867  867    0    0    0  866  865  866
C48    792  790  792  793  793  793  793  793  793    0    0    0  793  792  793
C49    884  883  884  888  888  888  888  888  888    0    0    0  887  887  887
C50   1222 1221 1222 1224 1224 1224 1224 1222 1224    0    0    0 1222 1220 1222
C59      0    0    0    0    0    0 2880 2866 2880    0    0    0 2880 2866 2880
C60      0    0    0    0    0    0 2880 2880 2880    0    0    0 2880 2880 2880
# ------------------------------------------
# NavIC/IRNSS
%      C5A  L5A  S5A
I02   2880 2880 2880
I03   2880 2880 2880
I06   2880 2880 2880
I09   2880 2880 2880
I10   2880 2880 2880
# ------------------------------------------
# Cycle slip detection settings:
# ------------------------------------------
# Elmask (slip count ): 10.0
# Elmask (slip detect): 0.0
# MP detection type   : offset
# MP reference type   : rolling average (window=50epochs)
# MP threshold        : 2.000 (m)
# GF detection type   : velocity
# GF reference type   : single epoch
# GF threshold        : 0.050 (m/s)
# MW detection type   : sigma
# MW reference type   : rolling average (window=50epochs)
# MW threshold        : 4.000 (sigmas)
# ------------------------------------------
# Quality Report:
# ------------------------------------------
# For each satellite
% PRN, STD(MP1), STD(MP2), STD(MP5), # of slips/nobs (MP1, MP2, MP5, GF, MW, IOD(L1))
  G01,   0.2284,   0.4150,   0.2282,    20 /  1166,    21 /  1166,     0 /  1166,    16 /  1166,    20 /  1166,    17 /  1166
  G02,   0.2426,   0.4271,     ----,     6 /  1060,     9 /  1060,     0 /     0,     4 /  1060,     9 /  1060,     5 /  1060
  G03,   0.1695,   0.2685,   0.3110,     4 /   634,     4 /   634,     2 /   634,     2 /   634,     1 /   634,     4 /   634
  G04,   0.1830,   0.3104,   0.1656,     5 /   730,     5 /   730,     3 /   730,     4 /   730,     2 /   730,     5 /   730
  G05,   0.1691,   0.3189,     ----,     4 /   769,     5 /   769,     0 /     0,     2 /   769,     9 /   769,     2 /   769
  G06,   0.1886,   0.2590,   0.1921,     2 /   721,     2 /   721,     0 /   721,     1 /   721,     2 /   721,     1 /   721
  G07,   0.1821,   0.3021,     ----,     5 /  1039,     5 /  1039,     0 /     0,     2 /  1039,     3 /  1039,     2 /  1039
  G08,   0.2471,   0.3393,   0.2242,    13 /   935,    14 /   935,    10 /   935,     5 /   935,     6 /   935,     9 /   935
  G09,   0.1786,   0.3245,   0.1606,     6 /   666,     4 /   665,     4 /   666,     5 /   666,     3 /   666,     5 /   666
  G10,   0.1666,   0.2866,   0.1659,     0 /  1073,     0 /  1073,     0 /  1073,     0 /  1073,     3 /  1073,     0 /  1073
  G11,   0.1923,   0.3259,   0.2090,    15 /   912,    16 /   912,     2 /   912,    15 /   912,     6 /   912,    16 /   912
  G12,   0.1378,   0.2536,     ----,     3 /   662,     3 /   662,     0 /     0,     1 /   662,     4 /   662,     2 /   662
  G13,   0.1923,   0.3926,     ----,     2 /  1006,     2 /  1006,     0 /     0,     0 /  1006,     5 /  1006,     1 /  1006
  G14,   0.1763,   0.2972,   0.1717,     1 /  1065,     2 /  1065,     0 /  1065,     1 /  1065,     1 /  1065,     1 /  1065
  G15,   0.2120,   0.3286,     ----,     9 /   757,    10 /   757,     0 /     0,     4 /   757,     6 /   757,     8 /   757
  G16,   0.1767,   0.3304,     ----,     0 /   651,     0 /   651,     0 /     0,     0 /   651,     0 /   651,     0 /   651
  G17,   0.1781,   0.3422,     ----,     4 /   961,     5 /   961,     0 /     0,     3 /   961,     8 /   961,     3 /   961
  G18,   0.1995,   0.3153,   0.1992,    10 /   943,    10 /   943,     3 /   943,     8 /   943,     4 /   943,     8 /   943
  G19,   0.1710,   0.3375,     ----,     4 /   989,     5 /   989,     0 /     0,     1 /   989,     6 /   989,     3 /   989
  G20,   0.1599,   0.3214,     ----,     0 /   687,     0 /   687,     0 /     0,     0 /   687,     0 /   687,     0 /   687
  G21,   0.1858,   0.3496,   0.2110,    15 /   727,    15 /   727,     4 /   727,    12 /   727,     3 /   727,    12 /   727
  G22,   0.1591,   0.2951,     ----,     1 /  1059,     1 /  1059,     0 /     0,     0 /  1059,     2 /  1059,     1 /  1059
  G23,   0.1893,   0.2852,   0.1987,     7 /  1061,     7 /  1061,     1 /  1061,     6 /  1061,     4 /  1061,     7 /  1061
  G24,   0.2206,   0.3925,   0.2371,     4 /  1177,     4 /  1177,     3 /  1177,     3 /  1177,     8 /  1177,     4 /  1177
  G25,   0.2224,   0.3800,   0.2765,    20 /   923,    20 /   923,    12 /   923,     9 /   923,    10 /   923,    15 /   923
  G26,   0.2133,   0.3025,   0.2090,    10 /   773,    10 /   773,     7 /   773,     5 /   773,     5 /   773,     9 /   773
  G27,   0.2296,   0.3732,   0.2551,     6 /  1178,     6 /  1178,     0 /  1178,     5 /  1178,    17 /  1178,     5 /  1178
  G28,   0.2047,   0.3110,   0.1785,     4 /   773,     4 /   773,     0 /   773,     3 /   773,     0 /   773,     3 /   773
  G29,   0.1545,   0.2440,     ----,     3 /   676,     3 /   676,     0 /     0,     1 /   676,     5 /   676,     1 /   676
  G30,   0.1563,   0.3026,   0.1803,     2 /   708,     2 /   708,     1 /   708,     1 /   708,     6 /   708,     1 /   708
  G31,   0.1797,   0.3058,     ----,     1 /   816,     1 /   816,     0 /     0,     1 /   816,     2 /   816,     1 /   816
  G32,   0.1893,   0.3427,   0.2038,     5 /  1006,     6 /  1006,     2 /  1006,     0 /  1006,     3 /  1006,     4 /  1006
  R01,     ----,     ----,     ----,     0 /     0,     0 /     0,     0 /     0,     0 /     0,     0 /     0,     0 /     0
  R02,   0.2801,   0.2922,     ----,     2 /   888,     4 /   888,     0 /     0,     0 /   888,     7 /   888,     2 /   888
  R03,   0.2808,   0.2395,     ----,     6 /  1008,    10 /  1008,     0 /     0,     4 /  1008,     4 /  1008,     8 /  1008
  R04,   0.2897,   0.3038,     ----,    22 /   852,    26 /   852,     0 /     0,    20 /   852,     4 /   852,    22 /   852
  R05,   0.2324,   0.2067,     ----,     5 /   585,     5 /   585,     0 /     0,     3 /   585,     5 /   585,     5 /   585
  R06,     ----,     ----,     ----,     0 /     0,     0 /     0,     0 /     0,     0 /     0,     0 /     0,     0 /     0
  R07,   0.2606,   0.2654,     ----,    14 /  1029,    20 /  1029,     0 /     0,     6 /  1029,    10 /  1029,    13 /  1029
  R08,   0.3402,   0.2809,     ----,     9 /   939,    13 /   939,     0 /     0,     7 /   939,     7 /   939,    11 /   939
  R09,   0.2661,   0.2401,   0.3239,    10 /  1084,    13 /  1083,     3 /  1079,     9 /  1084,    12 /  1084,    10 /  1084
  R10,     ----,     ----,     ----,     0 /     0,     0 /     0,     0 /     0,     0 /     0,     0 /     0,     0 /     0
  R11,   0.1807,   0.1999,     ----,     1 /   780,     1 /   780,     0 /     0,     1 /   780,     4 /   780,     1 /   780
  R12,   0.3324,   0.3343,     ----,     5 /   994,    12 /   994,     0 /     0,     2 /   994,     7 /   994,     8 /   994
  R13,     ----,     ----,     ----,     0 /     0,     0 /     0,     0 /     0,     0 /     0,     0 /     0,     0 /     0
  R14,   0.3433,   0.2625,     ----,    10 /   622,     9 /   622,     0 /     0,     8 /   622,     4 /   622,     8 /   622
  R15,   0.2738,   0.2188,     ----,    13 /   690,    14 /   690,     0 /     0,    12 /   690,     1 /   690,    13 /   690
  R16,   0.2234,   0.2841,     ----,     9 /   884,    10 /   884,     0 /     0,     8 /   884,     7 /   884,     8 /   884
  R17,   0.2433,   0.2283,     ----,    10 /   565,     9 /   565,     0 /     0,     5 /   565,     9 /   565,    10 /   565
  R18,   0.2637,   0.2582,     ----,     5 /   845,     5 /   845,     0 /     0,     6 /   845,     2 /   845,     6 /   845
  R19,   0.3033,   0.2694,     ----,    14 /   900,    16 /   900,     0 /     0,    10 /   900,    12 /   900,    14 /   900
  R20,   0.2923,   0.2030,     ----,     1 /   506,     1 /   506,     0 /     0,     1 /   506,     4 /   506,     1 /   506
  R21,   0.2683,   0.2817,   0.2912,    11 /  1061,     9 /  1059,     4 /  1058,     9 /  1061,     7 /  1061,    10 /  1061
  R22,   0.2626,   0.2316,     ----,    13 /  1217,    14 /  1217,     0 /     0,    13 /  1217,     5 /  1217,    13 /  1217
  R23,     ----,     ----,     ----,     0 /     0,     0 /     0,     0 /     0,     0 /     0,     0 /     0,     0 /     0
  R24,   0.2124,   0.1937,     ----,     3 /   585,     4 /   585,     0 /     0,     2 /   585,     5 /   585,     3 /   585
  E02,   0.2494,   0.2372,   0.2163,     0 /  1181,     0 /  1181,     1 /  1181,     0 /  1181,     3 /  1181,     0 /  1181
  E03,   0.2217,   0.1942,   0.1751,     5 /  1381,     5 /  1381,     7 /  1381,     4 /  1381,     3 /  1381,     5 /  1381
  E04,   0.3768,   0.3042,   0.3048,     4 /  1107,     3 /  1107,     3 /  1107,     0 /  1107,     2 /  1107,     1 /  1107
  E05,   0.2184,   0.2196,   0.1899,     1 /  1385,     1 /  1385,     1 /  1385,     1 /  1385,     0 /  1385,     1 /  1385
  E06,   0.2994,   0.2784,   0.2571,    16 /  1118,    13 /  1117,    13 /  1117,     9 /  1118,    16 /  1118,    11 /  1118
  E07,   0.2357,   0.2189,   0.1921,     0 /   761,     0 /   761,     0 /   761,     0 /   761,     1 /   761,     0 /   761
  E08,   0.1916,   0.2045,   0.1879,     3 /   858,     4 /   858,     4 /   857,     2 /   858,     2 /   858,     2 /   858
  E09,   0.2648,   0.2245,   0.2198,     4 /  1134,     3 /  1134,     3 /  1134,     2 /  1134,     2 /  1134,     2 /  1134
  E10,   0.1963,   0.1752,   0.1678,     2 /  1234,     3 /  1234,     2 /  1233,     1 /  1234,     4 /  1234,     1 /  1234
  E11,   0.1985,   0.1888,   0.2004,     6 /  1237,     6 /  1237,     5 /  1235,     4 /  1237,    10 /  1237,     5 /  1237
  E12,   0.2683,   0.2166,   0.2061,     2 /  1075,     3 /  1075,     5 /  1074,     2 /  1075,     4 /  1075,     3 /  1075
  E13,   0.2006,   0.2132,   0.2015,     0 /   463,     0 /   463,     0 /   463,     0 /   463,     0 /   463,     0 /   463
  E15,   0.2387,   0.2727,   0.2366,    15 /  1260,    13 /  1259,    13 /  1258,     9 /  1260,    13 /  1260,    13 /  1260
  E16,   0.2633,   0.2433,   0.2381,     6 /  1669,     6 /  1669,     6 /  1668,     4 /  1669,     7 /  1669,     6 /  1669
  E19,   0.3967,   0.3611,   0.3850,     9 /   566,     5 /   564,     5 /   554,     3 /   566,     6 /   566,     4 /   566
  E21,   0.3308,   0.3666,   0.3725,     2 /   143,     2 /   143,     3 /   143,     2 /   143,     4 /   143,     2 /   143
  E23,   0.3302,   0.2511,   0.2338,     1 /   391,     1 /   391,     0 /   390,     1 /   391,     4 /   391,     1 /   391
  E24,   0.3215,   0.2726,   0.2566,     7 /  1610,     8 /  1610,    10 /  1608,     2 /  1610,    18 /  1610,     7 /  1610
  E25,   0.2875,   0.2663,   0.2626,    11 /  1664,    10 /  1664,    12 /  1664,     7 /  1664,    10 /  1664,     9 /  1664
  E26,   0.3638,   0.3573,   0.3133,     6 /   308,     7 /   308,     8 /   308,     4 /   308,     1 /   308,     7 /   308
  E27,   0.1915,   0.1983,   0.1750,     0 /   889,     0 /   889,     1 /   889,     0 /   889,     0 /   889,     0 /   889
  E29,   0.3803,   0.3274,   0.3267,    13 /   474,     9 /   472,     9 /   470,     7 /   474,    17 /   474,    14 /   474
  E30,   0.1683,   0.1576,   0.1578,     0 /  1151,     0 /  1151,     0 /  1151,     0 /  1151,     7 /  1151,     0 /  1151
  E31,   0.3175,   0.2325,   0.2895,     5 /   849,     5 /   849,     5 /   849,     4 /   849,    11 /   849,     4 /   849
  E33,   0.3295,   0.2738,   0.2839,     7 /   554,     5 /   554,     5 /   554,     1 /   554,     4 /   554,     3 /   554
  E34,   0.2625,   0.2558,   0.2460,    14 /  1565,    11 /  1565,    10 /  1555,     7 /  1565,    14 /  1565,    12 /  1565
  E36,   0.2963,   0.2402,   0.2499,    10 /  1105,    10 /  1105,    11 /  1104,     6 /  1105,     6 /  1105,     9 /  1105
  J02,   0.2523,   0.2702,   0.2671,    99 /  2098,    98 /  2098,   101 /  2098,    96 /  2098,    15 /  2098,    97 /  2098
  J03,   0.2327,   0.2232,   0.2254,    63 /  2100,    63 /  2100,    63 /  2100,    62 /  2100,     7 /  2100,    62 /  2100
  J04,   0.2221,   0.2228,   0.1993,    78 /  2432,    78 /  2432,    78 /  2432,    74 /  2432,    15 /  2432,    76 /  2432
  J07,   0.3153,   0.1249,   0.0706,   825 /  2877,   818 /  2877,   818 /  2877,   818 /  2877,    10 /  2877,   818 /  2877
  C01,   0.5189,   0.5289,     ----,    83 /  2581,    93 /  2581,     0 /     0,    28 /  2581,   149 /  2581,    51 /  2581
  C02,   0.1581,   0.0969,     ----,     0 /  2880,     0 /  2880,     0 /     0,     0 /  2880,     0 /  2880,     0 /  2880
  C03,   0.1742,   0.1249,     ----,     0 /  2880,     0 /  2880,     0 /     0,     0 /  2880,     4 /  2880,     0 /  2880
  C05,   0.1528,   0.0988,     ----,     0 /  2880,     0 /  2880,     0 /     0,     0 /  2880,     3 /  2880,     0 /  2880
  C06,   0.2446,   0.2346,     ----,     2 /  2611,     2 /  2611,     0 /     0,     1 /  2611,     9 /  2611,     2 /  2611
  C11,   0.2628,   0.2471,     ----,     3 /  1336,     3 /  1336,     0 /     0,     1 /  1336,    13 /  1336,     4 /  1336
  C12,   0.2549,   0.2328,     ----,     5 /  1119,     5 /  1119,     0 /     0,     3 /  1119,     9 /  1119,     4 /  1119
  C13,   0.1908,   0.2411,     ----,    13 /  2638,    14 /  2638,     0 /     0,     2 /  2638,    16 /  2638,    11 /  2638
  C14,   0.2152,   0.1935,     ----,     2 /   761,     2 /   761,     0 /     0,     2 /   761,     7 /   761,     2 /   761
  C16,   0.2482,   0.2544,     ----,     1 /  2617,     1 /  2617,     0 /     0,     1 /  2617,     8 /  2617,     4 /  2617
  C19,   0.2630,     ----,   0.2238,     3 /   869,     0 /     0,     3 /   869,     0 /   869,     6 /   869,     2 /   869
  C20,   0.2666,     ----,   0.2106,     5 /   681,     0 /     0,     5 /   681,     2 /   681,     3 /   681,     4 /   681
  C21,   0.2703,     ----,   0.1990,     0 /  1215,     0 /     0,     0 /  1215,     0 /  1215,     2 /  1215,     1 /  1215
  C22,   0.2373,     ----,   0.2156,     2 /  1101,     0 /     0,     4 /  1101,     1 /  1101,     3 /  1101,     2 /  1101
  C23,   0.1528,     ----,   0.1598,     2 /  1169,     0 /     0,     1 /  1169,     0 /  1169,     5 /  1169,     1 /  1169
  C24,   0.1934,     ----,   0.1959,     6 /  1035,     0 /     0,     7 /  1035,     3 /  1035,     3 /  1035,     5 /  1035
  C25,   0.2277,     ----,   0.1951,     6 /  1224,     0 /     0,     6 /  1224,     5 /  1224,     1 /  1224,     6 /  1224
  C26,   0.2355,     ----,   0.2455,     9 /  1002,     0 /     0,    10 /  1002,     5 /  1002,     7 /  1002,     5 /  1002
  C27,   0.2623,     ----,   0.2501,     8 /   663,     0 /     0,    10 /   663,     4 /   663,     5 /   663,     5 /   663
  C28,   0.2144,     ----,   0.1852,     0 /   760,     0 /     0,     0 /   760,     0 /   760,     3 /   760,     0 /   760
  C29,   0.1639,     ----,   0.1524,     4 /   895,     0 /     0,     5 /   895,     1 /   895,     4 /   895,     3 /   895
  C30,   0.2539,     ----,   0.2624,     2 /   885,     0 /     0,     4 /   885,     0 /   885,     5 /   885,     1 /   885
  C32,   0.2494,     ----,   0.2599,     4 /   990,     0 /     0,     5 /   990,     1 /   990,     6 /   990,     2 /   990
  C33,   0.2291,     ----,   0.2244,     5 /   755,     0 /     0,     6 /   755,     4 /   755,     2 /   755,     4 /   755
  C34,   0.2462,     ----,   0.2520,     6 /  1452,     0 /     0,     8 /  1452,     4 /  1452,     7 /  1452,     5 /  1452
  C35,   0.1634,     ----,   0.1995,     8 /   823,     0 /     0,    10 /   823,     5 /   823,     3 /   823,     6 /   823
  C36,   0.2485,     ----,   0.3057,    13 /   952,     0 /     0,    13 /   952,     6 /   952,     7 /   952,    10 /   952
  C37,   0.1286,     ----,   0.0986,     0 /   493,     0 /     0,     0 /   493,     1 /   493,     1 /   493,     1 /   493
  C38,   0.2755,     ----,   0.2285,     7 /  2377,     0 /     0,    10 /  2377,     4 /  2377,     9 /  2377,     5 /  2377
  C39,   0.2667,     ----,   0.2093,     6 /  2404,     0 /     0,     6 /  2404,     5 /  2404,    11 /  2404,     5 /  2404
  C40,   0.2718,     ----,   0.2271,    11 /  2448,     0 /     0,    14 /  2448,     4 /  2448,    11 /  2448,     8 /  2448
  C41,   0.2230,     ----,   0.2383,     9 /   854,     0 /     0,    10 /   854,     3 /   854,     5 /   854,     4 /   854
  C42,   0.1858,     ----,   0.1934,     8 /  1158,     0 /     0,     8 /  1158,     3 /  1158,     5 /  1158,     5 /  1158
  C43,   0.2234,     ----,   0.2945,    10 /  1244,     0 /     0,    13 /  1244,     7 /  1244,    21 /  1244,    14 /  1244
  C44,   0.2634,     ----,   0.2772,     6 /   991,     0 /     0,     9 /   991,     3 /   991,     7 /   991,     4 /   991
  C45,   0.2973,     ----,   0.2368,     3 /  1434,     0 /     0,     3 /  1434,     2 /  1434,     1 /  1434,     2 /  1434
  C47,   0.2492,     ----,   0.2179,     5 /   865,     0 /     0,     6 /   865,     2 /   865,     5 /   865,     2 /   865
  C48,   0.1888,     ----,   0.2272,     1 /   793,     0 /     0,     1 /   793,     1 /   793,     3 /   793,     1 /   793
  C49,   0.2126,     ----,   0.2265,     0 /   888,     0 /     0,     0 /   888,     0 /   888,     0 /   888,     0 /   888
  C50,   0.1588,     ----,   0.1919,     8 /  1224,     0 /     0,     8 /  1224,     5 /  1224,     3 /  1224,     7 /  1224
  C59,     ----,     ----,     ----,     0 /     0,     0 /     0,     0 /     0,     0 /     0,     0 /     0,     0 /     0
  C60,     ----,     ----,     ----,     0 /     0,     0 /     0,     0 /     0,     0 /     0,     0 /     0,     0 /     0
  I02,     ----,     ----,     ----,     0 /     0,     0 /     0,     0 /     0,     0 /     0,     0 /     0,     0 /     0
  I03,     ----,     ----,     ----,     0 /     0,     0 /     0,     0 /     0,     0 /     0,     0 /     0,     0 /     0
  I06,     ----,     ----,     ----,     0 /     0,     0 /     0,     0 /     0,     0 /     0,     0 /     0,     0 /     0
  I09,     ----,     ----,     ----,     0 /     0,     0 /     0,     0 /     0,     0 /     0,     0 /     0,     0 /     0
  I10,     ----,     ----,     ----,     0 /     0,     0 /     0,     0 /     0,     0 /     0,     0 /     0,     0 /     0
# ------------------------------------------
# Summary of each satellite system
% SYS, STD(MP1), STD(MP2), STD(MP5), # of slips/nobs (MP1, MP2, MP5, GF, MW, IOD(L1))
    G,   0.1935,   0.3320,   0.2134,   191 / 28303,   201 / 28302,    54 / 17171,   120 / 28303,   163 / 28303,   155 / 28303
    R,   0.2755,   0.2594,   0.3081,   163 / 16034,   195 / 16031,     7 /  2137,   126 / 16034,   116 / 16034,   166 / 16034
    E,   0.2698,   0.2438,   0.2361,   149 / 27132,   133 / 27126,   142 / 27093,    82 / 27132,   169 / 27132,   122 / 27132
    J,   0.2621,   0.2110,   0.1966,  1065 /  9507,  1057 /  9507,  1060 /  9507,  1050 /  9507,    47 /  9507,  1053 /  9507
    C,   0.2481,   0.2558,   0.2252,   266 / 55947,   120 / 22303,   185 / 33644,   119 / 55947,   372 / 55947,   198 / 55947
    I,     ----,     ----,     ----,     0 /     0,     0 /     0,     0 /     0,     0 /     0,     0 /     0,     0 /     0
