# ------------------------------------------
# Quality Check Summary by Ringo software
# ------------------------------------------
# Executed at            : 2026/03/16 12:34:37 UTC
# ------------------------------------------
# QC of RINEX file       : D:\Master in Geoinformatics\Semester 2\GNSS Survey Mapping\Lab\Lab 2\ringo\Data\3\DRDN00IND_R_20251990000_01D_30S_MO.crx.gz
# input RnxNav files     : D:\Master in Geoinformatics\Semester 2\GNSS Survey Mapping\Lab\Lab 2\ringo\BRDC\3\BRDC00IGS_R_20251990000_01D_MN.rnx.gz
# ------------------------------------------
# Marker                 : DRDN00IND                                                   
# Receiver               : TRIMBLE ALLOY       
# Antenna                : JAVGRANT_G5TLBI NONE
# Time of Start          : 2025/07/18 00:00:00.000
# Time of End            : 2025/07/18 23:59:30.000
# Approx XYZ             :   1141412.0783,   5390352.5667,   3203325.6009
# Observation Interval   : 30.0000 seconds
# Satellite systems      : GREJSI
#                        : G01G02G03G04G05G06G07G08G09G10G11G12G13G14G15G16G17G18G19G20G21G22G23G24G25G26G27G28G29G30G31G32
#                        : R01R02R03R04R05R06R07R08R09R10R11R12R13R14R15R16R17R18R19R20R21R22R23R24
#                        : E02E03E04E05E06E07E08E09E10E11E12E13E15E16E19E21E23E24E25E26E27E29E30E31E33E34E36
#                        : J02J03J04J07
#                        : S22S23S27S28S29S36S37
#                        : I02I03I05I06I09I10
# Total satellites       : 100
# Number of obs epochs   : 2880
# Number of obs data     : 127492
# N Expected epochs      : 2880
# Observation rate (%)   : 100.00
# N obs data     (>10deg): 99833
# N possible obs (> 0deg): 122271
# N possible obs (>10deg): 100211
# ------------------------------------------
# Number of obs epochs for each SV:
# ------------------------------------------
# GPS
%      C1C  L1C  S1C  C2W  L2W  S2W  C2X  L2X  S2X  C5X  L5X  S5X
G01   1168 1166 1168 1160 1160 1160 1168 1168 1168 1168 1168 1168
G02   1159 1156 1159 1143 1142 1143    0    0    0    0    0    0
G03    918  916  918  917  916  917  910  910  910  917  917  917
G04    924  924  924  919  919  919  924  924  924  924  924  924
G05    804  803  804  803  803  803  804  804  804    0    0    0
G06    803  802  803  802  802  802  803  803  803  803  803  803
G07    987  986  987  987  986  987  987  986  987    0    0    0
G08   1100 1095 1100 1098 1094 1098 1100 1100 1100 1100 1100 1100
G09    795  787  795  794  786  794  793  793  793  795  795  795
G10   1007 1006 1007 1007 1006 1007 1007 1007 1007 1007 1007 1007
G11    857  856  857  840  840  840  857  857  857  857  857  857
G12    868  865  868  867  864  867  867  867  867    0    0    0
G13   1153 1153 1153 1130 1130 1130    0    0    0    0    0    0
G14   1013 1011 1013 1013 1011 1013 1013 1013 1013 1013 1013 1013
G15   1040 1031 1040 1037 1030 1037 1039 1039 1039    0    0    0
G16    985  981  985  941  938  941    0    0    0    0    0    0
G17    857  853  857  857  853  857  857  857  857    0    0    0
G18    961  959  961  961  959  961  961  961  961  961  961  961
G19    958  958  958  929  929  929    0    0    0    0    0    0
G20    898  890  898  858  855  858    0    0    0    0    0    0
G21   1061 1060 1061 1057 1056 1057 1061 1061 1061 1061 1061 1061
G22   1019 1017 1019 1010 1008 1010    0    0    0    0    0    0
G23    973  972  973  968  968  968  973  973  973  973  973  973
G24   1184 1183 1184 1184 1183 1184 1184 1184 1184 1184 1184 1184
G25   1126 1125 1126 1126 1125 1126 1120 1120 1120 1126 1126 1126
G26   1069 1066 1069 1068 1065 1068 1069 1069 1069 1069 1069 1069
G27   1169 1166 1169 1169 1166 1169 1168 1168 1168 1169 1169 1169
G28    798  798  798  796  796  796  798  798  798  798  798  798
G29    847  845  847  847  845  847  847  847  847    0    0    0
G30    902  900  902  901  900  901  902  902  902  902  902  902
G31    837  836  837  836  835  836  830  830  830    0    0    0
G32    957  954  957  957  954  957  951  950  951  957  956  957
# ------------------------------------------
# GLONASS
%      C1C  L1C  S1C  C1P  L1P  S1P  C2C  L2C  S2C  C2P  L2P  S2P  C3X  L3X  S3X
R01    944  944  944  943  943  943    0    0    0    0    0    0    0    0    0
R02    820  820  820  804  803  804  775  775  775  763  763  763    0    0    0
R03    929  929  929  929  929  929  928  928  928  925  923  925    0    0    0
R04    882  882  882  882  882  882  882  882  882  881  880  881    0    0    0
R05    925  925  925  923  923  923  913  911  913  895  894  895    0    0    0
R06    897  896  897  893  888  893    0    0    0    0    0    0    0    0    0
R07   1079 1079 1079 1079 1078 1079 1078 1076 1078 1074 1071 1074    0    0    0
R08   1049 1049 1049 1049 1048 1049 1049 1049 1049 1049 1049 1049    0    0    0
R09    967  967  967  965  965  965  967  967  967  965  964  965  967  967  967
R10   1082 1081 1082 1081 1080 1081    1    0    1    0    0    0    0    0    0
R11   1094 1094 1094 1088 1087 1088 1077 1077 1077 1067 1067 1067    0    0    0
R12   1197 1197 1197 1193 1193 1193 1193 1192 1193 1178 1176 1178    0    0    0
R13   1015 1015 1015 1015 1014 1015    0    0    0    1    0    1    0    0    0
R14    873  873  873  873  873  873  873  872  873  872  872  872    0    0    0
R15    704  704  704  704  704  704  704  703  704  703  702  703    0    0    0
R16    822  822  822  818  817  818  777  776  777  763  763  763    0    0    0
R17    852  852  852  850  850  850  845  844  845  836  834  836    0    0    0
R18    937  937  937  937  936  937  936  936  936  925  924  925    0    0    0
R19    979  979  979  979  978  979  978  978  978  974  973  974    0    0    0
R20    986  986  986  975  973  975  986  986  986  982  982  982    0    0    0
R21    982  982  982  977  977  977  978  978  978  969  969  969  978  978  978
R22   1145 1145 1145 1145 1144 1145 1142 1140 1142 1122 1119 1122    0    0    0
R23   1080 1080 1080 1080 1079 1080    0    0    0    0    0    0    0    0    0
R24    732  732  732  731  730  731  732  732  732  732  731  732    0    0    0
# ------------------------------------------
# Galileo
%      C1X  L1X  S1X  C5X  L5X  S5X  C7X  L7X  S7X  C8X  L8X  S8X  C6X  L6X  S6X
E02   1461 1461 1461 1447 1445 1447 1448 1447 1448 1455 1455 1455 1451 1451 1451
E03   1258 1258 1258 1258 1258 1258 1258 1258 1258 1258 1258 1258 1258 1258 1258
E04    892  891  892  892  892  892  892  892  892  892  892  892  891  890  891
E05   1269 1269 1269 1269 1269 1269 1269 1269 1269 1269 1269 1269 1269 1269 1269
E06    998  998  998  998  998  998  998  998  998  998  998  998  998  998  998
E07    834  834  834  834  834  834  834  834  834  834  834  834  834  834  834
E08   1075 1074 1075 1075 1075 1075 1075 1075 1075 1075 1075 1075 1075 1074 1075
E09   1057 1055 1057 1045 1045 1045 1055 1054 1055 1055 1055 1055 1055 1053 1055
E10   1190 1190 1190 1190 1190 1190 1190 1190 1190 1190 1190 1190 1190 1190 1190
E11   1228 1228 1228 1228 1228 1228 1228 1228 1228 1228 1228 1228 1228 1228 1228
E12   1049 1049 1049 1049 1049 1049 1047 1047 1047 1049 1049 1049 1049 1049 1049
E13    678  678  678  678  678  678  678  678  678  678  678  678  678  678  678
E15   1223 1223 1223 1223 1223 1223 1223 1223 1223 1223 1223 1223 1223 1223 1223
E16   1595 1593 1595 1595 1595 1595 1595 1595 1595 1595 1595 1595 1595 1593 1595
E19    847  844  847  826  825  826  837  835  837  845  845  845  847  844  847
E21    388  388  388  386  386  386  387  387  387  387  387  387  385  385  385
E23    339  339  339  339  339  339  339  339  339  339  339  339  339  339  339
E24   1498 1498 1498 1497 1497 1497 1498 1498 1498 1498 1498 1498 1498 1498 1498
E25   1579 1579 1579 1579 1579 1579 1579 1579 1579 1579 1579 1579 1579 1579 1579
E26    292  292  292  292  292  292  292  292  292  292  292  292  292  292  292
E27    813  813  813  813  813  813  813  813  813  813  813  813  812  812  812
E29    822  822  822  822  822  822  822  822  822  822  822  822  822  822  822
E30   1110 1110 1110 1110 1110 1110 1110 1110 1110 1110 1110 1110 1110 1110 1110
E31    866  866  866  866  866  866  866  866  866  866  866  866  866  866  866
E33    559  558  559  559  559  559  559  558  559  559  559  559  559  558  559
E34   1568 1568 1568 1568 1568 1568 1568 1568 1568 1568 1568 1568 1568 1568 1568
E36   1431 1430 1431 1430 1430 1430 1431 1431 1431 1431 1431 1431 1431 1430 1431
# ------------------------------------------
# QZSS
%      C1C  L1C  S1C  C1X  L1X  S1X  C1Z  L1Z  S1Z  C2X  L2X  S2X  C5X  L5X  S5X
J02   1931 1917 1931 1931 1931 1931 1927 1913 1927 1929 1928 1929 1931 1931 1931
J03   2142 2120 2142 2142 2142 2142 2142 2120 2142 2142 2142 2142 2142 2142 2142
J04   2334 2317 2334 2334 2334 2334 2334 2317 2334 2330 2330 2330 2334 2334 2334
J07   2880 2803 2880 2880 2880 2880 2880 2803 2880 2880 2880 2880 2880 2880 2880
# ------------------------------------------
# SBAS
%      C1C  L1C  S1C
S22   1763 1763 1763
S23   2880 2880 2880
S27   2880 2880 2880
S28   2880 2880 2880
S29   2674 2674 2674
S36   2880 2880 2880
S37   2880 2880 2880
# ------------------------------------------
# NavIC/IRNSS
%      C5A  L5A  S5A  C9A  L9A  S9A
I02   2880 2880 2880 2880 2880 2880
I03   2880 2880 2880 2880 1304 2880
I05   2880 2880 2880 2880 2880 2880
I06   2880 2880 2880 2880 2880 2880
I09   2880 2880 2880 2880 2880 2880
I10   2880 2880 2880 2880 2880 2880
# ------------------------------------------
# Cycle slip detection settings:
# ------------------------------------------
# Elmask (slip count ): 10.0
# Elmask (slip detect): 0.0
# MP detection type   : offset
# MP reference type   : rolling average (window=50epochs)
# MP threshold        : 2.000 (m)
# GF detection type   : velocity
# GF reference type   : single epoch
# GF threshold        : 0.050 (m/s)
# MW detection type   : sigma
# MW reference type   : rolling average (window=50epochs)
# MW threshold        : 4.000 (sigmas)
# ------------------------------------------
# Quality Report:
# ------------------------------------------
# For each satellite
% PRN, STD(MP1), STD(MP2), STD(MP5), # of slips/nobs (MP1, MP2, MP5, GF, MW, IOD(L1))
  G01,   0.2427,   0.2115,   0.1758,     9 /  1166,     9 /  1166,     1 /  1166,     9 /  1166,     4 /  1166,     9 /  1166
  G02,   0.2495,   0.2348,     ----,     1 /  1142,     2 /  1142,     0 /     0,     0 /  1142,     5 /  1142,     1 /  1142
  G03,   0.2083,   0.2036,   0.1485,     0 /   916,     0 /   916,     0 /   916,     0 /   916,     1 /   916,     0 /   916
  G04,   0.2354,   0.1882,   0.1735,     8 /   923,     8 /   923,     3 /   923,     5 /   923,     3 /   923,     8 /   923
  G05,   0.1937,   0.1680,     ----,     0 /   803,     0 /   803,     0 /     0,     0 /   803,     4 /   803,     0 /   803
  G06,   0.2196,   0.1740,   0.1233,     1 /   802,     1 /   802,     1 /   802,     1 /   802,     0 /   802,     1 /   802
  G07,   0.2065,   0.2335,     ----,     2 /   986,     2 /   986,     0 /     0,     1 /   986,     3 /   986,     2 /   986
  G08,   0.2757,   0.2408,   0.2032,     2 /  1095,     2 /  1095,     1 /  1095,     2 /  1095,     7 /  1095,     2 /  1095
  G09,   0.2083,   0.2121,   0.1450,     2 /   787,     2 /   787,     0 /   787,     2 /   787,     3 /   787,     2 /   787
  G10,   0.2076,   0.2116,   0.1617,     1 /  1006,     1 /  1006,     1 /  1006,     1 /  1006,     3 /  1006,     1 /  1006
  G11,   0.2149,   0.1730,   0.1191,     7 /   856,     8 /   856,     0 /   856,     5 /   856,     5 /   856,     8 /   856
  G12,   0.2372,   0.2098,     ----,     2 /   864,     2 /   864,     0 /     0,     1 /   864,     1 /   864,     2 /   864
  G13,   0.2539,   0.2166,     ----,     4 /  1130,     4 /  1130,     0 /     0,     3 /  1130,     5 /  1130,     4 /  1130
  G14,   0.2155,   0.2030,   0.1531,     2 /  1010,     2 /  1010,     0 /  1010,     2 /  1010,     6 /  1010,     2 /  1010
  G15,   0.2258,   0.2405,     ----,     3 /  1031,     3 /  1031,     0 /     0,     2 /  1031,     8 /  1031,     2 /  1031
  G16,   0.2414,   0.2183,     ----,     4 /   938,     4 /   938,     0 /     0,     2 /   938,    10 /   938,     4 /   938
  G17,   0.1867,   0.1607,     ----,     0 /   853,     0 /   853,     0 /     0,     0 /   853,     1 /   853,     0 /   853
  G18,   0.2276,   0.2125,   0.1890,     2 /   959,     2 /   959,     0 /   959,     1 /   959,     3 /   959,     2 /   959
  G19,   0.2211,   0.1775,     ----,     1 /   929,     1 /   929,     0 /     0,     0 /   929,     7 /   929,     1 /   929
  G20,   0.2382,   0.2243,     ----,     5 /   855,     5 /   855,     0 /     0,     2 /   855,    11 /   855,     3 /   855
  G21,   0.2241,   0.2296,   0.2487,     5 /  1059,     5 /  1059,     1 /  1059,     0 /  1059,     5 /  1059,     4 /  1059
  G22,   0.2259,   0.1932,     ----,     4 /  1008,     4 /  1008,     0 /     0,     1 /  1008,     2 /  1008,     3 /  1008
  G23,   0.2157,   0.1776,   0.1410,     2 /   972,     2 /   972,     0 /   972,     0 /   972,     3 /   972,     1 /   972
  G24,   0.2537,   0.2208,   0.1792,     0 /  1183,     0 /  1183,     0 /  1183,     0 /  1183,     3 /  1183,     1 /  1183
  G25,   0.2608,   0.2372,   0.1738,     2 /  1125,     2 /  1125,     0 /  1125,     1 /  1125,     7 /  1125,     2 /  1125
  G26,   0.2525,   0.2588,   0.2440,     2 /  1066,     2 /  1066,     0 /  1066,     2 /  1066,     2 /  1066,     2 /  1066
  G27,   0.2700,   0.2341,   0.1878,     3 /  1166,     3 /  1166,     2 /  1166,     1 /  1166,     5 /  1166,     2 /  1166
  G28,   0.2097,   0.1701,   0.1177,     4 /   798,     4 /   798,     0 /   798,     4 /   798,     1 /   798,     4 /   798
  G29,   0.2545,   0.2211,     ----,     2 /   845,     2 /   845,     0 /     0,     1 /   845,     1 /   845,     2 /   845
  G30,   0.2224,   0.2199,   0.2066,     1 /   899,     1 /   899,     2 /   899,     1 /   899,     4 /   899,     1 /   899
  G31,   0.2179,   0.1745,     ----,     1 /   835,     0 /   835,     0 /     0,     0 /   835,     2 /   835,     0 /   835
  G32,   0.2117,   0.1968,   0.1567,     0 /   954,     0 /   954,     1 /   953,     0 /   954,     5 /   954,     0 /   954
  R01,     ----,     ----,     ----,     0 /     0,     0 /     0,     0 /     0,     0 /     0,     0 /     0,     0 /     0
  R02,   0.2192,   0.1988,     ----,     3 /   775,     7 /   775,     0 /     0,     3 /   775,     1 /   775,     3 /   775
  R03,   0.3007,   0.2017,     ----,     7 /   928,     7 /   928,     0 /     0,     4 /   928,     2 /   928,     6 /   928
  R04,   0.2932,   0.2229,     ----,     5 /   882,     5 /   882,     0 /     0,     0 /   882,     1 /   882,     5 /   882
  R05,   0.2390,   0.2191,     ----,     7 /   911,    11 /   911,     0 /     0,     5 /   911,    11 /   911,     7 /   911
  R06,     ----,     ----,     ----,     0 /     0,     0 /     0,     0 /     0,     0 /     0,     0 /     0,     0 /     0
  R07,   0.2206,   0.2016,     ----,     3 /  1076,     4 /  1076,     0 /     0,     0 /  1076,     2 /  1076,     3 /  1076
  R08,   0.2715,   0.2245,     ----,     1 /  1049,     0 /  1049,     0 /     0,     0 /  1049,     4 /  1049,     0 /  1049
  R09,   0.3899,   0.1957,   0.2153,     4 /   967,     4 /   967,     1 /   967,     0 /   967,     4 /   967,     2 /   967
  R10,     ----,     ----,     ----,     0 /     0,     0 /     0,     0 /     0,     0 /     0,     0 /     0,     0 /     0
  R11,   0.2100,   0.1928,     ----,     6 /  1076,     7 /  1076,     0 /     0,     5 /  1076,     3 /  1076,     6 /  1076
  R12,   0.3567,   0.2261,     ----,     6 /  1192,     6 /  1192,     0 /     0,     4 /  1192,     1 /  1192,     6 /  1192
  R13,     ----,     ----,     ----,     0 /     0,     0 /     0,     0 /     0,     0 /     0,     0 /     0,     0 /     0
  R14,   0.3240,   0.2272,     ----,     0 /   871,     0 /   871,     0 /     0,     0 /   871,     2 /   871,     0 /   871
  R15,   0.3804,   0.1781,     ----,     2 /   703,     3 /   703,     0 /     0,     2 /   703,     3 /   703,     3 /   703
  R16,   0.3304,   0.1970,     ----,     2 /   776,     3 /   776,     0 /     0,     2 /   776,     3 /   776,     2 /   776
  R17,   0.3100,   0.2381,     ----,     4 /   844,     4 /   844,     0 /     0,     2 /   844,     5 /   844,     4 /   844
  R18,   0.4064,   0.2150,     ----,     2 /   936,     3 /   936,     0 /     0,     2 /   936,     7 /   936,     3 /   936
  R19,   0.3204,   0.2167,     ----,     7 /   978,     6 /   978,     0 /     0,     2 /   978,     4 /   978,     5 /   978
  R20,   0.3280,   0.2064,     ----,     1 /   986,     1 /   986,     0 /     0,     0 /   986,     4 /   986,     1 /   986
  R21,   0.2342,   0.1922,   0.1707,     1 /   978,     1 /   978,     0 /   978,     1 /   978,     3 /   978,     1 /   978
  R22,   0.2678,   0.1950,     ----,     8 /  1140,     9 /  1140,     0 /     0,     7 /  1140,    11 /  1140,     8 /  1140
  R23,     ----,     ----,     ----,     0 /     0,     0 /     0,     0 /     0,     0 /     0,     0 /     0,     0 /     0
  R24,   0.3114,   0.1954,     ----,     3 /   731,     3 /   731,     0 /     0,     2 /   731,     2 /   731,     2 /   731
  E02,   0.2585,   0.2508,   0.2252,     4 /  1449,     2 /  1447,     2 /  1445,     1 /  1449,     6 /  1449,     1 /  1449
  E03,   0.2226,   0.2013,   0.1707,     1 /  1258,     2 /  1258,     1 /  1258,     1 /  1258,     2 /  1258,     1 /  1258
  E04,   0.1996,   0.1573,   0.1477,     0 /   891,     0 /   891,     0 /   891,     0 /   891,     0 /   891,     0 /   891
  E05,   0.1820,   0.1586,   0.1444,     0 /  1269,     0 /  1269,     0 /  1269,     0 /  1269,     6 /  1269,     0 /  1269
  E06,   0.2082,   0.1644,   0.1489,     0 /   998,     0 /   998,     0 /   998,     1 /   998,     1 /   998,     1 /   998
  E07,   0.2432,   0.2030,   0.1784,     0 /   834,     0 /   834,     0 /   834,     0 /   834,     1 /   834,     0 /   834
  E08,   0.2437,   0.2467,   0.2002,     0 /  1074,     0 /  1074,     0 /  1074,     0 /  1074,     2 /  1074,     0 /  1074
  E09,   0.1998,   0.1479,   0.1509,     2 /  1052,     0 /  1052,     0 /  1045,     0 /  1052,     4 /  1052,     0 /  1052
  E10,   0.1644,   0.1481,   0.1415,     1 /  1190,     1 /  1190,     1 /  1190,     1 /  1190,     2 /  1190,     1 /  1190
  E11,   0.2425,   0.1853,   0.1619,     0 /  1228,     0 /  1228,     0 /  1228,     0 /  1228,     0 /  1228,     0 /  1228
  E12,   0.1996,   0.1468,   0.1602,     2 /  1049,     2 /  1047,     2 /  1049,     2 /  1049,     7 /  1049,     2 /  1049
  E13,   0.3079,   0.2531,   0.2328,     2 /   678,     0 /   678,     0 /   678,     0 /   678,     2 /   678,     0 /   678
  E15,   0.3130,   0.2488,   0.2285,     0 /  1223,     0 /  1223,     0 /  1223,     0 /  1223,     5 /  1223,     0 /  1223
  E16,   0.2502,   0.2112,   0.1733,     3 /  1593,     3 /  1593,     1 /  1593,     1 /  1593,     5 /  1593,     1 /  1593
  E19,   0.3258,   0.2835,   0.2674,     5 /   835,     2 /   833,     3 /   823,     4 /   835,     8 /   835,     5 /   835
  E21,   0.3881,   0.2847,   0.2940,     1 /   387,     1 /   387,     2 /   386,     0 /   387,     2 /   387,     1 /   387
  E23,   0.2436,   0.2252,   0.1664,     0 /   339,     0 /   339,     0 /   339,     0 /   339,     6 /   339,     0 /   339
  E24,   0.2199,   0.1795,   0.1531,     0 /  1498,     0 /  1498,     0 /  1497,     0 /  1498,     6 /  1498,     0 /  1498
  E25,   0.2667,   0.2066,   0.1809,     0 /  1578,     0 /  1578,     1 /  1578,     0 /  1578,     3 /  1578,     0 /  1578
  E26,   0.2574,   0.2109,   0.1950,     0 /   292,     0 /   292,     0 /   292,     0 /   292,     0 /   292,     0 /   292
  E27,   0.2617,   0.2510,   0.2264,     0 /   813,     0 /   813,     0 /   813,     0 /   813,     0 /   813,     0 /   813
  E29,   0.3240,   0.2899,   0.2480,     0 /   822,     1 /   822,     1 /   822,     0 /   822,     3 /   822,     0 /   822
  E30,   0.1618,   0.1454,   0.1260,     0 /  1110,     0 /  1110,     0 /  1110,     0 /  1110,     1 /  1110,     0 /  1110
  E31,   0.1985,   0.1679,   0.1364,     1 /   866,     1 /   866,     1 /   866,     0 /   866,     3 /   866,     1 /   866
  E33,   0.1986,   0.1711,   0.1578,     2 /   558,     0 /   557,     0 /   558,     0 /   558,     2 /   558,     2 /   558
  E34,   0.2084,   0.1834,   0.1603,     0 /  1568,     0 /  1568,     0 /  1568,     1 /  1568,     4 /  1568,     1 /  1568
  E36,   0.2558,   0.2444,   0.2106,     0 /  1430,     0 /  1430,     0 /  1429,     0 /  1430,     2 /  1430,     0 /  1430
  J02,   0.2396,   0.1774,   0.1340,    16 /  1931,    19 /  1928,    19 /  1931,     5 /  1931,     8 /  1931,    11 /  1931
  J03,   0.2108,   0.1850,   0.1292,    28 /  2142,    28 /  2142,    28 /  2142,    28 /  2142,     4 /  2142,    28 /  2142
  J04,   0.2092,   0.1767,   0.1218,    22 /  2333,    20 /  2329,    21 /  2333,    21 /  2333,     5 /  2333,    22 /  2333
  J07,   0.2741,   0.1287,   0.0505,   138 /  2880,   138 /  2880,   138 /  2880,   138 /  2880,    47 /  2880,   138 /  2880
  S22,     ----,     ----,     ----,     0 /     0,     0 /     0,     0 /     0,     0 /     0,     0 /     0,     0 /     0
  S23,     ----,     ----,     ----,     0 /     0,     0 /     0,     0 /     0,     0 /     0,     0 /     0,     0 /     0
  S27,     ----,     ----,     ----,     0 /     0,     0 /     0,     0 /     0,     0 /     0,     0 /     0,     0 /     0
  S28,     ----,     ----,     ----,     0 /     0,     0 /     0,     0 /     0,     0 /     0,     0 /     0,     0 /     0
  S29,     ----,     ----,     ----,     0 /     0,     0 /     0,     0 /     0,     0 /     0,     0 /     0,     0 /     0
  S36,     ----,     ----,     ----,     0 /     0,     0 /     0,     0 /     0,     0 /     0,     0 /     0,     0 /     0
  S37,     ----,     ----,     ----,     0 /     0,     0 /     0,     0 /     0,     0 /     0,     0 /     0,     0 /     0
  I02,     ----,   0.2475,   0.2074,     0 /     0,     0 /  2880,     0 /  2880,     0 /  2880,     1 /  2880,     0 /  2880
  I03,     ----,     ----,     ----,     0 /     0,  1302 /  1304,  1302 /  1304,     0 /  1304,     0 /  1304,     0 /  1304
  I05,     ----,     ----,     ----,     0 /     0,  2879 /  2880,  2879 /  2880,     0 /  2880,     0 /  2880,     0 /  2880
  I06,     ----,   0.3221,   0.2401,     0 /     0,     0 /  2880,     0 /  2880,     0 /  2880,     4 /  2880,     0 /  2880
  I09,     ----,   0.2568,   0.1972,     0 /     0,     0 /  2880,     0 /  2880,     0 /  2880,     2 /  2880,     0 /  2880
  I10,     ----,   0.3080,   0.2290,     0 /     0,     0 /  2880,     0 /  2880,     0 /  2880,    15 /  2880,     0 /  2880
# ------------------------------------------
# Summary of each satellite system
% SYS, STD(MP1), STD(MP2), STD(MP5), # of slips/nobs (MP1, MP2, MP5, GF, MW, IOD(L1))
    G,   0.2318,   0.2112,   0.1772,    82 / 30961,    83 / 30961,    13 / 18741,    50 / 30961,   130 / 30961,    76 / 30961
    R,   0.3046,   0.2086,   0.1942,    72 / 17799,    84 / 17799,     1 /  1945,    41 / 17799,    73 / 17799,    67 / 17799
    E,   0.2414,   0.2069,   0.1843,    24 / 27882,    15 / 27875,    15 / 27856,    12 / 27882,    83 / 27882,    17 / 27882
    J,   0.2376,   0.1656,   0.1100,   204 /  9286,   205 /  9279,   206 /  9286,   192 /  9286,    64 /  9286,   199 /  9286
    S,     ----,     ----,     ----,     0 /     0,     0 /     0,     0 /     0,     0 /     0,     0 /     0,     0 /     0
    I,     ----,     ----,     ----,     0 /     0,  4181 / 15704,  4181 / 15704,     0 / 15704,    22 / 15704,     0 / 15704
