# ------------------------------------------
# Quality Check Summary by Ringo software
# ------------------------------------------
# Executed at            : 2026/03/16 12:34:48 UTC
# ------------------------------------------
# QC of RINEX file       : D:\Master in Geoinformatics\Semester 2\GNSS Survey Mapping\Lab\Lab 2\ringo\Data\3\IISC00IND_R_20251990000_01D_30S_MO.crx.gz
# input RnxNav files     : D:\Master in Geoinformatics\Semester 2\GNSS Survey Mapping\Lab\Lab 2\ringo\BRDC\3\BRDC00IGS_R_20251990000_01D_MN.rnx.gz
# ------------------------------------------
# Marker                 : IISC                                                        
# Receiver               : SEPT POLARX5        
# Antenna                : ASH701945E_M    NONE
# Time of Start          : 2025/07/18 00:00:00.000
# Time of End            : 2025/07/18 23:59:30.000
# Approx XYZ             :   1337936.4550,   6070317.1261,   1427876.7852
# Observation Interval   : 30.0000 seconds
# Satellite systems      : GREJCI
#                        : G01G02G03G04G05G06G07G08G09G10G11G12G13G14G15G16G17G18G19G20G21G22G23G24G25G26G27G28G29G30G31G32
#                        : R01R02R03R04R05R06R07R08R09R10R11R12R13R14R15R16R17R18R19R20R21R22R23R24R26R27
#                        : E02E03E04E05E06E07E08E09E10E11E12E13E14E15E16E18E19E21E23E24E25E26E27E29E30E31E33E34E36
#                        : J02J03J04J07
#                        : C02C03C05C06C07C08C09C10C11C12C13C14C16C19C20C21C22C23C24C25C26C27C28C29C30C32C33C34C35C36C37C38C39C40C41C42C43C44C45C47C48C49C50C56C58C59C60
#                        : I01I02I03I06I09I10
# Total satellites       : 144
# Number of obs epochs   : 2880
# Number of obs data     : 162690
# N Expected epochs      : 2880
# Observation rate (%)   : 100.00
# N obs data     (>10deg): 145395
# N possible obs (> 0deg): 190529
# N possible obs (>10deg): 158610
# ------------------------------------------
# Number of obs epochs for each SV:
# ------------------------------------------
# GPS
%      C1C  L1C  S1C  C1W  S1W  C2W  L2W  S2W  C2L  L2L  S2L  C5Q  L5Q  S5Q  C1L  L1L  S1L
G01    869  824  869  819  819  819  819  819  864  843  864  821  763  821  868  827  868
G02    879  745  879  731  731  731  730  731    0    0    0    0    0    0    0    0    0
G03    639  572  639  571  571  571  571  571  648  594  648  631  591  631    0    0    0
G04    787  736  787  736  736  736  736  736  795  738  795  762  662  762  794  741  794
G05    621  570  621  569  569  569  569  569  654  610  654    0    0    0    0    0    0
G06    643  589  643  588  588  588  588  588  654  620  654  639  611  639    0    0    0
G07    945  892  945  891  891  891  891  891  923  893  923    0    0    0    0    0    0
G08    617  502  617  501  501  501  501  501  619  500  619  538  491  538    0    0    0
G09    675  601  675  600  600  600  600  600  670  618  670  667  606  667    0    0    0
G10   1009  971 1009  971  971  971  971  971 1003  984 1003  976  966  976    0    0    0
G11    666  628  666  628  628  628  628  628  671  642  671  669  637  669  667  629  667
G12    682  612  682  612  612  612  612  612  672  607  672    0    0    0    0    0    0
G13    916  800  916  790  790  790  790  790    0    0    0    0    0    0    0    0    0
G14    987  960  987  959  959  959  959  959 1008  982 1008  943  943  943  995  974  995
G15    657  555  657  554  554  554  554  554  617  568  617    0    0    0    0    0    0
G16    608  567  608  566  566  566  566  566    0    0    0    0    0    0    0    0    0
G17    862  688  862  687  687  687  687  687  870  767  870    0    0    0    0    0    0
G18    869  795  869  792  792  792  792  792  882  827  882  845  819  845  873  810  873
G19    871  814  871  813  813  813  813  813    0    0    0    0    0    0    0    0    0
G20    641  593  641  592  592  592  592  592    0    0    0    0    0    0    0    0    0
G21    569  541  569  537  537  537  537  537  595  538  595  586  545  586  575  541  575
G22   1012  976 1012  975  975  975  975  975    0    0    0    0    0    0    0    0    0
G23    974  907  974  905  905  905  905  905  992  968  992  923  905  923  975  921  975
G24    923  836  923  835  835  835  835  835  917  856  917  907  829  907    0    0    0
G25    660  557  660  555  555  555  555  555  656  568  656  607  527  607    0    0    0
G26    546  506  546  506  506  506  506  506  551  505  551  533  496  533    0    0    0
G27    901  803  901  803  803  803  802  803  917  845  917  885  812  885    0    0    0
G28    597  597  597  595  595  595  595  595  597  597  597  568  568  568  597  597  597
G29    688  634  688  634  634  634  634  634  703  642  703    0    0    0    0    0    0
G30    764  703  764  702  702  702  702  702  746  709  746  728  685  728    0    0    0
G31    686  618  686  617  617  617  617  617  686  632  686    0    0    0    0    0    0
G32    931  834  931  833  833  833  833  833  919  850  919  822  774  822    0    0    0
# ------------------------------------------
# GLONASS
%      C1C  L1C  S1C  C1P  L1P  S1P  C2P  L2P  S2P  C2C  L2C  S2C  C3Q  L3Q  S3Q
R01    482  441  482  441  441  441    0    0    0    0    0    0    0    0    0
R02    684  555  684  557  548  557  619  588  619  696  597  696    0    0    0
R03    877  843  877  844  844  844  864  854  864  921  875  921    0    0    0
R04    525  458  525  491  459  491  520  506  520  732  685  732  703  703  703
R05    555  519  555  519  519  519  540  535  540  598  560  598  563  563  563
R06    352  316  352  313  313  313    0    0    0    0    0    0    0    0    0
R07    802  734  802  759  721  759  790  780  790  901  846  901    0    0    0
R08    640  482  640  550  453  550  647  605  647  828  723  828    0    0    0
R09    962  863  962  868  861  868  939  921  939 1004  942 1004  948  948  948
R10    930  786  930  809  749  809    0    0    0    0    0    0    0    0    0
R11    761  715  761  712  712  712  734  723  734  789  753  789  754  754  754
R12    754  666  754  666  661  666  712  688  712  825  742  825  743  743  743
R13    588  524  588  523  523  523    0    0    0    0    0    0    0    0    0
R14    538  490  538  490  482  490  523  512  523  572  520  572    0    0    0
R15    508  479  508  479  479  479  485  482  485  577  527  577    0    0    0
R16    583  528  583  549  528  549  578  564  578  750  614  750  595  595  595
R17    511  477  511  460  446  460  513  489  513  544  501  544    0    0    0
R18    631  552  631  505  502  505  599  580  599  670  599  670    0    0    0
R19    666  587  666  583  581  583  657  643  657  773  731  773  733  733  733
R20      0    0    0    0    0    0    0    0    0  515  473  515    0    0    0
R21    728  541  728  604  540  604  675  639  675  799  684  799  747  747  747
R22   1078 1068 1078 1071 1067 1071 1057 1054 1057 1088 1058 1088 1064 1064 1064
R23    909  734  909  745  712  745    0    0    0    0    0    0    0    0    0
R24    520  501  520  497  497  497  506  506  506  586  547  586  544  544  544
R26    788  762  788  764  762  764  774  772  774  804  783  804  789  789  789
R27    700  615  700  617  605  617  650  638  650  724  653  724  663  663  663
# ------------------------------------------
# Galileo
%      C1C  L1C  S1C  C6B  L6B  S6B  C5Q  L5Q  S5Q  C7Q  L7Q  S7Q  C8Q  L8Q  S8Q
E02   1119  953 1119  865  693  865  972  763  972 1171 1025 1171  814  814  814
E03   1279 1232 1279  594  552  594 1211 1183 1211 1312 1240 1312 1147 1147 1147
E04    860  604  860  425  425  425  650  587  650  849  732  849  580  580  580
E05   1257 1196 1257 1070 1000 1070 1202 1163 1202 1267 1252 1267 1115 1115 1115
E06    916  698  916  622  590  622  721  658  721  851  824  851  667  667  667
E07    773  653  773  570  472  570  731  620  731  769  754  769  607  607  607
E08    876  796  876  600  541  600  842  788  842  900  846  900  760  760  760
E09   1061  789 1061  748  693  748  897  743  897 1104  924 1104  722  722  722
E10   1200 1162 1200  797  749  797 1187 1153 1187 1224 1179 1224 1108 1108 1108
E11   1279 1225 1279  397  367  397  869  820  869 1280 1247 1280  585  585  585
E12    994  940  994  385  385  385  975  941  975 1026  965 1026  926  926  926
E13    396  382  396  296  296  296  327  327  327  399  390  399  327  327  327
E14    638  602  638  366  366  366  606  576  606  657  629  657  586  586  586
E15   1140  997 1140  490  490  490 1082  945 1082 1223 1044 1223  944  944  944
E16   1507 1179 1507  670  629  670 1378 1077 1378 1526 1369 1526 1044 1044 1044
E18    969  958  969  876  807  876  909  859  909  970  970  970    0    0    0
E19    258  205  258    0    0    0    0    0    0  283  213  283    0    0    0
E21    127  115  127    0    0    0   88   88   88  140  115  140   78   78   78
E23    352  294  352  300  266  300  324  303  324  366  317  366  283  283  283
E24   1360 1082 1360  712  667  712 1209  977 1209 1362 1232 1362  939  939  939
E25   1407 1178 1407  581  562  581 1330 1106 1330 1445 1313 1445 1108 1108 1108
E26    164  125  164   13    0   13  147  116  147  167  160  167   70   70   70
E27    810  810  810  185  185  185  766  766  766  810  810  810  743  743  743
E29    421  378  421    0    0    0  399  102  399  434  403  434  237  237  237
E30   1121 1121 1121 1019 1019 1019 1099 1099 1099 1121 1121 1121 1105 1105 1105
E31    632  558  632  497  497  497  620  560  620  664  615  664  536  536  536
E33    400  296  400  310  263  310  354  302  354  463  373  463  310  310  310
E34   1396 1107 1396 1032  619 1032 1249 1018 1249 1357 1264 1357  962  962  962
E36    916  799  916  600  553  600  798  756  798  995  853  995  760  760  760
# ------------------------------------------
# QZSS
%      C1C  L1C  S1C  C2L  L2L  S2L  C5Q  L5Q  S5Q  C1L  L1L  S1L  C1Z  L1Z  S1Z  C5P  L5P  S5P
J02   1509 1248 1509 1550 1450 1550 1302 1177 1302 1504 1292 1504 1236 1236 1236  363  363  363
J03   1885 1817 1885 1896 1877 1896 1865 1822 1865 1889 1856 1889 1761 1761 1761 1544 1544 1544
J04   1947 1902 1947 1963 1949 1963 1961 1943 1961 1948 1915 1948 1874 1874 1874 1759 1759 1759
J07   2880 2876 2880 2880 2880 2880 2880 2880 2880 2880 2880 2880 2880 2880 2880    0    0    0
# ------------------------------------------
# Beidou
%      C1P  L1P  S1P  C5P  L5P  S5P  C2I  L2I  S2I  C7I  L7I  S7I  C6I  L6I  S6I
C02      0    0    0    0    0    0 2880 2880 2880 2880 2880 2880 2880 2880 2880
C03      0    0    0    0    0    0 2880 2880 2880 2880 2880 2880 2880 2880 2880
C05      0    0    0    0    0    0 2880 2880 2880 2880 2880 2880 2880 2880 2880
C06      0    0    0    0    0    0 2377 2214 2377 2458 2302 2458 2265 2096 2265
C07      0    0    0    0    0    0 2348 2262 2348 2762 2484 2762 2277 2124 2277
C08      0    0    0    0    0    0 2251 2131 2251 2304 2168 2304 2163 2058 2163
C09      0    0    0    0    0    0 2533 2345 2533 2746 2397 2746 2248 2158 2248
C10      0    0    0    0    0    0 2821 2412 2821 2832 2641 2832 2751 2271 2751
C11      0    0    0    0    0    0 1223  968 1223 1359 1064 1359  997  877  997
C12      0    0    0    0    0    0  706  627  706  971  871  971  800  593  800
C13      0    0    0    0    0    0 2388 2240 2388 2460 2303 2460 2249 2143 2249
C14      0    0    0    0    0    0  845  770  845  881  832  881  770  738  770
C16      0    0    0    0    0    0 2344 2187 2344 2425 2289 2425 2129 1984 2129
C19    751  652  751  625  595  625  786  689  786    0    0    0  629  608  629
C20    625  536  625  599  479  599  633  551  633    0    0    0  593  478  593
C21   1128 1100 1128 1107 1055 1107 1141 1105 1141    0    0    0 1119 1069 1119
C22    979  872  979  896  736  896 1004  886 1004    0    0    0  906  766  906
C23   1087 1071 1087 1072 1056 1072 1096 1080 1096    0    0    0 1079 1002 1079
C24    943  746  943  837  685  837  967  759  967    0    0    0  909  681  909
C25   1087 1028 1087 1065 1018 1065 1103 1045 1103    0    0    0 1073  992 1073
C26    760  646  760  596  563  596  784  679  784    0    0    0  599  559  599
C27    525  488  525  459  448  459  564  506  564    0    0    0  475  454  475
C28    719  692  719  619  619  619  724  701  724    0    0    0  638  638  638
C29    861  830  861  847  828  847  869  836  869    0    0    0  846  815  846
C30    734  666  734  691  653  691  761  670  761    0    0    0  686  647  686
C32    830  636  830  704  538  704  877  666  877    0    0    0  718  534  718
C33    770  697  770  706  653  706  780  704  780    0    0    0  728  664  728
C34   1313  969 1313  900  859  900 1352 1056 1352    0    0    0  964  843  964
C35    865  800  865  769  764  769  887  822  887    0    0    0  811  749  811
C36    628  468  628  543  458  543  669  467  669    0    0    0  559  460  559
C37    575  534  575  520  519  520  582  535  582    0    0    0  529  494  529
C38   2129 1971 2129 2043 1925 2043 2178 2040 2178    0    0    0 2089 1932 2089
C39   2128 1976 2128 1887 1887 1887 2164 1981 2164    0    0    0 1948 1937 1948
C40   2143 2045 2143 2072 1934 2072 2158 2053 2158    0    0    0 2074 1941 2074
C41    706  616  706  663  581  663  728  613  728    0    0    0  651  559  651
C42   1037  983 1037  985  955  985 1055  987 1055    0    0    0  961  849  961
C43    949  830  949  590  555  590 1015  846 1015    0    0    0  727  603  727
C44    753  681  753  703  646  703  870  709  870    0    0    0  693  603  693
C45   1204  985 1204 1056  907 1056 1235  991 1235    0    0    0 1143  892 1143
C47    719  661  719  689  662  689  730  677  730    0    0    0  698  662  698
C48    620  585  620  568  536  568  636  591  636    0    0    0  633  546  633
C49    760  672  760  631  597  631  808  711  808    0    0    0  700  653  700
C50   1135 1097 1135 1107 1068 1107 1145 1094 1145    0    0    0 1139 1099 1139
C56      0    0    0    0    0    0 2400 2393 2400    0    0    0 2368 2212 2368
C58      0    0    0    0    0    0   19   19   19    0    0    0   17   16   17
C59      0    0    0    0    0    0   11    7   11    0    0    0    0    0    0
C60      0    0    0    0    0    0 2880 2880 2880    0    0    0 2880 2880 2880
# ------------------------------------------
# NavIC/IRNSS
%      C5A  L5A  S5A
I01   2880 2880 2880
I02   2880 2880 2880
I03   2880 2880 2880
I06   2880 2880 2880
I09   2880 2880 2880
I10   2880 2880 2880
# ------------------------------------------
# Cycle slip detection settings:
# ------------------------------------------
# Elmask (slip count ): 10.0
# Elmask (slip detect): 0.0
# MP detection type   : offset
# MP reference type   : rolling average (window=50epochs)
# MP threshold        : 2.000 (m)
# GF detection type   : velocity
# GF reference type   : single epoch
# GF threshold        : 0.050 (m/s)
# MW detection type   : sigma
# MW reference type   : rolling average (window=50epochs)
# MW threshold        : 4.000 (sigmas)
# ------------------------------------------
# Quality Report:
# ------------------------------------------
# For each satellite
% PRN, STD(MP1), STD(MP2), STD(MP5), # of slips/nobs (MP1, MP2, MP5, GF, MW, IOD(L1))
  G01,   0.3975,   0.6030,   0.3699,     4 /   821,     1 /   821,     0 /   763,     1 /   821,     0 /   821,     1 /   821
  G02,   0.3921,   0.5680,     ----,     6 /   730,     7 /   730,     0 /     0,     0 /   730,     4 /   730,     3 /   730
  G03,   0.2871,   0.4214,   0.2828,     1 /   572,     1 /   572,     0 /   572,     0 /   572,     4 /   572,     1 /   572
  G04,   0.3425,   0.4233,   0.2393,     1 /   736,     1 /   736,     0 /   658,     1 /   736,     3 /   736,     1 /   736
  G05,   0.1948,   0.3518,     ----,     1 /   570,     1 /   570,     0 /     0,     1 /   570,     0 /   570,     1 /   570
  G06,   0.2174,   0.3850,   0.2261,     3 /   589,     3 /   589,     0 /   589,     1 /   589,     2 /   589,     1 /   589
  G07,   0.2785,   0.4983,     ----,     0 /   891,     7 /   891,     0 /     0,     0 /   891,     1 /   891,     0 /   891
  G08,   0.2603,   0.4984,   0.2437,     1 /   501,     3 /   501,     0 /   491,     0 /   501,     1 /   501,     0 /   501
  G09,   0.2396,   0.4149,   0.2293,     0 /   600,     4 /   600,     0 /   596,     0 /   600,     2 /   600,     0 /   600
  G10,   0.2668,   0.4716,   0.2678,     5 /   971,     4 /   971,     1 /   958,     3 /   971,     3 /   971,     3 /   971
  G11,   0.2488,   0.3885,   0.2286,     0 /   628,     0 /   628,     0 /   628,     0 /   628,     4 /   628,     0 /   628
  G12,   0.2617,   0.4309,     ----,     3 /   612,     7 /   612,     0 /     0,     2 /   612,     3 /   612,     3 /   612
  G13,   0.3269,   0.5360,     ----,     1 /   790,     4 /   790,     0 /     0,     1 /   790,     3 /   790,     1 /   790
  G14,   0.2838,   0.4699,   0.2546,     7 /   974,     8 /   974,     2 /   942,     4 /   974,     7 /   974,     4 /   974
  G15,   0.2491,   0.4005,     ----,     3 /   555,     9 /   555,     0 /     0,     4 /   555,     5 /   555,     4 /   555
  G16,   0.2880,   0.3676,     ----,     0 /   566,     0 /   566,     0 /     0,     0 /   566,     2 /   566,     0 /   566
  G17,   0.2827,   0.4461,     ----,     1 /   688,     9 /   688,     0 /     0,     0 /   688,     6 /   688,     1 /   688
  G18,   0.3268,   0.4383,   0.2743,     8 /   804,     6 /   804,     4 /   798,     3 /   804,     8 /   804,     5 /   804
  G19,   0.2807,   0.5369,     ----,     1 /   813,     6 /   813,     0 /     0,     1 /   813,     7 /   813,     1 /   813
  G20,   0.2340,   0.3711,     ----,     0 /   592,     2 /   592,     0 /     0,     1 /   592,     6 /   592,     1 /   592
  G21,   0.2128,   0.3832,   0.2295,     4 /   541,     1 /   538,     0 /   541,     0 /   541,     1 /   541,     2 /   541
  G22,   0.3013,   0.4946,     ----,     3 /   975,     2 /   975,     0 /     0,     0 /   975,     5 /   975,     0 /   975
  G23,   0.2922,   0.4911,   0.2695,     6 /   919,     8 /   919,     3 /   893,     5 /   919,     5 /   919,     5 /   919
  G24,   0.3712,   0.6074,   0.3309,     4 /   836,     9 /   836,     0 /   815,     2 /   836,     2 /   836,     2 /   836
  G25,   0.3243,   0.4789,   0.2789,     0 /   556,     2 /   556,     1 /   527,     0 /   556,     5 /   556,     0 /   556
  G26,   0.2438,   0.3916,   0.2522,     2 /   506,     1 /   506,     0 /   496,     0 /   506,     1 /   506,     0 /   506
  G27,   0.3384,   0.5568,   0.3518,     1 /   803,     7 /   803,     1 /   802,     2 /   803,     4 /   803,     2 /   803
  G28,   0.2484,   0.3706,   0.1841,     2 /   597,     2 /   597,     0 /   568,     2 /   597,     1 /   597,     2 /   597
  G29,   0.2719,   0.4483,     ----,     0 /   634,     1 /   634,     0 /     0,     0 /   634,     4 /   634,     0 /   634
  G30,   0.2683,   0.4409,   0.2277,     2 /   703,     3 /   703,     0 /   679,     2 /   703,     4 /   703,     2 /   703
  G31,   0.2309,   0.4009,     ----,     0 /   617,     5 /   617,     0 /     0,     0 /   617,     2 /   617,     0 /   617
  G32,   0.2876,   0.5206,   0.3118,     1 /   833,     6 /   833,     0 /   774,     0 /   833,     2 /   833,     0 /   833
  R01,     ----,     ----,     ----,     0 /     0,     0 /     0,     0 /     0,     0 /     0,     0 /     0,     0 /     0
  R02,   0.5191,   0.5166,     ----,    54 /   550,     5 /   550,     0 /     0,     1 /   550,     5 /   550,     1 /   550
  R03,   0.7683,   0.4934,     ----,   202 /   844,     4 /   844,     0 /     0,     0 /   844,     3 /   844,     2 /   844
  R04,   0.7433,   0.3490,   0.3273,    50 /   459,     1 /   459,     2 /   459,     1 /   459,     3 /   459,     1 /   459
  R05,   0.5856,   0.3795,   0.2952,    27 /   519,     2 /   519,     0 /   519,     0 /   519,     2 /   519,     0 /   519
  R06,     ----,     ----,     ----,     0 /     0,     0 /     0,     0 /     0,     0 /     0,     0 /     0,     0 /     0
  R07,   0.7854,   0.3917,     ----,    89 /   734,     0 /   734,     0 /     0,     0 /   734,     8 /   734,     0 /   734
  R08,   0.7833,   0.3630,     ----,    50 /   482,     0 /   482,     0 /     0,     0 /   482,     1 /   482,     0 /   482
  R09,   0.7663,   0.5656,   0.4348,    50 /   864,     6 /   864,     7 /   864,     0 /   864,     0 /   864,     0 /   864
  R10,     ----,     ----,     ----,     0 /     0,     0 /     0,     0 /     0,     0 /     0,     0 /     0,     0 /     0
  R11,   0.5616,   0.3638,   0.2807,    26 /   715,     2 /   715,     2 /   715,     0 /   715,     1 /   715,     1 /   715
  R12,   0.7176,   0.5212,   0.4185,    59 /   666,     4 /   666,     2 /   666,     1 /   666,    10 /   666,     2 /   666
  R13,     ----,     ----,     ----,     0 /     0,     0 /     0,     0 /     0,     0 /     0,     0 /     0,     0 /     0
  R14,   0.4619,   0.4151,     ----,    10 /   485,     2 /   485,     0 /     0,     1 /   485,     6 /   485,     1 /   485
  R15,   0.5656,   0.3226,     ----,    16 /   479,     0 /   479,     0 /     0,     0 /   479,     3 /   479,     0 /   479
  R16,   0.6116,   0.4710,   0.3284,    22 /   528,    11 /   528,     4 /   517,     3 /   528,     6 /   528,     3 /   528
  R17,   0.7003,   0.3583,     ----,    37 /   477,     2 /   477,     0 /     0,     1 /   477,     1 /   477,     1 /   477
  R18,   0.6591,   0.5190,     ----,    37 /   552,     7 /   552,     0 /     0,     0 /   552,     4 /   552,     0 /   552
  R19,   0.7706,   0.4844,   0.3894,   101 /   587,     0 /   587,     0 /   587,     0 /   587,     3 /   587,     0 /   587
  R20,     ----,     ----,     ----,     0 /     0,     0 /     0,     0 /     0,     0 /     0,     0 /     0,     0 /     0
  R21,   0.6467,   0.3514,   0.2765,    43 /   541,     0 /   541,     0 /   541,     0 /   541,     0 /   541,     0 /   541
  R22,   0.6752,   0.5419,   0.4234,    37 /  1059,    10 /  1055,     3 /  1059,     1 /  1059,     4 /  1059,     1 /  1059
  R23,     ----,     ----,     ----,     0 /     0,     0 /     0,     0 /     0,     0 /     0,     0 /     0,     0 /     0
  R24,   0.6367,   0.3069,   0.2588,    24 /   502,     5 /   502,     2 /   502,     2 /   502,     1 /   502,     2 /   502
  R26,   0.5917,   0.5192,   0.4313,    43 /   762,    11 /   759,     5 /   762,     2 /   762,     8 /   762,     2 /   762
  R27,   0.5714,   0.5033,   0.3799,    30 /   611,    11 /   610,     6 /   608,     3 /   611,    12 /   611,     4 /   611
  E02,   0.2530,   0.3795,   0.2493,     0 /   949,     1 /   949,     0 /   762,     1 /   949,    12 /   949,     1 /   949
  E03,   0.1963,   0.3287,   0.2930,     0 /  1232,     0 /  1232,     0 /  1179,     0 /  1232,     7 /  1232,     0 /  1232
  E04,   0.1710,   0.2769,   0.2621,     0 /   604,     0 /   604,     0 /   586,     0 /   604,     0 /   604,     0 /   604
  E05,   0.1983,   0.3228,   0.2768,     0 /  1196,     0 /  1196,     0 /  1148,     0 /  1196,     4 /  1196,     0 /  1196
  E06,   0.2038,   0.2777,   0.2503,     0 /   698,     0 /   698,     1 /   656,     0 /   698,     2 /   698,     0 /   698
  E07,   0.2153,   0.3948,   0.3116,     0 /   653,     0 /   653,     0 /   619,     0 /   653,     1 /   653,     0 /   653
  E08,   0.1960,   0.3187,   0.2933,     0 /   796,     0 /   796,     1 /   787,     0 /   796,     2 /   796,     0 /   796
  E09,   0.1895,   0.2764,   0.2583,     0 /   786,     0 /   786,     0 /   734,     0 /   786,     2 /   786,     0 /   786
  E10,   0.2016,   0.3174,   0.2848,     0 /  1162,     0 /  1162,     0 /  1153,     0 /  1162,     2 /  1162,     0 /  1162
  E11,   0.2082,   0.3431,   0.2605,     0 /  1225,     1 /  1225,     0 /   820,     0 /  1225,     6 /  1225,     0 /  1225
  E12,   0.2087,   0.3244,   0.3330,     0 /   940,     0 /   940,     0 /   940,     0 /   940,     3 /   940,     0 /   940
  E13,   0.1975,   0.3114,   0.2087,     0 /   378,     2 /   378,     0 /   327,     0 /   378,     3 /   378,     0 /   378
  E14,   0.2075,   0.2997,   0.2800,     0 /   602,     0 /   602,     0 /   574,     0 /   602,     4 /   602,     0 /   602
  E15,   0.2426,   0.3335,   0.3260,     0 /   997,     0 /   997,     0 /   942,     0 /   997,     2 /   997,     0 /   997
  E16,   0.2428,   0.3551,   0.3332,     0 /  1179,     2 /  1179,     0 /  1065,     0 /  1179,     5 /  1179,     0 /  1179
  E18,   0.2032,   0.2678,   0.2488,     0 /   958,     0 /   958,     0 /   856,     0 /   958,     3 /   958,     0 /   958
  E19,   0.3317,   0.5030,     ----,     0 /   205,     0 /   205,     0 /     0,     0 /   205,     4 /   205,     0 /   205
  E21,   0.2654,   0.4969,   0.3192,     0 /   115,     1 /   115,     0 /    88,     0 /   115,     2 /   115,     0 /   115
  E23,   0.1969,   0.2792,   0.3713,     0 /   294,     0 /   294,     0 /   293,     0 /   294,     1 /   294,     0 /   294
  E24,   0.2587,   0.3766,   0.3494,     0 /  1073,     7 /  1073,     1 /   977,     0 /  1073,     2 /  1073,     0 /  1073
  E25,   0.2420,   0.3841,   0.3378,     0 /  1178,     1 /  1178,     0 /  1100,     0 /  1178,     4 /  1178,     0 /  1178
  E26,   0.2425,   0.5134,   0.4197,     0 /   125,     0 /   125,     0 /   116,     0 /   125,     0 /   125,     0 /   125
  E27,   0.2322,   0.3682,   0.3291,     0 /   810,     0 /   810,     0 /   766,     0 /   810,     1 /   810,     0 /   810
  E29,   0.4162,   0.5779,   0.5488,     0 /   378,    10 /   378,     0 /   102,     0 /   378,     0 /   378,     0 /   378
  E30,   0.1671,   0.2920,   0.2576,     0 /  1121,     0 /  1121,     0 /  1099,     0 /  1121,     2 /  1121,     0 /  1121
  E31,   0.1821,   0.2473,   0.2377,     0 /   558,     0 /   558,     0 /   558,     0 /   558,     2 /   558,     0 /   558
  E33,   0.2483,   0.2994,   0.2940,     0 /   296,     0 /   296,     0 /   296,     0 /   296,     1 /   296,     0 /   296
  E34,   0.2495,   0.4055,   0.3333,     1 /  1107,     3 /  1107,     0 /  1007,     0 /  1107,     6 /  1107,     0 /  1107
  E36,   0.2003,   0.3032,   0.2954,     0 /   799,     0 /   799,     0 /   746,     0 /   799,     6 /   799,     0 /   799
  J02,   0.4857,   0.4629,   0.5063,    18 /  1267,    14 /  1267,     7 /  1163,     8 /  1267,    22 /  1267,    10 /  1267
  J03,   0.3966,   0.3636,   0.3908,    10 /  1856,     3 /  1856,     4 /  1822,     0 /  1856,     7 /  1856,     1 /  1856
  J04,   0.3169,   0.3180,   0.3301,     6 /  1915,     1 /  1915,     1 /  1915,     1 /  1915,     7 /  1915,     1 /  1915
  J07,   0.3977,   0.2722,   0.2609,     4 /  2880,     4 /  2880,     3 /  2880,     2 /  2880,    16 /  2880,     2 /  2880
  C02,   0.2213,   0.1623,     ----,     0 /  2880,     0 /  2880,     0 /     0,     0 /  2880,     1 /  2880,     0 /  2880
  C03,   0.2608,   0.1905,     ----,     0 /  2880,     0 /  2880,     0 /     0,     0 /  2880,     5 /  2880,     0 /  2880
  C05,   0.2510,   0.1972,     ----,     0 /  2880,     0 /  2880,     0 /     0,     0 /  2880,     4 /  2880,     0 /  2880
  C06,   0.4098,   0.2995,     ----,    15 /  2214,     0 /  2214,     0 /     0,     0 /  2214,     5 /  2214,     0 /  2214
  C07,   0.4038,   0.2971,     ----,    25 /  2262,     1 /  2262,     0 /     0,     0 /  2262,     1 /  2262,     0 /  2262
  C08,   0.4714,   0.3225,     ----,    17 /  2131,     1 /  2131,     0 /     0,     0 /  2131,     3 /  2131,     0 /  2131
  C09,   0.3750,   0.2948,     ----,    15 /  2345,     2 /  2345,     0 /     0,     0 /  2345,     4 /  2345,     0 /  2345
  C10,   0.3559,   0.2696,     ----,    15 /  2412,     2 /  2412,     0 /     0,     0 /  2412,     3 /  2412,     0 /  2412
  C11,   0.5657,   0.4553,     ----,    15 /   968,     3 /   968,     0 /     0,     0 /   968,     1 /   968,     0 /   968
  C12,   0.4861,   0.3583,     ----,    16 /   627,     2 /   627,     0 /     0,     0 /   627,     1 /   627,     0 /   627
  C13,   0.3417,   0.2888,     ----,    13 /  2235,     2 /  2235,     0 /     0,     0 /  2235,     3 /  2235,     0 /  2235
  C14,   0.5360,   0.3766,     ----,     9 /   763,     2 /   763,     0 /     0,     0 /   763,     1 /   763,     0 /   763
  C16,   0.4019,   0.2964,     ----,    14 /  2187,     0 /  2187,     0 /     0,     0 /  2187,     9 /  2187,     0 /  2187
  C19,   0.3654,     ----,   0.2398,     0 /   595,     0 /     0,     0 /   595,     0 /   595,     1 /   595,     0 /   595
  C20,   0.3813,     ----,   0.2813,     0 /   475,     0 /     0,     0 /   475,     0 /   475,     2 /   475,     0 /   475
  C21,   0.4097,     ----,   0.2887,     4 /  1055,     0 /     0,     0 /  1055,     0 /  1055,     2 /  1055,     0 /  1055
  C22,   0.3720,     ----,   0.3056,     8 /   736,     0 /     0,     2 /   736,     2 /   736,    10 /   736,     2 /   736
  C23,   0.4626,     ----,   0.3062,    15 /  1056,     0 /     0,     0 /  1056,     0 /  1056,     2 /  1056,     0 /  1056
  C24,   0.3604,     ----,   0.2369,     2 /   679,     0 /     0,     0 /   679,     1 /   679,     9 /   679,     1 /   679
  C25,   0.4246,     ----,   0.3082,     4 /  1018,     0 /     0,     0 /  1018,     0 /  1018,     2 /  1018,     0 /  1018
  C26,   0.3247,     ----,   0.2130,     0 /   563,     0 /     0,     0 /   563,     0 /   563,     0 /   563,     0 /   563
  C27,   0.2975,     ----,   0.2401,     0 /   448,     0 /     0,     0 /   448,     0 /   448,     0 /   448,     0 /   448
  C28,   0.2827,     ----,   0.2322,     0 /   619,     0 /     0,     0 /   619,     0 /   619,     4 /   619,     0 /   619
  C29,   0.4202,     ----,   0.2890,     2 /   828,     0 /     0,     1 /   828,     0 /   828,     0 /   828,     0 /   828
  C30,   0.4987,     ----,   0.3890,    15 /   653,     0 /     0,     7 /   653,     7 /   653,     6 /   653,     7 /   653
  C32,   0.6394,     ----,   0.3923,     4 /   537,     0 /     0,     0 /   537,     0 /   537,     0 /   537,     0 /   537
  C33,   0.3583,     ----,   0.2848,     7 /   653,     0 /     0,     0 /   653,     0 /   653,     3 /   653,     0 /   653
  C34,   0.4790,     ----,   0.3455,     8 /   859,     0 /     0,     0 /   859,     0 /   859,     6 /   859,     0 /   859
  C35,   0.3981,     ----,   0.2782,     2 /   761,     0 /     0,     0 /   761,     0 /   761,     2 /   761,     0 /   761
  C36,   0.4532,     ----,   0.2867,     9 /   452,     0 /     0,     0 /   452,     0 /   452,     1 /   452,     0 /   452
  C37,   0.3521,     ----,   0.2206,     1 /   519,     0 /     0,     0 /   519,     0 /   519,     1 /   519,     0 /   519
  C38,   0.4139,     ----,   0.3000,     3 /  1925,     0 /     0,     0 /  1925,     0 /  1925,     0 /  1925,     0 /  1925
  C39,   0.4260,     ----,   0.3035,     4 /  1887,     0 /     0,     1 /  1887,     0 /  1887,     6 /  1887,     0 /  1887
  C40,   0.4298,     ----,   0.3084,     0 /  1934,     0 /     0,     0 /  1934,     0 /  1934,     4 /  1934,     0 /  1934
  C41,   0.4576,     ----,   0.3025,     7 /   575,     0 /     0,     4 /   575,     4 /   575,     3 /   575,     4 /   575
  C42,   0.4588,     ----,   0.3208,    17 /   954,     0 /     0,     3 /   954,     3 /   954,     5 /   954,     3 /   954
  C43,   0.3797,     ----,   0.2823,     2 /   555,     0 /     0,     0 /   555,     0 /   555,     5 /   555,     0 /   555
  C44,   0.3835,     ----,   0.3015,     8 /   646,     0 /     0,     2 /   646,     2 /   646,     2 /   646,     2 /   646
  C45,   0.4912,     ----,   0.3468,     7 /   907,     0 /     0,     0 /   907,     0 /   907,     0 /   907,     0 /   907
  C47,   0.4078,     ----,   0.3107,     2 /   662,     0 /     0,     0 /   662,     0 /   662,     5 /   662,     0 /   662
  C48,   0.3349,     ----,   0.2425,     0 /   536,     0 /     0,     0 /   536,     0 /   536,     3 /   536,     0 /   536
  C49,   0.3444,     ----,   0.2609,     2 /   597,     0 /     0,     0 /   597,     0 /   597,     1 /   597,     0 /   597
  C50,   0.4216,     ----,   0.2967,    12 /  1068,     0 /     0,     9 /  1068,     9 /  1068,     5 /  1068,     9 /  1068
  C56,     ----,     ----,     ----,     0 /     0,     0 /     0,     0 /     0,     0 /     0,     0 /     0,     0 /     0
  C58,     ----,     ----,     ----,     0 /     0,     0 /     0,     0 /     0,     0 /     0,     0 /     0,     0 /     0
  C59,     ----,     ----,     ----,     0 /     0,     0 /     0,     0 /     0,     0 /     0,     0 /     0,     0 /     0
  C60,     ----,     ----,     ----,     0 /     0,     0 /     0,     0 /     0,     0 /     0,     0 /     0,     0 /     0
  I01,     ----,     ----,     ----,     0 /     0,     0 /     0,     0 /     0,     0 /     0,     0 /     0,     0 /     0
  I02,     ----,     ----,     ----,     0 /     0,     0 /     0,     0 /     0,     0 /     0,     0 /     0,     0 /     0
  I03,     ----,     ----,     ----,     0 /     0,     0 /     0,     0 /     0,     0 /     0,     0 /     0,     0 /     0
  I06,     ----,     ----,     ----,     0 /     0,     0 /     0,     0 /     0,     0 /     0,     0 /     0,     0 /     0
  I09,     ----,     ----,     ----,     0 /     0,     0 /     0,     0 /     0,     0 /     0,     0 /     0,     0 /     0
  I10,     ----,     ----,     ----,     0 /     0,     0 /     0,     0 /     0,     0 /     0,     0 /     0,     0 /     0
# ------------------------------------------
# Summary of each satellite system
% SYS, STD(MP1), STD(MP2), STD(MP5), # of slips/nobs (MP1, MP2, MP5, GF, MW, IOD(L1))
    G,   0.2918,   0.4705,   0.2743,    71 / 22523,   130 / 22520,    12 / 13090,    36 / 22523,   107 / 22523,    46 / 22523
    R,   0.6690,   0.4571,   0.3704,  1007 / 12416,    83 / 12408,    33 /  7799,    16 / 12416,    81 / 12416,    21 / 12416
    E,   0.2224,   0.3423,   0.2990,     1 / 22414,    28 / 22414,     3 / 20296,     1 / 22414,    89 / 22414,     1 / 22414
    J,   0.3955,   0.3416,   0.3551,    38 /  7918,    22 /  7918,    15 /  7780,    11 /  7918,    52 /  7918,    14 /  7918
    C,   0.3939,   0.2773,   0.2980,   299 / 51536,    15 / 26784,    29 / 24752,    28 / 51536,   131 / 51536,    28 / 51536
    I,     ----,     ----,     ----,     0 /     0,     0 /     0,     0 /     0,     0 /     0,     0 /     0,     0 /     0
