# ------------------------------------------
# Quality Check Summary by Ringo software
# ------------------------------------------
# Executed at            : 2026/03/16 12:35:00 UTC
# ------------------------------------------
# QC of RINEX file       : D:\Master in Geoinformatics\Semester 2\GNSS Survey Mapping\Lab\Lab 2\ringo\Data\3\mani1990.25o.gz
# input RnxNav files     : D:\Master in Geoinformatics\Semester 2\GNSS Survey Mapping\Lab\Lab 2\ringo\BRDC\3\BRDC00IGS_R_20251990000_01D_MN.rnx.gz
# ------------------------------------------
# Marker                 : MANI                                                        
# Receiver               : TRIMBLE ALLOY       
# Antenna                : TRM159900.00    SCIS
# Time of Start          : 2025/07/18 00:00:00.000
# Time of End            : 2025/07/18 23:59:30.000
# Approx XYZ             :   1278752.0246,   5724145.6103,   2498753.5767
# Observation Interval   : 30.0000 seconds
# Satellite systems      : GREJCI
#                        : G01G02G03G04G05G06G07G08G09G10G11G12G13G14G15G16G17G18G19G20G21G22G23G24G25G26G27G28G29G30G31G32
#                        : R01R02R03R04R05R06R07R08R09R10R11R12R13R14R15R16R17R18R19R20R21R22R23R24
#                        : E02E03E04E05E06E07E08E09E10E11E12E13E15E16E19E21E23E24E25E26E27E29E30E31E33E34E36
#                        : J02J03J04J07
#                        : C01C02C03C05C06C11C12C13C14C16C19C20C21C22C23C24C25C26C27C28C29C30C32C33C34C35C36C37C38C39C40C41C42C43C44C45C47C48C49C50C56C58C59C60
#                        : I02I03I06I09I10
# Total satellites       : 136
# Number of obs epochs   : 2880
# Number of obs data     : 174439
# N Expected epochs      : 2880
# Observation rate (%)   : 100.00
# N obs data     (>10deg): 143277
# N possible obs (> 0deg): 173123
# N possible obs (>10deg): 143875
# ------------------------------------------
# Number of obs epochs for each SV:
# ------------------------------------------
# GPS
%      C1C  L1C  S1C  C2W  L2W  S2W  C2X  L2X  S2X  C5X  L5X  S5X
G01   1263 1245 1263 1245 1231 1245 1263 1263 1263 1263 1263 1263
G02   1247 1224 1247 1211 1195 1211    0    0    0    0    0    0
G03    936  897  936  933  896  933  936  936  936  936  936  936
G04    936  932  936  929  925  929  936  936  936  936  936  936
G05    833  824  833  831  823  831  833  833  833    0    0    0
G06    818  809  818  817  808  817  818  818  818  818  818  818
G07   1005  997 1005 1003  996 1003 1005 1005 1005    0    0    0
G08   1091 1064 1091 1087 1061 1087 1090 1090 1090 1091 1091 1091
G09    783  775  783  783  775  783  783  783  783  783  783  783
G10   1049 1044 1049 1049 1044 1049 1049 1049 1049 1049 1049 1049
G11    946  936  946  934  925  934  946  946  946  946  946  946
G12    812  791  812  809  789  809  804  804  804    0    0    0
G13   1212 1184 1212 1109 1091 1109    0    0    0    0    0    0
G14   1034 1031 1034 1032 1029 1032 1034 1034 1034 1034 1034 1034
G15   1039  996 1039 1034  992 1034 1035 1034 1035    0    0    0
G16    849  810  849  761  739  761    0    0    0    0    0    0
G17    979  977  979  979  977  979  977  976  977    0    0    0
G18    949  946  949  943  940  943  949  949  949  949  949  949
G19   1011 1000 1011 1003  992 1003    0    0    0    0    0    0
G20    806  790  806  764  752  764    0    0    0    0    0    0
G21   1044 1011 1044 1025  994 1025 1042 1042 1042 1044 1044 1044
G22   1052 1045 1052 1036 1032 1036    0    0    0    0    0    0
G23   1028 1020 1028 1028 1020 1028 1028 1028 1028 1028 1028 1028
G24   1251 1198 1251 1245 1193 1245 1251 1251 1251 1251 1251 1251
G25   1136 1097 1136 1131 1093 1131 1136 1136 1136 1136 1136 1136
G26   1085 1057 1085 1069 1045 1069 1081 1080 1081 1085 1085 1085
G27   1182 1142 1182 1180 1141 1180 1182 1182 1182 1182 1182 1182
G28    814  806  814  806  798  806  814  814  814  814  814  814
G29    825  819  825  825  819  825  825  825  825    0    0    0
G30    921  903  921  919  902  919  921  921  921  921  921  921
G31    869  865  869  868  864  868  869  869  869    0    0    0
G32   1011 1007 1011 1011 1007 1011 1011 1011 1011 1011 1011 1011
# ------------------------------------------
# GLONASS
%      C1C  L1C  S1C  C1P  L1P  S1P  C2C  L2C  S2C  C2P  L2P  S2P  C3X  L3X  S3X
R01    869  867  869  860  856  860    0    0    0    1    0    1    0    0    0
R02    911  911  911  911  911  911  909  908  909  905  903  905    0    0    0
R03    982  982  982  980  980  980  982  982  982  982  981  982    0    0    0
R04    927  927  927  927  926  927  927  927  927  924  923  924    0    0    0
R05    932  931  932  930  929  930  930  930  930  920  918  920    0    0    0
R06    763  763  763  733  726  733    0    0    0    0    0    0    0    0    0
R07   1150 1147 1150 1138 1137 1138 1148 1147 1148 1134 1129 1134    0    0    0
R08   1056 1055 1056 1052 1047 1052 1056 1056 1056 1051 1047 1051    0    0    0
R09   1046 1046 1046 1046 1044 1046 1046 1046 1046 1041 1041 1041 1045 1045 1045
R10   1114 1114 1114 1089 1089 1089    0    0    0    0    0    0    0    0    0
R11   1102 1102 1102 1097 1097 1097 1100 1099 1100 1086 1084 1086    0    0    0
R12   1209 1208 1209 1207 1206 1207 1207 1207 1207 1197 1193 1197    0    0    0
R13    980  978  980  924  922  924    0    0    0    0    0    0    0    0    0
R14    869  865  869  860  860  860  863  862  863  857  855  857    0    0    0
R15    732  732  732  732  732  732  732  731  732  730  729  730    0    0    0
R16    915  914  915  914  912  914  912  911  912  908  908  908    0    0    0
R17    871  870  871  866  863  866  865  862  865  851  847  851    0    0    0
R18    969  968  969  967  966  967  969  969  969  966  965  966    0    0    0
R19   1027 1027 1027 1024 1018 1024 1025 1024 1025 1020 1015 1020    0    0    0
R20    567  567  567  539  535  539  567  567  567  567  567  567    0    0    0
R21   1090 1090 1090 1090 1089 1090 1090 1090 1090 1085 1083 1085 1086 1085 1086
R22   1202 1201 1202 1202 1201 1202 1202 1202 1202 1195 1190 1195    0    0    0
R23   1148 1148 1148 1142 1138 1142    0    0    0    1    0    1    0    0    0
R24    741  739  741  734  733  734  741  741  741  730  730  730    0    0    0
# ------------------------------------------
# Galileo
%      C1X  L1X  S1X  C5X  L5X  S5X  C7X  L7X  S7X  C8X  L8X  S8X  C6X  L6X  S6X
E02   1439 1438 1439 1435 1435 1435 1437 1436 1437 1439 1438 1439 1439 1438 1439
E03   1271 1270 1271 1271 1271 1271 1271 1271 1271 1271 1271 1271 1270 1269 1270
E04    973  973  973  971  971  971  973  973  973  973  973  973  971  971  971
E05   1286 1286 1286 1286 1286 1286 1286 1286 1286 1286 1286 1286 1284 1284 1284
E06   1082 1080 1082 1081 1081 1081 1080 1080 1080 1082 1082 1082 1080 1078 1080
E07    837  837  837  836  836  836  836  836  836  837  837  837  836  836  836
E08   1113 1111 1113 1113 1113 1113 1113 1113 1113 1113 1113 1113 1112 1110 1112
E09   1145 1144 1145 1141 1141 1141 1143 1142 1143 1145 1145 1145 1145 1144 1145
E10   1219 1218 1219 1219 1219 1219 1219 1219 1219 1219 1219 1219 1219 1218 1219
E11   1193 1191 1193 1193 1193 1193 1193 1193 1193 1193 1193 1193 1193 1191 1193
E12   1073 1070 1073 1071 1071 1071 1071 1071 1071 1073 1073 1073 1071 1068 1071
E13    649  647  649  646  646  646  646  646  646  649  649  649  647  645  647
E15   1269 1267 1269 1265 1265 1265 1266 1266 1266 1268 1268 1268 1266 1264 1266
E16   1739 1736 1739 1733 1730 1733 1738 1738 1738 1738 1738 1738 1736 1733 1736
E19    664  660  664  639  639  639  658  654  658  664  664  664  663  659  663
E21    304  302  304  304  304  304  304  304  304  304  304  304  303  301  303
E23    379  378  379  379  379  379  379  379  379  379  379  379  377  376  377
E24   1641 1638 1641 1637 1635 1637 1640 1639 1640 1640 1639 1640 1637 1634 1637
E25   1670 1668 1670 1670 1669 1670 1670 1670 1670 1670 1670 1670 1667 1665 1667
E26    321  321  321  321  321  321  321  321  321  321  321  321  321  321  321
E27    799  799  799  799  799  799  799  799  799  799  799  799  799  799  799
E29    756  756  756  755  755  755  755  755  755  755  755  755  755  755  755
E30   1143 1143 1143 1143 1143 1143 1143 1143 1143 1143 1143 1143 1143 1143 1143
E31   1015 1013 1015 1009 1009 1009 1012 1012 1012 1014 1014 1014 1015 1013 1015
E33    634  632  634  633  633  633  634  634  634  634  634  634  634  632  634
E34   1666 1663 1666 1664 1664 1664 1663 1661 1663 1666 1666 1666 1664 1661 1664
E36   1473 1471 1473 1472 1471 1472 1473 1473 1473 1472 1472 1472 1469 1467 1469
# ------------------------------------------
# QZSS
%      C1C  L1C  S1C  C1X  L1X  S1X  C1Z  L1Z  S1Z  C2X  L2X  S2X  C5X  L5X  S5X
J02   2151 2062 2151 2151 2150 2151 2146 2060 2146 2151 2151 2151 2151 2151 2151
J03   2168 2114 2168 2166 2164 2166 2162 2108 2162 2168 2168 2168 2168 2168 2168
J04   2424 2366 2424 2417 2417 2417 2416 2359 2416 2422 2422 2422 2424 2424 2424
J07   2880 2118 2880 2880 2880 2880 2879 2118 2879 2880 2880 2880 2880 2880 2880
# ------------------------------------------
# Beidou
%      C1X  L1X  S1X  C5X  L5X  S5X  C2I  L2I  S2I  C7I  L7I  S7I  C6I  L6I  S6I
C01      0    0    0    0    0    0 2708 2582 2708 2701 2573 2701 2667 2532 2667
C02      0    0    0    0    0    0 2880 2880 2880 2880 2880 2880 2880 2880 2880
C03      0    0    0    0    0    0 2880 2880 2880 2880 2880 2880 2880 2880 2880
C05      0    0    0    0    0    0 2880 2880 2880 2880 2880 2880 2880 2880 2880
C06      0    0    0    0    0    0 2470 2467 2470 2469 2466 2469 2469 2466 2469
C11      0    0    0    0    0    0 1347 1346 1347 1346 1343 1346 1346 1343 1346
C12      0    0    0    0    0    0 1249 1247 1249 1248 1245 1248 1248 1245 1248
C13      0    0    0    0    0    0 2512 2510 2512 2508 2505 2508 2508 2505 2508
C14      0    0    0    0    0    0  925  925  925  924  924  924  924  924  924
C16      0    0    0    0    0    0 2537 2535 2537 2536 2534 2536 2536 2534 2536
C19    909  908  909  909  909  909  909  909  909    0    0    0  909  909  909
C20    912  910  912  913  913  913  913  912  913    0    0    0  912  909  912
C21   1184 1184 1184 1184 1184 1184 1184 1184 1184    0    0    0 1183 1183 1183
C22   1118 1118 1118 1118 1118 1118 1118 1118 1118    0    0    0 1118 1118 1118
C23   1121 1120 1121 1121 1121 1121 1121 1120 1121    0    0    0 1120 1119 1120
C24   1062 1061 1062 1062 1062 1062 1062 1062 1062    0    0    0 1062 1062 1062
C25   1173 1173 1173 1173 1173 1173 1173 1173 1173    0    0    0 1172 1172 1172
C26   1267 1265 1267 1272 1272 1272 1273 1272 1273    0    0    0 1269 1268 1269
C27    692  691  692  692  692  692  692  691  692    0    0    0  692  691  692
C28    730  730  730  730  730  730  731  730  731    0    0    0  730  729  730
C29    893  891  893  894  894  894  894  893  894    0    0    0  894  893  894
C30    834  833  834  834  834  834  834  834  834    0    0    0  833  833  833
C32   1055 1053 1055 1057 1057 1057 1058 1057 1058    0    0    0 1056 1056 1056
C33   1022 1022 1022 1022 1022 1022 1022 1020 1022    0    0    0 1020 1018 1020
C34   1493 1486 1493 1498 1497 1498 1498 1498 1498    0    0    0 1496 1496 1496
C35   1042 1041 1042 1043 1043 1043 1043 1043 1043    0    0    0 1042 1042 1042
C36    988  988  988  988  988  988  989  988  989    0    0    0  987  986  987
C37    730  730  730  730  730  730  730  730  730    0    0    0  729  729  729
C38   2334 2333 2334 2334 2334 2334 2334 2334 2334    0    0    0 2332 2332 2332
C39   2368 2366 2368 2368 2368 2368 2368 2367 2368    0    0    0 2366 2365 2366
C40   2392 2390 2392 2390 2390 2390 2392 2389 2392    0    0    0 2392 2388 2392
C41   1057 1054 1057 1058 1058 1058 1058 1055 1058    0    0    0 1055 1053 1055
C42   1134 1133 1134 1133 1133 1133 1134 1133 1134    0    0    0 1131 1130 1131
C43   1358 1354 1358 1361 1359 1361 1361 1357 1361    0    0    0 1357 1353 1357
C44   1305 1302 1305 1301 1299 1301 1306 1304 1306    0    0    0 1299 1298 1299
C45   1407 1404 1407 1408 1408 1408 1408 1404 1408    0    0    0 1406 1403 1406
C47    849  848  849  849  849  849  850  849  850    0    0    0  848  847  848
C48    849  848  849  849  849  849  849  849  849    0    0    0  849  849  849
C49   1171 1170 1171 1172 1172 1172 1173 1171 1173    0    0    0 1172 1170 1172
C50   1169 1167 1169 1169 1169 1169 1169 1168 1169    0    0    0 1168 1167 1168
C56    118    0  118   13    0   13 2875 2875 2875    0    0    0 2875 2875 2875
C58      0    0    0    0    0    0    6    6    6    0    0    0    0    0    0
C59      0    0    0    0    0    0 2880 2875 2880    0    0    0 2880 2875 2880
C60      0    0    0    0    0    0 2880 2880 2880    0    0    0 2880 2880 2880
# ------------------------------------------
# NavIC/IRNSS
%      C5A  L5A  S5A
I02   2880 2880 2880
I03   2880 2880 2880
I06   2880 2880 2880
I09   2880 2880 2880
I10   2880 2880 2880
# ------------------------------------------
# Cycle slip detection settings:
# ------------------------------------------
# Elmask (slip count ): 10.0
# Elmask (slip detect): 0.0
# MP detection type   : offset
# MP reference type   : rolling average (window=50epochs)
# MP threshold        : 2.000 (m)
# GF detection type   : velocity
# GF reference type   : single epoch
# GF threshold        : 0.050 (m/s)
# MW detection type   : sigma
# MW reference type   : rolling average (window=50epochs)
# MW threshold        : 4.000 (sigmas)
# ------------------------------------------
# Quality Report:
# ------------------------------------------
# For each satellite
% PRN, STD(MP1), STD(MP2), STD(MP5), # of slips/nobs (MP1, MP2, MP5, GF, MW, IOD(L1))
  G01,   0.2142,   0.2932,   0.1640,    17 /  1245,    18 /  1245,     4 /  1245,    11 /  1245,    10 /  1245,    15 /  1245
  G02,   0.2036,   0.2941,     ----,     8 /  1195,     9 /  1195,     0 /     0,     3 /  1195,     7 /  1195,     6 /  1195
  G03,   0.1790,   0.2286,   0.1540,     8 /   897,     8 /   897,     7 /   897,     1 /   897,     9 /   897,     4 /   897
  G04,   0.1737,   0.2365,   0.1305,     7 /   932,     7 /   932,     2 /   932,     6 /   932,    12 /   932,     7 /   932
  G05,   0.1543,   0.1803,     ----,     3 /   824,     3 /   824,     0 /     0,     1 /   824,     5 /   824,     2 /   824
  G06,   0.1670,   0.1782,   0.1183,     1 /   809,     1 /   809,     1 /   809,     0 /   809,     2 /   809,     0 /   809
  G07,   0.1592,   0.1830,     ----,     5 /   997,     5 /   997,     0 /     0,     3 /   997,     3 /   997,     3 /   997
  G08,   0.2278,   0.2397,   0.1906,    10 /  1064,    10 /  1064,     7 /  1064,     7 /  1064,     4 /  1064,     9 /  1064
  G09,   0.1645,   0.1656,   0.1164,     0 /   775,     0 /   775,     0 /   775,     0 /   775,     1 /   775,     0 /   775
  G10,   0.1497,   0.1855,   0.1281,     1 /  1044,     1 /  1044,     1 /  1044,     0 /  1044,     3 /  1044,     1 /  1044
  G11,   0.1589,   0.2257,   0.1335,    14 /   936,    14 /   936,     1 /   936,    13 /   936,     5 /   936,    13 /   936
  G12,   0.1796,   0.1727,     ----,     3 /   790,     4 /   790,     0 /     0,     2 /   790,     8 /   790,     4 /   790
  G13,   0.1890,   0.3074,     ----,     0 /  1091,     0 /  1091,     0 /     0,     0 /  1091,     4 /  1091,     0 /  1091
  G14,   0.1668,   0.1970,   0.1214,     4 /  1031,     4 /  1031,     2 /  1031,     2 /  1031,     4 /  1031,     4 /  1031
  G15,   0.2227,   0.2220,     ----,    17 /   995,    18 /   995,     0 /     0,     8 /   995,    10 /   995,    11 /   995
  G16,   0.1911,   0.2706,     ----,     1 /   739,     3 /   739,     0 /     0,     1 /   739,     5 /   739,     1 /   739
  G17,   0.1671,   0.1914,     ----,     1 /   977,     1 /   977,     0 /     0,     1 /   977,     3 /   977,     2 /   977
  G18,   0.1569,   0.2125,   0.1272,     9 /   946,     9 /   946,     7 /   946,     7 /   946,     4 /   946,     8 /   946
  G19,   0.1637,   0.1995,     ----,     0 /   992,     0 /   992,     0 /     0,     1 /   992,     4 /   992,     1 /   992
  G20,   0.1505,   0.2244,     ----,     0 /   752,     0 /   752,     0 /     0,     0 /   752,     8 /   752,     0 /   752
  G21,   0.2020,   0.2752,   0.1373,    16 /  1011,    15 /  1010,     3 /  1011,    14 /  1011,    11 /  1011,    14 /  1011
  G22,   0.1631,   0.2355,     ----,     1 /  1032,     1 /  1032,     0 /     0,     1 /  1032,     2 /  1032,     1 /  1032
  G23,   0.1569,   0.2084,   0.1145,     1 /  1020,     1 /  1020,     1 /  1020,     1 /  1020,     1 /  1020,     1 /  1020
  G24,   0.2023,   0.2226,   0.1512,     6 /  1198,     6 /  1198,     3 /  1198,     5 /  1198,     5 /  1198,     6 /  1198
  G25,   0.3328,   0.2302,   0.2193,    11 /  1097,    14 /  1097,    12 /  1097,     9 /  1097,    15 /  1097,    13 /  1097
  G26,   0.2800,   0.2256,   0.1594,    16 /  1057,    13 /  1055,     5 /  1057,    12 /  1057,    13 /  1057,    13 /  1057
  G27,   0.2033,   0.2446,   0.1882,     5 /  1142,     8 /  1142,     6 /  1142,     3 /  1142,     9 /  1142,     6 /  1142
  G28,   0.1611,   0.2170,   0.1089,     6 /   806,     6 /   806,     4 /   806,     5 /   806,     2 /   806,     5 /   806
  G29,   0.1499,   0.1755,     ----,     2 /   819,     2 /   819,     0 /     0,     2 /   819,     4 /   819,     2 /   819
  G30,   0.1639,   0.1904,   0.1344,     2 /   903,     2 /   903,     2 /   903,     2 /   903,     2 /   903,     3 /   903
  G31,   0.1645,   0.1757,     ----,     2 /   865,     2 /   865,     0 /     0,     1 /   865,     2 /   865,     2 /   865
  G32,   0.1624,   0.1869,   0.1303,     0 /  1007,     0 /  1007,     0 /  1007,     0 /  1007,     1 /  1007,     0 /  1007
  R01,     ----,     ----,     ----,     0 /     0,     0 /     0,     0 /     0,     0 /     0,     0 /     0,     0 /     0
  R02,   0.2437,   0.2109,     ----,    15 /   908,    16 /   908,     0 /     0,     9 /   908,     3 /   908,    13 /   908
  R03,   0.2138,   0.1764,     ----,     6 /   982,     6 /   982,     0 /     0,     5 /   982,     5 /   982,     6 /   982
  R04,   0.2660,   0.2142,     ----,    11 /   927,    13 /   927,     0 /     0,     9 /   927,     7 /   927,    13 /   927
  R05,   0.3424,   0.2356,     ----,    16 /   930,    20 /   930,     0 /     0,    10 /   930,     4 /   930,    17 /   930
  R06,     ----,     ----,     ----,     0 /     0,     0 /     0,     0 /     0,     0 /     0,     0 /     0,     0 /     0
  R07,   0.2402,   0.2126,     ----,    15 /  1145,    16 /  1145,     0 /     0,    13 /  1145,    12 /  1145,    14 /  1145
  R08,   0.2557,   0.2151,     ----,    15 /  1055,    15 /  1055,     0 /     0,    13 /  1055,     5 /  1055,    16 /  1055
  R09,   0.2283,   0.1946,   0.2081,     7 /  1046,     9 /  1046,     3 /  1045,     6 /  1046,     9 /  1046,     6 /  1046
  R10,     ----,     ----,     ----,     0 /     0,     0 /     0,     0 /     0,     0 /     0,     0 /     0,     0 /     0
  R11,   0.3125,   0.2317,     ----,    19 /  1099,    22 /  1099,     0 /     0,    16 /  1099,     9 /  1099,    18 /  1099
  R12,   0.2290,   0.2076,     ----,    17 /  1207,    18 /  1207,     0 /     0,    15 /  1207,     9 /  1207,    17 /  1207
  R13,     ----,     ----,     ----,     0 /     0,     0 /     0,     0 /     0,     0 /     0,     0 /     0,     0 /     0
  R14,   0.3001,   0.2246,     ----,    17 /   861,    18 /   861,     0 /     0,    14 /   861,     9 /   861,    16 /   861
  R15,   0.2545,   0.1953,     ----,     5 /   731,     6 /   731,     0 /     0,     4 /   731,     5 /   731,     5 /   731
  R16,   0.2385,   0.2089,     ----,    11 /   911,    11 /   911,     0 /     0,     7 /   911,     4 /   911,    11 /   911
  R17,   0.3390,   0.2321,     ----,    25 /   861,    26 /   861,     0 /     0,    20 /   861,     9 /   861,    25 /   861
  R18,   0.2490,   0.1984,     ----,     7 /   968,     8 /   968,     0 /     0,     5 /   968,     4 /   968,     6 /   968
  R19,   0.2763,   0.2359,     ----,    18 /  1024,    21 /  1024,     0 /     0,    11 /  1024,     7 /  1024,    20 /  1024
  R20,   0.2748,   0.1620,     ----,     0 /   567,     0 /   567,     0 /     0,     0 /   567,     1 /   567,     0 /   567
  R21,   0.2778,   0.2833,   0.2030,     7 /  1090,    11 /  1090,     1 /  1085,     2 /  1090,     8 /  1090,     8 /  1090
  R22,   0.2953,   0.1772,     ----,    12 /  1201,    12 /  1201,     0 /     0,    11 /  1201,     3 /  1201,    12 /  1201
  R23,     ----,     ----,     ----,     0 /     0,     0 /     0,     0 /     0,     0 /     0,     0 /     0,     0 /     0
  R24,   0.1957,   0.1764,     ----,    12 /   739,    12 /   739,     0 /     0,    12 /   739,     5 /   739,    12 /   739
  E02,   0.2190,   0.1772,   0.1617,     8 /  1435,     8 /  1435,    10 /  1434,     7 /  1435,     7 /  1435,     7 /  1435
  E03,   0.1818,   0.1364,   0.1366,     2 /  1270,     3 /  1270,     3 /  1270,     2 /  1270,     4 /  1270,     2 /  1270
  E04,   0.2177,   0.1583,   0.1710,     6 /   972,     7 /   972,     6 /   970,     3 /   972,     3 /   972,     6 /   972
  E05,   0.1523,   0.1151,   0.1249,     3 /  1286,     3 /  1286,     3 /  1286,     2 /  1286,     5 /  1286,     2 /  1286
  E06,   0.2028,   0.1501,   0.1754,    12 /  1080,    10 /  1078,    11 /  1079,     8 /  1080,     7 /  1080,    10 /  1080
  E07,   0.1779,   0.1355,   0.1203,     4 /   836,     4 /   836,     4 /   836,     2 /   836,     9 /   836,     6 /   836
  E08,   0.1927,   0.1421,   0.1568,    10 /  1111,    11 /  1111,    11 /  1111,     5 /  1111,     7 /  1111,     7 /  1111
  E09,   0.1870,   0.1571,   0.1633,     6 /  1142,     6 /  1141,     6 /  1140,     3 /  1142,     5 /  1142,     6 /  1142
  E10,   0.1250,   0.1033,   0.0985,     2 /  1218,     2 /  1218,     2 /  1218,     1 /  1218,     4 /  1218,     2 /  1218
  E11,   0.1629,   0.1408,   0.1354,     2 /  1191,     2 /  1191,     2 /  1191,     0 /  1191,     4 /  1191,     2 /  1191
  E12,   0.1631,   0.1098,   0.1174,     6 /  1069,     5 /  1068,     3 /  1068,     2 /  1069,     5 /  1069,     4 /  1069
  E13,   0.2644,   0.1784,   0.1922,     5 /   645,     5 /   645,     5 /   645,     3 /   645,    11 /   645,     4 /   645
  E15,   0.2181,   0.1729,   0.1555,    11 /  1264,    10 /  1264,    10 /  1263,     4 /  1264,     8 /  1264,     8 /  1264
  E16,   0.2228,   0.2071,   0.1496,    19 /  1734,    19 /  1734,    19 /  1726,    11 /  1734,    21 /  1734,    15 /  1734
  E19,   0.3346,   0.2071,   0.2517,     3 /   652,     3 /   650,     2 /   636,     5 /   652,     5 /   652,     7 /   652
  E21,   0.2192,   0.1781,   0.1696,     3 /   302,     3 /   302,     3 /   302,     1 /   302,     2 /   302,     2 /   302
  E23,   0.2164,   0.2115,   0.2025,     2 /   378,     2 /   378,     3 /   378,     2 /   378,     4 /   378,     2 /   378
  E24,   0.2056,   0.1513,   0.1623,    16 /  1636,    16 /  1636,    14 /  1633,     8 /  1636,    11 /  1636,    12 /  1636
  E25,   0.2273,   0.1721,   0.1831,    16 /  1668,    16 /  1668,    15 /  1667,    10 /  1668,    14 /  1668,    13 /  1668
  E26,   0.2777,   0.2133,   0.1901,     0 /   321,     0 /   321,     0 /   321,     0 /   321,     1 /   321,     0 /   321
  E27,   0.1566,   0.1674,   0.1422,     0 /   799,     0 /   799,     0 /   799,     0 /   799,     1 /   799,     0 /   799
  E29,   0.2906,   0.2548,   0.2484,     6 /   754,     5 /   754,     6 /   754,     3 /   754,     3 /   754,     3 /   754
  E30,   0.1167,   0.0995,   0.0941,     0 /  1143,     0 /  1143,     0 /  1143,     0 /  1143,     1 /  1143,     0 /  1143
  E31,   0.2609,   0.1896,   0.2041,    10 /  1010,    11 /  1010,    11 /  1008,     4 /  1010,    12 /  1010,    10 /  1010
  E33,   0.2202,   0.1718,   0.2086,     4 /   632,     4 /   632,     3 /   631,     3 /   632,     5 /   632,     3 /   632
  E34,   0.1923,   0.1494,   0.1528,    15 /  1661,    13 /  1659,    11 /  1661,     9 /  1661,    10 /  1661,    15 /  1661
  E36,   0.2368,   0.1970,   0.2211,     9 /  1470,     9 /  1470,     8 /  1468,     5 /  1470,     9 /  1470,     7 /  1470
  J02,   0.2041,   0.1863,   0.1370,    99 /  2151,    99 /  2151,    98 /  2151,    96 /  2151,    27 /  2151,    98 /  2151
  J03,   0.1980,   0.1733,   0.1269,    66 /  2168,    63 /  2168,    63 /  2168,    62 /  2168,    11 /  2168,    62 /  2168
  J04,   0.1977,   0.1745,   0.1119,    90 /  2423,    89 /  2422,    88 /  2423,    87 /  2423,    13 /  2423,    89 /  2423
  J07,   0.3362,   0.2638,   0.2724,   723 /  2880,   737 /  2880,   720 /  2880,   142 /  2880,    11 /  2880,   678 /  2880
  C01,   0.4264,   0.5123,     ----,    19 /  2573,    20 /  2573,     0 /     0,     5 /  2573,    49 /  2573,    12 /  2573
  C02,   0.1310,   0.0914,     ----,     0 /  2880,     0 /  2880,     0 /     0,     0 /  2880,     3 /  2880,     0 /  2880
  C03,   0.1503,   0.1125,     ----,     0 /  2880,     0 /  2880,     0 /     0,     0 /  2880,     2 /  2880,     0 /  2880
  C05,   0.1239,   0.0963,     ----,     0 /  2880,     0 /  2880,     0 /     0,     0 /  2880,     2 /  2880,     0 /  2880
  C06,   0.1600,   0.1558,     ----,     3 /  2466,     3 /  2466,     0 /     0,     2 /  2466,     6 /  2466,     2 /  2466
  C11,   0.1820,   0.1781,     ----,     2 /  1342,     2 /  1342,     0 /     0,     0 /  1342,     1 /  1342,     1 /  1342
  C12,   0.2080,   0.1835,     ----,     2 /  1245,     2 /  1245,     0 /     0,     1 /  1245,     3 /  1245,     2 /  1245
  C13,   0.1457,   0.1758,     ----,     4 /  2505,     4 /  2505,     0 /     0,     1 /  2505,    11 /  2505,     3 /  2505
  C14,   0.1989,   0.1711,     ----,     3 /   924,     3 /   924,     0 /     0,     2 /   924,     3 /   924,     3 /   924
  C16,   0.1563,   0.1870,     ----,     3 /  2534,     3 /  2534,     0 /     0,     1 /  2534,    10 /  2534,     1 /  2534
  C19,   0.1977,     ----,   0.1294,     5 /   908,     0 /     0,     5 /   908,     1 /   908,    11 /   908,     3 /   908
  C20,   0.1843,     ----,   0.2160,     5 /   913,     0 /     0,     5 /   913,     3 /   913,    11 /   913,     4 /   913
  C21,   0.1559,     ----,   0.1061,     4 /  1184,     0 /     0,     4 /  1184,     0 /  1184,     5 /  1184,     2 /  1184
  C22,   0.1883,     ----,   0.1510,     4 /  1118,     0 /     0,     3 /  1118,     3 /  1118,     5 /  1118,     4 /  1118
  C23,   0.2025,     ----,   0.1433,     5 /  1121,     0 /     0,     5 /  1121,     2 /  1121,     3 /  1121,     4 /  1121
  C24,   0.2156,     ----,   0.2161,     3 /  1062,     0 /     0,     4 /  1062,     0 /  1062,    10 /  1062,     1 /  1062
  C25,   0.1513,     ----,   0.1162,     3 /  1173,     0 /     0,     4 /  1173,     1 /  1173,     3 /  1173,     3 /  1173
  C26,   0.2169,     ----,   0.1860,    13 /  1271,     0 /     0,    13 /  1271,     6 /  1271,     6 /  1271,     9 /  1271
  C27,   0.1622,     ----,   0.1349,     1 /   692,     0 /     0,     1 /   692,     1 /   692,     0 /   692,     1 /   692
  C28,   0.1254,     ----,   0.1214,     2 /   730,     0 /     0,     2 /   730,     2 /   730,     1 /   730,     2 /   730
  C29,   0.2116,     ----,   0.0919,     5 /   894,     0 /     0,     5 /   894,     5 /   894,     2 /   894,     5 /   894
  C30,   0.2587,     ----,   0.1863,     0 /   834,     0 /     0,     1 /   834,     0 /   834,     1 /   834,     0 /   834
  C32,   0.2605,     ----,   0.2080,     9 /  1057,     0 /     0,    11 /  1057,     4 /  1057,     7 /  1057,     7 /  1057
  C33,   0.1699,     ----,   0.1680,     9 /  1022,     0 /     0,     9 /  1022,     5 /  1022,    12 /  1022,     7 /  1022
  C34,   0.1846,     ----,   0.1788,    10 /  1495,     0 /     0,    10 /  1495,     5 /  1495,     9 /  1495,     9 /  1495
  C35,   0.1962,     ----,   0.1371,     2 /  1043,     0 /     0,     3 /  1043,     1 /  1043,     2 /  1043,     1 /  1043
  C36,   0.2287,     ----,   0.1773,     7 /   988,     0 /     0,     8 /   988,     5 /   988,     6 /   988,     5 /   988
  C37,   0.2064,     ----,   0.1473,     0 /   730,     0 /     0,     0 /   730,     0 /   730,     3 /   730,     0 /   730
  C38,   0.1892,     ----,   0.1179,     1 /  2334,     0 /     0,     1 /  2334,     0 /  2334,     4 /  2334,     2 /  2334
  C39,   0.1815,     ----,   0.1173,     7 /  2368,     0 /     0,     8 /  2368,     5 /  2368,     6 /  2368,     6 /  2368
  C40,   0.1644,     ----,   0.1133,     9 /  2390,     0 /     0,     9 /  2390,     6 /  2390,     6 /  2390,     6 /  2390
  C41,   0.1786,     ----,   0.1530,    14 /  1057,     0 /     0,    14 /  1057,     8 /  1057,    12 /  1057,    13 /  1057
  C42,   0.2035,     ----,   0.1402,     9 /  1133,     0 /     0,    10 /  1133,     6 /  1133,     3 /  1133,     6 /  1133
  C43,   0.2361,     ----,   0.2148,    22 /  1357,     0 /     0,    23 /  1357,     9 /  1357,    10 /  1357,    18 /  1357
  C44,   0.2298,     ----,   0.1872,    13 /  1298,     0 /     0,    17 /  1298,     3 /  1298,    10 /  1298,     8 /  1298
  C45,   0.1971,     ----,   0.1434,    18 /  1408,     0 /     0,    18 /  1408,    11 /  1408,     8 /  1408,    14 /  1408
  C47,   0.2845,     ----,   0.1360,     7 /   849,     0 /     0,     7 /   849,     3 /   849,     4 /   849,     7 /   849
  C48,   0.1971,     ----,   0.1301,     0 /   849,     0 /     0,     0 /   849,     0 /   849,     5 /   849,     0 /   849
  C49,   0.1840,     ----,   0.1553,     9 /  1172,     0 /     0,     9 /  1172,     8 /  1172,     6 /  1172,     9 /  1172
  C50,   0.1543,     ----,   0.1289,     2 /  1168,     0 /     0,     2 /  1168,     1 /  1168,     2 /  1168,     1 /  1168
  C56,     ----,     ----,     ----,     0 /     0,     0 /     0,     0 /     0,     0 /     0,     0 /     0,     0 /     0
  C58,     ----,     ----,     ----,     0 /     0,     0 /     0,     0 /     0,     0 /     0,     0 /     0,     0 /     0
  C59,     ----,     ----,     ----,     0 /     0,     0 /     0,     0 /     0,     0 /     0,     0 /     0,     0 /     0
  C60,     ----,     ----,     ----,     0 /     0,     0 /     0,     0 /     0,     0 /     0,     0 /     0,     0 /     0
  I02,     ----,     ----,     ----,     0 /     0,     0 /     0,     0 /     0,     0 /     0,     0 /     0,     0 /     0
  I03,     ----,     ----,     ----,     0 /     0,     0 /     0,     0 /     0,     0 /     0,     0 /     0,     0 /     0
  I06,     ----,     ----,     ----,     0 /     0,     0 /     0,     0 /     0,     0 /     0,     0 /     0,     0 /     0
  I09,     ----,     ----,     ----,     0 /     0,     0 /     0,     0 /     0,     0 /     0,     0 /     0,     0 /     0
  I10,     ----,     ----,     ----,     0 /     0,     0 /     0,     0 /     0,     0 /     0,     0 /     0,     0 /     0
# ------------------------------------------
# Summary of each satellite system
% SYS, STD(MP1), STD(MP2), STD(MP5), # of slips/nobs (MP1, MP2, MP5, GF, MW, IOD(L1))
    G,   0.1906,   0.2245,   0.1487,   177 / 30988,   185 / 30985,    68 / 18920,   122 / 30988,   178 / 30988,   157 / 30988
    R,   0.2676,   0.2135,   0.2055,   235 / 18252,   260 / 18252,     4 /  2130,   182 / 18252,   118 / 18252,   235 / 18252
    E,   0.2076,   0.1639,   0.1652,   180 / 28679,   177 / 28671,   171 / 28638,   103 / 28679,   178 / 28679,   155 / 28679
    J,   0.2486,   0.2074,   0.1822,   978 /  9622,   988 /  9621,   969 /  9622,   387 /  9622,    62 /  9622,   927 /  9622
    C,   0.2008,   0.2225,   0.1531,   234 / 57847,    37 / 22229,   211 / 35618,   116 / 57847,   263 / 57847,   181 / 57847
    I,     ----,     ----,     ----,     0 /     0,     0 /     0,     0 /     0,     0 /     0,     0 /     0,     0 /     0
