# ------------------------------------------
# Quality Check Summary by Ringo software
# ------------------------------------------
# Executed at            : 2026/03/16 12:35:11 UTC
# ------------------------------------------
# QC of RINEX file       : D:\Master in Geoinformatics\Semester 2\GNSS Survey Mapping\Lab\Lab 2\ringo\Data\3\ropa1990.25o.gz
# input RnxNav files     : D:\Master in Geoinformatics\Semester 2\GNSS Survey Mapping\Lab\Lab 2\ringo\BRDC\3\BRDC00IGS_R_20251990000_01D_MN.rnx.gz
# ------------------------------------------
# Marker                 : ROPA                                                        
# Receiver               : TRIMBLE ALLOY       
# Antenna                : TRM159900.00    SCIS
# Time of Start          : 2025/07/18 00:00:00.000
# Time of End            : 2025/07/18 23:59:30.000
# Approx XYZ             :   1279202.3004,   5322673.7494,   3262591.1296
# Observation Interval   : 30.0000 seconds
# Satellite systems      : GREJCI
#                        : G01G02G03G04G05G06G07G08G09G10G11G12G13G14G15G16G17G18G19G20G21G22G23G24G25G26G27G28G29G30G31G32
#                        : R01R02R03R04R05R06R07R08R09R10R11R12R13R14R15R16R17R18R19R20R21R22R23R24
#                        : E02E03E04E05E06E07E08E09E10E11E12E13E15E16E19E21E23E24E25E26E27E29E30E31E33E34E36
#                        : J02J03J04J07
#                        : C01C02C03C05C06C11C12C13C14C16C19C20C21C22C23C24C25C26C27C28C29C30C32C33C34C35C36C37C38C39C40C41C42C43C44C45C47C48C49C50C56C59C60
#                        : I02I03I05I06I09I10
# Total satellites       : 136
# Number of obs epochs   : 2880
# Number of obs data     : 162158
# N Expected epochs      : 2880
# Observation rate (%)   : 100.00
# N obs data     (>10deg): 138975
# N possible obs (> 0deg): 167720
# N possible obs (>10deg): 139988
# ------------------------------------------
# Number of obs epochs for each SV:
# ------------------------------------------
# GPS
%      C1C  L1C  S1C  C2W  L2W  S2W  C2X  L2X  S2X  C5X  L5X  S5X
G01   1039 1026 1039 1019 1010 1019 1039 1039 1039 1039 1039 1039
G02   1024 1014 1024 1009 1001 1009    0    0    0    0    0    0
G03    725  716  725  724  716  724  723  723  723  725  725  725
G04    881  879  881  876  875  876  879  879  879  881  881  881
G05    723  716  723  723  716  723  723  723  723    0    0    0
G06    708  702  708  708  702  708  708  708  708  708  708  708
G07    955  953  955  954  953  954  955  955  955    0    0    0
G08    968  944  968  967  943  967  963  963  963  968  968  968
G09    752  748  752  752  748  752  752  752  752  752  752  752
G10    960  958  960  960  958  960  960  960  960  960  960  960
G11    829  822  829  819  814  819  829  829  829  829  829  829
G12    730  727  730  730  727  730  730  730  730    0    0    0
G13   1030 1015 1030  953  946  953    0    0    0    0    0    0
G14    964  962  964  961  959  961  964  964  964  964  964  964
G15    920  908  920  917  905  917  915  914  915    0    0    0
G16    840  806  840  758  736  758    0    0    0    0    0    0
G17    920  892  920  920  892  920  920  920  920    0    0    0
G18    921  915  921  910  906  910  920  920  920  921  921  921
G19    941  937  941  938  934  938    0    0    0    0    0    0
G20    696  683  696  690  678  690    0    0    0    0    0    0
G21    923  915  923  904  898  904  923  923  923  923  923  923
G22    956  943  956  953  942  953    0    0    0    0    0    0
G23    955  950  955  953  948  953  955  955  955  955  955  955
G24   1029 1000 1029 1029 1000 1029 1023 1023 1023 1029 1029 1029
G25    952  922  952  950  921  950  946  946  946  952  952  952
G26    922  905  922  922  905  922  915  915  915  922  922  922
G27   1017 1003 1017 1016 1002 1016 1009 1009 1009 1017 1017 1017
G28    712  710  712  705  703  705  712  712  712  712  712  712
G29    804  800  804  804  800  804  804  804  804    0    0    0
G30    863  856  863  863  856  863  863  863  863  863  863  863
G31    780  779  780  780  779  780  775  775  775    0    0    0
G32    942  942  942  942  942  942  937  937  937  942  942  942
# ------------------------------------------
# GLONASS
%      C1C  L1C  S1C  C1P  L1P  S1P  C2C  L2C  S2C  C2P  L2P  S2P  C3X  L3X  S3X
R01    872  871  872  867  865  867    0    0    0    0    0    0    0    0    0
R02    851  851  851  851  851  851  851  850  851  845  843  845    0    0    0
R03    899  899  899  896  896  896  898  898  898  892  890  892    0    0    0
R04    864  864  864  860  860  860  863  862  863  855  852  855    0    0    0
R05    776  776  776  761  759  761  763  762  763  727  725  727    0    0    0
R06    774  773  774  745  745  745    0    0    0    0    0    0    0    0    0
R07   1016 1016 1016 1016 1016 1016 1016 1016 1016 1007 1006 1007    0    0    0
R08    984  984  984  982  980  982  983  983  983  974  973  974    0    0    0
R09    925  924  925  925  922  925  925  923  925  913  912  913  925  924  925
R10   1039 1039 1039 1013 1010 1013    0    0    0    0    0    0    0    0    0
R11    988  988  988  988  985  988  968  966  968  945  944  945    0    0    0
R12   1131 1131 1131 1128 1128 1128 1126 1126 1126 1115 1114 1115    0    0    0
R13    879  878  879  878  875  878    0    0    0    0    0    0    0    0    0
R14    824  823  824  814  813  814  817  817  817  806  806  806    0    0    0
R15    687  686  687  678  676  678  672  671  672  668  668  668    0    0    0
R16    850  850  850  850  849  850  850  850  850  846  845  846    0    0    0
R17    691  691  691  656  655  656  662  661  662  653  652  653    0    0    0
R18    888  887  888  887  886  887  886  885  886  881  877  881    0    0    0
R19    909  908  909  906  903  906  909  908  909  902  901  902    0    0    0
R20    716  714  716  664  657  664  716  716  716  716  716  716    0    0    0
R21   1024 1024 1024 1024 1024 1024 1024 1024 1024 1006 1004 1006 1013 1013 1013
R22   1132 1132 1132 1131 1131 1131 1124 1123 1124 1108 1106 1108    0    0    0
R23   1036 1036 1036 1026 1024 1026    1    0    1    0    0    0    0    0    0
R24    699  698  699  694  694  694  696  696  696  691  691  691    0    0    0
# ------------------------------------------
# Galileo
%      C1X  L1X  S1X  C5X  L5X  S5X  C7X  L7X  S7X  C8X  L8X  S8X  C6X  L6X  S6X
E02   1378 1378 1378 1375 1375 1375 1375 1375 1375 1376 1376 1376 1378 1378 1378
E03   1216 1215 1216 1216 1216 1216 1216 1216 1216 1216 1216 1216 1216 1215 1216
E04    771  770  771  763  763  763  764  763  764  765  765  765  771  770  771
E05   1196 1195 1196 1196 1196 1196 1196 1196 1196 1196 1196 1196 1196 1195 1196
E06    901  900  901  901  901  901  901  901  901  901  901  901  901  900  901
E07    780  780  780  780  780  780  780  780  780  780  780  780  780  780  780
E08   1028 1028 1028 1028 1028 1028 1028 1028 1028 1028 1028 1028 1028 1028 1028
E09   1092 1091 1092 1092 1092 1092 1092 1092 1092 1092 1092 1092 1092 1091 1092
E10   1154 1154 1154 1154 1154 1154 1154 1154 1154 1154 1154 1154 1154 1154 1154
E11   1099 1099 1099 1099 1099 1099 1099 1099 1099 1099 1099 1099 1099 1099 1099
E12   1016 1014 1016 1016 1014 1016 1016 1015 1016 1016 1016 1016 1016 1014 1016
E13    604  602  604  598  598  598  603  602  603  604  604  604  604  602  604
E15   1161 1159 1161 1161 1160 1161 1161 1160 1161 1161 1161 1161 1161 1159 1161
E16   1487 1486 1487 1485 1485 1485 1482 1481 1482 1487 1487 1487 1486 1485 1486
E19    392  389  392  392  392  392  392  392  392  392  392  392  392  389  392
E21    319  319  319  319  319  319  319  319  319  319  319  319  319  319  319
E23    309  308  309  309  309  309  309  309  309  309  309  309  309  308  309
E24   1418 1415 1418 1411 1411 1411 1410 1410 1410 1418 1417 1418 1417 1414 1417
E25   1441 1440 1441 1441 1441 1441 1441 1441 1441 1441 1441 1441 1441 1440 1441
E26    284  283  284  283  283  283  284  283  284  284  284  284  284  283  284
E27    800  800  800  800  800  800  800  800  800  800  800  800  800  800  800
E29    539  539  539  539  539  539  539  539  539  539  539  539  539  539  539
E30   1089 1089 1089 1089 1089 1089 1089 1089 1089 1089 1089 1089 1089 1089 1089
E31    733  733  733  732  732  732  733  733  733  733  733  733  733  733  733
E33    563  562  563  562  561  562  563  561  563  563  563  563  562  561  562
E34   1418 1418 1418 1418 1418 1418 1418 1418 1418 1418 1418 1418 1417 1417 1417
E36   1321 1318 1321 1311 1311 1311 1317 1317 1317 1318 1318 1318 1321 1318 1321
# ------------------------------------------
# QZSS
%      C1C  L1C  S1C  C1X  L1X  S1X  C1Z  L1Z  S1Z  C2X  L2X  S2X  C5X  L5X  S5X
J02   1996 1912 1996 1982 1982 1982 1981 1901 1981 1984 1984 1984 1996 1996 1996
J03   1935 1901 1935 1935 1935 1935 1933 1901 1933 1935 1935 1935 1935 1935 1935
J04   2142 2055 2142 2142 2142 2142 2142 2055 2142 2142 2142 2142 2142 2142 2142
J07   2880 1591 2880 2880 2880 2880 2880 1591 2880 2880 2880 2880 2880 2880 2880
# ------------------------------------------
# Beidou
%      C1X  L1X  S1X  C5X  L5X  S5X  C2I  L2I  S2I  C7I  L7I  S7I  C6I  L6I  S6I
C01      0    0    0    0    0    0 2773 2489 2773 2764 2477 2764 1462 1304 1462
C02      0    0    0    0    0    0 2880 2880 2880 2880 2880 2880 2880 2880 2880
C03      0    0    0    0    0    0 2880 2880 2880 2880 2880 2880 2880 2880 2880
C05      0    0    0    0    0    0 2880 2880 2880 2880 2880 2880 2880 2880 2880
C06      0    0    0    0    0    0 2199 2199 2199 2199 2199 2199 2199 2199 2199
C11      0    0    0    0    0    0 1127 1124 1127 1127 1124 1127 1127 1124 1127
C12      0    0    0    0    0    0 1090 1088 1090 1088 1086 1088 1088 1086 1088
C13      0    0    0    0    0    0 2211 2210 2211 2210 2208 2210 2210 2208 2210
C14      0    0    0    0    0    0  912  912  912  912  912  912  912  912  912
C16      0    0    0    0    0    0 2179 2178 2179 2179 2178 2179 2179 2178 2179
C19    781  780  781  781  781  781  781  781  781    0    0    0  781  781  781
C20    859  859  859  859  859  859  859  858  859    0    0    0  859  858  859
C21   1082 1081 1082 1080 1080 1080 1083 1081 1083    0    0    0 1083 1081 1083
C22   1024 1024 1024 1029 1029 1029 1029 1029 1029    0    0    0 1029 1029 1029
C23   1067 1067 1067 1070 1070 1070 1070 1070 1070    0    0    0 1070 1070 1070
C24    943  941  943  946  946  946  946  944  946    0    0    0  944  942  944
C25   1092 1092 1092 1092 1092 1092 1092 1092 1092    0    0    0 1092 1092 1092
C26   1141 1139 1141 1150 1148 1150 1153 1151 1153    0    0    0 1152 1150 1152
C27    574  574  574  578  578  578  578  578  578    0    0    0  578  578  578
C28    678  678  678  678  678  678  678  678  678    0    0    0  678  678  678
C29    831  831  831  833  832  833  833  833  833    0    0    0  833  833  833
C30    743  743  743  743  743  743  743  742  743    0    0    0  743  742  743
C32    909  909  909  909  909  909  909  909  909    0    0    0  909  909  909
C33    853  852  853  853  853  853  853  853  853    0    0    0  852  852  852
C34   1226 1224 1226 1225 1225 1225 1232 1229 1232    0    0    0 1232 1229 1232
C35    989  987  989  991  989  991  994  994  994    0    0    0  992  992  992
C36    833  832  833  833  833  833  833  831  833    0    0    0  832  830  832
C37    718  718  718  719  718  719  719  719  719    0    0    0  718  718  718
C38   2131 2131 2131 2132 2132 2132 2132 2132 2132    0    0    0 2132 2132 2132
C39   2140 2137 2140 2144 2144 2144 2144 2144 2144    0    0    0 2144 2144 2144
C40   2165 2165 2165 2165 2165 2165 2165 2165 2165    0    0    0 2165 2165 2165
C41    737  736  737  734  734  734  737  737  737    0    0    0  737  737  737
C42   1058 1057 1058 1062 1062 1062 1062 1062 1062    0    0    0 1062 1062 1062
C43   1194 1192 1194 1195 1195 1195 1196 1195 1196    0    0    0 1194 1193 1194
C44   1131 1131 1131 1131 1131 1131 1131 1130 1131    0    0    0 1131 1130 1131
C45   1138 1135 1138 1139 1139 1139 1139 1138 1139    0    0    0 1139 1138 1139
C47    764  763  764  767  767  767  767  767  767    0    0    0  766  766  766
C48    716  715  716  715  715  715  720  720  720    0    0    0  719  719  719
C49   1067 1066 1067 1064 1064 1064 1071 1071 1071    0    0    0 1067 1066 1067
C50   1062 1062 1062 1062 1062 1062 1062 1061 1062    0    0    0 1062 1061 1062
C56     98    0   98    6    0    6 1979 1978 1979    0    0    0 1979 1978 1979
C59      0    0    0    0    0    0 2880 2859 2880    0    0    0 2880 2857 2880
C60      0    0    0    0    0    0 2880 2880 2880    0    0    0 2880 2880 2880
# ------------------------------------------
# NavIC/IRNSS
%      C5A  L5A  S5A
I02   2880 2880 2880
I03   2880 2880 2880
I05   2880 2880 2880
I06   2880 2880 2880
I09   2880 2880 2880
I10   2880 2880 2880
# ------------------------------------------
# Cycle slip detection settings:
# ------------------------------------------
# Elmask (slip count ): 10.0
# Elmask (slip detect): 0.0
# MP detection type   : offset
# MP reference type   : rolling average (window=50epochs)
# MP threshold        : 2.000 (m)
# GF detection type   : velocity
# GF reference type   : single epoch
# GF threshold        : 0.050 (m/s)
# MW detection type   : sigma
# MW reference type   : rolling average (window=50epochs)
# MW threshold        : 4.000 (sigmas)
# ------------------------------------------
# Quality Report:
# ------------------------------------------
# For each satellite
% PRN, STD(MP1), STD(MP2), STD(MP5), # of slips/nobs (MP1, MP2, MP5, GF, MW, IOD(L1))
  G01,   0.2144,   0.3940,   0.1995,     7 /  1026,     7 /  1026,     0 /  1026,     5 /  1026,     7 /  1026,     6 /  1026
  G02,   0.2251,   0.3650,     ----,     3 /  1001,     3 /  1001,     0 /     0,     2 /  1001,     7 /  1001,     2 /  1001
  G03,   0.1774,   0.2719,   0.1688,     0 /   716,     2 /   716,     0 /   716,     0 /   716,     5 /   716,     0 /   716
  G04,   0.1806,   0.2817,   0.1771,     4 /   879,     2 /   877,     4 /   879,     4 /   879,     2 /   879,     4 /   879
  G05,   0.1603,   0.2335,     ----,     0 /   716,     0 /   716,     0 /     0,     0 /   716,     6 /   716,     0 /   716
  G06,   0.1527,   0.2343,   0.1594,     0 /   702,     0 /   702,     0 /   702,     0 /   702,     6 /   702,     0 /   702
  G07,   0.1523,   0.2649,     ----,     1 /   953,     1 /   953,     0 /     0,     0 /   953,     0 /   953,     1 /   953
  G08,   0.2237,   0.3358,   0.2262,     2 /   944,     5 /   944,     2 /   944,     1 /   944,     5 /   944,     2 /   944
  G09,   0.1494,   0.2660,   0.1618,     1 /   748,     1 /   748,     1 /   748,     1 /   748,     2 /   748,     1 /   748
  G10,   0.1912,   0.2685,   0.1745,     0 /   958,     0 /   958,     0 /   958,     0 /   958,     5 /   958,     0 /   958
  G11,   0.1697,   0.2855,   0.1377,     3 /   822,     4 /   822,     0 /   822,     3 /   822,     2 /   822,     3 /   822
  G12,   0.1594,   0.2659,     ----,     0 /   727,     0 /   727,     0 /     0,     0 /   727,     1 /   727,     0 /   727
  G13,   0.1841,   0.3536,     ----,     0 /   946,     0 /   946,     0 /     0,     0 /   946,     1 /   946,     0 /   946
  G14,   0.1651,   0.2595,   0.1563,     1 /   962,     1 /   962,     1 /   962,     0 /   962,     3 /   962,     0 /   962
  G15,   0.1979,   0.3382,     ----,     1 /   905,     1 /   905,     0 /     0,     0 /   905,     0 /   905,     0 /   905
  G16,   0.2130,   0.3172,     ----,     4 /   736,     4 /   736,     0 /     0,     1 /   736,     9 /   736,     2 /   736
  G17,   0.1692,   0.2316,     ----,     0 /   892,     0 /   892,     0 /     0,     0 /   892,     6 /   892,     0 /   892
  G18,   0.2111,   0.2895,   0.2025,     5 /   915,     7 /   915,     2 /   915,     0 /   915,     4 /   915,     4 /   915
  G19,   0.1878,   0.2885,     ----,     2 /   934,     2 /   934,     0 /     0,     1 /   934,     6 /   934,     1 /   934
  G20,   0.1624,   0.2662,     ----,     0 /   678,     0 /   678,     0 /     0,     0 /   678,     3 /   678,     0 /   678
  G21,   0.1934,   0.3494,   0.2324,    12 /   915,    17 /   915,     2 /   915,     8 /   915,     9 /   915,    10 /   915
  G22,   0.1575,   0.2600,     ----,     0 /   942,     0 /   942,     0 /     0,     0 /   942,     4 /   942,     0 /   942
  G23,   0.2117,   0.2906,   0.1538,     2 /   950,     3 /   950,     0 /   950,     2 /   950,     1 /   950,     2 /   950
  G24,   0.1996,   0.3476,   0.2169,     0 /  1000,     0 /  1000,     0 /  1000,     0 /  1000,     6 /  1000,     0 /  1000
  G25,   0.2175,   0.3191,   0.2485,     4 /   922,     4 /   922,     2 /   922,     4 /   922,     5 /   922,     4 /   922
  G26,   0.2393,   0.3561,   0.2177,     2 /   905,     4 /   905,     2 /   905,     3 /   905,     4 /   905,     3 /   905
  G27,   0.2198,   0.3794,   0.2292,     1 /  1003,     2 /  1003,     0 /  1003,     1 /  1003,     2 /  1003,     1 /  1003
  G28,   0.2239,   0.2686,   0.1765,     4 /   710,     4 /   710,     0 /   710,     4 /   710,     7 /   710,     4 /   710
  G29,   0.2115,   0.2639,     ----,     0 /   800,     0 /   800,     0 /     0,     0 /   800,     1 /   800,     0 /   800
  G30,   0.1502,   0.2604,   0.1776,     0 /   856,     0 /   856,     0 /   856,     0 /   856,     3 /   856,     0 /   856
  G31,   0.2074,   0.2385,     ----,     0 /   779,     0 /   779,     0 /     0,     0 /   779,     3 /   779,     0 /   779
  G32,   0.1758,   0.2514,   0.1871,     0 /   942,     0 /   942,     0 /   942,     1 /   942,     2 /   942,     1 /   942
  R01,     ----,     ----,     ----,     0 /     0,     0 /     0,     0 /     0,     0 /     0,     0 /     0,     0 /     0
  R02,   0.2460,   0.2629,     ----,    12 /   850,    13 /   850,     0 /     0,    12 /   850,     5 /   850,    12 /   850
  R03,   0.2819,   0.2102,     ----,     5 /   898,     7 /   898,     0 /     0,     5 /   898,     4 /   898,     5 /   898
  R04,   0.2645,   0.2354,     ----,    14 /   862,    15 /   862,     0 /     0,    13 /   862,     4 /   862,    14 /   862
  R05,   0.2518,   0.2591,     ----,    16 /   762,    19 /   762,     0 /     0,    12 /   762,     5 /   762,    13 /   762
  R06,     ----,     ----,     ----,     0 /     0,     0 /     0,     0 /     0,     0 /     0,     0 /     0,     0 /     0
  R07,   0.2452,   0.2356,     ----,     4 /  1016,     5 /  1016,     0 /     0,     1 /  1016,     5 /  1016,     4 /  1016
  R08,   0.2583,   0.2575,     ----,     2 /   983,     2 /   983,     0 /     0,     1 /   983,     4 /   983,     1 /   983
  R09,   0.2716,   0.2203,   0.2619,    13 /   925,    14 /   923,     3 /   924,    12 /   925,     4 /   925,    13 /   925
  R10,     ----,     ----,     ----,     0 /     0,     0 /     0,     0 /     0,     0 /     0,     0 /     0,     0 /     0
  R11,   0.2036,   0.2724,     ----,    11 /   966,    11 /   966,     0 /     0,     9 /   966,    11 /   966,     9 /   966
  R12,   0.3802,   0.2490,     ----,     5 /  1126,    11 /  1126,     0 /     0,     4 /  1126,     8 /  1126,     5 /  1126
  R13,     ----,     ----,     ----,     0 /     0,     0 /     0,     0 /     0,     0 /     0,     0 /     0,     0 /     0
  R14,   0.3583,   0.2734,     ----,     2 /   816,     2 /   816,     0 /     0,     2 /   816,     2 /   816,     2 /   816
  R15,   0.3812,   0.1769,     ----,     2 /   671,     2 /   671,     0 /     0,     1 /   671,     0 /   671,     1 /   671
  R16,   0.4111,   0.2301,     ----,     7 /   850,     7 /   850,     0 /     0,     4 /   850,     3 /   850,     6 /   850
  R17,   0.4113,   0.2130,     ----,    16 /   661,    15 /   661,     0 /     0,    11 /   661,     7 /   661,    13 /   661
  R18,   0.3788,   0.2455,     ----,     4 /   885,     5 /   885,     0 /     0,     1 /   885,    11 /   885,     3 /   885
  R19,   0.3442,   0.2544,     ----,     8 /   907,     8 /   907,     0 /     0,     7 /   907,     5 /   907,     8 /   907
  R20,   0.3161,   0.2325,     ----,     0 /   714,     0 /   714,     0 /     0,     0 /   714,     0 /   714,     0 /   714
  R21,   0.2181,   0.1912,   0.2554,    21 /  1024,    23 /  1024,     0 /  1013,    19 /  1024,     2 /  1024,    21 /  1024
  R22,   0.2374,   0.2076,     ----,    11 /  1123,    12 /  1123,     0 /     0,     6 /  1123,    10 /  1123,    10 /  1123
  R23,     ----,     ----,     ----,     0 /     0,     0 /     0,     0 /     0,     0 /     0,     0 /     0,     0 /     0
  R24,   0.3608,   0.2175,     ----,     4 /   696,     3 /   696,     0 /     0,     0 /   696,     4 /   696,     3 /   696
  E02,   0.2407,   0.2330,   0.2454,     1 /  1375,     1 /  1375,     1 /  1375,     1 /  1375,    10 /  1375,     1 /  1375
  E03,   0.1716,   0.1919,   0.1622,     3 /  1215,     1 /  1215,     4 /  1215,     0 /  1215,     3 /  1215,     2 /  1215
  E04,   0.2109,   0.2013,   0.1795,     1 /   763,     0 /   762,     0 /   762,     0 /   763,     2 /   763,     0 /   763
  E05,   0.1859,   0.1682,   0.1632,     1 /  1195,     0 /  1195,     0 /  1195,     0 /  1195,     2 /  1195,     0 /  1195
  E06,   0.2176,   0.1942,   0.1713,     0 /   900,     0 /   900,     0 /   900,     0 /   900,     4 /   900,     0 /   900
  E07,   0.2367,   0.2406,   0.2096,     2 /   780,     1 /   780,     1 /   780,     1 /   780,     2 /   780,     1 /   780
  E08,   0.2100,   0.2218,   0.2090,     1 /  1028,     1 /  1028,     1 /  1028,     1 /  1028,     3 /  1028,     1 /  1028
  E09,   0.2099,   0.1972,   0.1925,     1 /  1091,     1 /  1091,     1 /  1091,     0 /  1091,     2 /  1091,     0 /  1091
  E10,   0.1613,   0.1392,   0.1412,     3 /  1154,     1 /  1154,     1 /  1154,     1 /  1154,     7 /  1154,     1 /  1154
  E11,   0.1730,   0.1849,   0.1653,     1 /  1099,     1 /  1099,     1 /  1099,     1 /  1099,     8 /  1099,     1 /  1099
  E12,   0.1992,   0.1609,   0.1646,     6 /  1014,     4 /  1013,     4 /  1012,     4 /  1014,    13 /  1014,     4 /  1014
  E13,   0.2847,   0.2896,   0.3015,     0 /   600,     0 /   600,     0 /   597,     0 /   600,     3 /   600,     0 /   600
  E15,   0.2439,   0.2482,   0.2217,     2 /  1159,     2 /  1159,     2 /  1158,     0 /  1159,     4 /  1159,     1 /  1159
  E16,   0.2431,   0.2301,   0.2377,     5 /  1485,     2 /  1480,     2 /  1484,     4 /  1485,     6 /  1485,     4 /  1485
  E19,   0.2948,   0.2174,   0.2080,     1 /   389,     0 /   389,     0 /   389,     0 /   389,     1 /   389,     0 /   389
  E21,   0.2532,   0.2550,   0.2617,     0 /   319,     0 /   319,     0 /   319,     0 /   319,     2 /   319,     0 /   319
  E23,   0.2327,   0.2772,   0.1988,     0 /   308,     0 /   308,     0 /   308,     0 /   308,     1 /   308,     0 /   308
  E24,   0.2357,   0.2084,   0.2301,     4 /  1410,     2 /  1408,     2 /  1409,     1 /  1410,     7 /  1410,     3 /  1410
  E25,   0.2323,   0.2505,   0.2343,     3 /  1440,     1 /  1440,     4 /  1440,     0 /  1440,     7 /  1440,     0 /  1440
  E26,   0.4230,   0.3161,   0.3551,     2 /   283,     0 /   283,     0 /   283,     0 /   283,     3 /   283,     0 /   283
  E27,   0.1749,   0.1977,   0.1642,     0 /   800,     0 /   800,     0 /   800,     1 /   800,     3 /   800,     1 /   800
  E29,   0.3325,   0.3394,   0.3110,     0 /   539,     0 /   539,     0 /   539,     0 /   539,     4 /   539,     0 /   539
  E30,   0.1453,   0.1357,   0.1239,     0 /  1089,     0 /  1089,     0 /  1089,     0 /  1089,     2 /  1089,     0 /  1089
  E31,   0.3028,   0.2693,   0.2412,     0 /   733,     1 /   733,     2 /   732,     0 /   733,     7 /   733,     0 /   733
  E33,   0.2943,   0.2273,   0.2300,     4 /   561,     1 /   560,     1 /   560,     0 /   561,     3 /   561,     2 /   561
  E34,   0.2779,   0.2205,   0.2598,     2 /  1418,     1 /  1418,     0 /  1418,     1 /  1418,     6 /  1418,     1 /  1418
  E36,   0.2345,   0.2444,   0.2253,     2 /  1315,     0 /  1315,     3 /  1309,     1 /  1315,     3 /  1315,     1 /  1315
  J02,   0.2119,   0.2178,   0.1837,   112 /  1992,   108 /  1984,   108 /  1992,   108 /  1992,     7 /  1992,   109 /  1992
  J03,   0.2050,   0.1850,   0.1559,    42 /  1935,    42 /  1935,    42 /  1935,    42 /  1935,    19 /  1935,    42 /  1935
  J04,   0.1953,   0.1920,   0.1462,    83 /  2142,    83 /  2142,    83 /  2142,    82 /  2142,    11 /  2142,    83 /  2142
  J07,   0.2592,   0.1133,   0.0491,  1059 /  2880,  1057 /  2880,  1057 /  2880,  1057 /  2880,     2 /  2880,  1057 /  2880
  C01,   0.5213,   0.4963,     ----,    59 /  2477,    72 /  2477,     0 /     0,    13 /  2477,   105 /  2477,    30 /  2477
  C02,   0.1698,   0.1031,     ----,     0 /  2880,     0 /  2880,     0 /     0,     0 /  2880,     0 /  2880,     0 /  2880
  C03,   0.1679,   0.1307,     ----,     0 /  2880,     0 /  2880,     0 /     0,     0 /  2880,     2 /  2880,     0 /  2880
  C05,   0.1530,   0.1039,     ----,     0 /  2880,     0 /  2880,     0 /     0,     0 /  2880,     4 /  2880,     0 /  2880
  C06,   0.1781,   0.1655,     ----,     0 /  2199,     0 /  2199,     0 /     0,     0 /  2199,     8 /  2199,     0 /  2199
  C11,   0.2596,   0.2175,     ----,     0 /  1124,     0 /  1124,     0 /     0,     0 /  1124,     5 /  1124,     0 /  1124
  C12,   0.2437,   0.2282,     ----,     0 /  1086,     0 /  1086,     0 /     0,     0 /  1086,     4 /  1086,     0 /  1086
  C13,   0.1596,   0.1905,     ----,     1 /  2208,     1 /  2208,     0 /     0,     0 /  2208,     5 /  2208,     1 /  2208
  C14,   0.1950,   0.1907,     ----,     0 /   912,     0 /   912,     0 /     0,     0 /   912,     0 /   912,     0 /   912
  C16,   0.1626,   0.1786,     ----,     0 /  2178,     0 /  2178,     0 /     0,     0 /  2178,     1 /  2178,     0 /  2178
  C19,   0.1437,     ----,   0.1723,     0 /   781,     0 /     0,     0 /   781,     0 /   781,     0 /   781,     0 /   781
  C20,   0.1959,     ----,   0.2361,     2 /   859,     0 /     0,     2 /   859,     2 /   859,     5 /   859,     2 /   859
  C21,   0.2219,     ----,   0.1643,     2 /  1079,     0 /     0,     4 /  1079,     2 /  1079,     4 /  1079,     2 /  1079
  C22,   0.1935,     ----,   0.1850,     0 /  1029,     0 /     0,     1 /  1029,     0 /  1029,     3 /  1029,     0 /  1029
  C23,   0.2557,     ----,   0.1583,     1 /  1070,     0 /     0,     1 /  1070,     1 /  1070,     3 /  1070,     1 /  1070
  C24,   0.3165,     ----,   0.1845,     4 /   945,     0 /     0,     6 /   945,     3 /   945,     4 /   945,     3 /   945
  C25,   0.3825,     ----,   0.1679,     1 /  1092,     0 /     0,     1 /  1092,     1 /  1092,     6 /  1092,     1 /  1092
  C26,   0.3219,     ----,   0.2303,     4 /  1148,     0 /     0,     5 /  1148,     4 /  1148,     2 /  1148,     4 /  1148
  C27,   0.1790,     ----,   0.2002,     0 /   578,     0 /     0,     0 /   578,     0 /   578,     3 /   578,     0 /   578
  C28,   0.2844,     ----,   0.1705,     0 /   678,     0 /     0,     0 /   678,     0 /   678,     2 /   678,     0 /   678
  C29,   0.2203,     ----,   0.1524,     2 /   832,     0 /     0,     2 /   832,     2 /   832,     3 /   832,     2 /   832
  C30,   0.2012,     ----,   0.2007,     1 /   743,     0 /     0,     1 /   743,     1 /   743,     7 /   743,     1 /   743
  C32,   0.2199,     ----,   0.2199,     0 /   909,     0 /     0,     0 /   909,     0 /   909,     3 /   909,     0 /   909
  C33,   0.1749,     ----,   0.1791,     0 /   853,     0 /     0,     4 /   853,     0 /   853,     1 /   853,     0 /   853
  C34,   0.3447,     ----,   0.2343,     4 /  1223,     0 /     0,     3 /  1223,     2 /  1223,     2 /  1223,     2 /  1223
  C35,   0.2888,     ----,   0.2084,     1 /   989,     0 /     0,     0 /   989,     0 /   989,     2 /   989,     0 /   989
  C36,   0.3036,     ----,   0.2504,     4 /   833,     0 /     0,     4 /   833,     4 /   833,     5 /   833,     4 /   833
  C37,   0.2010,     ----,   0.1676,     0 /   718,     0 /     0,     0 /   718,     0 /   718,     1 /   718,     0 /   718
  C38,   0.2022,     ----,   0.1565,     0 /  2132,     0 /     0,     0 /  2132,     0 /  2132,     3 /  2132,     0 /  2132
  C39,   0.1906,     ----,   0.1805,     1 /  2144,     0 /     0,     1 /  2144,     1 /  2144,    10 /  2144,     1 /  2144
  C40,   0.3084,     ----,   0.1757,     0 /  2165,     0 /     0,     0 /  2165,     0 /  2165,     7 /  2165,     0 /  2165
  C41,   0.2191,     ----,   0.2369,     0 /   734,     0 /     0,     0 /   734,     0 /   734,     1 /   734,     0 /   734
  C42,   0.2140,     ----,   0.2277,     3 /  1062,     0 /     0,     4 /  1062,     0 /  1062,     4 /  1062,     1 /  1062
  C43,   0.2345,     ----,   0.2737,     3 /  1195,     0 /     0,     4 /  1195,     2 /  1195,     3 /  1195,     2 /  1195
  C44,   0.3194,     ----,   0.2223,     4 /  1131,     0 /     0,     5 /  1131,     2 /  1131,     4 /  1131,     2 /  1131
  C45,   0.2957,     ----,   0.2134,     3 /  1139,     0 /     0,     4 /  1139,     3 /  1139,     2 /  1139,     3 /  1139
  C47,   0.2129,     ----,   0.1825,     5 /   767,     0 /     0,     5 /   767,     2 /   767,     7 /   767,     2 /   767
  C48,   0.1747,     ----,   0.1791,     0 /   715,     0 /     0,     1 /   715,     0 /   715,     1 /   715,     0 /   715
  C49,   0.1737,     ----,   0.2220,     0 /  1064,     0 /     0,     1 /  1064,     0 /  1064,    11 /  1064,     0 /  1064
  C50,   0.1888,     ----,   0.1546,     2 /  1062,     0 /     0,     2 /  1062,     2 /  1062,     6 /  1062,     2 /  1062
  C56,     ----,     ----,     ----,     0 /     0,     0 /     0,     0 /     0,     0 /     0,     0 /     0,     0 /     0
  C59,     ----,     ----,     ----,     0 /     0,     0 /     0,     0 /     0,     0 /     0,     0 /     0,     0 /     0
  C60,     ----,     ----,     ----,     0 /     0,     0 /     0,     0 /     0,     0 /     0,     0 /     0,     0 /     0
  I02,     ----,     ----,     ----,     0 /     0,     0 /     0,     0 /     0,     0 /     0,     0 /     0,     0 /     0
  I03,     ----,     ----,     ----,     0 /     0,     0 /     0,     0 /     0,     0 /     0,     0 /     0,     0 /     0
  I05,     ----,     ----,     ----,     0 /     0,     0 /     0,     0 /     0,     0 /     0,     0 /     0,     0 /     0
  I06,     ----,     ----,     ----,     0 /     0,     0 /     0,     0 /     0,     0 /     0,     0 /     0,     0 /     0
  I09,     ----,     ----,     ----,     0 /     0,     0 /     0,     0 /     0,     0 /     0,     0 /     0,     0 /     0
  I10,     ----,     ----,     ----,     0 /     0,     0 /     0,     0 /     0,     0 /     0,     0 /     0,     0 /     0
# ------------------------------------------
# Summary of each satellite system
% SYS, STD(MP1), STD(MP2), STD(MP5), # of slips/nobs (MP1, MP2, MP5, GF, MW, IOD(L1))
    G,   0.1921,   0.3004,   0.1938,    59 / 27884,    74 / 27882,    16 / 16875,    41 / 27884,   127 / 27884,    51 / 27884
    R,   0.3087,   0.2360,   0.2585,   157 / 16735,   174 / 16733,     3 /  1937,   120 / 16735,    94 / 16735,   143 / 16735
    E,   0.2312,   0.2196,   0.2133,    45 / 25462,    21 / 25452,    30 / 25445,    17 / 25462,   118 / 25462,    24 / 25462
    J,   0.2232,   0.1758,   0.1366,  1296 /  8949,  1290 /  8941,  1290 /  8949,  1289 /  8949,    39 /  8949,  1291 /  8949
    C,   0.2491,   0.2271,   0.1979,   107 / 52493,    73 / 20824,    61 / 31669,    47 / 52493,   249 / 52493,    66 / 52493
    I,     ----,     ----,     ----,     0 /     0,     0 /     0,     0 /     0,     0 /     0,     0 /     0,     0 /     0
