# ------------------------------------------
# Quality Check Summary by Ringo software
# ------------------------------------------
# Executed at            : 2026/03/16 12:31:58 UTC
# ------------------------------------------
# QC of RINEX file       : D:\Master in Geoinformatics\Semester 2\GNSS Survey Mapping\Lab\Lab 2\ringo\Data\1\BHPL00IND_R_20251970000_01D_30S_MO.crx.gz
# input RnxNav files     : D:\Master in Geoinformatics\Semester 2\GNSS Survey Mapping\Lab\Lab 2\ringo\BRDC\1\BRDC00IGS_R_20251970000_01D_MN.rnx.gz
# ------------------------------------------
# Marker                 : BHPL                                                        
# Receiver               : TRIMBLE ALLOY       
# Antenna                : JAVGRANT_G5TLBI NONE
# Time of Start          : 2025/07/16 00:00:00.000
# Time of End            : 2025/07/16 23:59:30.000
# Approx XYZ             :   1272088.1669,   5722249.0233,   2506319.8411
# Observation Interval   : 30.0000 seconds
# Satellite systems      : GREJSI
#                        : G01G02G03G04G05G06G07G08G09G10G11G12G13G14G15G16G17G18G19G20G21G22G23G24G25G26G27G28G29G30G31G32
#                        : R01R02R03R04R05R06R07R08R09R10R11R12R13R14R15R16R17R18R19R20R21R22R23R24
#                        : E02E03E04E05E06E07E08E09E10E11E12E13E15E16E19E21E23E24E25E26E27E29E30E31E33E34E36
#                        : J02J03J07
#                        : S27S28S29S32
#                        : I02I03I06I09I10
# Total satellites       :  95
# Number of obs epochs   : 2880
# Number of obs data     : 116981
# N Expected epochs      : 2880
# Observation rate (%)   : 100.00
# N obs data     (>10deg): 95914
# N possible obs (> 0deg): 115759
# N possible obs (>10deg): 95954
# ------------------------------------------
# Number of obs epochs for each SV:
# ------------------------------------------
# GPS
%      C1C  L1C  S1C  C1X  L1X  S1X  C2W  L2W  S2W  C2X  L2X  S2X  C5X  L5X  S5X
G01   1253 1247 1253 1253 1252 1253    0    0    0 1248 1248 1248 1253 1252 1253
G02   1225 1218 1225    0    0    0 1166 1166 1166    0    0    0    0    0    0
G03    928  922  928    0    0    0    0    0    0  926  924  926  928  928  928
G04    883  880  883  883  883  883    0    0    0  882  882  882  883  883  883
G05    850  849  850    0    0    0    0    0    0  849  849  849    0    0    0
G06    845  843  845    0    0    0    0    0    0  845  845  845  845  845  845
G07   1038 1031 1038    0    0    0    0    0    0 1036 1036 1036    0    0    0
G08   1088 1072 1088    0    0    0    0    0    0 1074 1074 1074 1088 1088 1088
G09    782  778  782    0    0    0    0    0    0  781  781  781  782  782  782
G10   1067 1067 1067    0    0    0    0    0    0 1067 1067 1067 1067 1067 1067
G11    955  951  955  955  954  955    0    0    0  955  955  955  955  955  955
G12    893  878  893    0    0    0    0    0    0  870  870  870    0    0    0
G13   1219 1217 1219    0    0    0 1148 1147 1148    0    0    0    0    0    0
G14   1073 1062 1073 1073 1073 1073    0    0    0 1073 1072 1073 1073 1073 1073
G15    887  866  887    0    0    0    0    0    0  822  822  822    0    0    0
G16    733  732  733    0    0    0  711  711  711    0    0    0    0    0    0
G17    991  991  991    0    0    0    0    0    0  990  990  990    0    0    0
G18   1017 1007 1017 1017 1017 1017    0    0    0 1016 1016 1016 1017 1017 1017
G19   1037 1037 1037    0    0    0 1034 1034 1034    0    0    0    0    0    0
G20    793  792  793    0    0    0  718  718  718    0    0    0    0    0    0
G21    939  908  939  939  938  939    0    0    0  932  932  932  939  939  939
G22   1076 1070 1076    0    0    0 1059 1058 1059    0    0    0    0    0    0
G23   1064 1061 1064 1064 1064 1064    0    0    0 1064 1064 1064 1064 1064 1064
G24   1332 1317 1332    0    0    0    0    0    0 1319 1319 1319 1332 1331 1332
G25   1142 1133 1142    0    0    0    0    0    0 1141 1140 1141 1142 1142 1142
G26    979  948  979    0    0    0    0    0    0  947  946  947  978  978  978
G27   1252 1230 1252    0    0    0    0    0    0 1242 1242 1242 1252 1252 1252
G28    842  837  842  842  842  842    0    0    0  842  842  842  842  842  842
G29    814  809  814    0    0    0    0    0    0  814  814  814    0    0    0
G30    864  852  864    0    0    0    0    0    0  864  864  864  864  864  864
G31    896  893  896    0    0    0    0    0    0  896  896  896    0    0    0
G32   1034 1034 1034    0    0    0    0    0    0 1033 1033 1033 1033 1033 1033
# ------------------------------------------
# GLONASS
%      C1C  L1C  S1C  C1P  L1P  S1P  C2C  L2C  S2C  C3X  L3X  S3X
R01    984  984  984  984  980  984    0    0    0    0    0    0
R02    931  931  931  930  928  930  918  917  918    0    0    0
R03    925  924  925  915  911  915  912  912  912    0    0    0
R04   1064 1064 1064 1062 1061 1062 1060 1060 1060    0    0    0
R05   1139 1138 1139 1137 1137 1137 1115 1115 1115    0    0    0
R06    950  948  950  936  934  936    0    0    0    0    0    0
R07    860  858  860  835  828  835  800  797  800    0    0    0
R08    925  923  925  923  922  923  914  914  914    0    0    0
R09   1089 1088 1089 1069 1065 1069 1082 1077 1082 1087 1086 1087
R10   1180 1180 1180 1178 1178 1178    0    0    0    0    0    0
R11   1037 1037 1037 1036 1034 1036 1024 1023 1024    0    0    0
R12    810  809  810  799  794  799  761  760  761    0    0    0
R13    658  658  658  656  656  656    0    0    0    0    0    0
R14    920  920  920  917  916  917  914  914  914    0    0    0
R15   1059 1059 1059 1059 1059 1059 1056 1056 1056    0    0    0
R16   1133 1133 1133 1133 1131 1133 1123 1122 1123    0    0    0
R17   1010 1010 1010 1009 1008 1009 1003 1003 1003    0    0    0
R18    905  905  905  894  891  894  888  886  888    0    0    0
R19   1092 1092 1092 1092 1090 1092 1091 1090 1091    0    0    0
R20   1162 1162 1162 1138 1136 1138 1162 1162 1162    0    0    0
R21   1125 1125 1125 1124 1124 1124 1119 1118 1119 1122 1122 1122
R22    712  712  712  712  712  712  701  701  701    0    0    0
R23    729  729  729  718  715  718    0    0    0    0    0    0
R24   1009 1008 1009 1006 1005 1006  992  990  992    0    0    0
# ------------------------------------------
# Galileo
%      C1X  L1X  S1X  C5X  L5X  S5X  C7X  L7X  S7X  C8I  L8I  S8I  C6X  L6X  S6X
E02    323  323  323  323  322  323  323  323  323  321  316  321  323  323  323
E03    875  870  875  870  869  870  873  872  873  830  810  830  875  870  875
E04   1320 1320 1320 1319 1319 1319 1318 1318 1318 1311 1300 1311 1320 1320 1320
E05    813  813  813  813  813  813  813  813  813  808  804  808  813  813  813
E06   1097 1097 1097 1097 1097 1097 1097 1097 1097 1091 1087 1091 1097 1097 1097
E07   1012 1011 1012 1012 1012 1012 1012 1012 1012  960  940  960 1011 1010 1011
E08    763  763  763  748  748  748  762  762  762  742  734  742  763  763  763
E09    998  998  998  998  998  998  998  998  998  998  996  998  998  998  998
E10   1418 1417 1418 1418 1418 1418 1418 1418 1418 1408 1389 1408 1417 1416 1417
E11   1091 1091 1091 1089 1087 1089 1089 1087 1089 1062 1030 1062 1091 1091 1091
E12   1585 1583 1585 1578 1578 1578 1581 1580 1581 1540 1500 1540 1583 1581 1583
E13   1158 1158 1158 1158 1158 1158 1158 1158 1158 1158 1153 1158 1158 1158 1158
E15    778  778  778  777  777  777  778  778  778  766  760  766  778  778  778
E16    935  934  935  935  935  935  935  935  935  933  927  933  935  934  935
E19   1343 1343 1343 1343 1343 1343 1343 1343 1343 1305 1288 1305 1341 1341 1341
E21   1713 1710 1713 1702 1700 1702 1709 1708 1709 1666 1633 1666 1712 1709 1712
E23   1637 1636 1637 1636 1635 1636 1637 1637 1637 1610 1583 1610 1636 1635 1636
E24   1095 1095 1095 1095 1095 1095 1095 1095 1095 1093 1088 1093 1095 1095 1095
E25    763  763  763  762  762  762  763  763  763  758  753  758  762  762  762
E26   1331 1331 1331 1331 1330 1331 1331 1331 1331 1325 1317 1325 1330 1330 1330
E27   1168 1165 1168 1157 1155 1157 1157 1157 1157 1119 1103 1119 1167 1164 1167
E29   1280 1280 1280 1280 1280 1280 1280 1280 1280 1275 1263 1275 1280 1280 1280
E30    454  454  454  454  454  454  454  454  454  452  450  452  454  454  454
E31   1301 1301 1301 1301 1301 1301 1301 1301 1301 1297 1290 1297 1301 1301 1301
E33   1526 1525 1526 1524 1523 1524 1526 1525 1526 1501 1484 1501 1525 1525 1525
E34    323  323  323  311  310  311  316  316  316  302  299  302  321  321  321
E36    367  367  367  367  367  367  367  367  367  367  366  367  367  367  367
# ------------------------------------------
# QZSS
%      C1C  L1C  S1C  C1X  L1X  S1X  C1Z  L1Z  S1Z  C2X  L2X  S2X  C5X  L5X  S5X
J02   2198 2186 2198 2197 2197 2197 2196 2186 2196 2198 2198 2198 2198 2197 2198
J03   2317 2299 2317 2316 2316 2316 2316 2299 2316 2317 2316 2317 2317 2317 2317
J07   2880 2787 2880 2880 2880 2880 2880 2787 2880 2880 2880 2880 2880 2880 2880
# ------------------------------------------
# SBAS
%      C1C  L1C  S1C
S27   2880 2880 2880
S28   2880 2880 2880
S29   2880 2880 2880
S32   2880 2880 2880
# ------------------------------------------
# NavIC/IRNSS
%      C5A  L5A  S5A  C9A  L9A  S9A
I02   2880 2880 2880 2880 2880 2880
I03   2880 2880 2880 2880    0 2880
I06   2880 2880 2880 2880 2880 2880
I09   2880 2880 2880 2880 2880 2880
I10   2880 2880 2880 2880 2880 2880
# ------------------------------------------
# Cycle slip detection settings:
# ------------------------------------------
# Elmask (slip count ): 10.0
# Elmask (slip detect): 0.0
# MP detection type   : offset
# MP reference type   : rolling average (window=50epochs)
# MP threshold        : 2.000 (m)
# GF detection type   : velocity
# GF reference type   : single epoch
# GF threshold        : 0.050 (m/s)
# MW detection type   : sigma
# MW reference type   : rolling average (window=50epochs)
# MW threshold        : 4.000 (sigmas)
# ------------------------------------------
# Quality Report:
# ------------------------------------------
# For each satellite
% PRN, STD(MP1), STD(MP2), STD(MP5), # of slips/nobs (MP1, MP2, MP5, GF, MW, IOD(L1))
  G01,   0.2752,   0.2901,   0.2849,    21 /  1251,    21 /  1247,    20 /  1251,    16 /  1251,     9 /  1251,    20 /  1251
  G02,   0.2292,   0.4118,     ----,    16 /  1166,    19 /  1166,     0 /     0,     9 /  1166,    10 /  1166,    13 /  1166
  G03,   0.2137,   0.3189,   0.3081,    10 /   922,     8 /   918,     6 /   922,     8 /   922,     4 /   922,    10 /   922
  G04,   0.2058,   0.2156,   0.2064,     7 /   883,     7 /   882,     7 /   883,     8 /   883,     4 /   883,     8 /   883
  G05,   0.1823,   0.2278,     ----,     3 /   848,     3 /   848,     0 /     0,     1 /   848,     2 /   848,     2 /   848
  G06,   0.1866,   0.2563,   0.2117,     4 /   843,     4 /   843,     4 /   843,     2 /   843,     2 /   843,     4 /   843
  G07,   0.1955,   0.2528,     ----,     3 /  1030,     3 /  1030,     0 /     0,     3 /  1030,     5 /  1030,     3 /  1030
  G08,   0.2515,   0.3010,   0.2196,    13 /  1072,     6 /  1060,     6 /  1072,    10 /  1072,    11 /  1072,    12 /  1072
  G09,   0.1805,   0.2272,   0.1860,     3 /   778,     2 /   777,     2 /   778,     1 /   778,     4 /   778,     2 /   778
  G10,   0.1583,   0.2363,   0.2185,     2 /  1066,     2 /  1066,     2 /  1066,     0 /  1066,     4 /  1066,     1 /  1066
  G11,   0.1798,   0.2235,   0.2075,     9 /   955,     9 /   955,     9 /   955,     8 /   955,     3 /   955,     8 /   955
  G12,   0.2184,   0.3161,     ----,     2 /   860,     4 /   860,     0 /     0,     1 /   860,     8 /   860,     4 /   860
  G13,   0.2195,   0.3613,     ----,    14 /  1147,    16 /  1147,     0 /     0,     7 /  1147,    17 /  1147,    14 /  1147
  G14,   0.1879,   0.2179,   0.1915,    12 /  1073,    11 /  1072,    12 /  1073,    11 /  1073,     4 /  1073,    11 /  1073
  G15,   0.2005,   0.2959,     ----,     0 /   808,     1 /   808,     0 /     0,     1 /   808,     9 /   808,     1 /   808
  G16,   0.2088,   0.3073,     ----,     6 /   711,     6 /   711,     0 /     0,     1 /   711,     0 /   711,     6 /   711
  G17,   0.1800,   0.2302,     ----,     1 /   990,     1 /   990,     0 /     0,     1 /   990,     2 /   990,     1 /   990
  G18,   0.1890,   0.2237,   0.2054,    21 /  1017,    21 /  1016,    19 /  1017,    16 /  1017,     2 /  1017,    19 /  1017
  G19,   0.1958,   0.2673,     ----,     4 /  1034,     6 /  1034,     0 /     0,     2 /  1034,     3 /  1034,     6 /  1034
  G20,   0.1780,   0.3048,     ----,     2 /   718,     2 /   718,     0 /     0,     2 /   718,     2 /   718,     2 /   718
  G21,   0.2084,   0.2988,   0.2870,    50 /   939,    46 /   932,    51 /   939,    42 /   939,    14 /   939,    49 /   939
  G22,   0.1855,   0.3030,     ----,     9 /  1058,    10 /  1058,     0 /     0,     4 /  1058,     6 /  1058,     8 /  1058
  G23,   0.1957,   0.2183,   0.1766,     6 /  1064,     7 /  1064,     7 /  1064,     6 /  1064,     2 /  1064,     6 /  1064
  G24,   0.2604,   0.3021,   0.3078,    10 /  1316,     8 /  1304,     8 /  1316,     7 /  1316,    14 /  1316,     6 /  1316
  G25,   0.2691,   0.2907,   0.2911,     4 /  1133,     4 /  1132,     1 /  1133,     2 /  1133,     7 /  1133,     3 /  1133
  G26,   0.2393,   0.3406,   0.2924,    25 /   947,    13 /   917,    10 /   947,    19 /   947,    31 /   947,    23 /   947
  G27,   0.2313,   0.3312,   0.2516,     8 /  1230,     6 /  1228,     5 /  1230,     2 /  1230,     9 /  1230,     6 /  1230
  G28,   0.1996,   0.2198,   0.2054,    10 /   841,     9 /   841,     9 /   841,     7 /   841,     2 /   841,     9 /   841
  G29,   0.1628,   0.2137,     ----,     2 /   809,     2 /   809,     0 /     0,     1 /   809,     6 /   809,     2 /   809
  G30,   0.1688,   0.2551,   0.2210,     0 /   852,     0 /   852,     0 /   852,     0 /   852,     5 /   852,     0 /   852
  G31,   0.1856,   0.2359,     ----,     3 /   893,     3 /   893,     0 /     0,     2 /   893,     4 /   893,     2 /   893
  G32,   0.1916,   0.2070,   0.1794,     2 /  1033,     2 /  1033,     3 /  1033,     0 /  1033,     3 /  1033,     2 /  1033
  R01,     ----,     ----,     ----,     0 /     0,     0 /     0,     0 /     0,     0 /     0,     0 /     0,     0 /     0
  R02,   0.2216,   0.4137,     ----,     6 /   917,     8 /   917,     0 /     0,     2 /   917,     8 /   917,     4 /   917
  R03,   0.2848,   0.4569,     ----,     6 /   911,    26 /   911,     0 /     0,     2 /   911,     8 /   911,     3 /   911
  R04,   0.2699,   0.4016,     ----,     5 /  1059,     7 /  1059,     0 /     0,     3 /  1059,     7 /  1059,     4 /  1059
  R05,   0.2221,   0.3700,     ----,     2 /  1115,     3 /  1115,     0 /     0,     1 /  1115,     4 /  1115,     2 /  1115
  R06,     ----,     ----,     ----,     0 /     0,     0 /     0,     0 /     0,     0 /     0,     0 /     0,     0 /     0
  R07,   0.2937,   0.4007,     ----,     1 /   796,     8 /   796,     0 /     0,     0 /   796,     8 /   796,     2 /   796
  R08,   0.2946,   0.3541,     ----,     5 /   913,     4 /   913,     0 /     0,     1 /   913,     6 /   913,     1 /   913
  R09,   0.2643,   0.4310,   0.3967,    13 /  1087,     9 /  1077,     8 /  1086,    10 /  1087,     6 /  1087,     9 /  1087
  R10,     ----,     ----,     ----,     0 /     0,     0 /     0,     0 /     0,     0 /     0,     0 /     0,     0 /     0
  R11,   0.2754,   0.4455,     ----,     3 /  1023,     6 /  1023,     0 /     0,     1 /  1023,     7 /  1023,     2 /  1023
  R12,   0.2812,   0.3750,     ----,     0 /   760,    10 /   760,     0 /     0,     1 /   760,     5 /   760,     1 /   760
  R13,     ----,     ----,     ----,     0 /     0,     0 /     0,     0 /     0,     0 /     0,     0 /     0,     0 /     0
  R14,   0.2940,   0.3371,     ----,     2 /   914,     3 /   914,     0 /     0,     0 /   914,     3 /   914,     1 /   914
  R15,   0.2664,   0.3861,     ----,     0 /  1056,     0 /  1056,     0 /     0,     0 /  1056,     5 /  1056,     0 /  1056
  R16,   0.2456,   0.4028,     ----,     1 /  1122,     2 /  1122,     0 /     0,     0 /  1122,     5 /  1122,     1 /  1122
  R17,   0.2823,   0.4214,     ----,     1 /  1003,     3 /  1003,     0 /     0,     0 /  1003,     3 /  1003,     0 /  1003
  R18,   0.3086,   0.4097,     ----,    10 /   886,    22 /   886,     0 /     0,     5 /   886,     9 /   886,     7 /   886
  R19,   0.2609,   0.3937,     ----,     3 /  1090,     4 /  1090,     0 /     0,     2 /  1090,     4 /  1090,     3 /  1090
  R20,   0.3111,   0.3335,     ----,     5 /  1162,     4 /  1162,     0 /     0,     0 /  1162,     4 /  1162,     2 /  1162
  R21,   0.2536,   0.3838,   0.3260,     4 /  1122,     4 /  1118,     2 /  1122,     3 /  1122,     1 /  1122,     4 /  1122
  R22,   0.2171,   0.3705,     ----,     0 /   701,     0 /   701,     0 /     0,     0 /   701,     0 /   701,     0 /   701
  R23,     ----,     ----,     ----,     0 /     0,     0 /     0,     0 /     0,     0 /     0,     0 /     0,     0 /     0
  R24,   0.2700,   0.4030,     ----,     0 /   989,     3 /   989,     0 /     0,     0 /   989,     5 /   989,     1 /   989
  E02,   0.3583,   0.3742,   0.3132,     0 /   323,     0 /   323,     0 /   322,     0 /   323,     3 /   323,     0 /   323
  E03,   0.3536,   0.3098,   0.3286,    13 /   870,     5 /   868,     5 /   865,     1 /   870,     5 /   870,     4 /   870
  E04,   0.2143,   0.2560,   0.2011,     6 /  1319,     5 /  1318,     3 /  1319,     4 /  1319,     9 /  1319,     4 /  1319
  E05,   0.2767,   0.2890,   0.2193,     1 /   813,     0 /   813,     0 /   813,     0 /   813,    10 /   813,     0 /   813
  E06,   0.2180,   0.2314,   0.2093,     1 /  1097,     1 /  1097,     1 /  1097,     1 /  1097,     1 /  1097,     1 /  1097
  E07,   0.2716,   0.3224,   0.2938,     2 /  1011,     1 /  1011,     4 /  1011,     0 /  1011,     7 /  1011,     0 /  1011
  E08,   0.3420,   0.3250,   0.3033,     2 /   762,     1 /   762,     2 /   748,     0 /   762,     2 /   762,     0 /   762
  E09,   0.2159,   0.2682,   0.2371,     0 /   997,     0 /   997,     0 /   997,     0 /   997,     2 /   997,     0 /   997
  E10,   0.2575,   0.3032,   0.2202,     5 /  1417,     5 /  1417,     4 /  1417,     3 /  1417,     4 /  1417,     3 /  1417
  E11,   0.2631,   0.2743,   0.2106,     8 /  1088,     7 /  1087,     8 /  1087,     6 /  1088,     5 /  1088,    10 /  1088
  E12,   0.2851,   0.3049,   0.2426,    13 /  1578,    13 /  1578,    16 /  1576,     9 /  1578,     4 /  1578,    13 /  1578
  E13,   0.2059,   0.2051,   0.2310,     2 /  1158,     2 /  1158,     3 /  1158,     1 /  1158,     7 /  1158,     1 /  1158
  E15,   0.2823,   0.2296,   0.2175,     5 /   778,     6 /   778,     5 /   777,     5 /   778,    11 /   778,     5 /   778
  E16,   0.2004,   0.1959,   0.1680,     0 /   934,     0 /   934,     0 /   934,     1 /   934,     1 /   934,     1 /   934
  E19,   0.2365,   0.2374,   0.2493,     3 /  1343,     3 /  1343,     3 /  1343,     3 /  1343,     2 /  1343,     3 /  1343
  E21,   0.2930,   0.3463,   0.3048,     3 /  1706,     2 /  1705,     3 /  1698,     2 /  1706,    10 /  1706,     4 /  1706
  E23,   0.2730,   0.2899,   0.2480,     6 /  1636,     4 /  1636,     5 /  1635,     3 /  1636,     6 /  1636,     4 /  1636
  E24,   0.1827,   0.1888,   0.1713,     1 /  1095,     1 /  1095,     1 /  1095,     1 /  1095,     3 /  1095,     1 /  1095
  E25,   0.2284,   0.2390,   0.1775,     4 /   763,     5 /   763,     5 /   762,     4 /   763,     0 /   763,     4 /   763
  E26,   0.2170,   0.2551,   0.2013,     1 /  1331,     1 /  1331,     2 /  1330,     1 /  1331,    10 /  1331,     1 /  1331
  E27,   0.2914,   0.2764,   0.2847,    11 /  1159,     6 /  1154,     4 /  1153,     5 /  1159,     9 /  1159,     7 /  1159
  E29,   0.2363,   0.2434,   0.2087,     0 /  1280,     2 /  1280,     2 /  1280,     1 /  1280,     4 /  1280,     2 /  1280
  E30,   0.1730,   0.3922,   0.2632,     1 /   454,     1 /   454,     1 /   454,     1 /   454,     1 /   454,     1 /   454
  E31,   0.2372,   0.2332,   0.2181,     3 /  1301,     3 /  1301,     3 /  1301,     1 /  1301,     4 /  1301,     2 /  1301
  E33,   0.2645,   0.2965,   0.2364,     9 /  1524,    11 /  1524,    12 /  1522,     7 /  1524,     6 /  1524,    10 /  1524
  E34,   0.3960,   0.3294,   0.2974,     4 /   317,     1 /   316,     0 /   310,     1 /   317,     2 /   317,     2 /   317
  E36,   0.2293,   0.2634,   0.2247,     0 /   367,     0 /   367,     0 /   367,     0 /   367,     0 /   367,     0 /   367
  J02,   0.2301,   0.2074,   0.2433,    21 /  2197,    21 /  2197,    21 /  2197,    21 /  2197,     2 /  2197,    21 /  2197
  J03,   0.2063,   0.2108,   0.2261,    27 /  2316,    26 /  2315,    24 /  2316,    28 /  2316,    24 /  2316,    28 /  2316
  J07,   0.2738,   0.1021,   0.0595,   156 /  2880,   156 /  2880,   156 /  2880,   156 /  2880,    41 /  2880,   156 /  2880
  S27,     ----,     ----,     ----,     0 /     0,     0 /     0,     0 /     0,     0 /     0,     0 /     0,     0 /     0
  S28,     ----,     ----,     ----,     0 /     0,     0 /     0,     0 /     0,     0 /     0,     0 /     0,     0 /     0
  S29,     ----,     ----,     ----,     0 /     0,     0 /     0,     0 /     0,     0 /     0,     0 /     0,     0 /     0
  S32,     ----,     ----,     ----,     0 /     0,     0 /     0,     0 /     0,     0 /     0,     0 /     0,     0 /     0
  I02,     ----,   0.2733,   0.1972,     0 /     0,     0 /  2880,     0 /  2880,     0 /  2880,     6 /  2880,     0 /  2880
  I03,     ----,     ----,     ----,     0 /     0,     0 /     0,     0 /     0,     0 /     0,     0 /     0,     0 /     0
  I06,     ----,   0.1784,   0.2101,     0 /     0,     0 /  2880,     0 /  2880,     0 /  2880,     5 /  2880,     0 /  2880
  I09,     ----,   0.2686,   0.1981,     0 /     0,     0 /  2880,     0 /  2880,     0 /  2880,     2 /  2880,     0 /  2880
  I10,     ----,   0.2581,   0.2265,     0 /     0,     0 /  2880,     0 /  2880,     0 /  2880,     2 /  2880,     0 /  2880
# ------------------------------------------
# Summary of each satellite system
% SYS, STD(MP1), STD(MP2), STD(MP5), # of slips/nobs (MP1, MP2, MP5, GF, MW, IOD(L1))
    G,   0.2092,   0.2789,   0.2412,   282 / 31287,   262 / 31211,   181 / 19215,   200 / 31287,   208 / 31287,   263 / 31287
    R,   0.2705,   0.3956,   0.3625,    67 / 18626,   126 / 18612,    10 /  2208,    31 / 18626,    98 / 18626,    47 / 18626
    E,   0.2583,   0.2763,   0.2402,   104 / 28421,    86 / 28410,    92 / 28371,    61 / 28421,   128 / 28421,    83 / 28421
    J,   0.2414,   0.1754,   0.1870,   204 /  7393,   203 /  7392,   201 /  7393,   205 /  7393,    67 /  7393,   205 /  7393
    S,     ----,     ----,     ----,     0 /     0,     0 /     0,     0 /     0,     0 /     0,     0 /     0,     0 /     0
    I,     ----,   0.2476,   0.2083,     0 /     0,     0 / 11520,     0 / 11520,     0 / 11520,    15 / 11520,     0 / 11520
