# ------------------------------------------
# Quality Check Summary by Ringo software
# ------------------------------------------
# Executed at            : 2026/03/16 12:32:08 UTC
# ------------------------------------------
# QC of RINEX file       : D:\Master in Geoinformatics\Semester 2\GNSS Survey Mapping\Lab\Lab 2\ringo\Data\1\bomb1970.25o.gz
# input RnxNav files     : D:\Master in Geoinformatics\Semester 2\GNSS Survey Mapping\Lab\Lab 2\ringo\BRDC\1\BRDC00IGS_R_20251970000_01D_MN.rnx.gz
# ------------------------------------------
# Marker                 : BOMB                                                        
# Receiver               : TRIMBLE ALLOY       
# Antenna                : TRM159900.00    SCIS
# Time of Start          : 2025/07/16 00:00:00.000
# Time of End            : 2025/07/16 23:59:30.000
# Approx XYZ             :   1770512.4146,   5761891.6065,   2077904.6216
# Observation Interval   : 30.0000 seconds
# Satellite systems      : GREJCI
#                        : G01G02G03G04G05G06G07G08G09G10G11G12G13G14G15G16G17G18G19G20G21G22G23G24G25G26G27G28G29G30G31G32
#                        : R01R02R03R04R05R06R07R08R09R10R11R12R13R14R15R16R17R18R19R20R21R22R23R24
#                        : E02E03E04E05E06E07E08E09E10E11E12E13E15E16E19E21E23E24E25E26E27E29E30E31E33E34E36
#                        : J02J03J04J07
#                        : C01C02C03C05C06C11C12C13C14C16C19C20C21C22C23C24C25C26C27C28C29C30C32C33C34C35C36C37C38C39C40C41C42C43C44C45C47C48C49C50C59C60
#                        : I02I03I06I09I10
# Total satellites       : 134
# Number of obs epochs   : 2880
# Number of obs data     : 161181
# N Expected epochs      : 2880
# Observation rate (%)   : 100.00
# N obs data     (>10deg): 134525
# N possible obs (> 0deg): 175532
# N possible obs (>10deg): 141379
# ------------------------------------------
# Number of obs epochs for each SV:
# ------------------------------------------
# GPS
%      C1C  L1C  S1C  C2W  L2W  S2W  C2X  L2X  S2X  C5X  L5X  S5X
G01   1198 1174 1198 1145 1123 1145 1198 1198 1198 1198 1198 1198
G02   1149 1113 1149 1072 1049 1072    0    0    0    0    0    0
G03    646  631  646  644  629  644  642  642  642  646  646  646
G04    735  733  735  723  722  723  735  735  735  735  735  735
G05    794  776  794  794  776  794  793  793  793    0    0    0
G06    746  735  746  745  735  745  746  746  746  746  746  746
G07   1054 1033 1054 1053 1033 1053 1053 1053 1053    0    0    0
G08   1006  958 1006  999  953  999 1006 1006 1006 1006 1006 1006
G09    657  654  657  657  654  657  657  657  657  657  657  657
G10   1084 1083 1084 1082 1081 1082 1080 1080 1080 1084 1084 1084
G11    926  919  926  911  906  911  926  926  926  926  926  926
G12    671  661  671  666  657  666  671  671  671    0    0    0
G13   1206 1169 1206 1028 1010 1028    0    0    0    0    0    0
G14   1083 1064 1083 1076 1058 1076 1083 1083 1083 1083 1083 1083
G15    779  771  779  773  768  773  777  777  777    0    0    0
G16    698  686  698  676  664  676    0    0    0    0    0    0
G17    969  965  969  967  963  967  967  967  967    0    0    0
G18    968  944  968  956  936  956  968  968  968  968  968  968
G19    997  992  997  993  989  993    0    0    0    0    0    0
G20    728  719  728  699  692  699    0    0    0    0    0    0
G21    747  736  747  728  719  728  747  747  747  747  747  747
G22   1095 1071 1095 1078 1058 1078    0    0    0    0    0    0
G23   1053 1052 1053 1051 1050 1051 1053 1053 1053 1053 1053 1053
G24   1226 1195 1226 1221 1190 1221 1226 1226 1226 1226 1226 1226
G25    986  957  986  983  955  983  984  983  984  986  986  986
G26    783  764  783  782  764  782  783  783  783  783  783  783
G27   1226 1196 1226 1221 1192 1221 1226 1226 1226 1226 1226 1226
G28    789  784  789  770  765  770  789  789  789  789  789  789
G29    688  687  688  687  686  687  683  683  683    0    0    0
G30    707  705  707  707  705  707  706  706  706  707  707  707
G31    840  834  840  836  831  836  840  840  840    0    0    0
G32   1011 1009 1011 1008 1006 1008 1006 1006 1006 1011 1011 1011
# ------------------------------------------
# GLONASS
%      C1C  L1C  S1C  C1P  L1P  S1P  C2C  L2C  S2C  C2P  L2P  S2P  C3X  L3X  S3X
R01    994  994  994  990  988  990    0    0    0    0    0    0    0    0    0
R02    871  868  871  846  842  846  829  826  829  798  793  798    0    0    0
R03    603  602  603  597  592  597  600  598  600  592  590  592    0    0    0
R04    918  918  918  918  917  918  917  917  917  912  908  912    0    0    0
R05   1033 1032 1033 1021 1018 1021 1025 1023 1025 1005 1004 1005    0    0    0
R06    680  678  680  538  535  538    0    0    0    0    0    0    0    0    0
R07    692  692  692  690  689  690  692  692  692  685  683  685    0    0    0
R08    894  894  894  892  892  892  894  894  894  889  888  889    0    0    0
R09    793  793  793  785  785  785  790  789  790  781  780  781  784  784  784
R10    941  940  941  921  918  921    0    0    0    0    0    0    0    0    0
R11    897  896  897  893  888  893  897  897  897  876  876  876    0    0    0
R12    613  613  613  612  611  612  613  613  613  605  605  605    0    0    0
R13    632  632  632  626  624  626    0    0    0    0    0    0    0    0    0
R14    895  895  895  894  893  894  895  894  895  888  887  888    0    0    0
R15   1088 1088 1088 1088 1088 1088 1088 1088 1088 1084 1084 1084    0    0    0
R16   1096 1096 1096 1080 1080 1080 1068 1065 1068 1035 1030 1035    0    0    0
R17    894  893  894  868  868  868  872  872  872  859  858  859    0    0    0
R18    693  692  693  680  680  680  693  693  693  681  678  681    0    0    0
R19   1054 1053 1054 1049 1049 1049 1050 1050 1050 1046 1045 1046    0    0    0
R20   1058 1057 1058 1028 1027 1028 1058 1058 1058 1058 1058 1058    0    0    0
R21   1130 1129 1130 1108 1105 1108 1090 1087 1090 1058 1053 1058 1060 1060 1060
R22    593  593  593  593  593  593  589  587  589  587  584  587    0    0    0
R23    556  556  556  556  555  556    0    0    0    0    0    0    0    0    0
R24    887  887  887  883  882  883  879  878  879  867  865  867    0    0    0
# ------------------------------------------
# Galileo
%      C1X  L1X  S1X  C5X  L5X  S5X  C7X  L7X  S7X  C8X  L8X  S8X  C6X  L6X  S6X
E02    148  148  148  148  148  148  148  148  148  148  148  148  148  148  148
E03    341  339  341  340  340  340  341  341  341  341  341  341  341  339  341
E04   1378 1378 1378 1378 1378 1378 1378 1378 1378 1378 1378 1378 1378 1378 1378
E05    680  680  680  680  680  680  680  680  680  680  680  680  680  680  680
E06    883  883  883  883  883  883  883  883  883  883  883  883  883  883  883
E07   1166 1164 1166 1164 1164 1164 1165 1165 1165 1165 1165 1165 1165 1163 1165
E08    846  842  846  846  846  846  846  846  846  846  846  846  842  838  842
E09    853  852  853  853  853  853  853  853  853  853  853  853  852  851  852
E10   1428 1425 1428 1426 1425 1426 1427 1427 1427 1427 1427 1427 1428 1425 1428
E11    929  926  929  926  925  926  926  926  926  928  928  928  928  925  928
E12   1541 1531 1541 1537 1536 1537 1538 1537 1538 1541 1541 1541 1540 1530 1540
E13   1164 1164 1164 1164 1164 1164 1164 1164 1164 1164 1164 1164 1164 1164 1164
E15    710  708  710  710  710  710  710  710  710  710  710  710  710  708  710
E16    953  953  953  953  953  953  953  953  953  953  953  953  953  953  953
E19   1247 1242 1247 1246 1246 1246 1246 1245 1246 1247 1247 1247 1247 1242 1247
E21   1658 1655 1658 1658 1657 1658 1658 1658 1658 1658 1658 1658 1658 1655 1658
E23   1576 1571 1576 1568 1568 1568 1572 1572 1572 1575 1575 1575 1574 1569 1574
E24   1067 1067 1067 1067 1067 1067 1067 1067 1067 1067 1067 1067 1067 1067 1067
E25    804  804  804  804  804  804  804  804  804  804  804  804  804  804  804
E26   1374 1373 1374 1374 1374 1374 1374 1374 1374 1374 1374 1374 1374 1373 1374
E27   1084 1082 1084 1083 1083 1083 1084 1084 1084 1084 1084 1084 1084 1082 1084
E29   1180 1180 1180 1180 1180 1180 1180 1180 1180 1180 1180 1180 1180 1180 1180
E30    457  456  457  456  456  456  456  456  456  457  456  457  457  456  457
E31   1237 1237 1237 1237 1237 1237 1236 1236 1236 1237 1237 1237 1237 1237 1237
E33   1246 1244 1246 1245 1244 1245 1246 1246 1246 1246 1246 1246 1243 1241 1243
E34    299  299  299  296  296  296  296  296  296  299  299  299  298  298  298
E36    339  339  339  339  339  339  339  339  339  339  339  339  339  339  339
# ------------------------------------------
# QZSS
%      C1C  L1C  S1C  C1X  L1X  S1X  C1Z  L1Z  S1Z  C2X  L2X  S2X  C5X  L5X  S5X
J02   2084 2025 2084 2084 2084 2084 2081 2022 2081 2084 2084 2084 2084 2083 2084
J03   2165 2119 2165 2165 2165 2165 2164 2118 2164 2165 2165 2165 2165 2165 2165
J04   2217 2189 2217 2217 2217 2217 2215 2187 2215 2216 2216 2216 2217 2217 2217
J07   2873 1584 2873 2873 2873 2873 2869 1584 2869 2873 2873 2873 2873 2873 2873
# ------------------------------------------
# Beidou
%      C1X  L1X  S1X  C5X  L5X  S5X  C2I  L2I  S2I  C7I  L7I  S7I  C6I  L6I  S6I
C01      0    0    0    0    0    0 2807 2593 2807 2774 2563 2774 2621 2426 2621
C02      0    0    0    0    0    0 2880 2880 2880 2880 2880 2880 2880 2880 2880
C03      0    0    0    0    0    0 2880 2880 2880 2880 2880 2880 2880 2880 2880
C05      0    0    0    0    0    0 2880 2880 2880 2880 2880 2880 2880 2880 2880
C06      0    0    0    0    0    0 2655 2654 2655 2654 2651 2654 2654 2651 2654
C11      0    0    0    0    0    0  778  777  778  777  776  777  777  776  777
C12      0    0    0    0    0    0  967  967  967  967  967  967  967  967  967
C13      0    0    0    0    0    0 2669 2665 2669 2664 2660 2664 2664 2660 2664
C14      0    0    0    0    0    0 1125 1123 1125 1121 1119 1121 1121 1119 1121
C16      0    0    0    0    0    0 2602 2599 2602 2598 2595 2598 2598 2595 2598
C19   1063 1055 1063 1064 1064 1064 1067 1060 1067    0    0    0 1066 1059 1066
C20    851  849  851  855  855  855  855  853  855    0    0    0  854  852  854
C21    843  843  843  848  847  848  849  849  849    0    0    0  848  848  848
C22    599  599  599  599  599  599  599  599  599    0    0    0  599  599  599
C23    958  957  958  959  959  959  959  959  959    0    0    0  959  959  959
C24   1444 1441 1444 1444 1444 1444 1444 1442 1444    0    0    0 1444 1442 1444
C25   1277 1273 1277 1268 1268 1268 1282 1279 1282    0    0    0 1279 1276 1279
C26    712  709  712  716  716  716  717  717  717    0    0    0  714  714  714
C27   1435 1433 1435 1444 1442 1444 1444 1444 1444    0    0    0 1442 1442 1442
C28   1398 1392 1398 1409 1409 1409 1421 1418 1421    0    0    0 1421 1418 1421
C29    624  624  624  625  625  625  625  624  625    0    0    0  625  624  625
C30    857  857  857  857  857  857  857  857  857    0    0    0  856  856  856
C32    769  769  769  766  766  766  769  767  769    0    0    0  767  763  767
C33   1196 1196 1196 1196 1196 1196 1196 1196 1196    0    0    0 1196 1196 1196
C34   1079 1079 1079 1080 1080 1080 1080 1080 1080    0    0    0 1080 1080 1080
C35    834  834  834  835  835  835  835  833  835    0    0    0  835  833  835
C36    566  566  566  566  566  566  566  566  566    0    0    0  566  566  566
C37   1191 1190 1191 1191 1191 1191 1191 1191 1191    0    0    0 1191 1191 1191
C38   2400 2394 2400 2405 2404 2405 2407 2407 2407    0    0    0 2407 2407 2407
C39   2434 2432 2434 2435 2434 2435 2436 2434 2436    0    0    0 2435 2433 2435
C40   2449 2446 2449 2452 2452 2452 2452 2451 2452    0    0    0 2450 2449 2450
C41   1217 1217 1217 1217 1217 1217 1217 1217 1217    0    0    0 1212 1212 1212
C42   1023 1023 1023 1023 1023 1023 1023 1023 1023    0    0    0 1020 1019 1020
C43    788  787  788  797  797  797  800  797  800    0    0    0  796  793  796
C44    841  841  841  841  841  841  841  841  841    0    0    0  841  841  841
C45    467  467  467  468  468  468  468  467  468    0    0    0  467  466  467
C47    712  712  712  712  712  712  712  712  712    0    0    0  712  712  712
C48    930  921  930  939  939  939  939  939  939    0    0    0  937  937  937
C49   1136 1135 1136 1142 1142 1142 1143 1141 1143    0    0    0 1143 1141 1143
C50    896  896  896  906  903  906  907  902  907    0    0    0  906  901  906
C59      0    0    0    0    0    0 2880 2852 2880    0    0    0 2880 2852 2880
C60      0    0    0    0    0    0 2880 2880 2880    0    0    0 2880 2880 2880
# ------------------------------------------
# NavIC/IRNSS
%      C5A  L5A  S5A
I02   2880 2880 2880
I03   2880 2880 2880
I06   2880 2880 2880
I09   2880 2880 2880
I10   2880 2880 2880
# ------------------------------------------
# Cycle slip detection settings:
# ------------------------------------------
# Elmask (slip count ): 10.0
# Elmask (slip detect): 0.0
# MP detection type   : offset
# MP reference type   : rolling average (window=50epochs)
# MP threshold        : 2.000 (m)
# GF detection type   : velocity
# GF reference type   : single epoch
# GF threshold        : 0.050 (m/s)
# MW detection type   : sigma
# MW reference type   : rolling average (window=50epochs)
# MW threshold        : 4.000 (sigmas)
# ------------------------------------------
# Quality Report:
# ------------------------------------------
# For each satellite
% PRN, STD(MP1), STD(MP2), STD(MP5), # of slips/nobs (MP1, MP2, MP5, GF, MW, IOD(L1))
  G01,   0.2216,   0.4122,   0.2727,    33 /  1174,    34 /  1174,     4 /  1174,    25 /  1174,    11 /  1174,    28 /  1174
  G02,   0.2348,   0.4247,     ----,     9 /  1049,    12 /  1049,     0 /     0,     3 /  1049,     6 /  1049,     9 /  1049
  G03,   0.2852,   0.2861,   0.1756,     5 /   631,     5 /   630,     3 /   631,     4 /   631,     5 /   631,     4 /   631
  G04,   0.1731,   0.3523,   0.1831,     8 /   733,     9 /   733,     0 /   733,     8 /   733,     9 /   733,     8 /   733
  G05,   0.1859,   0.3144,     ----,     2 /   776,     2 /   776,     0 /     0,     1 /   776,     3 /   776,     1 /   776
  G06,   0.1976,   0.3034,   0.1692,     0 /   735,     0 /   735,     0 /   735,     0 /   735,     0 /   735,     0 /   735
  G07,   0.1774,   0.2830,     ----,     2 /  1033,     2 /  1033,     0 /     0,     2 /  1033,     5 /  1033,     2 /  1033
  G08,   0.2342,   0.3516,   0.2102,    14 /   958,    14 /   958,     5 /   958,     6 /   958,    11 /   958,     8 /   958
  G09,   0.1594,   0.3230,   0.1568,     0 /   654,     0 /   654,     0 /   654,     0 /   654,     5 /   654,     0 /   654
  G10,   0.1814,   0.2970,   0.1656,     4 /  1083,     2 /  1082,     2 /  1083,     4 /  1083,     3 /  1083,     4 /  1083
  G11,   0.1983,   0.3378,   0.2088,    15 /   919,    16 /   919,     7 /   919,    13 /   919,    14 /   919,    15 /   919
  G12,   0.1658,   0.2601,     ----,     9 /   661,     9 /   661,     0 /     0,     3 /   661,     7 /   661,     8 /   661
  G13,   0.1992,   0.4116,     ----,     3 /  1010,     3 /  1010,     0 /     0,     1 /  1010,     8 /  1010,     2 /  1010
  G14,   0.1888,   0.2947,   0.1892,     5 /  1064,     5 /  1064,     0 /  1064,     3 /  1064,     5 /  1064,     3 /  1064
  G15,   0.2022,   0.3506,     ----,     4 /   771,     4 /   771,     0 /     0,     4 /   771,     5 /   771,     4 /   771
  G16,   0.1867,   0.3528,     ----,     4 /   664,     4 /   664,     0 /     0,     2 /   664,     7 /   664,     3 /   664
  G17,   0.1812,   0.3774,     ----,     2 /   964,     4 /   964,     0 /     0,     1 /   964,     5 /   964,     2 /   964
  G18,   0.1955,   0.2895,   0.1639,     8 /   944,     8 /   944,     4 /   944,     4 /   944,     4 /   944,     7 /   944
  G19,   0.1774,   0.3680,     ----,     3 /   989,     5 /   989,     0 /     0,     1 /   989,     2 /   989,     2 /   989
  G20,   0.1831,   0.3024,     ----,     0 /   692,     0 /   692,     0 /     0,     0 /   692,     1 /   692,     0 /   692
  G21,   0.2008,   0.3495,   0.1915,    10 /   736,    10 /   736,     4 /   736,     8 /   736,     7 /   736,     9 /   736
  G22,   0.1683,   0.3300,     ----,     1 /  1058,     1 /  1058,     0 /     0,     0 /  1058,     6 /  1058,     0 /  1058
  G23,   0.1796,   0.2919,   0.1874,     0 /  1052,     0 /  1052,     0 /  1052,     0 /  1052,     5 /  1052,     0 /  1052
  G24,   0.2190,   0.3538,   0.2654,     8 /  1195,     8 /  1195,     1 /  1195,     8 /  1195,    17 /  1195,     8 /  1195
  G25,   0.2490,   0.4038,   0.3145,    10 /   957,     9 /   957,     5 /   957,     8 /   957,    12 /   957,    11 /   957
  G26,   0.2004,   0.3267,   0.2138,     7 /   764,     8 /   764,     7 /   764,     0 /   764,    10 /   764,     6 /   764
  G27,   0.2594,   0.3902,   0.2550,     6 /  1196,     6 /  1196,     2 /  1196,     5 /  1196,     9 /  1196,     6 /  1196
  G28,   0.1953,   0.3140,   0.2183,     3 /   784,     3 /   784,     0 /   784,     0 /   784,     5 /   784,     3 /   784
  G29,   0.1587,   0.2798,     ----,     5 /   687,     5 /   687,     0 /     0,     3 /   687,     6 /   687,     3 /   687
  G30,   0.1738,   0.3315,   0.1738,     0 /   705,     0 /   705,     1 /   705,     1 /   705,     4 /   705,     1 /   705
  G31,   0.1854,   0.3300,     ----,     2 /   834,     4 /   834,     0 /     0,     2 /   834,     5 /   834,     3 /   834
  G32,   0.1858,   0.3378,   0.2193,     7 /  1009,     5 /  1007,     3 /  1009,     3 /  1009,     5 /  1009,     8 /  1009
  R01,     ----,     ----,     ----,     0 /     0,     0 /     0,     0 /     0,     0 /     0,     0 /     0,     0 /     0
  R02,   0.2534,   0.2797,     ----,    26 /   823,    26 /   823,     0 /     0,    15 /   823,     6 /   823,    18 /   823
  R03,   0.2182,   0.2018,     ----,     9 /   597,    11 /   597,     0 /     0,     5 /   597,     4 /   597,     8 /   597
  R04,   0.2628,   0.2969,     ----,    11 /   917,    12 /   917,     0 /     0,     8 /   917,    17 /   917,    12 /   917
  R05,   0.2598,   0.3153,     ----,     6 /  1022,     5 /  1022,     0 /     0,     1 /  1022,     5 /  1022,     5 /  1022
  R06,     ----,     ----,     ----,     0 /     0,     0 /     0,     0 /     0,     0 /     0,     0 /     0,     0 /     0
  R07,   0.2485,   0.2151,     ----,     9 /   692,    10 /   692,     0 /     0,     5 /   692,     2 /   692,    10 /   692
  R08,   0.2970,   0.3144,     ----,     9 /   894,     9 /   894,     0 /     0,     9 /   894,     6 /   894,     9 /   894
  R09,   0.1888,   0.1953,   0.2613,     7 /   790,     6 /   789,     0 /   784,     6 /   790,     4 /   790,     7 /   790
  R10,     ----,     ----,     ----,     0 /     0,     0 /     0,     0 /     0,     0 /     0,     0 /     0,     0 /     0
  R11,   0.2670,   0.2869,     ----,    19 /   896,    19 /   896,     0 /     0,    13 /   896,    13 /   896,    17 /   896
  R12,   0.2388,   0.2420,     ----,     8 /   613,     8 /   613,     0 /     0,     6 /   613,     3 /   613,     7 /   613
  R13,     ----,     ----,     ----,     0 /     0,     0 /     0,     0 /     0,     0 /     0,     0 /     0,     0 /     0
  R14,   0.3103,   0.3062,     ----,    13 /   894,    15 /   894,     0 /     0,    11 /   894,     6 /   894,    13 /   894
  R15,   0.2606,   0.2385,     ----,    13 /  1088,    13 /  1088,     0 /     0,     6 /  1088,    11 /  1088,    10 /  1088
  R16,   0.2425,   0.2645,     ----,    23 /  1065,    25 /  1065,     0 /     0,    19 /  1065,    13 /  1065,    20 /  1065
  R17,   0.2695,   0.2921,     ----,    13 /   872,    13 /   872,     0 /     0,    10 /   872,     6 /   872,    13 /   872
  R18,   0.2797,   0.2694,     ----,     3 /   692,     7 /   692,     0 /     0,     1 /   692,    11 /   692,     3 /   692
  R19,   0.2471,   0.2595,     ----,     5 /  1049,     8 /  1049,     0 /     0,     1 /  1049,     7 /  1049,     3 /  1049
  R20,   0.3029,   0.2064,     ----,     2 /  1058,     2 /  1058,     0 /     0,     2 /  1058,     6 /  1058,     2 /  1058
  R21,   0.2660,   0.2618,   0.2803,    20 /  1087,    24 /  1087,     2 /  1060,    19 /  1087,    15 /  1087,    19 /  1087
  R22,   0.2369,   0.2597,     ----,     0 /   587,     3 /   587,     0 /     0,     0 /   587,     1 /   587,     2 /   587
  R23,     ----,     ----,     ----,     0 /     0,     0 /     0,     0 /     0,     0 /     0,     0 /     0,     0 /     0
  R24,   0.2636,   0.2862,     ----,    20 /   878,    19 /   878,     0 /     0,    17 /   878,     4 /   878,    18 /   878
  E02,   0.3013,   0.4111,   0.3160,     0 /   148,     0 /   148,     0 /   148,     0 /   148,     3 /   148,     0 /   148
  E03,   0.4097,   0.3181,   0.3212,     2 /   339,     2 /   339,     3 /   338,     0 /   339,    14 /   339,     1 /   339
  E04,   0.2294,   0.2212,   0.1787,     3 /  1378,     3 /  1378,     3 /  1378,     2 /  1378,     4 /  1378,     3 /  1378
  E05,   0.2208,   0.2050,   0.1983,     0 /   680,     0 /   680,     0 /   680,     0 /   680,     1 /   680,     0 /   680
  E06,   0.2387,   0.1893,   0.1890,     5 /   882,     4 /   882,     4 /   882,     2 /   882,     3 /   882,     3 /   882
  E07,   0.3165,   0.2887,   0.3182,     6 /  1163,     5 /  1163,     7 /  1163,     4 /  1163,     8 /  1163,     5 /  1163
  E08,   0.3268,   0.3408,   0.3051,    14 /   842,    13 /   842,    13 /   842,     8 /   842,    13 /   842,    10 /   842
  E09,   0.2216,   0.1951,   0.2042,     2 /   852,     2 /   852,     3 /   852,     2 /   852,     3 /   852,     2 /   852
  E10,   0.2649,   0.2733,   0.2786,     2 /  1425,     1 /  1425,     5 /  1423,     0 /  1425,     7 /  1425,     1 /  1425
  E11,   0.3048,   0.2612,   0.3264,     9 /   923,    11 /   923,    10 /   922,     4 /   923,     9 /   923,     8 /   923
  E12,   0.3156,   0.2674,   0.3155,    10 /  1529,     6 /  1527,     7 /  1526,     7 /  1529,    11 /  1529,     7 /  1529
  E13,   0.2205,   0.1925,   0.1983,     1 /  1164,     1 /  1164,     1 /  1164,     1 /  1164,     3 /  1164,     1 /  1164
  E15,   0.3162,   0.2912,   0.2620,     2 /   708,     2 /   708,     4 /   708,     2 /   708,     3 /   708,     2 /   708
  E16,   0.1627,   0.1923,   0.1534,     0 /   953,     0 /   953,     0 /   953,     0 /   953,     1 /   953,     0 /   953
  E19,   0.2336,   0.1953,   0.2120,     4 /  1242,     2 /  1241,     2 /  1242,     4 /  1242,     9 /  1242,     4 /  1242
  E21,   0.2953,   0.2685,   0.2442,     2 /  1655,     3 /  1655,     2 /  1654,     1 /  1655,     7 /  1655,     2 /  1655
  E23,   0.3032,   0.2842,   0.3054,    14 /  1567,    13 /  1567,    14 /  1563,    10 /  1567,    15 /  1567,    12 /  1567
  E24,   0.1566,   0.1446,   0.1367,     0 /  1067,     0 /  1067,     0 /  1067,     0 /  1067,     0 /  1067,     0 /  1067
  E25,   0.2357,   0.1971,   0.1916,     0 /   804,     0 /   804,     0 /   804,     0 /   804,     1 /   804,     0 /   804
  E26,   0.2143,   0.2013,   0.1819,     6 /  1373,     5 /  1373,     5 /  1373,     3 /  1373,     4 /  1373,     4 /  1373
  E27,   0.3151,   0.2707,   0.2877,     6 /  1082,     4 /  1082,     3 /  1081,     3 /  1082,     6 /  1082,     3 /  1082
  E29,   0.2547,   0.2479,   0.2322,     0 /  1180,     0 /  1180,     1 /  1180,     0 /  1180,     4 /  1180,     0 /  1180
  E30,   0.2498,   0.2613,   0.2019,     1 /   456,     0 /   456,     0 /   456,     0 /   456,     3 /   456,     0 /   456
  E31,   0.2523,   0.2497,   0.2506,     0 /  1237,     0 /  1236,     0 /  1237,     1 /  1237,     6 /  1237,     2 /  1237
  E33,   0.2955,   0.2823,   0.2938,     2 /  1244,     4 /  1244,     5 /  1242,     2 /  1244,     8 /  1244,     3 /  1244
  E34,   0.3540,   0.3311,   0.3191,     1 /   296,     1 /   296,     2 /   296,     1 /   296,     1 /   296,     1 /   296
  E36,   0.1883,   0.1815,   0.1543,     0 /   339,     0 /   339,     0 /   339,     0 /   339,     0 /   339,     0 /   339
  J02,   0.2373,   0.2728,   0.2602,    89 /  2084,    88 /  2084,    89 /  2083,    83 /  2084,    18 /  2084,    87 /  2084
  J03,   0.2337,   0.2272,   0.2228,    68 /  2165,    68 /  2165,    69 /  2165,    65 /  2165,    14 /  2165,    67 /  2165
  J04,   0.2096,   0.2183,   0.1972,    49 /  2217,    47 /  2216,    50 /  2217,    46 /  2217,    16 /  2217,    47 /  2217
  J07,   0.2916,   0.1249,   0.0709,   843 /  2873,   838 /  2873,   838 /  2873,   838 /  2873,     6 /  2873,   838 /  2873
  C01,   0.4572,   0.4796,     ----,    72 /  2563,    88 /  2563,     0 /     0,    22 /  2563,   132 /  2563,    48 /  2563
  C02,   0.1582,   0.0973,     ----,     0 /  2880,     0 /  2880,     0 /     0,     0 /  2880,     3 /  2880,     0 /  2880
  C03,   0.1728,   0.1201,     ----,     0 /  2880,     0 /  2880,     0 /     0,     0 /  2880,     3 /  2880,     0 /  2880
  C05,   0.1455,   0.0997,     ----,     0 /  2880,     0 /  2880,     0 /     0,     0 /  2880,     2 /  2880,     0 /  2880
  C06,   0.2655,   0.2153,     ----,     3 /  2651,     4 /  2651,     0 /     0,     1 /  2651,     6 /  2651,     1 /  2651
  C11,   0.2089,   0.1828,     ----,     2 /   776,     3 /   776,     0 /     0,     1 /   776,     5 /   776,     2 /   776
  C12,   0.1629,   0.1641,     ----,     0 /   967,     0 /   967,     0 /     0,     0 /   967,     1 /   967,     0 /   967
  C13,   0.2142,   0.2262,     ----,     3 /  2660,     3 /  2660,     0 /     0,     0 /  2660,    12 /  2660,     2 /  2660
  C14,   0.2443,   0.2163,     ----,     0 /  1119,     0 /  1119,     0 /     0,     1 /  1119,     5 /  1119,     1 /  1119
  C16,   0.2342,   0.2457,     ----,    11 /  2595,    10 /  2595,     0 /     0,     4 /  2595,     9 /  2595,     8 /  2595
  C19,   0.2943,     ----,   0.3224,    11 /  1062,     0 /     0,    10 /  1062,     8 /  1062,    10 /  1062,     8 /  1062
  C20,   0.3661,     ----,   0.3089,     4 /   853,     0 /     0,     8 /   853,     0 /   853,     5 /   853,     2 /   853
  C21,   0.2702,     ----,   0.2486,     3 /   847,     0 /     0,     3 /   847,     2 /   847,     3 /   847,     2 /   847
  C22,   0.2085,     ----,   0.2349,     0 /   599,     0 /     0,     1 /   599,     0 /   599,     1 /   599,     0 /   599
  C23,   0.2287,     ----,   0.2123,     3 /   959,     0 /     0,     4 /   959,     1 /   959,     6 /   959,     2 /   959
  C24,   0.2825,     ----,   0.2310,     2 /  1443,     0 /     0,     2 /  1443,     2 /  1443,     2 /  1443,     2 /  1443
  C25,   0.2348,     ----,   0.2769,    11 /  1268,     0 /     0,    13 /  1268,     7 /  1268,    18 /  1268,     7 /  1268
  C26,   0.3163,     ----,   0.3195,     1 /   716,     0 /     0,     6 /   716,     0 /   716,     5 /   716,     2 /   716
  C27,   0.2549,     ----,   0.2466,     0 /  1442,     0 /     0,     0 /  1442,     0 /  1442,     1 /  1442,     0 /  1442
  C28,   0.2375,     ----,   0.3156,     5 /  1409,     0 /     0,    12 /  1409,     4 /  1409,    12 /  1409,     7 /  1409
  C29,   0.1796,     ----,   0.2167,     0 /   624,     0 /     0,     0 /   624,     0 /   624,     4 /   624,     0 /   624
  C30,   0.1856,     ----,   0.1935,     1 /   857,     0 /     0,     1 /   857,     0 /   857,     0 /   857,     0 /   857
  C32,   0.1924,     ----,   0.1893,     6 /   765,     0 /     0,     6 /   765,     5 /   765,     1 /   765,     6 /   765
  C33,   0.1944,     ----,   0.1790,     4 /  1195,     0 /     0,     4 /  1195,     2 /  1195,     3 /  1195,     4 /  1195
  C34,   0.1686,     ----,   0.1836,     1 /  1080,     0 /     0,     1 /  1080,     1 /  1080,     2 /  1080,     1 /  1080
  C35,   0.1874,     ----,   0.2501,     2 /   834,     0 /     0,     2 /   834,     1 /   834,     0 /   834,     2 /   834
  C36,   0.1249,     ----,   0.1061,     0 /   566,     0 /     0,     0 /   566,     0 /   566,     0 /   566,     0 /   566
  C37,   0.2323,     ----,   0.2039,     1 /  1191,     0 /     0,     1 /  1191,     0 /  1191,     3 /  1191,     0 /  1191
  C38,   0.2974,     ----,   0.2432,     4 /  2404,     0 /     0,     5 /  2404,     0 /  2404,     6 /  2404,     1 /  2404
  C39,   0.2471,     ----,   0.2182,    13 /  2433,     0 /     0,    14 /  2433,     7 /  2433,     5 /  2433,    11 /  2433
  C40,   0.2681,     ----,   0.2294,     7 /  2451,     0 /     0,    11 /  2451,     0 /  2451,    11 /  2451,     3 /  2451
  C41,   0.2207,     ----,   0.1743,     3 /  1217,     0 /     0,     3 /  1217,     0 /  1217,     3 /  1217,     2 /  1217
  C42,   0.2371,     ----,   0.2094,     6 /  1022,     0 /     0,    10 /  1022,     3 /  1022,     8 /  1022,     5 /  1022
  C43,   0.2059,     ----,   0.2393,     7 /   795,     0 /     0,     8 /   795,     6 /   795,     7 /   795,     6 /   795
  C44,   0.2164,     ----,   0.1697,     4 /   841,     0 /     0,     4 /   841,     1 /   841,     6 /   841,     3 /   841
  C45,   0.2234,     ----,   0.2000,     5 /   468,     0 /     0,     4 /   468,     3 /   468,     4 /   468,     4 /   468
  C47,   0.1931,     ----,   0.1657,     0 /   712,     0 /     0,     0 /   712,     0 /   712,     2 /   712,     0 /   712
  C48,   0.3580,     ----,   0.3805,     2 /   939,     0 /     0,     6 /   939,     0 /   939,    15 /   939,     3 /   939
  C49,   0.2930,     ----,   0.2899,     4 /  1141,     0 /     0,     4 /  1141,     4 /  1141,     8 /  1141,     5 /  1141
  C50,   0.1988,     ----,   0.2072,     8 /   900,     0 /     0,     8 /   900,     5 /   900,     4 /   900,     7 /   900
  C59,     ----,     ----,     ----,     0 /     0,     0 /     0,     0 /     0,     0 /     0,     0 /     0,     0 /     0
  C60,     ----,     ----,     ----,     0 /     0,     0 /     0,     0 /     0,     0 /     0,     0 /     0,     0 /     0
  I02,     ----,     ----,     ----,     0 /     0,     0 /     0,     0 /     0,     0 /     0,     0 /     0,     0 /     0
  I03,     ----,     ----,     ----,     0 /     0,     0 /     0,     0 /     0,     0 /     0,     0 /     0,     0 /     0
  I06,     ----,     ----,     ----,     0 /     0,     0 /     0,     0 /     0,     0 /     0,     0 /     0,     0 /     0
  I09,     ----,     ----,     ----,     0 /     0,     0 /     0,     0 /     0,     0 /     0,     0 /     0,     0 /     0
  I10,     ----,     ----,     ----,     0 /     0,     0 /     0,     0 /     0,     0 /     0,     0 /     0,     0 /     0
# ------------------------------------------
# Summary of each satellite system
% SYS, STD(MP1), STD(MP2), STD(MP5), # of slips/nobs (MP1, MP2, MP5, GF, MW, IOD(L1))
    G,   0.2004,   0.3416,   0.2160,   189 / 28481,   197 / 28477,    48 / 17293,   123 / 28481,   207 / 28481,   168 / 28481
    R,   0.2621,   0.2671,   0.2724,   216 / 16514,   235 / 16513,     2 /  1844,   154 / 16514,   140 / 16514,   196 / 16514
    E,   0.2679,   0.2484,   0.2495,    92 / 26528,    82 / 26524,    94 / 26513,    57 / 26528,   147 / 26528,    74 / 26528
    J,   0.2486,   0.2114,   0.1934,  1049 /  9339,  1041 /  9338,  1046 /  9338,  1032 /  9339,    54 /  9339,  1039 /  9339
    C,   0.2484,   0.2344,   0.2407,   209 / 55004,   108 / 21971,   151 / 33033,    91 / 55004,   333 / 55004,   157 / 55004
    I,     ----,     ----,     ----,     0 /     0,     0 /     0,     0 /     0,     0 /     0,     0 /     0,     0 /     0
