# ------------------------------------------
# Quality Check Summary by Ringo software
# ------------------------------------------
# Executed at            : 2026/03/16 12:32:20 UTC
# ------------------------------------------
# QC of RINEX file       : D:\Master in Geoinformatics\Semester 2\GNSS Survey Mapping\Lab\Lab 2\ringo\Data\1\DRDN00IND_R_20251970000_01D_30S_MO.crx.gz
# input RnxNav files     : D:\Master in Geoinformatics\Semester 2\GNSS Survey Mapping\Lab\Lab 2\ringo\BRDC\1\BRDC00IGS_R_20251970000_01D_MN.rnx.gz
# ------------------------------------------
# Marker                 : DRDN00IND                                                   
# Receiver               : TRIMBLE ALLOY       
# Antenna                : JAVGRANT_G5TLBI NONE
# Time of Start          : 2025/07/16 00:00:00.000
# Time of End            : 2025/07/16 23:59:30.000
# Approx XYZ             :   1141412.0783,   5390352.5667,   3203325.6009
# Observation Interval   : 30.0000 seconds
# Satellite systems      : GREJSI
#                        : G01G02G03G04G05G06G07G08G09G10G11G12G13G14G15G16G17G18G19G20G21G22G23G24G25G26G27G28G29G30G31G32
#                        : R01R02R03R04R05R06R07R08R09R10R11R12R13R14R15R16R17R18R19R20R21R22R23R24
#                        : E02E03E04E05E06E07E08E09E10E11E12E13E15E16E19E21E23E24E25E26E27E29E30E31E33E34E36
#                        : J02J03J04J07
#                        : S22S23S27S28S29S36S37
#                        : I02I03I05I06I09I10
# Total satellites       : 100
# Number of obs epochs   : 2880
# Number of obs data     : 127083
# N Expected epochs      : 2880
# Observation rate (%)   : 100.00
# N obs data     (>10deg): 99745
# N possible obs (> 0deg): 121534
# N possible obs (>10deg): 99961
# ------------------------------------------
# Number of obs epochs for each SV:
# ------------------------------------------
# GPS
%      C1C  L1C  S1C  C2W  L2W  S2W  C2X  L2X  S2X  C5X  L5X  S5X
G01   1167 1165 1167 1159 1159 1159 1167 1167 1167 1167 1167 1167
G02   1164 1154 1164 1144 1143 1144    0    0    0    0    0    0
G03    924  919  924  923  919  923  920  920  920  923  923  923
G04    919  919  919  916  916  916  919  919  919  919  919  919
G05    801  797  801  800  797  800  801  801  801    0    0    0
G06    799  799  799  799  799  799  799  799  799  799  799  799
G07    986  985  986  985  985  985  985  985  985    0    0    0
G08   1091 1090 1091 1089 1089 1089 1091 1091 1091 1091 1091 1091
G09    786  785  786  786  785  786  786  786  786  786  786  786
G10   1006 1005 1006 1006 1005 1006 1006 1006 1006 1006 1006 1006
G11    858  858  858  842  842  842  858  858  858  858  858  858
G12    865  864  865  865  864  865  864  863  864    0    0    0
G13   1156 1156 1156 1131 1131 1131    0    0    0    0    0    0
G14   1015 1011 1015 1013 1010 1013 1015 1015 1015 1015 1015 1015
G15   1036 1030 1036 1035 1029 1035 1036 1036 1036    0    0    0
G16    985  978  985  941  937  941    0    0    0    0    0    0
G17    854  853  854  853  853  853  853  853  853    0    0    0
G18    964  964  964  964  964  964  964  964  964  964  964  964
G19    959  959  959  923  923  923    0    0    0    0    0    0
G20    892  884  892  857  853  857    0    0    0    0    0    0
G21   1060 1059 1060 1054 1054 1054 1060 1060 1060 1059 1059 1059
G22   1013 1010 1013 1006 1005 1006    0    0    0    0    0    0
G23    975  974  975  969  968  969  975  975  975  975  975  975
G24   1188 1186 1188 1182 1181 1182 1187 1186 1187 1188 1188 1188
G25   1125 1119 1125 1123 1118 1123 1123 1122 1123 1125 1125 1125
G26   1070 1066 1070 1069 1066 1069 1069 1069 1069 1069 1069 1069
G27   1165 1162 1165 1164 1162 1164 1164 1164 1164 1164 1164 1164
G28    799  799  799  796  796  796  799  799  799  799  799  799
G29    845  844  845  845  844  845  844  844  844    0    0    0
G30    900  899  900  900  899  900  900  900  900  900  900  900
G31    840  839  840  837  836  837  833  833  833    0    0    0
G32    959  956  959  959  956  959  947  947  947  959  959  959
# ------------------------------------------
# GLONASS
%      C1C  L1C  S1C  C1P  L1P  S1P  C2C  L2C  S2C  C2P  L2P  S2P  C3X  L3X  S3X
R01    926  926  926  926  925  926    0    0    0    1    0    1    0    0    0
R02    878  877  878  878  878  878  878  878  878  878  876  878    0    0    0
R03    953  953  953  952  951  952  934  934  934  929  929  929    0    0    0
R04   1043 1043 1043 1043 1043 1043 1041 1041 1041 1032 1030 1032    0    0    0
R05   1072 1072 1072 1072 1072 1072 1070 1070 1070 1067 1067 1067    0    0    0
R06    988  982  988  979  979  979    0    0    0    0    0    0    0    0    0
R07    958  958  958  957  956  957  956  955  956  954  954  954    0    0    0
R08    825  825  825  805  804  805  794  793  794  764  763  764    0    0    0
R09   1110 1110 1110 1107 1107 1107 1109 1109 1109 1100 1099 1100 1110 1110 1110
R10   1178 1178 1178 1176 1176 1176    0    0    0    0    0    0    0    0    0
R11   1007 1007 1007 1007 1007 1007 1005 1005 1005 1003 1002 1003    0    0    0
R12    877  877  877  877  877  877  877  876  877  876  875  876    0    0    0
R13    695  695  695  695  695  695    0    0    0    0    0    0    0    0    0
R14    823  823  823  818  818  818  801  797  801  766  766  766    0    0    0
R15    976  976  976  976  976  976  976  976  976  968  968  968    0    0    0
R16   1075 1075 1075 1075 1075 1075 1075 1075 1075 1074 1073 1074    0    0    0
R17    967  967  967  966  966  966  964  963  964  963  961  963    0    0    0
R18   1047 1047 1047 1045 1043 1045 1045 1042 1045 1042 1042 1042    0    0    0
R19    986  985  986  983  981  983  978  977  978  969  969  969    0    0    0
R20   1074 1074 1074 1067 1066 1067 1074 1074 1074 1074 1073 1074    0    0    0
R21   1043 1043 1043 1043 1043 1043 1043 1043 1043 1042 1041 1042 1043 1043 1043
R22    735  735  735  735  735  735  730  730  730  725  725  725    0    0    0
R23    814  814  814  813  812  813    1    0    1    0    0    0    0    0    0
R24    957  957  957  955  954  955  952  951  952  944  942  944    0    0    0
# ------------------------------------------
# Galileo
%      C1X  L1X  S1X  C5X  L5X  S5X  C7X  L7X  S7X  C8X  L8X  S8X  C6X  L6X  S6X
E02    338  338  338  337  337  337  336  336  336  338  338  338  338  338  338
E03    801  801  801  801  801  801  801  801  801  801  801  801  801  801  801
E04   1234 1234 1234 1234 1234 1234 1234 1234 1234 1234 1234 1234 1234 1234 1234
E05    783  783  783  783  783  783  783  783  783  783  783  783  783  783  783
E06   1149 1149 1149 1149 1149 1149 1149 1149 1149 1149 1149 1149 1148 1148 1148
E07    923  922  923  923  923  923  923  923  923  923  923  923  923  922  923
E08    822  822  822  822  822  822  822  822  822  822  822  822  822  822  822
E09   1009 1008 1009 1005 1005 1005 1007 1007 1007 1009 1009 1009 1009 1008 1009
E10   1336 1336 1336 1336 1336 1336 1336 1336 1336 1336 1336 1336 1336 1336 1336
E11   1051 1051 1051 1050 1049 1050 1050 1050 1050 1051 1051 1051 1051 1051 1051
E12   1507 1507 1507 1507 1507 1507 1507 1507 1507 1507 1507 1507 1505 1505 1505
E13   1123 1123 1123 1123 1123 1123 1123 1123 1123 1123 1123 1123 1123 1123 1123
E15    670  669  670  670  669  670  668  667  668  670  670  670  670  669  670
E16    893  893  893  893  893  893  893  893  893  893  893  893  893  893  893
E19   1177 1177 1177 1177 1177 1177 1177 1177 1177 1177 1177 1177 1177 1177 1177
E21   1592 1590 1592 1592 1592 1592 1592 1592 1592 1590 1590 1590 1592 1590 1592
E23   1563 1563 1563 1563 1563 1563 1563 1563 1563 1563 1563 1563 1563 1563 1563
E24   1046 1046 1046 1046 1046 1046 1046 1046 1046 1046 1046 1046 1046 1046 1046
E25    725  725  725  724  724  724  725  725  725  725  724  725  725  725  725
E26   1242 1242 1242 1242 1242 1242 1242 1242 1242 1242 1242 1242 1242 1242 1242
E27    992  992  992  991  991  991  992  992  992  992  992  992  992  992  992
E29   1177 1177 1177 1177 1177 1177 1177 1176 1177 1177 1177 1177 1177 1177 1177
E30    411  411  411  411  411  411  411  411  411  411  411  411  411  411  411
E31   1464 1462 1464 1456 1455 1456 1460 1460 1460 1464 1464 1464 1463 1461 1463
E33   1533 1532 1533 1532 1532 1532 1533 1533 1533 1533 1533 1533 1533 1532 1533
E34    304  304  304  304  304  304  304  304  304  304  304  304  304  304  304
E36    519  519  519  506  506  506  510  510  510  515  515  515  518  518  518
# ------------------------------------------
# QZSS
%      C1C  L1C  S1C  C1X  L1X  S1X  C1Z  L1Z  S1Z  C2X  L2X  S2X  C5X  L5X  S5X
J02   1909 1896 1909 1909 1909 1909 1907 1896 1907 1909 1909 1909 1909 1909 1909
J03   2164 2153 2164 2164 2164 2164 2164 2153 2164 2156 2156 2156 2164 2164 2164
J04   2309 2301 2309 2309 2309 2309 2309 2301 2309 2309 2309 2309 2309 2309 2309
J07   2880 2829 2880 2880 2880 2880 2880 2829 2880 2880 2880 2880 2880 2880 2880
# ------------------------------------------
# SBAS
%      C1C  L1C  S1C
S22   1746 1746 1746
S23   2840 2840 2840
S27   2880 2880 2880
S28   2880 2880 2880
S29   2880 2880 2880
S36   2878 2878 2878
S37   2880 2880 2880
# ------------------------------------------
# NavIC/IRNSS
%      C5A  L5A  S5A  C9A  L9A  S9A
I02   2880 2880 2880 2880 2880 2880
I03   2880 2880 2880 2880    0 2880
I05   2880 2880 2880 2880 2880 2880
I06   2880 2880 2880 2880 2880 2880
I09   2880 2880 2880 2880 2880 2880
I10   2880 2880 2880 2880 2880 2880
# ------------------------------------------
# Cycle slip detection settings:
# ------------------------------------------
# Elmask (slip count ): 10.0
# Elmask (slip detect): 0.0
# MP detection type   : offset
# MP reference type   : rolling average (window=50epochs)
# MP threshold        : 2.000 (m)
# GF detection type   : velocity
# GF reference type   : single epoch
# GF threshold        : 0.050 (m/s)
# MW detection type   : sigma
# MW reference type   : rolling average (window=50epochs)
# MW threshold        : 4.000 (sigmas)
# ------------------------------------------
# Quality Report:
# ------------------------------------------
# For each satellite
% PRN, STD(MP1), STD(MP2), STD(MP5), # of slips/nobs (MP1, MP2, MP5, GF, MW, IOD(L1))
  G01,   0.2288,   0.2279,   0.1809,     6 /  1165,     7 /  1165,     1 /  1165,     3 /  1165,     3 /  1165,     6 /  1165
  G02,   0.2428,   0.2420,     ----,     2 /  1143,     2 /  1143,     0 /     0,     1 /  1143,     3 /  1143,     1 /  1143
  G03,   0.2081,   0.2143,   0.1564,     3 /   919,     2 /   919,     2 /   919,     1 /   919,     3 /   919,     2 /   919
  G04,   0.2415,   0.2076,   0.1919,     9 /   919,     9 /   919,     0 /   919,     6 /   919,     4 /   919,     8 /   919
  G05,   0.1994,   0.1528,     ----,     0 /   797,     0 /   797,     0 /     0,     0 /   797,     0 /   797,     0 /   797
  G06,   0.2019,   0.1696,   0.1161,     0 /   799,     0 /   799,     0 /   799,     0 /   799,     3 /   799,     0 /   799
  G07,   0.2166,   0.2360,     ----,     4 /   985,     4 /   985,     0 /     0,     2 /   985,     1 /   985,     4 /   985
  G08,   0.2763,   0.2465,   0.2240,     5 /  1090,     5 /  1090,     2 /  1090,     3 /  1090,     9 /  1090,     5 /  1090
  G09,   0.2110,   0.1995,   0.1328,     1 /   785,     1 /   785,     1 /   785,     1 /   785,     6 /   785,     1 /   785
  G10,   0.1974,   0.2208,   0.1734,     0 /  1005,     0 /  1005,     0 /  1005,     0 /  1005,     1 /  1005,     0 /  1005
  G11,   0.1909,   0.1677,   0.1265,     5 /   858,     5 /   858,     0 /   858,     5 /   858,     5 /   858,     5 /   858
  G12,   0.2293,   0.2201,     ----,     2 /   864,     2 /   864,     0 /     0,     1 /   864,     4 /   864,     2 /   864
  G13,   0.2336,   0.1947,     ----,     1 /  1131,     1 /  1131,     0 /     0,     1 /  1131,     5 /  1131,     1 /  1131
  G14,   0.2161,   0.2147,   0.1558,     2 /  1011,     2 /  1011,     1 /  1011,     1 /  1011,     6 /  1011,     1 /  1011
  G15,   0.2257,   0.2391,     ----,     0 /  1030,     0 /  1030,     0 /     0,     0 /  1030,     0 /  1030,     0 /  1030
  G16,   0.2383,   0.2854,     ----,     9 /   937,     9 /   937,     0 /     0,     4 /   937,    14 /   937,     7 /   937
  G17,   0.1774,   0.1740,     ----,     0 /   853,     0 /   853,     0 /     0,     0 /   853,     5 /   853,     0 /   853
  G18,   0.2201,   0.2883,   0.2003,     2 /   964,     2 /   964,     0 /   964,     2 /   964,     4 /   964,     2 /   964
  G19,   0.2071,   0.1757,     ----,     1 /   923,     1 /   923,     0 /     0,     0 /   923,     4 /   923,     0 /   923
  G20,   0.2155,   0.1784,     ----,     0 /   853,     0 /   853,     0 /     0,     0 /   853,     4 /   853,     0 /   853
  G21,   0.2392,   0.2426,   0.2385,     8 /  1059,     7 /  1059,     2 /  1059,     3 /  1059,    10 /  1059,     6 /  1059
  G22,   0.2182,   0.1907,     ----,     1 /  1005,     1 /  1005,     0 /     0,     0 /  1005,     1 /  1005,     1 /  1005
  G23,   0.2011,   0.1942,   0.1392,     3 /   974,     3 /   974,     0 /   974,     3 /   974,     3 /   974,     3 /   974
  G24,   0.2260,   0.2232,   0.2026,     9 /  1186,     8 /  1185,     2 /  1186,     7 /  1186,     5 /  1186,     9 /  1186
  G25,   0.2806,   0.3299,   0.1637,     3 /  1119,     4 /  1119,     2 /  1119,     2 /  1119,     3 /  1119,     3 /  1119
  G26,   0.2725,   0.2592,   0.2517,     3 /  1066,     3 /  1066,     3 /  1066,     2 /  1066,     3 /  1066,     3 /  1066
  G27,   0.2726,   0.2351,   0.1983,     4 /  1162,     4 /  1162,     3 /  1162,     3 /  1162,     4 /  1162,     4 /  1162
  G28,   0.2248,   0.2303,   0.1318,     6 /   799,     7 /   799,     1 /   799,     6 /   799,     1 /   799,     6 /   799
  G29,   0.2599,   0.2310,     ----,     2 /   844,     2 /   844,     0 /     0,     1 /   844,     4 /   844,     1 /   844
  G30,   0.2397,   0.2274,   0.1824,     5 /   899,     6 /   899,     7 /   899,     3 /   899,     1 /   899,     6 /   899
  G31,   0.2363,   0.1720,     ----,     2 /   836,     2 /   836,     0 /     0,     1 /   836,     0 /   836,     2 /   836
  G32,   0.2099,   0.1789,   0.1589,     1 /   956,     1 /   956,     0 /   956,     0 /   956,     0 /   956,     1 /   956
  R01,     ----,     ----,     ----,     0 /     0,     0 /     0,     0 /     0,     0 /     0,     0 /     0,     0 /     0
  R02,   0.2326,   0.2224,     ----,     7 /   878,     7 /   878,     0 /     0,     7 /   878,     4 /   878,     7 /   878
  R03,   0.2377,   0.2010,     ----,    10 /   935,    11 /   935,     0 /     0,     9 /   935,     3 /   935,    10 /   935
  R04,   0.2565,   0.2435,     ----,     8 /  1041,    10 /  1041,     0 /     0,     5 /  1041,     9 /  1041,     8 /  1041
  R05,   0.2053,   0.2023,     ----,     3 /  1070,     4 /  1070,     0 /     0,     1 /  1070,     5 /  1070,     2 /  1070
  R06,     ----,     ----,     ----,     0 /     0,     0 /     0,     0 /     0,     0 /     0,     0 /     0,     0 /     0
  R07,   0.2498,   0.2161,     ----,     2 /   955,     2 /   955,     0 /     0,     0 /   955,     4 /   955,     2 /   955
  R08,   0.2681,   0.2502,     ----,     2 /   793,     6 /   793,     0 /     0,     0 /   793,     7 /   793,     2 /   793
  R09,   0.2461,   0.2334,   0.1938,     5 /  1110,     5 /  1109,     0 /  1110,     3 /  1110,     7 /  1110,     4 /  1110
  R10,     ----,     ----,     ----,     0 /     0,     0 /     0,     0 /     0,     0 /     0,     0 /     0,     0 /     0
  R11,   0.2681,   0.2174,     ----,     9 /  1005,     6 /  1005,     0 /     0,     4 /  1005,     4 /  1005,     5 /  1005
  R12,   0.2810,   0.2143,     ----,     5 /   875,     3 /   875,     0 /     0,     1 /   875,     5 /   875,     3 /   875
  R13,     ----,     ----,     ----,     0 /     0,     0 /     0,     0 /     0,     0 /     0,     0 /     0,     0 /     0
  R14,   0.2818,   0.2068,     ----,     3 /   797,    13 /   797,     0 /     0,     1 /   797,     3 /   797,     1 /   797
  R15,   0.3169,   0.2035,     ----,     7 /   975,     7 /   975,     0 /     0,     6 /   975,     4 /   975,     6 /   975
  R16,   0.2703,   0.2021,     ----,     4 /  1075,     4 /  1075,     0 /     0,     2 /  1075,     2 /  1075,     4 /  1075
  R17,   0.2713,   0.2186,     ----,     5 /   963,     5 /   963,     0 /     0,     4 /   963,     7 /   963,     5 /   963
  R18,   0.2365,   0.2092,     ----,     1 /  1042,     1 /  1042,     0 /     0,     1 /  1042,     4 /  1042,     1 /  1042
  R19,   0.1954,   0.1706,     ----,     1 /   977,     2 /   977,     0 /     0,     1 /   977,     3 /   977,     1 /   977
  R20,   0.3048,   0.1749,     ----,     2 /  1074,     2 /  1074,     0 /     0,     2 /  1074,     4 /  1074,     2 /  1074
  R21,   0.3175,   0.2345,   0.2593,     4 /  1043,     4 /  1043,     0 /  1043,     3 /  1043,     4 /  1043,     4 /  1043
  R22,   0.2571,   0.2058,     ----,     7 /   730,     7 /   730,     0 /     0,     6 /   730,     2 /   730,     7 /   730
  R23,     ----,     ----,     ----,     0 /     0,     0 /     0,     0 /     0,     0 /     0,     0 /     0,     0 /     0
  R24,   0.2774,   0.2236,     ----,     9 /   951,     9 /   951,     0 /     0,     8 /   951,     3 /   951,     9 /   951
  E02,   0.3288,   0.2724,   0.2488,     0 /   336,     0 /   336,     1 /   336,     0 /   336,     4 /   336,     0 /   336
  E03,   0.3149,   0.2713,   0.2355,     2 /   801,     2 /   801,     1 /   801,     1 /   801,    11 /   801,     1 /   801
  E04,   0.2775,   0.2045,   0.1740,     3 /  1234,     4 /  1234,     3 /  1234,     2 /  1234,     3 /  1234,     3 /  1234
  E05,   0.2673,   0.2249,   0.2096,     0 /   783,     0 /   783,     0 /   783,     0 /   783,     2 /   783,     0 /   783
  E06,   0.2591,   0.2029,   0.2323,     2 /  1148,     2 /  1148,     2 /  1148,     1 /  1148,     2 /  1148,     2 /  1148
  E07,   0.2216,   0.1656,   0.1360,     0 /   922,     0 /   922,     0 /   922,     0 /   922,     3 /   922,     0 /   922
  E08,   0.2421,   0.2095,   0.1790,     3 /   822,     0 /   822,     0 /   822,     1 /   822,     7 /   822,     1 /   822
  E09,   0.2767,   0.2112,   0.1977,     1 /  1006,     0 /  1006,     1 /  1004,     0 /  1006,     4 /  1006,     0 /  1006
  E10,   0.2751,   0.2036,   0.1873,     2 /  1336,     2 /  1336,     2 /  1336,     1 /  1336,     5 /  1336,     1 /  1336
  E11,   0.3184,   0.2508,   0.2147,     2 /  1049,     4 /  1049,     4 /  1048,     1 /  1049,     6 /  1049,     3 /  1049
  E12,   0.2391,   0.1952,   0.1753,     1 /  1507,     1 /  1507,     1 /  1507,     1 /  1507,     2 /  1507,     1 /  1507
  E13,   0.1854,   0.1469,   0.1244,     0 /  1123,     0 /  1123,     0 /  1123,     0 /  1123,     1 /  1123,     0 /  1123
  E15,   0.2106,   0.1568,   0.1531,     2 /   669,     0 /   666,     0 /   668,     1 /   669,     1 /   669,     1 /   669
  E16,   0.2349,   0.1744,   0.1558,     2 /   893,     2 /   893,     2 /   893,     1 /   893,     0 /   893,     1 /   893
  E19,   0.1883,   0.1616,   0.1423,     0 /  1177,     0 /  1177,     0 /  1177,     0 /  1177,     0 /  1177,     0 /  1177
  E21,   0.2357,   0.1847,   0.1637,     5 /  1590,     5 /  1590,     5 /  1590,     3 /  1590,     5 /  1590,     4 /  1590
  E23,   0.2817,   0.2268,   0.1972,     1 /  1562,     1 /  1562,     2 /  1562,     1 /  1562,     6 /  1562,     1 /  1562
  E24,   0.1870,   0.1555,   0.1426,     0 /  1046,     0 /  1046,     0 /  1046,     0 /  1046,     1 /  1046,     0 /  1046
  E25,   0.3049,   0.2234,   0.2005,     3 /   725,     2 /   725,     2 /   724,     1 /   725,     3 /   725,     2 /   725
  E26,   0.2555,   0.2021,   0.2061,     0 /  1241,     0 /  1241,     1 /  1241,     0 /  1241,     0 /  1241,     0 /  1241
  E27,   0.1897,   0.1621,   0.1398,     1 /   991,     1 /   991,     0 /   990,     1 /   991,     2 /   991,     1 /   991
  E29,   0.2036,   0.1710,   0.1800,     5 /  1177,     0 /  1176,     0 /  1177,     2 /  1177,     5 /  1177,     2 /  1177
  E30,   0.1928,   0.1618,   0.1409,     2 /   411,     1 /   411,     1 /   411,     0 /   411,     2 /   411,     1 /   411
  E31,   0.2456,   0.2274,   0.2219,     8 /  1458,     2 /  1457,     2 /  1453,     1 /  1458,    12 /  1458,     2 /  1458
  E33,   0.2506,   0.2201,   0.1903,     5 /  1531,     2 /  1531,     3 /  1530,     2 /  1531,     8 /  1531,     2 /  1531
  E34,   0.2363,   0.2119,   0.1915,     0 /   304,     0 /   304,     0 /   304,     0 /   304,     2 /   304,     0 /   304
  E36,   0.3093,   0.2572,   0.2415,     3 /   510,     3 /   510,     2 /   506,     2 /   510,     4 /   510,     2 /   510
  J02,   0.2150,   0.1883,   0.1326,    22 /  1909,    22 /  1909,    22 /  1909,    21 /  1909,     2 /  1909,    22 /  1909
  J03,   0.2123,   0.1854,   0.1405,    21 /  2164,    17 /  2156,    19 /  2164,    19 /  2164,     3 /  2164,    21 /  2164
  J04,   0.2067,   0.1797,   0.1256,     9 /  2308,     9 /  2308,     9 /  2308,     9 /  2308,     2 /  2308,     9 /  2308
  J07,   0.2455,   0.1324,   0.0472,    98 /  2880,    98 /  2880,    98 /  2880,    98 /  2880,    39 /  2880,    98 /  2880
  S22,     ----,     ----,     ----,     0 /     0,     0 /     0,     0 /     0,     0 /     0,     0 /     0,     0 /     0
  S23,     ----,     ----,     ----,     0 /     0,     0 /     0,     0 /     0,     0 /     0,     0 /     0,     0 /     0
  S27,     ----,     ----,     ----,     0 /     0,     0 /     0,     0 /     0,     0 /     0,     0 /     0,     0 /     0
  S28,     ----,     ----,     ----,     0 /     0,     0 /     0,     0 /     0,     0 /     0,     0 /     0,     0 /     0
  S29,     ----,     ----,     ----,     0 /     0,     0 /     0,     0 /     0,     0 /     0,     0 /     0,     0 /     0
  S36,     ----,     ----,     ----,     0 /     0,     0 /     0,     0 /     0,     0 /     0,     0 /     0,     0 /     0
  S37,     ----,     ----,     ----,     0 /     0,     0 /     0,     0 /     0,     0 /     0,     0 /     0,     0 /     0
  I02,     ----,   0.2566,   0.2134,     0 /     0,     0 /  2880,     0 /  2880,     0 /  2880,     1 /  2880,     0 /  2880
  I03,     ----,     ----,     ----,     0 /     0,     0 /     0,     0 /     0,     0 /     0,     0 /     0,     0 /     0
  I05,     ----,     ----,     ----,     0 /     0,  2879 /  2880,  2879 /  2880,     0 /  2880,     0 /  2880,     0 /  2880
  I06,     ----,   0.3079,   0.2441,     0 /     0,     0 /  2880,     0 /  2880,     0 /  2880,     8 /  2880,     0 /  2880
  I09,     ----,   0.2638,   0.2031,     0 /     0,     0 /  2880,     0 /  2880,     0 /  2880,     3 /  2880,     0 /  2880
  I10,     ----,   0.3110,   0.2331,     0 /     0,     0 /  2880,     0 /  2880,     0 /  2880,     3 /  2880,     0 /  2880
# ------------------------------------------
# Summary of each satellite system
% SYS, STD(MP1), STD(MP2), STD(MP5), # of slips/nobs (MP1, MP2, MP5, GF, MW, IOD(L1))
    G,   0.2298,   0.2235,   0.1819,    99 / 30936,   100 / 30935,    27 / 18735,    62 / 30936,   119 / 30936,    90 / 30936
    R,   0.2637,   0.2138,   0.2279,    94 / 18289,   108 / 18288,     0 /  2153,    64 / 18289,    84 / 18289,    83 / 18289
    E,   0.2503,   0.2024,   0.1856,    53 / 27352,    34 / 27347,    35 / 27336,    23 / 27352,   101 / 27352,    31 / 27352
    J,   0.2224,   0.1698,   0.1134,   150 /  9261,   146 /  9253,   148 /  9261,   147 /  9261,    46 /  9261,   150 /  9261
    S,     ----,     ----,     ----,     0 /     0,     0 /     0,     0 /     0,     0 /     0,     0 /     0,     0 /     0
    I,     ----,   0.2557,   0.2004,     0 /     0,  2879 / 14400,  2879 / 14400,     0 / 14400,    15 / 14400,     0 / 14400
