# ------------------------------------------
# Quality Check Summary by Ringo software
# ------------------------------------------
# Executed at            : 2026/03/16 12:32:34 UTC
# ------------------------------------------
# QC of RINEX file       : D:\Master in Geoinformatics\Semester 2\GNSS Survey Mapping\Lab\Lab 2\ringo\Data\1\IISC00IND_R_20251970000_01D_30S_MO.crx.gz
# input RnxNav files     : D:\Master in Geoinformatics\Semester 2\GNSS Survey Mapping\Lab\Lab 2\ringo\BRDC\1\BRDC00IGS_R_20251970000_01D_MN.rnx.gz
# ------------------------------------------
# Marker                 : IISC                                                        
# Receiver               : SEPT POLARX5        
# Antenna                : ASH701945E_M    NONE
# Time of Start          : 2025/07/16 00:00:00.000
# Time of End            : 2025/07/16 23:59:30.000
# Approx XYZ             :   1337936.4550,   6070317.1261,   1427876.7852
# Observation Interval   : 30.0000 seconds
# Satellite systems      : GREJCI
#                        : G01G02G03G04G05G06G07G08G09G10G11G12G13G14G15G16G17G18G19G20G21G22G23G24G25G26G27G28G29G30G31G32
#                        : R01R02R03R04R05R06R07R08R09R10R11R12R13R14R15R16R17R18R19R20R21R22R23R24R26R27
#                        : E02E03E04E05E06E07E08E09E10E11E12E13E14E15E16E18E19E21E23E24E25E26E27E29E30E31E33E34E36
#                        : J02J03J04J07
#                        : C02C03C05C06C07C08C09C10C11C12C13C14C16C19C20C21C22C23C24C25C26C27C28C29C30C32C33C34C35C36C37C38C39C40C41C42C43C44C45C47C48C49C50C56C58C59C60
#                        : I01I02I03I06I09I10
# Total satellites       : 144
# Number of obs epochs   : 2880
# Number of obs data     : 162167
# N Expected epochs      : 2880
# Observation rate (%)   : 100.00
# N obs data     (>10deg): 144490
# N possible obs (> 0deg): 188690
# N possible obs (>10deg): 157537
# ------------------------------------------
# Number of obs epochs for each SV:
# ------------------------------------------
# GPS
%      C1C  L1C  S1C  C1W  S1W  C2W  L2W  S2W  C2L  L2L  S2L  C5Q  L5Q  S5Q  C1L  L1L  S1L
G01    888  803  888  801  801  801  801  801  895  853  895  804  739  804  875  818  875
G02    848  714  848  710  710  710  709  710    0    0    0    0    0    0    0    0    0
G03    639  573  639  572  572  572  572  572  640  589  640  624  582  624    0    0    0
G04    764  716  764  712  712  712  711  712  773  739  773  746  716  746  779  721  779
G05    632  574  632  574  574  574  574  574  626  585  626    0    0    0    0    0    0
G06    629  582  629  581  581  581  581  581  626  588  626  612  592  612    0    0    0
G07    943  895  943  895  895  895  895  895  952  904  952    0    0    0    0    0    0
G08    545  502  545  501  501  501  501  501  636  524  636  553  471  553    0    0    0
G09    681  609  681  608  608  608  608  608  669  612  669  666  579  666    0    0    0
G10   1007  966 1007  966  966  966  965  966 1006  985 1006  978  963  978    0    0    0
G11    756  642  756  639  639  639  639  639  808  659  808  727  644  727  752  652  752
G12    688  599  688  598  598  598  598  598  674  613  674    0    0    0    0    0    0
G13    911  805  911  795  795  795  795  795    0    0    0    0    0    0    0    0    0
G14   1005  980 1005  980  980  980  980  980 1012  991 1012  988  980  988 1005  980 1005
G15    588  526  588  526  526  526  526  526  608  534  608    0    0    0    0    0    0
G16    580  543  580  542  542  542  542  542    0    0    0    0    0    0    0    0    0
G17    875  678  875  677  677  677  677  677  873  763  873    0    0    0    0    0    0
G18    878  805  878  805  805  805  805  805  888  841  888  840  753  840  878  807  878
G19    867  813  867  811  811  811  811  811    0    0    0    0    0    0    0    0    0
G20    623  580  623  578  578  578  578  578    0    0    0    0    0    0    0    0    0
G21    567  528  567  528  528  528  528  528  580  542  580  566  536  566  573  528  573
G22   1018  980 1018  977  977  977  977  977    0    0    0    0    0    0    0    0    0
G23    991  914  991  913  913  913  913  913  998  948  998  975  924  975  984  960  984
G24   1003  863 1003  862  862  862  862  862  975  885  975  931  855  931    0    0    0
G25    653  576  653  573  573  573  573  573  635  573  635  605  570  605    0    0    0
G26    573  525  573  524  524  524  524  524  577  522  577  536  524  536    0    0    0
G27    922  801  922  799  799  799  799  799  935  851  935  864  795  864    0    0    0
G28    654  592  654  591  591  591  591  591  670  601  670  617  574  617  655  599  655
G29    697  637  697  637  637  637  637  637  702  635  702    0    0    0    0    0    0
G30    741  679  741  678  678  678  678  678  737  695  737  735  712  735    0    0    0
G31    687  624  687  623  623  623  623  623  692  625  692    0    0    0    0    0    0
G32    935  838  935  837  837  837  837  837  935  849  935  851  771  851    0    0    0
# ------------------------------------------
# GLONASS
%      C1C  L1C  S1C  C1P  L1P  S1P  C2P  L2P  S2P  C2C  L2C  S2C  C3Q  L3Q  S3Q
R01    850  723  850  797  722  797    0    0    0    0    0    0    0    0    0
R02    721  657  721  679  651  679  698  679  698  770  702  770    0    0    0
R03    504  479  504  486  478  486  503  501  503  546  541  546    0    0    0
R04    596  513  596  523  501  523  589  574  589  731  649  731  667  667  667
R05    831  770  831  765  765  765  803  793  803  915  848  915  842  842  842
R06    386  367  386  358  358  358    0    0    0    0    0    0    0    0    0
R07    490  453  490  441  441  441  478  474  478  565  534  565    0    0    0
R08    555  416  555  416  416  416  560  512  560  683  568  683    0    0    0
R09    756  718  756  710  710  710  753  743  753  796  773  796  773  773  773
R10    686  562  686  585  554  585    0    0    0    0    0    0    0    0    0
R11    718  657  718  673  657  673  697  688  697  759  725  759  734  734  734
R12    513  476  513  477  472  477  490  484  490  537  499  537  498  498  498
R13    466  457  466  456  456  456    0    0    0    0    0    0    0    0    0
R14    694  613  694  627  612  627  638  627  638  728  647  728    0    0    0
R15    917  874  917  876  874  876  876  867  876  980  882  980    0    0    0
R16    934  843  934  858  838  858  904  868  904 1033  910 1033  908  908  908
R17    644  561  644  540  540  540  617  606  617  732  677  732    0    0    0
R18    457  426  457  425  425  425  438  436  438  541  487  541    0    0    0
R19    766  626  766  626  626  626  718  694  718  875  745  875  773  773  773
R20      0    0    0    0    0    0    0    0    0 1116 1094 1116    0    0    0
R21    840  678  840  754  675  754  837  807  837  994  891  994  947  947  947
R22    586  534  586  536  535  536  551  540  551  604  555  604  575  575  575
R23    421  406  421  406  406  406    0    0    0    0    0    0    0    0    0
R24    595  523  595  505  501  505  561  549  561  663  602  663  615  615  615
R26    587  558  587  558  555  558  580  568  580  655  579  655  592  592  592
R27    791  754  791  765  754  765  769  765  769  849  790  849  791  791  791
# ------------------------------------------
# Galileo
%      C1C  L1C  S1C  C6C  L6C  S6C  C5Q  L5Q  S5Q  C7Q  L7Q  S7Q  C8Q  L8Q  S8Q
E02    144   63  144   26    9   26   95   27   95  143  133  143   26   26   26
E03    285  197  285    0    0    0  235   10  235  303  246  303   30   30   30
E04   1250 1184 1250  579  541  579 1143 1119 1143 1267 1216 1267 1085 1085 1085
E05    685  620  685  470  402  470  664  580  664  698  683  698  547  547  547
E06    981  899  981  616  548  616  945  744  945  995  944  995  833  833  833
E07    897  664  897  583  566  583  716  612  716  950  770  950  627  627  627
E08    599  417  599  443    0  443  424  356  424  508  501  508  360  360  360
E09    834  768  834  639  577  639  800  753  800  832  823  832  682  682  682
E10   1305 1161 1305  527  525  527 1236 1080 1236 1385 1236 1385 1068 1068 1068
E11    776  714  776  368  368  368  433  433  433  809  751  809  420  420  420
E12   1303 1060 1303  284  225  284 1229  997 1229 1488 1191 1488 1002 1002 1002
E13   1092 1080 1092 1075 1010 1075 1088 1037 1088 1101 1090 1101 1088 1088 1088
E14    739  699  739  312  254  312  715  686  715  757  705  757  684  684  684
E15    643  389  643  434  368  434  553  380  553  612  535  612  382  382  382
E16    914  914  914  437  437  437  906  904  906  914  914  914  870  870  870
E18   1168  828 1168  841  290  841 1048  794 1048 1285 1001 1285  714  714  714
E19   1194 1145 1194    0    0    0 1100 1038 1100 1212 1193 1212 1019 1019 1019
E21   1486 1152 1486 1059  434 1059 1361 1031 1361 1592 1339 1592 1056 1056 1056
E23   1327 1090 1327  601  579  601 1224  963 1224 1386 1186 1386  933  933  933
E24   1044 1044 1044  893  893  893 1035 1035 1035 1044 1044 1044 1034 1034 1034
E25    671  649  671  122  122  122  624  624  624  682  682  682  561  561  561
E26   1280 1217 1280  566  512  566 1249 1202 1249 1297 1278 1297 1165 1165 1165
E27    787  632  787  608  559  608  675  626  675  828  716  828  632  632  632
E29   1077  953 1077  909  684  909 1034  864 1034 1086 1017 1086  825  825  825
E30    446  383  446  393  342  393  416  355  416  425  412  425  371  371  371
E31   1153  989 1153  907  658  907 1109  952 1109 1208 1105 1208  831  831  831
E33    988  832  988  584  529  584  868  752  868 1018  919 1018  749  749  749
E34    174  152  174   84   39   84  149  125  149  185  161  185  131  131  131
E36    353  311  353  203  203  203  255  255  255  355  346  355  255  255  255
# ------------------------------------------
# QZSS
%      C1C  L1C  S1C  C2L  L2L  S2L  C5Q  L5Q  S5Q  C1L  L1L  S1L  C1Z  L1Z  S1Z  C5P  L5P  S5P
J02   1497 1259 1497 1455 1401 1455 1367 1243 1367 1392 1259 1392 1092 1092 1092  855  855  855
J03   1856 1807 1856 1889 1867 1889 1791 1770 1791 1878 1852 1878 1762 1762 1762 1458 1458 1458
J04   1951 1885 1951 1961 1941 1961 1909 1883 1909 1953 1898 1953 1880 1880 1880 1757 1757 1757
J07   2880 2869 2880 2880 2880 2880 2880 2880 2880 2880 2880 2880 2880 2880 2880    0    0    0
# ------------------------------------------
# Beidou
%      C1P  L1P  S1P  C5P  L5P  S5P  C2I  L2I  S2I  C7I  L7I  S7I  C6I  L6I  S6I
C02      0    0    0    0    0    0 2880 2880 2880 2880 2880 2880 2880 2880 2880
C03      0    0    0    0    0    0 2880 2880 2880 2880 2880 2880 2880 2880 2880
C05      0    0    0    0    0    0 2880 2880 2880 2880 2880 2880 2880 2880 2880
C06      0    0    0    0    0    0 2378 2200 2378 2476 2304 2476 2217 2083 2217
C07      0    0    0    0    0    0 2739 2291 2739 2768 2479 2768 2546 2098 2546
C08      0    0    0    0    0    0 2225 2123 2225 2318 2174 2318 2115 2051 2115
C09      0    0    0    0    0    0 2599 2348 2599 2792 2481 2792 2280 2176 2280
C10      0    0    0    0    0    0 2838 2399 2838 2840 2643 2840 2728 2307 2728
C11      0    0    0    0    0    0  864  802  864  885  837  885  823  684  823
C12      0    0    0    0    0    0  956  913  956  983  930  983  956  909  956
C13      0    0    0    0    0    0 2383 2255 2383 2443 2268 2443 2263 2149 2263
C14      0    0    0    0    0    0 1017  943 1017 1090  981 1090  956  868  956
C16      0    0    0    0    0    0 2341 2218 2341 2392 2243 2392 2153 1996 2153
C19    855  604  855  744  492  744  884  631  884    0    0    0  739  532  739
C20    678  600  678  649  586  649  717  638  717    0    0    0  659  597  659
C21    613  576  613  615  567  615  627  589  627    0    0    0  619  566  619
C22    552  462  552  452  420  452  556  476  556    0    0    0  538  423  538
C23    855  715  855  721  643  721  868  722  868    0    0    0  678  650  678
C24   1202  955 1202 1023  860 1023 1213  984 1213    0    0    0 1011  860 1011
C25    975  813  975  833  541  833 1050  853 1050    0    0    0  844  594  844
C26    496  392  496  432  381  432  520  402  520    0    0    0  439  373  439
C27   1221  987 1221 1011  904 1011 1277 1022 1277    0    0    0 1014  895 1014
C28   1126  903 1126  783  733  783 1205  921 1205    0    0    0  833  777  833
C29    543  543  543  495  495  495  556  555  556    0    0    0  500  500  500
C30    717  652  717  664  628  664  788  686  788    0    0    0  672  638  672
C32    792  717  792  768  713  768  798  737  798    0    0    0  765  672  765
C33   1103 1027 1103 1035 1018 1035 1116 1050 1116    0    0    0 1078  978 1078
C34    995  910  995  883  858  883 1028  942 1028    0    0    0  920  789  920
C35    733  697  733  676  584  676  752  700  752    0    0    0  711  623  711
C36    645  635  645  632  586  632  646  644  646    0    0    0  629  574  629
C37   1044  956 1044 1007  946 1007 1056  981 1056    0    0    0 1019  942 1019
C38   2149 2021 2149 2054 1931 2054 2167 2025 2167    0    0    0 2056 1937 2056
C39   2144 1979 2144 2083 1940 2083 2159 2011 2159    0    0    0 2085 1924 2085
C40   2173 2058 2173 2065 1927 2065 2185 2042 2185    0    0    0 2060 1925 2060
C41   1107 1066 1107 1047  995 1047 1102 1062 1102    0    0    0 1095  938 1095
C42    949  750  949  857  683  857  969  788  969    0    0    0  894  704  894
C43    773  692  773  687  632  687  783  698  783    0    0    0  700  629  700
C44    794  767  794  781  766  781  801  772  801    0    0    0  784  770  784
C45    483  433  483  454  402  454  499  438  499    0    0    0  461  395  461
C47    677  666  677  591  591  591  681  664  681    0    0    0  610  582  610
C48    718  569  718  631  534  631  769  618  769    0    0    0  639  519  639
C49    867  682  867  709  637  709  932  711  932    0    0    0  730  607  730
C50    803  690  803  668  628  668  810  714  810    0    0    0  724  671  724
C56      0    0    0    0    0    0 2481 2463 2481    0    0    0 2244 2242 2244
C58      0    0    0    0    0    0   53   53   53    0    0    0   52   40   52
C59      0    0    0    0    0    0   29   19   29    0    0    0    0    0    0
C60      0    0    0    0    0    0 2880 2880 2880    0    0    0 2880 2880 2880
# ------------------------------------------
# NavIC/IRNSS
%      C5A  L5A  S5A
I01   2880 2880 2880
I02   2880 2880 2880
I03   2880 2880 2880
I06   2880 2880 2880
I09   2880 2880 2880
I10   2880 2880 2880
# ------------------------------------------
# Cycle slip detection settings:
# ------------------------------------------
# Elmask (slip count ): 10.0
# Elmask (slip detect): 0.0
# MP detection type   : offset
# MP reference type   : rolling average (window=50epochs)
# MP threshold        : 2.000 (m)
# GF detection type   : velocity
# GF reference type   : single epoch
# GF threshold        : 0.050 (m/s)
# MW detection type   : sigma
# MW reference type   : rolling average (window=50epochs)
# MW threshold        : 4.000 (sigmas)
# ------------------------------------------
# Quality Report:
# ------------------------------------------
# For each satellite
% PRN, STD(MP1), STD(MP2), STD(MP5), # of slips/nobs (MP1, MP2, MP5, GF, MW, IOD(L1))
  G01,   0.4074,   0.5530,   0.3331,    14 /   828,    13 /   828,     5 /   737,     8 /   828,    12 /   828,     8 /   828
  G02,   0.3884,   0.5459,     ----,     2 /   709,     4 /   709,     0 /     0,     0 /   709,     8 /   709,     0 /   709
  G03,   0.2712,   0.4137,   0.2628,     0 /   572,     2 /   572,     0 /   565,     0 /   572,     3 /   572,     0 /   572
  G04,   0.3021,   0.4327,   0.2562,     2 /   714,     4 /   714,     1 /   697,     0 /   714,     5 /   714,     2 /   714
  G05,   0.2061,   0.3618,     ----,     2 /   574,     3 /   574,     0 /     0,     1 /   574,     2 /   574,     2 /   574
  G06,   0.2509,   0.3692,   0.2158,     1 /   582,     2 /   582,     0 /   582,     0 /   582,     4 /   582,     0 /   582
  G07,   0.3008,   0.5140,     ----,     5 /   895,    14 /   895,     0 /     0,     2 /   895,     9 /   895,     2 /   895
  G08,   0.2597,   0.4667,   0.2635,     1 /   502,     4 /   502,     1 /   470,     1 /   502,     0 /   502,     1 /   502
  G09,   0.2329,   0.4597,   0.2406,     3 /   609,     4 /   609,     0 /   573,     0 /   609,     0 /   609,     1 /   609
  G10,   0.2874,   0.4697,   0.2637,     4 /   966,     3 /   966,     3 /   951,     2 /   966,     4 /   966,     3 /   966
  G11,   0.2310,   0.3597,   0.2192,     2 /   643,     3 /   643,     1 /   636,     1 /   643,     1 /   643,     2 /   643
  G12,   0.2426,   0.4072,     ----,     3 /   598,     7 /   598,     0 /     0,     1 /   598,     2 /   598,     3 /   598
  G13,   0.3340,   0.5585,     ----,     1 /   795,     2 /   795,     0 /     0,     1 /   795,     3 /   795,     1 /   795
  G14,   0.3112,   0.4815,   0.2657,     0 /   980,     3 /   980,     0 /   976,     0 /   980,     1 /   980,     0 /   980
  G15,   0.2398,   0.3980,     ----,     0 /   526,     1 /   526,     0 /     0,     0 /   526,     0 /   526,     0 /   526
  G16,   0.2727,   0.4111,     ----,     0 /   542,     0 /   542,     0 /     0,     0 /   542,     4 /   542,     0 /   542
  G17,   0.2325,   0.4553,     ----,     1 /   678,     3 /   678,     0 /     0,     1 /   678,     3 /   678,     1 /   678
  G18,   0.3596,   0.4546,   0.2470,     5 /   809,     6 /   809,     0 /   742,     1 /   809,     6 /   809,     1 /   809
  G19,   0.2780,   0.4942,     ----,     0 /   811,     2 /   811,     0 /     0,     0 /   811,     5 /   811,     0 /   811
  G20,   0.2289,   0.3837,     ----,     0 /   578,     2 /   578,     0 /     0,     0 /   578,     3 /   578,     0 /   578
  G21,   0.2110,   0.3809,   0.2204,     0 /   528,     0 /   528,     0 /   528,     0 /   528,     0 /   528,     0 /   528
  G22,   0.2982,   0.4526,     ----,     0 /   977,     0 /   977,     0 /     0,     0 /   977,     5 /   977,     0 /   977
  G23,   0.3036,   0.4841,   0.2796,    17 /   947,     9 /   945,     5 /   924,     4 /   947,     6 /   947,     5 /   947
  G24,   0.4032,   0.5815,   0.3212,     1 /   863,     8 /   863,     1 /   846,     1 /   863,     5 /   863,     1 /   863
  G25,   0.3687,   0.4944,   0.2856,     0 /   573,     4 /   573,     2 /   546,     0 /   573,     1 /   573,     0 /   573
  G26,   0.2641,   0.3909,   0.2857,     1 /   525,     1 /   524,     1 /   524,     1 /   525,     0 /   525,     1 /   525
  G27,   0.3025,   0.5460,   0.3288,     9 /   801,     7 /   800,     1 /   790,     3 /   801,     1 /   801,     4 /   801
  G28,   0.2751,   0.3257,   0.2249,     5 /   600,     3 /   600,     1 /   570,     3 /   600,     6 /   600,     3 /   600
  G29,   0.2364,   0.4189,     ----,     2 /   637,     1 /   637,     0 /     0,     0 /   637,     2 /   637,     0 /   637
  G30,   0.2523,   0.4575,   0.2414,     1 /   679,     6 /   678,     0 /   679,     1 /   679,     3 /   679,     1 /   679
  G31,   0.2324,   0.4167,     ----,     5 /   624,     1 /   624,     0 /     0,     1 /   624,     0 /   624,     1 /   624
  G32,   0.2953,   0.5051,   0.3046,     4 /   837,     9 /   837,     2 /   771,     0 /   837,     8 /   837,     1 /   837
  R01,     ----,     ----,     ----,     0 /     0,     0 /     0,     0 /     0,     0 /     0,     0 /     0,     0 /     0
  R02,   0.5722,   0.5646,     ----,    73 /   654,    21 /   654,     0 /     0,     2 /   654,     9 /   654,     7 /   654
  R03,   0.7137,   0.3280,     ----,    29 /   479,     0 /   479,     0 /     0,     0 /   479,     0 /   479,     0 /   479
  R04,   0.6803,   0.3724,   0.3118,    77 /   513,     3 /   513,     0 /   513,     1 /   513,     4 /   513,     1 /   513
  R05,   0.7308,   0.4171,   0.3521,    57 /   770,     8 /   770,     0 /   770,     4 /   770,     6 /   770,     4 /   770
  R06,     ----,     ----,     ----,     0 /     0,     0 /     0,     0 /     0,     0 /     0,     0 /     0,     0 /     0
  R07,   0.6671,   0.2839,     ----,    27 /   453,     0 /   453,     0 /     0,     0 /   453,     2 /   453,     0 /   453
  R08,   0.7742,   0.2824,     ----,    29 /   416,     0 /   416,     0 /     0,     0 /   416,     1 /   416,     0 /   416
  R09,   0.5304,   0.4035,   0.3255,    27 /   718,     4 /   718,     1 /   718,     0 /   718,     3 /   718,     0 /   718
  R10,     ----,     ----,     ----,     0 /     0,     0 /     0,     0 /     0,     0 /     0,     0 /     0,     0 /     0
  R11,   0.7321,   0.4844,   0.3820,    83 /   657,     6 /   657,     3 /   657,     0 /   657,     3 /   657,     0 /   657
  R12,   0.5103,   0.3388,   0.2966,    24 /   476,     3 /   476,     2 /   476,     0 /   476,     1 /   476,     1 /   476
  R13,     ----,     ----,     ----,     0 /     0,     0 /     0,     0 /     0,     0 /     0,     0 /     0,     0 /     0
  R14,   0.5841,   0.5321,     ----,    26 /   606,    21 /   606,     0 /     0,     3 /   606,     3 /   606,     5 /   606
  R15,   0.7713,   0.5725,     ----,   107 /   865,     4 /   865,     0 /     0,     0 /   865,     0 /   865,     0 /   865
  R16,   0.6106,   0.4844,   0.3954,    63 /   841,     8 /   841,     3 /   838,     1 /   841,    15 /   841,     2 /   841
  R17,   0.7607,   0.4604,     ----,   103 /   561,     5 /   561,     0 /     0,     2 /   561,     2 /   561,     2 /   561
  R18,   0.4948,   0.3150,     ----,    10 /   426,     0 /   426,     0 /     0,     0 /   426,     0 /   426,     0 /   426
  R19,   0.6590,   0.3664,   0.3318,    45 /   626,     0 /   626,     3 /   626,     0 /   626,     5 /   626,     0 /   626
  R20,     ----,     ----,     ----,     0 /     0,     0 /     0,     0 /     0,     0 /     0,     0 /     0,     0 /     0
  R21,   0.6774,   0.4263,   0.3612,   106 /   679,     2 /   679,     2 /   679,     0 /   679,     3 /   679,     0 /   679
  R22,   0.5113,   0.3512,   0.2854,    16 /   530,     2 /   530,     0 /   530,     2 /   530,     3 /   530,     2 /   530
  R23,     ----,     ----,     ----,     0 /     0,     0 /     0,     0 /     0,     0 /     0,     0 /     0,     0 /     0
  R24,   0.7221,   0.4595,   0.3484,    71 /   523,     0 /   523,     1 /   523,     0 /   523,     4 /   523,     0 /   523
  R26,   0.5279,   0.4895,   0.4203,    43 /   559,    23 /   555,     5 /   559,     5 /   559,     3 /   559,     5 /   559
  R27,   0.5784,   0.5306,   0.4106,    53 /   752,    12 /   752,     2 /   752,     0 /   752,     2 /   752,     1 /   752
  E02,   0.4769,   0.6093,   0.4256,     0 /    63,     1 /    63,     0 /    24,     0 /    63,     3 /    63,     0 /    63
  E03,   0.4969,   0.6581,   0.2348,     3 /   197,    10 /   197,     0 /    10,     0 /   197,     5 /   197,     0 /   197
  E04,   0.2536,   0.3596,   0.3004,     2 /  1184,     0 /  1184,     0 /  1111,     0 /  1184,     1 /  1184,     0 /  1184
  E05,   0.2527,   0.3682,   0.3157,     0 /   620,     2 /   620,     0 /   580,     0 /   620,     1 /   620,     0 /   620
  E06,   0.2185,   0.3179,   0.2692,     0 /   899,     0 /   899,     0 /   744,     0 /   899,     3 /   899,     0 /   899
  E07,   0.1813,   0.3114,   0.2724,     0 /   664,     0 /   664,     0 /   612,     0 /   664,     1 /   664,     0 /   664
  E08,   0.2755,   0.3744,   0.3343,     0 /   417,     0 /   417,     0 /   356,     0 /   417,     2 /   417,     0 /   417
  E09,   0.2199,   0.3197,   0.2957,     1 /   768,     0 /   768,     2 /   752,     0 /   768,     1 /   768,     0 /   768
  E10,   0.2498,   0.3569,   0.2899,     0 /  1161,     2 /  1161,     0 /  1080,     0 /  1161,     4 /  1161,     0 /  1161
  E11,   0.2744,   0.3491,   0.1875,     0 /   714,     0 /   714,     0 /   433,     0 /   714,     4 /   714,     0 /   714
  E12,   0.2227,   0.3438,   0.3237,     0 /  1060,     0 /  1060,     0 /   993,     0 /  1060,     6 /  1060,     0 /  1060
  E13,   0.2096,   0.2956,   0.2658,     0 /  1080,     0 /  1080,     0 /  1037,     0 /  1080,     4 /  1080,     0 /  1080
  E14,   0.2303,   0.3639,   0.3391,     0 /   699,     1 /   699,     0 /   686,     0 /   699,     5 /   699,     0 /   699
  E15,   0.2079,   0.3279,   0.2795,     0 /   389,     1 /   389,     0 /   380,     0 /   389,     0 /   389,     0 /   389
  E16,   0.2052,   0.3443,   0.3011,     0 /   914,     0 /   914,     0 /   904,     0 /   914,     4 /   914,     0 /   914
  E18,   0.2446,   0.4028,   0.3555,     0 /   828,     1 /   828,     2 /   791,     0 /   828,     3 /   828,     0 /   828
  E19,   0.2077,   0.2967,   0.2829,     0 /  1145,     1 /  1145,     0 /  1038,     0 /  1145,     6 /  1145,     0 /  1145
  E21,   0.2545,   0.3517,   0.3439,     0 /  1152,     1 /  1152,     0 /  1031,     0 /  1152,     6 /  1152,     0 /  1152
  E23,   0.2491,   0.3926,   0.3288,     0 /  1090,     4 /  1090,     0 /   963,     0 /  1090,     3 /  1090,     0 /  1090
  E24,   0.1630,   0.2927,   0.2425,     0 /  1044,     0 /  1044,     0 /  1035,     0 /  1044,     0 /  1044,     0 /  1044
  E25,   0.3097,   0.4095,   0.3601,     1 /   649,     0 /   649,     0 /   624,     0 /   649,     2 /   649,     0 /   649
  E26,   0.2297,   0.3230,   0.3217,     0 /  1217,     1 /  1217,     0 /  1199,     0 /  1217,     1 /  1217,     0 /  1217
  E27,   0.1688,   0.2345,   0.2464,     1 /   632,     0 /   632,     0 /   626,     0 /   632,     2 /   632,     0 /   632
  E29,   0.2432,   0.3180,   0.3265,     0 /   953,     0 /   953,     0 /   857,     0 /   953,     5 /   953,     0 /   953
  E30,   0.2159,   0.3025,   0.2668,     0 /   383,     0 /   383,     0 /   355,     0 /   383,     1 /   383,     0 /   383
  E31,   0.2453,   0.3455,   0.3470,     0 /   983,     2 /   983,     0 /   911,     0 /   983,    20 /   983,     0 /   983
  E33,   0.2463,   0.3372,   0.2771,     0 /   832,     4 /   832,     1 /   750,     0 /   832,     2 /   832,     0 /   832
  E34,   0.3610,   0.5337,   0.4089,     0 /   152,     0 /   152,     1 /   125,     0 /   152,     0 /   152,     0 /   152
  E36,   0.1868,   0.3307,   0.2120,     0 /   303,     0 /   303,     0 /   255,     0 /   303,     1 /   303,     0 /   303
  J02,   0.5181,   0.4585,   0.5140,    13 /  1245,     5 /  1245,     9 /  1205,     3 /  1245,    11 /  1245,     3 /  1245
  J03,   0.3954,   0.3752,   0.3981,     6 /  1852,     0 /  1852,     0 /  1764,     0 /  1852,     7 /  1852,     0 /  1852
  J04,   0.3164,   0.3055,   0.3485,     6 /  1898,     3 /  1898,     3 /  1846,     3 /  1898,     2 /  1898,     3 /  1898
  J07,   0.4035,   0.2928,   0.3034,    24 /  2880,    27 /  2880,    24 /  2880,    21 /  2880,    25 /  2880,    22 /  2880
  C02,   0.2590,   0.1668,     ----,     0 /  2880,     0 /  2880,     0 /     0,     0 /  2880,     5 /  2880,     0 /  2880
  C03,   0.2725,   0.2106,     ----,     0 /  2880,     0 /  2880,     0 /     0,     0 /  2880,     3 /  2880,     0 /  2880
  C05,   0.2481,   0.1867,     ----,     0 /  2880,     0 /  2880,     0 /     0,     0 /  2880,     3 /  2880,     0 /  2880
  C06,   0.4123,   0.3071,     ----,     8 /  2200,     0 /  2200,     0 /     0,     0 /  2200,     4 /  2200,     0 /  2200
  C07,   0.4028,   0.2975,     ----,    19 /  2291,     1 /  2291,     0 /     0,     0 /  2291,     2 /  2291,     0 /  2291
  C08,   0.4735,   0.3355,     ----,    15 /  2123,     1 /  2123,     0 /     0,     0 /  2123,     9 /  2123,     0 /  2123
  C09,   0.3769,   0.3047,     ----,     9 /  2348,     2 /  2348,     0 /     0,     0 /  2348,     5 /  2348,     0 /  2348
  C10,   0.3585,   0.2560,     ----,     9 /  2399,     0 /  2399,     0 /     0,     0 /  2399,     9 /  2399,     0 /  2399
  C11,   0.4970,   0.3980,     ----,    15 /   802,     2 /   802,     0 /     0,     0 /   802,     3 /   802,     0 /   802
  C12,   0.4738,   0.3190,     ----,     9 /   913,     0 /   913,     0 /     0,     0 /   913,     1 /   913,     0 /   913
  C13,   0.3444,   0.2852,     ----,     5 /  2245,     2 /  2245,     0 /     0,     0 /  2245,     6 /  2245,     0 /  2245
  C14,   0.5420,   0.3950,     ----,    25 /   943,     0 /   943,     0 /     0,     0 /   943,     1 /   943,     0 /   943
  C16,   0.3881,   0.3020,     ----,     6 /  2196,     1 /  2196,     0 /     0,     0 /  2196,     2 /  2196,     0 /  2196
  C19,   0.6099,     ----,   0.3927,     7 /   492,     0 /     0,     0 /   492,     0 /   492,     3 /   492,     0 /   492
  C20,   0.4706,     ----,   0.2819,     3 /   586,     0 /     0,     1 /   586,     1 /   586,     3 /   586,     1 /   586
  C21,   0.3409,     ----,   0.2412,     0 /   567,     0 /     0,     0 /   567,     0 /   567,     2 /   567,     0 /   567
  C22,   0.4124,     ----,   0.2934,     3 /   405,     0 /     0,     1 /   405,     1 /   405,     2 /   405,     1 /   405
  C23,   0.3354,     ----,   0.2445,     0 /   643,     0 /     0,     0 /   643,     0 /   643,     1 /   643,     0 /   643
  C24,   0.4822,     ----,   0.3763,    11 /   857,     0 /     0,     0 /   857,     0 /   857,     8 /   857,     0 /   857
  C25,   0.3405,     ----,   0.2644,     0 /   541,     0 /     0,     0 /   541,     0 /   541,     3 /   541,     0 /   541
  C26,   0.3650,     ----,   0.3223,     1 /   380,     0 /     0,     0 /   380,     0 /   380,     2 /   380,     0 /   380
  C27,   0.4585,     ----,   0.3677,     7 /   904,     0 /     0,     1 /   904,     1 /   904,     8 /   904,     1 /   904
  C28,   0.4626,     ----,   0.3332,     5 /   733,     0 /     0,     0 /   733,     0 /   733,     4 /   733,     0 /   733
  C29,   0.2970,     ----,   0.2164,     0 /   495,     0 /     0,     0 /   495,     0 /   495,     2 /   495,     0 /   495
  C30,   0.3447,     ----,   0.2608,     1 /   623,     0 /     0,     0 /   623,     0 /   623,     1 /   623,     0 /   623
  C32,   0.4145,     ----,   0.2973,     9 /   710,     0 /     0,     0 /   710,     0 /   710,     4 /   710,     0 /   710
  C33,   0.4381,     ----,   0.3035,     3 /  1017,     0 /     0,     1 /  1017,     1 /  1017,     2 /  1017,     1 /  1017
  C34,   0.4278,     ----,   0.2881,     7 /   858,     0 /     0,     0 /   858,     0 /   858,     9 /   858,     0 /   858
  C35,   0.5033,     ----,   0.3864,     0 /   584,     0 /     0,     0 /   584,     0 /   584,     6 /   584,     0 /   584
  C36,   0.3945,     ----,   0.2362,     0 /   586,     0 /     0,     0 /   586,     0 /   586,     0 /   586,     0 /   586
  C37,   0.4263,     ----,   0.2874,     8 /   941,     0 /     0,     0 /   941,     0 /   941,     1 /   941,     0 /   941
  C38,   0.4102,     ----,   0.2848,     4 /  1931,     0 /     0,     0 /  1931,     0 /  1931,     1 /  1931,     0 /  1931
  C39,   0.4718,     ----,   0.3399,     6 /  1940,     0 /     0,     0 /  1940,     0 /  1940,     3 /  1940,     0 /  1940
  C40,   0.4397,     ----,   0.3297,     1 /  1927,     0 /     0,     0 /  1927,     0 /  1927,     6 /  1927,     0 /  1927
  C41,   0.4165,     ----,   0.2960,     0 /   995,     0 /     0,     0 /   995,     0 /   995,     0 /   995,     0 /   995
  C42,   0.3586,     ----,   0.2567,     0 /   673,     0 /     0,     0 /   673,     0 /   673,     4 /   673,     0 /   673
  C43,   0.3344,     ----,   0.2808,     1 /   632,     0 /     0,     0 /   632,     0 /   632,     5 /   632,     0 /   632
  C44,   0.3975,     ----,   0.2874,     4 /   766,     0 /     0,     0 /   766,     0 /   766,     4 /   766,     0 /   766
  C45,   0.4377,     ----,   0.3123,     7 /   402,     0 /     0,     0 /   402,     0 /   402,     4 /   402,     0 /   402
  C47,   0.3220,     ----,   0.2148,     0 /   591,     0 /     0,     0 /   591,     0 /   591,     1 /   591,     0 /   591
  C48,   0.4002,     ----,   0.3265,     8 /   534,     0 /     0,     1 /   534,     0 /   534,     0 /   534,     0 /   534
  C49,   0.4303,     ----,   0.2893,     6 /   637,     0 /     0,     0 /   637,     0 /   637,     4 /   637,     0 /   637
  C50,   0.3287,     ----,   0.2446,     0 /   628,     0 /     0,     0 /   628,     0 /   628,     2 /   628,     0 /   628
  C56,     ----,     ----,     ----,     0 /     0,     0 /     0,     0 /     0,     0 /     0,     0 /     0,     0 /     0
  C58,     ----,     ----,     ----,     0 /     0,     0 /     0,     0 /     0,     0 /     0,     0 /     0,     0 /     0
  C59,     ----,     ----,     ----,     0 /     0,     0 /     0,     0 /     0,     0 /     0,     0 /     0,     0 /     0
  C60,     ----,     ----,     ----,     0 /     0,     0 /     0,     0 /     0,     0 /     0,     0 /     0,     0 /     0
  I01,     ----,     ----,     ----,     0 /     0,     0 /     0,     0 /     0,     0 /     0,     0 /     0,     0 /     0
  I02,     ----,     ----,     ----,     0 /     0,     0 /     0,     0 /     0,     0 /     0,     0 /     0,     0 /     0
  I03,     ----,     ----,     ----,     0 /     0,     0 /     0,     0 /     0,     0 /     0,     0 /     0,     0 /     0
  I06,     ----,     ----,     ----,     0 /     0,     0 /     0,     0 /     0,     0 /     0,     0 /     0,     0 /     0
  I09,     ----,     ----,     ----,     0 /     0,     0 /     0,     0 /     0,     0 /     0,     0 /     0,     0 /     0
  I10,     ----,     ----,     ----,     0 /     0,     0 /     0,     0 /     0,     0 /     0,     0 /     0,     0 /     0
# ------------------------------------------
# Summary of each satellite system
% SYS, STD(MP1), STD(MP2), STD(MP5), # of slips/nobs (MP1, MP2, MP5, GF, MW, IOD(L1))
    G,   0.2948,   0.4643,   0.2718,    91 / 22502,   131 / 22497,    24 / 13107,    33 / 22502,   112 / 22502,    44 / 22502
    R,   0.6492,   0.4456,   0.3581,  1069 / 12104,   122 / 12100,    22 /  7641,    20 / 12104,    69 / 12104,    30 / 12104
    E,   0.2381,   0.3463,   0.3039,     8 / 22192,    31 / 22192,     6 / 20262,     0 / 22192,    96 / 22192,     0 / 22192
    J,   0.4036,   0.3467,   0.3759,    49 /  7875,    35 /  7875,    36 /  7695,    27 /  7875,    45 /  7875,    28 /  7875
    C,   0.3947,   0.2772,   0.3034,   222 / 50678,     9 / 27100,     5 / 23578,     4 / 50678,   148 / 50678,     4 / 50678
    I,     ----,     ----,     ----,     0 /     0,     0 /     0,     0 /     0,     0 /     0,     0 /     0,     0 /     0
