# ------------------------------------------
# Quality Check Summary by Ringo software
# ------------------------------------------
# Executed at            : 2026/03/16 12:32:50 UTC
# ------------------------------------------
# QC of RINEX file       : D:\Master in Geoinformatics\Semester 2\GNSS Survey Mapping\Lab\Lab 2\ringo\Data\1\mani1970.25o.gz
# input RnxNav files     : D:\Master in Geoinformatics\Semester 2\GNSS Survey Mapping\Lab\Lab 2\ringo\BRDC\1\BRDC00IGS_R_20251970000_01D_MN.rnx.gz
# ------------------------------------------
# Marker                 : MANI                                                        
# Receiver               : TRIMBLE ALLOY       
# Antenna                : TRM159900.00    SCIS
# Time of Start          : 2025/07/16 00:00:00.000
# Time of End            : 2025/07/16 23:59:30.000
# Approx XYZ             :   1278752.0246,   5724145.6103,   2498753.5767
# Observation Interval   : 30.0000 seconds
# Satellite systems      : GREJCI
#                        : G01G02G03G04G05G06G07G08G09G10G11G12G13G14G15G16G17G18G19G20G21G22G23G24G25G26G27G28G29G30G31G32
#                        : R01R02R03R04R05R06R07R08R09R10R11R12R13R14R15R16R17R18R19R20R21R22R23R24
#                        : E02E03E04E05E06E07E08E09E10E11E12E13E15E16E19E21E23E24E25E26E27E29E30E31E33E34E36
#                        : J02J03J04J07
#                        : C01C02C03C05C06C11C12C13C14C16C19C20C21C22C23C24C25C26C27C28C29C30C32C33C34C35C36C37C38C39C40C41C42C43C44C45C47C48C49C50C56C58C59C60
#                        : I02I03I06I09I10
# Total satellites       : 136
# Number of obs epochs   : 2880
# Number of obs data     : 174036
# N Expected epochs      : 2880
# Observation rate (%)   : 100.00
# N obs data     (>10deg): 142398
# N possible obs (> 0deg): 170922
# N possible obs (>10deg): 142800
# ------------------------------------------
# Number of obs epochs for each SV:
# ------------------------------------------
# GPS
%      C1C  L1C  S1C  C2W  L2W  S2W  C2X  L2X  S2X  C5X  L5X  S5X
G01   1263 1245 1263 1228 1212 1228 1263 1263 1263 1263 1263 1263
G02   1252 1226 1252 1220 1201 1220    0    0    0    0    0    0
G03    911  870  911  909  868  909  908  908  908  910  910  910
G04    933  921  933  917  910  917  933  933  933  933  933  933
G05    833  830  833  832  829  832  833  832  833    0    0    0
G06    819  810  819  819  810  819  819  819  819  819  819  819
G07   1018 1008 1018 1018 1008 1018 1018 1018 1018    0    0    0
G08   1113 1085 1113 1110 1085 1110 1112 1112 1112 1112 1112 1112
G09    792  782  792  790  782  790  789  789  789  792  792  792
G10   1055 1050 1055 1055 1050 1055 1055 1055 1055 1055 1055 1055
G11    951  947  951  937  935  937  951  951  951  951  951  951
G12    843  810  843  840  808  840  842  842  842    0    0    0
G13   1219 1197 1219 1114 1104 1114    0    0    0    0    0    0
G14   1040 1037 1040 1038 1035 1038 1040 1040 1040 1040 1040 1040
G15   1051 1008 1051 1049 1007 1049 1050 1050 1050    0    0    0
G16    830  806  830  745  731  745    0    0    0    0    0    0
G17    970  964  970  970  964  970  967  967  967    0    0    0
G18    985  966  985  978  960  978  985  985  985  985  985  985
G19   1014 1004 1014 1001  993 1001    0    0    0    0    0    0
G20    789  769  789  760  742  760    0    0    0    0    0    0
G21   1062 1022 1062 1030  997 1030 1062 1062 1062 1062 1062 1062
G22   1058 1055 1058 1038 1037 1038    0    0    0    0    0    0
G23   1036 1030 1036 1034 1028 1034 1036 1036 1036 1036 1036 1036
G24   1262 1229 1262 1251 1221 1251 1262 1262 1262 1262 1262 1262
G25   1128 1090 1128 1128 1090 1128 1128 1128 1128 1128 1128 1128
G26   1081 1035 1081 1069 1024 1069 1081 1081 1081 1081 1081 1081
G27   1222 1175 1222 1220 1174 1220 1222 1221 1222 1222 1222 1222
G28    812  807  812  797  793  797  812  812  812  812  812  812
G29    844  825  844  844  825  844  844  844  844    0    0    0
G30    921  912  921  921  912  921  921  921  921  921  921  921
G31    869  860  869  865  857  865  868  868  868    0    0    0
G32   1011  999 1011 1009  999 1009 1011 1011 1011 1010 1010 1010
# ------------------------------------------
# GLONASS
%      C1C  L1C  S1C  C1P  L1P  S1P  C2C  L2C  S2C  C2P  L2P  S2P  C3X  L3X  S3X
R01    978  978  978  966  965  966    1    0    1    0    0    0    0    0    0
R02    930  929  930  927  924  927  930  930  930  924  923  924    0    0    0
R03    970  970  970  967  965  967  969  968  969  959  952  959    0    0    0
R04   1071 1070 1071 1067 1066 1067 1068 1066 1068 1059 1058 1059    0    0    0
R05   1127 1127 1127 1126 1125 1126 1127 1126 1127 1121 1119 1121    0    0    0
R06    777  777  777  753  748  753    0    0    0    0    0    0    0    0    0
R07    956  955  956  951  949  951  950  948  950  934  930  934    0    0    0
R08    920  920  920  918  916  918  919  919  919  915  912  915    0    0    0
R09   1155 1155 1155 1152 1149 1152 1155 1154 1155 1144 1143 1144 1155 1155 1155
R10   1152 1151 1152 1145 1143 1145    0    0    0    0    0    0    0    0    0
R11   1047 1045 1047 1044 1041 1044 1044 1043 1044 1032 1025 1032    0    0    0
R12    859  859  859  859  859  859  859  859  859  850  848  850    0    0    0
R13    671  669  671  660  655  660    0    0    0    0    0    0    0    0    0
R14    916  916  916  916  916  916  913  913  913  908  907  908    0    0    0
R15   1059 1059 1059 1059 1059 1059 1059 1059 1059 1056 1055 1056    0    0    0
R16   1130 1130 1130 1130 1129 1130 1130 1129 1130 1126 1126 1126    0    0    0
R17   1019 1018 1019 1015 1011 1015 1018 1015 1018 1006 1002 1006    0    0    0
R18   1033 1032 1033 1026 1024 1026 1029 1029 1029 1016 1013 1016    0    0    0
R19   1089 1089 1089 1085 1083 1085 1086 1085 1086 1081 1079 1081    0    0    0
R20   1018 1018 1018  987  987  987 1018 1018 1018 1018 1018 1018    0    0    0
R21   1125 1125 1125 1125 1125 1125 1125 1124 1125 1123 1122 1123 1123 1123 1123
R22    753  753  753  752  751  752  749  747  749  735  732  735    0    0    0
R23    768  768  768  761  758  761    0    0    0    0    0    0    0    0    0
R24   1001 1000 1001  995  989  995 1000 1000 1000  989  988  989    0    0    0
# ------------------------------------------
# Galileo
%      C1X  L1X  S1X  C5X  L5X  S5X  C7X  L7X  S7X  C8X  L8X  S8X  C6X  L6X  S6X
E02    299  299  299  299  299  299  299  299  299  299  299  299  299  299  299
E03    889  888  889  887  887  887  888  887  888  889  888  889  887  886  887
E04   1309 1306 1309 1309 1309 1309 1309 1309 1309 1309 1309 1309 1309 1306 1309
E05    812  812  812  812  812  812  812  812  812  812  812  812  812  812  812
E06   1187 1186 1187 1187 1187 1187 1187 1187 1187 1168 1168 1168 1186 1185 1186
E07   1020 1018 1020 1019 1018 1019 1020 1020 1020 1020 1020 1020 1020 1018 1020
E08    780  778  780  780  780  780  780  780  780  780  780  780  780  778  780
E09   1044 1043 1044 1044 1044 1044 1044 1044 1044 1044 1044 1044 1043 1042 1043
E10   1402 1400 1402 1399 1399 1399 1401 1399 1401 1401 1401 1401 1398 1396 1398
E11   1015 1014 1015 1015 1015 1015 1015 1015 1015 1015 1015 1015 1012 1011 1012
E12   1578 1573 1578 1576 1575 1576 1577 1576 1577 1578 1578 1578 1572 1567 1572
E13   1159 1159 1159 1159 1159 1159 1159 1159 1159 1159 1159 1159 1159 1159 1159
E15    768  766  768  763  763  763  767  767  767  768  768  768  766  764  766
E16    928  928  928  928  928  928  928  928  928  928  928  928  928  928  928
E19   1213 1211 1213 1207 1207 1207 1210 1209 1210 1213 1213 1213 1212 1210 1212
E21   1735 1733 1735 1730 1730 1730 1734 1734 1734 1735 1735 1735 1732 1730 1732
E23   1618 1617 1618 1616 1614 1616 1617 1616 1617 1616 1616 1616 1615 1614 1615
E24   1070 1070 1070 1070 1070 1070 1070 1070 1070 1070 1070 1070 1070 1070 1070
E25    756  755  756  756  756  756  756  756  756  756  756  756  756  755  756
E26   1313 1311 1313 1313 1313 1313 1313 1313 1313 1313 1313 1313 1313 1311 1313
E27   1197 1196 1197 1188 1188 1188 1190 1190 1190 1197 1197 1197 1196 1195 1196
E29   1227 1227 1227 1225 1225 1225 1226 1226 1226 1227 1227 1227 1227 1227 1227
E30    454  454  454  454  454  454  454  454  454  454  454  454  454  454  454
E31   1414 1407 1414 1414 1414 1414 1414 1414 1414 1414 1414 1414 1413 1406 1413
E33   1568 1566 1568 1562 1562 1562 1568 1568 1568 1568 1568 1568 1565 1563 1565
E34    334  334  334  334  334  334  334  334  334  334  334  334  333  333  333
E36    300  300  300  299  299  299  299  299  299  300  300  300  299  299  299
# ------------------------------------------
# QZSS
%      C1C  L1C  S1C  C1X  L1X  S1X  C1Z  L1Z  S1Z  C2X  L2X  S2X  C5X  L5X  S5X
J02   2077 2041 2077 2075 2074 2075 2072 2037 2072 2076 2076 2076 2077 2077 2077
J03   2157 2112 2157 2157 2156 2157 2151 2108 2151 2157 2157 2157 2157 2157 2157
J04   2433 2366 2433 2432 2431 2432 2431 2364 2431 2432 2432 2432 2433 2433 2433
J07   2880 2055 2880 2880 2880 2880 2879 2055 2879 2880 2880 2880 2880 2880 2880
# ------------------------------------------
# Beidou
%      C1X  L1X  S1X  C5X  L5X  S5X  C2I  L2I  S2I  C7I  L7I  S7I  C6I  L6I  S6I
C01      0    0    0    0    0    0 2787 2663 2787 2782 2656 2782 2781 2651 2781
C02      0    0    0    0    0    0 2880 2880 2880 2880 2880 2880 2880 2880 2880
C03      0    0    0    0    0    0 2880 2880 2880 2880 2880 2880 2880 2880 2880
C05      0    0    0    0    0    0 2880 2880 2880 2880 2880 2880 2880 2880 2880
C06      0    0    0    0    0    0 2519 2516 2519 2519 2516 2519 2519 2516 2519
C11      0    0    0    0    0    0  991  990  991  990  989  990  990  989  990
C12      0    0    0    0    0    0  963  963  963  963  963  963  963  963  963
C13      0    0    0    0    0    0 2534 2531 2534 2530 2527 2530 2530 2527 2530
C14      0    0    0    0    0    0 1104 1104 1104 1104 1104 1104 1104 1104 1104
C16      0    0    0    0    0    0 2525 2521 2525 2524 2520 2524 2524 2520 2524
C19   1091 1090 1091 1091 1091 1091 1092 1091 1092    0    0    0 1091 1090 1091
C20    973  971  973  980  979  980  980  976  980    0    0    0  977  973  977
C21    870  869  870  872  872  872  872  872  872    0    0    0  870  870  870
C22    970  967  970  970  970  970  971  971  971    0    0    0  969  969  969
C23    987  986  987  987  987  987  987  984  987    0    0    0  986  983  986
C24   1360 1358 1360 1360 1360 1360 1360 1359 1360    0    0    0 1360 1359 1360
C25   1348 1346 1348 1351 1351 1351 1352 1349 1352    0    0    0 1348 1345 1348
C26    940  934  940  933  933  933  942  940  942    0    0    0  941  939  941
C27   1428 1425 1428 1431 1430 1431 1431 1429 1431    0    0    0 1429 1426 1429
C28   1475 1473 1475 1481 1481 1481 1483 1478 1483    0    0    0 1483 1478 1483
C29    663  663  663  663  663  663  663  663  663    0    0    0  663  663  663
C30   1016 1016 1016 1015 1014 1015 1017 1013 1017    0    0    0 1015 1012 1015
C32    986  986  986  987  987  987  987  986  987    0    0    0  985  984  985
C33   1181 1181 1181 1182 1181 1182 1182 1179 1182    0    0    0 1182 1179 1182
C34   1109 1109 1109 1109 1109 1109 1109 1109 1109    0    0    0 1109 1109 1109
C35    831  830  831  833  833  833  834  834  834    0    0    0  833  833  833
C36    807  807  807  807  807  807  807  807  807    0    0    0  807  807  807
C37   1141 1141 1141 1141 1141 1141 1141 1141 1141    0    0    0 1141 1141 1141
C38   2311 2311 2311 2312 2311 2312 2312 2310 2312    0    0    0 2310 2307 2310
C39   2338 2337 2338 2340 2340 2340 2340 2340 2340    0    0    0 2340 2340 2340
C40   2406 2405 2406 2406 2406 2406 2406 2403 2406    0    0    0 2406 2403 2406
C41   1163 1162 1163 1165 1165 1165 1165 1165 1165    0    0    0 1163 1163 1163
C42   1052 1051 1052 1052 1052 1052 1053 1052 1053    0    0    0 1051 1051 1051
C43   1197 1194 1197 1187 1187 1187 1199 1199 1199    0    0    0 1199 1199 1199
C44    844  843  844  844  844  844  844  844  844    0    0    0  844  844  844
C45    635  635  635  636  636  636  636  635  636    0    0    0  635  634  635
C47    687  687  687  687  687  687  687  687  687    0    0    0  687  687  687
C48   1052 1050 1052 1053 1053 1053 1053 1053 1053    0    0    0 1050 1050 1050
C49   1312 1311 1312 1310 1310 1310 1312 1312 1312    0    0    0 1311 1311 1311
C50    951  950  951  953  953  953  953  950  953    0    0    0  952  949  952
C56    114    0  114   13    0   13 2880 2880 2880    0    0    0 2880 2880 2880
C58      8    0    8    1    0    1  316  316  316    0    0    0    0    0    0
C59      0    0    0    0    0    0 2880 2876 2880    0    0    0 2880 2876 2880
C60      0    0    0    0    0    0 2880 2880 2880    0    0    0 2880 2880 2880
# ------------------------------------------
# NavIC/IRNSS
%      C5A  L5A  S5A
I02   2880 2880 2880
I03   2880 2880 2880
I06   2880 2880 2880
I09   2880 2880 2880
I10   2880 2880 2880
# ------------------------------------------
# Cycle slip detection settings:
# ------------------------------------------
# Elmask (slip count ): 10.0
# Elmask (slip detect): 0.0
# MP detection type   : offset
# MP reference type   : rolling average (window=50epochs)
# MP threshold        : 2.000 (m)
# GF detection type   : velocity
# GF reference type   : single epoch
# GF threshold        : 0.050 (m/s)
# MW detection type   : sigma
# MW reference type   : rolling average (window=50epochs)
# MW threshold        : 4.000 (sigmas)
# ------------------------------------------
# Quality Report:
# ------------------------------------------
# For each satellite
% PRN, STD(MP1), STD(MP2), STD(MP5), # of slips/nobs (MP1, MP2, MP5, GF, MW, IOD(L1))
  G01,   0.2562,   0.2934,   0.1606,    26 /  1245,    28 /  1245,     6 /  1245,    20 /  1245,    14 /  1245,    24 /  1245
  G02,   0.2504,   0.3333,     ----,     6 /  1201,     4 /  1201,     0 /     0,     1 /  1201,    11 /  1201,     5 /  1201
  G03,   0.1908,   0.2143,   0.1622,     8 /   870,     9 /   870,     7 /   869,     3 /   870,    15 /   870,     7 /   870
  G04,   0.1840,   0.2336,   0.1437,    12 /   921,    12 /   921,     2 /   921,    10 /   921,    18 /   921,    11 /   921
  G05,   0.1908,   0.1969,     ----,     5 /   829,     5 /   829,     0 /     0,     3 /   829,    10 /   829,     4 /   829
  G06,   0.1708,   0.2026,   0.1369,     2 /   810,     2 /   810,     1 /   810,     2 /   810,     6 /   810,     3 /   810
  G07,   0.1721,   0.1854,     ----,     3 /  1008,     3 /  1008,     0 /     0,     2 /  1008,     8 /  1008,     2 /  1008
  G08,   0.2463,   0.2378,   0.1909,     8 /  1085,    10 /  1085,     8 /  1085,     4 /  1085,     7 /  1085,     7 /  1085
  G09,   0.1639,   0.1676,   0.1221,     3 /   782,     3 /   782,     2 /   782,     1 /   782,     2 /   782,     2 /   782
  G10,   0.1481,   0.1944,   0.1302,     1 /  1050,     1 /  1050,     1 /  1050,     1 /  1050,     2 /  1050,     1 /  1050
  G11,   0.1703,   0.2409,   0.1489,     7 /   947,     7 /   947,     2 /   947,     6 /   947,    10 /   947,     6 /   947
  G12,   0.2272,   0.2034,     ----,     6 /   810,     7 /   810,     0 /     0,     3 /   810,    10 /   810,     7 /   810
  G13,   0.2003,   0.3290,     ----,     1 /  1104,     1 /  1104,     0 /     0,     1 /  1104,     0 /  1104,     1 /  1104
  G14,   0.1785,   0.2124,   0.1203,     3 /  1036,     3 /  1036,     1 /  1036,     2 /  1036,     3 /  1036,     3 /  1036
  G15,   0.1996,   0.2345,     ----,     6 /  1008,     6 /  1008,     0 /     0,     3 /  1008,    14 /  1008,     5 /  1008
  G16,   0.1763,   0.2440,     ----,     0 /   731,     0 /   731,     0 /     0,     0 /   731,     3 /   731,     0 /   731
  G17,   0.1729,   0.1837,     ----,     1 /   964,     1 /   964,     0 /     0,     2 /   964,    14 /   964,     3 /   964
  G18,   0.1594,   0.2223,   0.1919,     4 /   966,     5 /   966,     1 /   966,     4 /   966,     8 /   966,     4 /   966
  G19,   0.1603,   0.2104,     ----,     2 /   993,     2 /   993,     0 /     0,     1 /   993,    10 /   993,     1 /   993
  G20,   0.1687,   0.2041,     ----,     1 /   742,     2 /   742,     0 /     0,     1 /   742,     6 /   742,     3 /   742
  G21,   0.2469,   0.3320,   0.1400,    12 /  1022,    13 /  1022,     3 /  1022,     5 /  1022,     8 /  1022,    11 /  1022
  G22,   0.1811,   0.2242,     ----,     0 /  1037,     0 /  1037,     0 /     0,     0 /  1037,     4 /  1037,     0 /  1037
  G23,   0.1979,   0.2211,   0.1201,     1 /  1030,     2 /  1030,     1 /  1030,     0 /  1030,     0 /  1030,     2 /  1030
  G24,   0.1959,   0.2291,   0.1674,    10 /  1229,    10 /  1229,     2 /  1229,    10 /  1229,     9 /  1229,    10 /  1229
  G25,   0.2420,   0.2239,   0.1490,     0 /  1090,     0 /  1090,     0 /  1090,     1 /  1090,     4 /  1090,     1 /  1090
  G26,   0.2249,   0.2194,   0.1899,    13 /  1035,    14 /  1035,     8 /  1035,     9 /  1035,    14 /  1035,    10 /  1035
  G27,   0.2063,   0.2739,   0.1659,    12 /  1175,    12 /  1175,    11 /  1175,     6 /  1175,    11 /  1175,     7 /  1175
  G28,   0.1668,   0.2008,   0.1041,     7 /   807,     7 /   807,     1 /   807,     5 /   807,     6 /   807,     6 /   807
  G29,   0.2330,   0.2426,     ----,     1 /   825,     1 /   825,     0 /     0,     1 /   825,     3 /   825,     1 /   825
  G30,   0.2009,   0.1971,   0.1368,     0 /   912,     0 /   912,     0 /   912,     0 /   912,     1 /   912,     0 /   912
  G31,   0.1645,   0.2009,     ----,     5 /   860,     5 /   860,     0 /     0,     3 /   860,     4 /   860,     4 /   860
  G32,   0.2292,   0.2767,   0.1683,     3 /   999,     3 /   999,     3 /   998,     2 /   999,     4 /   999,     3 /   999
  R01,     ----,     ----,     ----,     0 /     0,     0 /     0,     0 /     0,     0 /     0,     0 /     0,     0 /     0
  R02,   0.2736,   0.2080,     ----,    21 /   929,    22 /   929,     0 /     0,    15 /   929,     5 /   929,    20 /   929
  R03,   0.2368,   0.2499,     ----,    27 /   968,    26 /   968,     0 /     0,    15 /   968,    10 /   968,    24 /   968
  R04,   0.2449,   0.2047,     ----,    16 /  1065,    17 /  1065,     0 /     0,    13 /  1065,     8 /  1065,    16 /  1065
  R05,   0.2513,   0.1955,     ----,     8 /  1126,    11 /  1126,     0 /     0,     5 /  1126,     9 /  1126,     8 /  1126
  R06,     ----,     ----,     ----,     0 /     0,     0 /     0,     0 /     0,     0 /     0,     0 /     0,     0 /     0
  R07,   0.2868,   0.2477,     ----,    11 /   948,    17 /   948,     0 /     0,     3 /   948,    10 /   948,     9 /   948
  R08,   0.2571,   0.1941,     ----,    11 /   918,    12 /   918,     0 /     0,     7 /   918,    10 /   918,    10 /   918
  R09,   0.2268,   0.2167,   0.2060,    29 /  1155,    28 /  1154,     7 /  1155,    24 /  1155,     7 /  1155,    29 /  1155
  R10,     ----,     ----,     ----,     0 /     0,     0 /     0,     0 /     0,     0 /     0,     0 /     0,     0 /     0
  R11,   0.3256,   0.2824,     ----,    20 /  1042,    22 /  1042,     0 /     0,     8 /  1042,     7 /  1042,    20 /  1042
  R12,   0.2863,   0.2638,     ----,     6 /   859,     8 /   859,     0 /     0,     4 /   859,     7 /   859,     6 /   859
  R13,     ----,     ----,     ----,     0 /     0,     0 /     0,     0 /     0,     0 /     0,     0 /     0,     0 /     0
  R14,   0.2625,   0.2022,     ----,    11 /   913,    12 /   913,     0 /     0,     9 /   913,     4 /   913,    10 /   913
  R15,   0.2969,   0.1889,     ----,     6 /  1059,     6 /  1059,     0 /     0,     5 /  1059,     7 /  1059,     6 /  1059
  R16,   0.2416,   0.1938,     ----,     4 /  1129,     4 /  1129,     0 /     0,     3 /  1129,     6 /  1129,     4 /  1129
  R17,   0.3333,   0.2273,     ----,    27 /  1015,    29 /  1015,     0 /     0,    17 /  1015,     7 /  1015,    26 /  1015
  R18,   0.3085,   0.2672,     ----,    19 /  1029,    22 /  1029,     0 /     0,    15 /  1029,    13 /  1029,    21 /  1029
  R19,   0.2088,   0.1961,     ----,     7 /  1085,     7 /  1085,     0 /     0,     5 /  1085,    10 /  1085,     7 /  1085
  R20,   0.2896,   0.1359,     ----,     0 /  1018,     0 /  1018,     0 /     0,     0 /  1018,     2 /  1018,     0 /  1018
  R21,   0.2625,   0.2028,   0.2244,     8 /  1125,     8 /  1124,     7 /  1123,     7 /  1125,     2 /  1125,     8 /  1125
  R22,   0.2137,   0.1903,     ----,    22 /   747,    23 /   747,     0 /     0,    22 /   747,     3 /   747,    22 /   747
  R23,     ----,     ----,     ----,     0 /     0,     0 /     0,     0 /     0,     0 /     0,     0 /     0,     0 /     0
  R24,   0.2590,   0.2275,     ----,    16 /   999,    16 /   999,     0 /     0,    13 /   999,     8 /   999,    15 /   999
  E02,   0.2296,   0.1761,   0.1702,     0 /   299,     0 /   299,     0 /   299,     0 /   299,     1 /   299,     0 /   299
  E03,   0.2956,   0.2708,   0.2714,     9 /   887,     9 /   887,     9 /   887,     3 /   887,     9 /   887,     9 /   887
  E04,   0.1916,   0.1577,   0.1509,     4 /  1306,     4 /  1306,     4 /  1306,     2 /  1306,     4 /  1306,     3 /  1306
  E05,   0.1758,   0.1481,   0.1398,     3 /   812,     2 /   812,     3 /   812,     2 /   812,     6 /   812,     3 /   812
  E06,   0.2067,   0.1569,   0.1575,     4 /  1186,     4 /  1186,     4 /  1186,     2 /  1186,    15 /  1186,     3 /  1186
  E07,   0.2165,   0.1593,   0.1581,     6 /  1018,     6 /  1018,     7 /  1016,     2 /  1018,     8 /  1018,     4 /  1018
  E08,   0.2497,   0.2280,   0.2047,     3 /   778,     3 /   778,     4 /   778,     1 /   778,     8 /   778,     3 /   778
  E09,   0.1673,   0.1372,   0.1508,     1 /  1043,     1 /  1043,     1 /  1043,     0 /  1043,     1 /  1043,     0 /  1043
  E10,   0.2095,   0.1680,   0.1886,    13 /  1398,    10 /  1397,    10 /  1397,     5 /  1398,     5 /  1398,     8 /  1398
  E11,   0.2526,   0.2369,   0.2572,     8 /  1014,     7 /  1014,     7 /  1014,     3 /  1014,     3 /  1014,     6 /  1014
  E12,   0.2664,   0.1844,   0.2008,    13 /  1573,    12 /  1572,    13 /  1571,     6 /  1573,     9 /  1573,    10 /  1573
  E13,   0.1246,   0.1039,   0.1046,     3 /  1159,     3 /  1159,     3 /  1159,     2 /  1159,     2 /  1159,     3 /  1159
  E15,   0.2068,   0.1781,   0.1859,     8 /   765,     8 /   765,     9 /   761,     4 /   765,     5 /   765,     7 /   765
  E16,   0.1622,   0.1474,   0.1330,     1 /   928,     1 /   928,     2 /   928,     0 /   928,     1 /   928,     1 /   928
  E19,   0.1588,   0.1356,   0.1446,     3 /  1208,     3 /  1208,     2 /  1205,     3 /  1208,     0 /  1208,     3 /  1208
  E21,   0.2330,   0.1915,   0.1869,    10 /  1732,    10 /  1732,     7 /  1728,     7 /  1732,    15 /  1732,     8 /  1732
  E23,   0.2321,   0.2702,   0.1785,    16 /  1615,    15 /  1615,    15 /  1613,    11 /  1615,    14 /  1615,    13 /  1615
  E24,   0.1165,   0.1036,   0.0976,     0 /  1070,     0 /  1070,     0 /  1070,     0 /  1070,     2 /  1070,     0 /  1070
  E25,   0.2133,   0.1862,   0.1747,     0 /   755,     0 /   755,     0 /   755,     0 /   755,     0 /   755,     0 /   755
  E26,   0.1797,   0.1575,   0.1470,     1 /  1311,     1 /  1311,     1 /  1311,     1 /  1311,     4 /  1311,     1 /  1311
  E27,   0.2273,   0.1724,   0.2006,     6 /  1189,     4 /  1188,     6 /  1186,     4 /  1189,     8 /  1189,     5 /  1189
  E29,   0.1781,   0.1547,   0.1704,     3 /  1226,     3 /  1226,     3 /  1225,     1 /  1226,     5 /  1226,     2 /  1226
  E30,   0.1589,   0.1455,   0.1453,     2 /   453,     2 /   453,     2 /   453,     2 /   453,     2 /   453,     2 /   453
  E31,   0.2177,   0.1592,   0.1885,     3 /  1407,     3 /  1407,     3 /  1407,     2 /  1407,     9 /  1407,     3 /  1407
  E33,   0.2247,   0.1862,   0.1818,    12 /  1565,    11 /  1565,     8 /  1560,     5 /  1565,     9 /  1565,     8 /  1565
  E34,   0.2499,   0.2184,   0.2079,     2 /   334,     1 /   334,     2 /   334,     0 /   334,     6 /   334,     2 /   334
  E36,   0.1405,   0.1245,   0.1140,     0 /   299,     0 /   299,     0 /   299,     0 /   299,     0 /   299,     0 /   299
  J02,   0.2094,   0.1863,   0.1367,    53 /  2076,    52 /  2075,    51 /  2076,    51 /  2076,    15 /  2076,    53 /  2076
  J03,   0.1829,   0.1657,   0.1240,    64 /  2157,    63 /  2157,    63 /  2157,    63 /  2157,     9 /  2157,    63 /  2157
  J04,   0.1925,   0.1871,   0.1149,   101 /  2433,    99 /  2432,    99 /  2433,    68 /  2433,    24 /  2433,   101 /  2433
  J07,   0.2808,   0.1131,   0.0608,   772 /  2880,   772 /  2880,   772 /  2880,   716 /  2880,     9 /  2880,   772 /  2880
  C01,   0.4168,   0.4777,     ----,    37 /  2656,    39 /  2656,     0 /     0,     8 /  2656,    64 /  2656,    22 /  2656
  C02,   0.1312,   0.0909,     ----,     0 /  2880,     0 /  2880,     0 /     0,     0 /  2880,     2 /  2880,     0 /  2880
  C03,   0.1503,   0.1161,     ----,     0 /  2880,     0 /  2880,     0 /     0,     0 /  2880,     1 /  2880,     0 /  2880
  C05,   0.1242,   0.0953,     ----,     0 /  2880,     0 /  2880,     0 /     0,     0 /  2880,     0 /  2880,     0 /  2880
  C06,   0.1685,   0.1555,     ----,     1 /  2516,     1 /  2516,     0 /     0,     1 /  2516,     3 /  2516,     2 /  2516
  C11,   0.2155,   0.1758,     ----,     1 /   989,     1 /   989,     0 /     0,     1 /   989,     1 /   989,     1 /   989
  C12,   0.2098,   0.1311,     ----,     0 /   963,     0 /   963,     0 /     0,     0 /   963,     4 /   963,     1 /   963
  C13,   0.1416,   0.1896,     ----,     4 /  2527,     5 /  2527,     0 /     0,     1 /  2527,     2 /  2527,     2 /  2527
  C14,   0.1830,   0.1583,     ----,     0 /  1104,     0 /  1104,     0 /     0,     0 /  1104,     1 /  1104,     0 /  1104
  C16,   0.1511,   0.1900,     ----,     2 /  2520,     1 /  2520,     0 /     0,     1 /  2520,     6 /  2520,     2 /  2520
  C19,   0.1773,     ----,   0.1813,     3 /  1091,     0 /     0,     3 /  1091,     3 /  1091,     4 /  1091,     3 /  1091
  C20,   0.2137,     ----,   0.1754,     5 /   978,     0 /     0,     6 /   978,     5 /   978,     5 /   978,     5 /   978
  C21,   0.1569,     ----,   0.1157,     4 /   872,     0 /     0,     4 /   872,     0 /   872,     2 /   872,     2 /   872
  C22,   0.2150,     ----,   0.1800,     1 /   970,     0 /     0,     2 /   970,     1 /   970,     7 /   970,     1 /   970
  C23,   0.1648,     ----,   0.1243,     8 /   987,     0 /     0,     8 /   987,     8 /   987,     4 /   987,     8 /   987
  C24,   0.2195,     ----,   0.1559,     5 /  1360,     0 /     0,     5 /  1360,     2 /  1360,     4 /  1360,     3 /  1360
  C25,   0.1838,     ----,   0.1895,    13 /  1348,     0 /     0,    12 /  1348,     6 /  1348,    14 /  1348,    10 /  1348
  C26,   0.2760,     ----,   0.2406,     8 /   932,     0 /     0,     8 /   932,     3 /   932,     8 /   932,     5 /   932
  C27,   0.2249,     ----,   0.2085,     8 /  1428,     0 /     0,     9 /  1428,     2 /  1428,     3 /  1428,     5 /  1428
  C28,   0.2995,     ----,   0.1973,    12 /  1478,     0 /     0,    14 /  1478,     6 /  1478,     9 /  1478,     9 /  1478
  C29,   0.1573,     ----,   0.1535,     2 /   663,     0 /     0,     2 /   663,     1 /   663,     4 /   663,     2 /   663
  C30,   0.3203,     ----,   0.2293,     9 /  1013,     0 /     0,    11 /  1013,     8 /  1013,     9 /  1013,     9 /  1013
  C32,   0.1679,     ----,   0.1445,     8 /   987,     0 /     0,     8 /   987,     3 /   987,     6 /   987,     8 /   987
  C33,   0.2076,     ----,   0.1049,     4 /  1181,     0 /     0,     4 /  1181,     4 /  1181,     3 /  1181,     4 /  1181
  C34,   0.1983,     ----,   0.1491,     1 /  1109,     0 /     0,     1 /  1109,     1 /  1109,     5 /  1109,     1 /  1109
  C35,   0.1741,     ----,   0.1839,     1 /   833,     0 /     0,     2 /   833,     1 /   833,     8 /   833,     2 /   833
  C36,   0.2165,     ----,   0.1420,     0 /   807,     0 /     0,     0 /   807,     0 /   807,     1 /   807,     0 /   807
  C37,   0.1904,     ----,   0.1211,     0 /  1141,     0 /     0,     0 /  1141,     0 /  1141,     1 /  1141,     0 /  1141
  C38,   0.1628,     ----,   0.1067,     6 /  2311,     0 /     0,     6 /  2311,     4 /  2311,     3 /  2311,     5 /  2311
  C39,   0.1757,     ----,   0.1193,     3 /  2340,     0 /     0,     3 /  2340,     2 /  2340,     6 /  2340,     3 /  2340
  C40,   0.1795,     ----,   0.1227,     8 /  2406,     0 /     0,     9 /  2406,     6 /  2406,     3 /  2406,     8 /  2406
  C41,   0.1819,     ----,   0.1565,     5 /  1164,     0 /     0,     5 /  1164,     1 /  1164,     3 /  1164,     4 /  1164
  C42,   0.1862,     ----,   0.1639,     1 /  1052,     0 /     0,     2 /  1052,     1 /  1052,     3 /  1052,     1 /  1052
  C43,   0.1794,     ----,   0.2166,     6 /  1187,     0 /     0,     7 /  1187,     0 /  1187,     8 /  1187,     5 /  1187
  C44,   0.2456,     ----,   0.1081,     3 /   844,     0 /     0,     3 /   844,     1 /   844,     6 /   844,     2 /   844
  C45,   0.2212,     ----,   0.1348,     5 /   636,     0 /     0,     6 /   636,     4 /   636,     2 /   636,     4 /   636
  C47,   0.1350,     ----,   0.0965,     1 /   687,     0 /     0,     1 /   687,     0 /   687,     4 /   687,     1 /   687
  C48,   0.1820,     ----,   0.1564,     6 /  1053,     0 /     0,     7 /  1053,     1 /  1053,     4 /  1053,     3 /  1053
  C49,   0.2125,     ----,   0.1852,     3 /  1310,     0 /     0,     3 /  1310,     1 /  1310,     9 /  1310,     1 /  1310
  C50,   0.1488,     ----,   0.1427,     8 /   953,     0 /     0,     8 /   953,     6 /   953,     8 /   953,     8 /   953
  C56,     ----,     ----,     ----,     0 /     0,     0 /     0,     0 /     0,     0 /     0,     0 /     0,     0 /     0
  C58,     ----,     ----,     ----,     0 /     0,     0 /     0,     0 /     0,     0 /     0,     0 /     0,     0 /     0
  C59,     ----,     ----,     ----,     0 /     0,     0 /     0,     0 /     0,     0 /     0,     0 /     0,     0 /     0
  C60,     ----,     ----,     ----,     0 /     0,     0 /     0,     0 /     0,     0 /     0,     0 /     0,     0 /     0
  I02,     ----,     ----,     ----,     0 /     0,     0 /     0,     0 /     0,     0 /     0,     0 /     0,     0 /     0
  I03,     ----,     ----,     ----,     0 /     0,     0 /     0,     0 /     0,     0 /     0,     0 /     0,     0 /     0
  I06,     ----,     ----,     ----,     0 /     0,     0 /     0,     0 /     0,     0 /     0,     0 /     0,     0 /     0
  I09,     ----,     ----,     ----,     0 /     0,     0 /     0,     0 /     0,     0 /     0,     0 /     0,     0 /     0
  I10,     ----,     ----,     ----,     0 /     0,     0 /     0,     0 /     0,     0 /     0,     0 /     0,     0 /     0
# ------------------------------------------
# Summary of each satellite system
% SYS, STD(MP1), STD(MP2), STD(MP5), # of slips/nobs (MP1, MP2, MP5, GF, MW, IOD(L1))
    G,   0.2006,   0.2380,   0.1533,   169 / 31123,   178 / 31123,    60 / 19009,   112 / 31123,   239 / 31123,   154 / 31123
    R,   0.2688,   0.2178,   0.2152,   269 / 19129,   290 / 19127,    14 /  2278,   190 / 19129,   135 / 19129,   261 / 19129
    E,   0.2094,   0.1788,   0.1761,   134 / 28330,   123 / 28327,   125 / 28303,    68 / 28330,   151 / 28330,   107 / 28330
    J,   0.2244,   0.1629,   0.1096,   990 /  9546,   986 /  9544,   985 /  9546,   898 /  9546,    57 /  9546,   989 /  9546
    C,   0.2036,   0.2149,   0.1595,   192 / 57036,    47 / 21915,   159 / 35121,    93 / 57036,   240 / 57036,   152 / 57036
    I,     ----,     ----,     ----,     0 /     0,     0 /     0,     0 /     0,     0 /     0,     0 /     0,     0 /     0
