# ------------------------------------------
# Quality Check Summary by Ringo software
# ------------------------------------------
# Executed at            : 2026/03/16 12:33:03 UTC
# ------------------------------------------
# QC of RINEX file       : D:\Master in Geoinformatics\Semester 2\GNSS Survey Mapping\Lab\Lab 2\ringo\Data\1\ropa1970.25o.gz
# input RnxNav files     : D:\Master in Geoinformatics\Semester 2\GNSS Survey Mapping\Lab\Lab 2\ringo\BRDC\1\BRDC00IGS_R_20251970000_01D_MN.rnx.gz
# ------------------------------------------
# Marker                 : ROPA                                                        
# Receiver               : TRIMBLE ALLOY       
# Antenna                : TRM159900.00    SCIS
# Time of Start          : 2025/07/16 00:00:00.000
# Time of End            : 2025/07/16 23:59:30.000
# Approx XYZ             :   1279202.3004,   5322673.7494,   3262591.1296
# Observation Interval   : 30.0000 seconds
# Satellite systems      : GREJCI
#                        : G01G02G03G04G05G06G07G08G09G10G11G12G13G14G15G16G17G18G19G20G21G22G23G24G25G26G27G28G29G30G31G32
#                        : R01R02R03R04R05R06R07R08R09R10R11R12R13R14R15R16R17R18R19R20R21R22R23R24
#                        : E02E03E04E05E06E07E08E09E10E11E12E13E15E16E19E21E23E24E25E26E27E29E30E31E33E34E36
#                        : J02J03J04J07
#                        : C01C02C03C05C06C11C12C13C14C16C19C20C21C22C23C24C25C26C27C28C29C30C32C33C34C35C36C37C38C39C40C41C42C43C44C45C47C48C49C50C56C58C59C60
#                        : I02I03I05I06I09I10
# Total satellites       : 137
# Number of obs epochs   : 2880
# Number of obs data     : 161302
# N Expected epochs      : 2880
# Observation rate (%)   : 100.00
# N obs data     (>10deg): 138161
# N possible obs (> 0deg): 166106
# N possible obs (>10deg): 138795
# ------------------------------------------
# Number of obs epochs for each SV:
# ------------------------------------------
# GPS
%      C1C  L1C  S1C  C2W  L2W  S2W  C2X  L2X  S2X  C5X  L5X  S5X
G01   1040 1029 1040 1024 1016 1024 1040 1040 1040 1040 1040 1040
G02   1032 1020 1032 1008 1000 1008    0    0    0    0    0    0
G03    732  723  732  730  721  730  726  726  726  732  732  732
G04    884  882  884  873  872  873  884  884  884  884  884  884
G05    713  710  713  712  709  712  710  710  710    0    0    0
G06    706  704  706  706  704  706  706  706  706  706  706  706
G07    950  949  950  948  948  948  950  950  950    0    0    0
G08    958  940  958  955  938  955  954  954  954  958  958  958
G09    756  751  756  755  750  755  756  756  756  756  756  756
G10    967  966  967  967  966  967  967  967  967  967  967  967
G11    840  834  840  816  815  816  840  840  840  840  840  840
G12    729  727  729  729  727  729  728  728  728    0    0    0
G13   1031 1016 1031  960  952  960    0    0    0    0    0    0
G14    968  967  968  964  963  964  967  967  967  968  968  968
G15    930  918  930  928  916  928  922  922  922    0    0    0
G16    832  804  832  768  748  768    0    0    0    0    0    0
G17    919  890  919  916  887  916  919  919  919    0    0    0
G18    922  914  922  905  901  905  921  921  921  922  922  922
G19    939  932  939  937  931  937    0    0    0    0    0    0
G20    690  678  690  683  671  683    0    0    0    0    0    0
G21    939  914  939  918  901  918  939  939  939  939  939  939
G22    968  957  968  949  943  949    0    0    0    0    0    0
G23    953  951  953  948  946  948  953  953  953  953  953  953
G24   1033 1012 1033 1033 1012 1033 1031 1031 1031 1033 1033 1033
G25    977  942  977  974  941  974  965  965  965  977  977  977
G26    937  918  937  936  917  936  931  931  931  937  937  937
G27   1021 1011 1021 1020 1010 1020 1006 1006 1006 1021 1021 1021
G28    712  710  712  706  704  706  712  712  712  712  712  712
G29    807  804  807  806  804  806  806  806  806    0    0    0
G30    863  859  863  863  859  863  862  862  862  863  863  863
G31    782  776  782  782  776  782  775  775  775    0    0    0
G32    942  939  942  942  939  942  940  940  940  942  942  942
# ------------------------------------------
# GLONASS
%      C1C  L1C  S1C  C1P  L1P  S1P  C2C  L2C  S2C  C2P  L2P  S2P  C3X  L3X  S3X
R01    885  885  885  866  866  866    2    0    2    2    0    2    0    0    0
R02    858  858  858  858  858  858  857  857  857  847  844  847    0    0    0
R03    734  734  734  727  725  727  732  732  732  726  725  726    0    0    0
R04    971  971  971  971  970  971  969  969  969  964  961  964    0    0    0
R05   1012 1012 1012 1011 1011 1011 1009 1009 1009 1000  999 1000    0    0    0
R06    849  847  849  812  808  812    0    0    0    0    0    0    0    0    0
R07    902  901  902  901  900  901  902  901  902  896  891  896    0    0    0
R08    851  851  851  851  851  851  851  851  851  851  849  851    0    0    0
R09    946  945  946  941  937  941  928  927  928  910  907  910  925  924  925
R10   1099 1098 1099 1093 1091 1093    0    0    0    0    0    0    0    0    0
R11    931  931  931  928  927  928  930  930  930  922  919  922    0    0    0
R12    825  825  825  823  822  823  820  820  820  812  810  812    0    0    0
R13    645  645  645  640  640  640    0    0    0    0    0    0    0    0    0
R14    849  849  849  848  848  848  849  848  849  845  843  845    0    0    0
R15    932  932  932  925  924  925  930  929  930  914  911  914    0    0    0
R16   1064 1063 1064 1057 1056 1057 1060 1059 1060 1053 1050 1053    0    0    0
R17    896  895  896  893  893  893  896  896  896  888  885  888    0    0    0
R18    962  962  962  954  951  954  958  956  958  948  946  948    0    0    0
R19   1019 1019 1019 1012 1011 1012 1014 1014 1014  992  987  992    0    0    0
R20    986  986  986  954  953  954  986  986  986  986  986  986    0    0    0
R21   1022 1022 1022 1021 1018 1021 1011 1010 1011 1005 1004 1005 1007 1007 1007
R22    702  702  702  699  698  699  695  695  695  682  682  682    0    0    0
R23    655  655  655  647  644  647    1    0    1    1    0    1    0    0    0
R24    908  907  908  898  896  898  897  897  897  886  880  886    0    0    0
# ------------------------------------------
# Galileo
%      C1X  L1X  S1X  C5X  L5X  S5X  C7X  L7X  S7X  C8X  L8X  S8X  C6X  L6X  S6X
E02    299  299  299  297  297  297  298  297  298  299  299  299  299  299  299
E03    848  846  848  845  844  845  844  844  844  848  848  848  846  844  846
E04   1213 1212 1213 1210 1210 1210 1211 1209 1211 1212 1212 1212 1211 1210 1211
E05    728  727  728  727  727  727  728  728  728  728  728  728  728  727  728
E06   1086 1086 1086 1085 1085 1085 1086 1086 1086 1086 1086 1086 1086 1086 1086
E07    864  864  864  864  864  864  861  860  861  864  864  864  862  862  862
E08    647  646  647  645  645  645  645  645  645  647  647  647  646  645  646
E09    941  940  941  941  941  941  941  941  941  941  941  941  940  939  940
E10   1258 1256 1258 1258 1257 1258 1257 1257 1257 1258 1258 1258 1256 1254 1256
E11    853  850  853  853  853  853  853  853  853  853  853  853  851  848  851
E12   1364 1362 1364 1363 1363 1363 1364 1363 1364 1364 1364 1364 1363 1361 1363
E13   1085 1083 1085 1085 1085 1085 1085 1085 1085 1085 1085 1085 1085 1083 1085
E15    730  730  730  730  730  730  730  730  730  730  730  730  730  730  730
E16    870  869  870  870  870  870  870  870  870  870  870  870  869  868  869
E19   1096 1096 1096 1096 1095 1096 1096 1096 1096 1096 1096 1096 1096 1096 1096
E21   1450 1447 1450 1450 1450 1450 1450 1450 1450 1448 1448 1448 1450 1447 1450
E23   1432 1431 1432 1431 1430 1431 1432 1431 1432 1431 1431 1431 1428 1427 1428
E24   1038 1038 1038 1038 1038 1038 1038 1038 1038 1038 1038 1038 1038 1038 1038
E25    721  721  721  721  721  721  721  719  721  721  721  721  721  721  721
E26   1226 1226 1226 1225 1224 1225 1226 1226 1226 1226 1226 1226 1226 1226 1226
E27    997  994  997  990  990  990  996  996  996  995  995  995  996  993  996
E29   1128 1128 1128 1128 1128 1128 1128 1128 1128 1128 1128 1128 1128 1128 1128
E30    396  396  396  396  396  396  396  396  396  396  396  396  395  395  395
E31   1150 1149 1150 1149 1149 1149 1150 1150 1150 1150 1150 1150 1150 1149 1150
E33   1424 1423 1424 1413 1412 1413 1413 1410 1413 1420 1420 1420 1423 1422 1423
E34    289  289  289  286  286  286  286  285  286  288  288  288  287  287  287
E36    280  280  280  280  280  280  280  280  280  280  280  280  280  280  280
# ------------------------------------------
# QZSS
%      C1C  L1C  S1C  C1X  L1X  S1X  C1Z  L1Z  S1Z  C2X  L2X  S2X  C5X  L5X  S5X
J02   1935 1871 1935 1926 1926 1926 1922 1861 1922 1934 1934 1934 1935 1935 1935
J03   1940 1913 1940 1936 1936 1936 1930 1905 1930 1940 1940 1940 1940 1939 1940
J04   2089 2019 2089 2089 2089 2089 2089 2019 2089 2089 2089 2089 2089 2089 2089
J07   2880 1576 2880 2880 2880 2880 2879 1576 2879 2880 2880 2880 2880 2880 2880
# ------------------------------------------
# Beidou
%      C1X  L1X  S1X  C5X  L5X  S5X  C2I  L2I  S2I  C7I  L7I  S7I  C6I  L6I  S6I
C01      0    0    0    0    0    0 2597 2355 2597 2586 2343 2586 1664 1515 1664
C02      0    0    0    0    0    0 2880 2880 2880 2880 2880 2880 2880 2880 2880
C03      0    0    0    0    0    0 2880 2880 2880 2880 2880 2880 2880 2880 2880
C05      0    0    0    0    0    0 2880 2880 2880 2880 2880 2880 2880 2880 2880
C06      0    0    0    0    0    0 2196 2194 2196 2196 2194 2196 2196 2194 2196
C11      0    0    0    0    0    0  944  944  944  941  941  941  942  942  942
C12      0    0    0    0    0    0  900  899  900  900  899  900  900  899  900
C13      0    0    0    0    0    0 2206 2205 2206 2206 2205 2206 2206 2205 2206
C14      0    0    0    0    0    0 1009 1009 1009 1009 1009 1009 1009 1009 1009
C16      0    0    0    0    0    0 2189 2186 2189 2189 2186 2189 2189 2186 2189
C19    912  911  912  914  914  914  917  915  917    0    0    0  917  915  917
C20    772  772  772  769  768  769  773  771  773    0    0    0  771  769  771
C21    773  773  773  773  773  773  773  772  773    0    0    0  772  772  772
C22    910  907  910  912  912  912  914  911  914    0    0    0  912  909  912
C23    878  878  878  878  878  878  878  878  878    0    0    0  877  877  877
C24   1071 1071 1071 1077 1077 1077 1077 1077 1077    0    0    0 1077 1076 1077
C25   1221 1220 1221 1225 1225 1225 1226 1221 1226    0    0    0 1222 1216 1222
C26    804  803  804  805  805  805  805  805  805    0    0    0  804  804  804
C27   1218 1218 1218 1221 1221 1221 1223 1222 1223    0    0    0 1220 1219 1220
C28   1231 1228 1231 1240 1240 1240 1243 1241 1243    0    0    0 1240 1238 1240
C29    552  552  552  544  544  544  553  552  553    0    0    0  553  552  553
C30    950  950  950  950  950  950  951  951  951    0    0    0  951  951  951
C32    912  912  912  912  912  912  912  912  912    0    0    0  912  912  912
C33   1083 1082 1083 1082 1082 1082 1083 1083 1083    0    0    0 1082 1082 1082
C34   1052 1051 1052 1054 1054 1054 1054 1053 1054    0    0    0 1053 1053 1053
C35    718  718  718  718  718  718  718  717  718    0    0    0  718  717  718
C36    802  800  802  798  798  798  802  801  802    0    0    0  802  801  802
C37   1055 1054 1055 1055 1055 1055 1055 1055 1055    0    0    0 1055 1055 1055
C38   2108 2105 2108 2108 2108 2108 2112 2112 2112    0    0    0 2111 2111 2111
C39   2137 2136 2137 2141 2141 2141 2141 2141 2141    0    0    0 2140 2140 2140
C40   2155 2154 2155 2164 2163 2164 2164 2160 2164    0    0    0 2164 2159 2164
C41   1062 1062 1062 1063 1063 1063 1063 1062 1063    0    0    0 1062 1061 1062
C42    974  973  974  975  975  975  975  975  975    0    0    0  975  975  975
C43    942  937  942  927  926  927  949  948  949    0    0    0  947  946  947
C44    779  779  779  780  780  780  780  778  780    0    0    0  779  777  779
C45    563  563  563  564  564  564  564  564  564    0    0    0  563  563  563
C47    630  630  630  632  632  632  634  634  634    0    0    0  633  633  633
C48    781  777  781  792  792  792  792  792  792    0    0    0  791  791  791
C49   1156 1155 1156 1156 1156 1156 1159 1159 1159    0    0    0 1155 1155 1155
C50    805  805  805  805  805  805  806  806  806    0    0    0  805  805  805
C56     87    0   87    8    0    8 1983 1982 1983    0    0    0 1982 1981 1982
C58     11    0   11    1    0    1  270  270  270    0    0    0    0    0    0
C59      0    0    0    0    0    0 2880 2859 2880    0    0    0 2880 2857 2880
C60      0    0    0    0    0    0 2880 2880 2880    0    0    0 2880 2880 2880
# ------------------------------------------
# NavIC/IRNSS
%      C5A  L5A  S5A
I02   2880 2880 2880
I03   2880 2880 2880
I05   2880 2880 2880
I06   2880 2880 2880
I09   2880 2880 2880
I10   2880 2880 2880
# ------------------------------------------
# Cycle slip detection settings:
# ------------------------------------------
# Elmask (slip count ): 10.0
# Elmask (slip detect): 0.0
# MP detection type   : offset
# MP reference type   : rolling average (window=50epochs)
# MP threshold        : 2.000 (m)
# GF detection type   : velocity
# GF reference type   : single epoch
# GF threshold        : 0.050 (m/s)
# MW detection type   : sigma
# MW reference type   : rolling average (window=50epochs)
# MW threshold        : 4.000 (sigmas)
# ------------------------------------------
# Quality Report:
# ------------------------------------------
# For each satellite
% PRN, STD(MP1), STD(MP2), STD(MP5), # of slips/nobs (MP1, MP2, MP5, GF, MW, IOD(L1))
  G01,   0.2031,   0.3636,   0.2194,    11 /  1029,    13 /  1029,     3 /  1029,     7 /  1029,     9 /  1029,     9 /  1029
  G02,   0.1813,   0.3535,     ----,     8 /  1000,     8 /  1000,     0 /     0,     4 /  1000,     5 /  1000,     6 /  1000
  G03,   0.1795,   0.3296,   0.1744,     7 /   723,     8 /   723,     8 /   723,     4 /   723,     3 /   723,     5 /   723
  G04,   0.1689,   0.2936,   0.1826,     9 /   882,    10 /   882,     5 /   882,     9 /   882,     4 /   882,     9 /   882
  G05,   0.1626,   0.2256,     ----,     0 /   709,     0 /   709,     0 /     0,     0 /   709,     3 /   709,     0 /   709
  G06,   0.1591,   0.2219,   0.1571,     0 /   704,     0 /   704,     0 /   704,     0 /   704,     5 /   704,     0 /   704
  G07,   0.1515,   0.2583,     ----,     5 /   949,     5 /   949,     0 /     0,     4 /   949,     1 /   949,     5 /   949
  G08,   0.2121,   0.3454,   0.2421,     7 /   940,     8 /   940,     4 /   940,     3 /   940,     9 /   940,     4 /   940
  G09,   0.1767,   0.2911,   0.1702,     1 /   751,     1 /   751,     0 /   751,     1 /   751,     1 /   751,     1 /   751
  G10,   0.1361,   0.2696,   0.1465,     0 /   966,     0 /   966,     0 /   966,     0 /   966,     6 /   966,     0 /   966
  G11,   0.1494,   0.2680,   0.1460,     8 /   834,     8 /   834,     0 /   834,     7 /   834,     4 /   834,     8 /   834
  G12,   0.1517,   0.2631,     ----,     1 /   727,     1 /   727,     0 /     0,     1 /   727,     2 /   727,     1 /   727
  G13,   0.1858,   0.3436,     ----,     0 /   952,     0 /   952,     0 /     0,     0 /   952,     1 /   952,     0 /   952
  G14,   0.1895,   0.2536,   0.1697,     3 /   967,     2 /   966,     0 /   967,     2 /   967,     2 /   967,     4 /   967
  G15,   0.2016,   0.3141,     ----,     2 /   918,     3 /   918,     0 /     0,     1 /   918,     3 /   918,     3 /   918
  G16,   0.2472,   0.3122,     ----,     1 /   748,     2 /   748,     0 /     0,     1 /   748,     4 /   748,     1 /   748
  G17,   0.1619,   0.2319,     ----,     6 /   890,     6 /   890,     0 /     0,     4 /   890,     7 /   890,     5 /   890
  G18,   0.1914,   0.3022,   0.1721,     3 /   914,     2 /   913,     2 /   914,     2 /   914,     1 /   914,     3 /   914
  G19,   0.1611,   0.2743,     ----,     2 /   931,     2 /   931,     0 /     0,     1 /   931,     3 /   931,     2 /   931
  G20,   0.1521,   0.2323,     ----,     0 /   671,     0 /   671,     0 /     0,     0 /   671,     3 /   671,     0 /   671
  G21,   0.1911,   0.3574,   0.2218,    10 /   914,    11 /   914,     2 /   914,     7 /   914,     9 /   914,     8 /   914
  G22,   0.1370,   0.2594,     ----,     0 /   943,     0 /   943,     0 /     0,     0 /   943,     3 /   943,     0 /   943
  G23,   0.1635,   0.2492,   0.1525,     3 /   951,     3 /   951,     0 /   951,     0 /   951,     4 /   951,     3 /   951
  G24,   0.2030,   0.3454,   0.2170,     3 /  1012,     3 /  1012,     2 /  1012,     1 /  1012,     2 /  1012,     1 /  1012
  G25,   0.2128,   0.3157,   0.2240,     3 /   942,     3 /   941,     4 /   942,     1 /   942,    13 /   942,     2 /   942
  G26,   0.2649,   0.3703,   0.2008,     1 /   918,     3 /   918,     3 /   918,     3 /   918,     9 /   918,     3 /   918
  G27,   0.2186,   0.3779,   0.2223,     2 /  1011,     2 /  1010,     2 /  1011,     2 /  1011,    12 /  1011,     3 /  1011
  G28,   0.2146,   0.2595,   0.1934,     5 /   710,     5 /   710,     0 /   710,     5 /   710,     5 /   710,     5 /   710
  G29,   0.1814,   0.2715,     ----,     2 /   804,     1 /   804,     0 /     0,     2 /   804,     2 /   804,     2 /   804
  G30,   0.1574,   0.2652,   0.1703,     0 /   859,     0 /   859,     0 /   859,     0 /   859,     3 /   859,     1 /   859
  G31,   0.2086,   0.2185,     ----,     3 /   776,     3 /   776,     0 /     0,     2 /   776,     2 /   776,     2 /   776
  G32,   0.1637,   0.2433,   0.1754,     0 /   939,     0 /   939,     2 /   939,     0 /   939,     2 /   939,     0 /   939
  R01,     ----,     ----,     ----,     0 /     0,     0 /     0,     0 /     0,     0 /     0,     0 /     0,     0 /     0
  R02,   0.2033,   0.2123,     ----,    14 /   857,    16 /   857,     0 /     0,    13 /   857,    10 /   857,    14 /   857
  R03,   0.2125,   0.2355,     ----,     8 /   732,    10 /   732,     0 /     0,     7 /   732,     6 /   732,     8 /   732
  R04,   0.2835,   0.2423,     ----,     9 /   969,    11 /   969,     0 /     0,     8 /   969,     8 /   969,     9 /   969
  R05,   0.2268,   0.2294,     ----,     6 /  1009,     5 /  1009,     0 /     0,     5 /  1009,     4 /  1009,     5 /  1009
  R06,     ----,     ----,     ----,     0 /     0,     0 /     0,     0 /     0,     0 /     0,     0 /     0,     0 /     0
  R07,   0.2702,   0.2823,     ----,     6 /   901,    11 /   901,     0 /     0,     2 /   901,     9 /   901,     8 /   901
  R08,   0.2133,   0.2116,     ----,     3 /   851,     3 /   851,     0 /     0,     3 /   851,     2 /   851,     3 /   851
  R09,   0.2172,   0.2285,   0.2612,    20 /   931,    18 /   927,     1 /   924,    13 /   931,     5 /   931,    19 /   931
  R10,     ----,     ----,     ----,     0 /     0,     0 /     0,     0 /     0,     0 /     0,     0 /     0,     0 /     0
  R11,   0.3144,   0.2684,     ----,    14 /   930,    13 /   930,     0 /     0,    10 /   930,     8 /   930,    11 /   930
  R12,   0.4053,   0.2775,     ----,     7 /   820,     4 /   820,     0 /     0,     0 /   820,     6 /   820,     2 /   820
  R13,     ----,     ----,     ----,     0 /     0,     0 /     0,     0 /     0,     0 /     0,     0 /     0,     0 /     0
  R14,   0.2925,   0.2099,     ----,     4 /   848,     5 /   848,     0 /     0,     1 /   848,     3 /   848,     4 /   848
  R15,   0.2688,   0.2579,     ----,    10 /   929,    11 /   929,     0 /     0,    10 /   929,     8 /   929,    10 /   929
  R16,   0.2332,   0.2219,     ----,    12 /  1059,    13 /  1059,     0 /     0,     8 /  1059,     5 /  1059,    10 /  1059
  R17,   0.2467,   0.2664,     ----,    16 /   895,    18 /   895,     0 /     0,    10 /   895,     5 /   895,    16 /   895
  R18,   0.2462,   0.3046,     ----,    14 /   956,    17 /   956,     0 /     0,     8 /   956,     8 /   956,    13 /   956
  R19,   0.2227,   0.2055,     ----,    21 /  1014,    26 /  1014,     0 /     0,    12 /  1014,     9 /  1014,    23 /  1014
  R20,   0.2643,   0.1558,     ----,     0 /   986,     0 /   986,     0 /     0,     0 /   986,     2 /   986,     0 /   986
  R21,   0.2648,   0.2518,   0.2955,    15 /  1011,    13 /  1010,     4 /  1007,    11 /  1011,    11 /  1011,    14 /  1011
  R22,   0.3001,   0.2506,     ----,    13 /   695,     6 /   695,     0 /     0,     0 /   695,     4 /   695,     8 /   695
  R23,     ----,     ----,     ----,     0 /     0,     0 /     0,     0 /     0,     0 /     0,     0 /     0,     0 /     0
  R24,   0.2888,   0.2516,     ----,    19 /   897,    23 /   897,     0 /     0,    15 /   897,    11 /   897,    18 /   897
  E02,   0.3498,   0.3058,   0.3058,     0 /   297,     0 /   297,     0 /   297,     0 /   297,     2 /   297,     0 /   297
  E03,   0.3666,   0.3219,   0.3108,     7 /   843,     6 /   842,     8 /   842,     2 /   843,    10 /   843,     4 /   843
  E04,   0.2079,   0.1899,   0.1782,    16 /  1210,    15 /  1208,    10 /  1209,    11 /  1210,    14 /  1210,    13 /  1210
  E05,   0.2350,   0.2483,   0.2030,     2 /   727,     2 /   727,     2 /   726,     0 /   727,     3 /   727,     1 /   727
  E06,   0.2161,   0.2190,   0.2064,     3 /  1086,     3 /  1086,     4 /  1085,     1 /  1086,     4 /  1086,     2 /  1086
  E07,   0.2361,   0.2146,   0.2086,     9 /   864,     5 /   860,     6 /   864,     5 /   864,     4 /   864,     8 /   864
  E08,   0.3063,   0.2589,   0.2101,     4 /   645,     2 /   644,     2 /   644,     3 /   645,     4 /   645,     3 /   645
  E09,   0.1996,   0.2253,   0.2048,     3 /   940,     3 /   940,     3 /   940,     2 /   940,     6 /   940,     2 /   940
  E10,   0.2510,   0.2472,   0.2113,     6 /  1255,     6 /  1255,     8 /  1255,     4 /  1255,     6 /  1255,     6 /  1255
  E11,   0.2466,   0.2515,   0.2475,     3 /   850,     3 /   850,     3 /   850,     1 /   850,     9 /   850,     2 /   850
  E12,   0.2581,   0.2037,   0.2193,     8 /  1362,     5 /  1361,     5 /  1362,     4 /  1362,     6 /  1362,     6 /  1362
  E13,   0.1619,   0.1451,   0.1410,     2 /  1083,     2 /  1083,     2 /  1083,     1 /  1083,     2 /  1083,     1 /  1083
  E15,   0.2362,   0.1946,   0.1881,     2 /   730,     2 /   730,     2 /   730,     1 /   730,     2 /   730,     1 /   730
  E16,   0.1832,   0.1800,   0.1755,     3 /   869,     2 /   869,     2 /   869,     2 /   869,     0 /   869,     2 /   869
  E19,   0.1884,   0.1683,   0.1733,     0 /  1096,     0 /  1096,     0 /  1095,     0 /  1096,     2 /  1096,     0 /  1096
  E21,   0.2285,   0.2421,   0.2276,     5 /  1447,     3 /  1447,     6 /  1447,     3 /  1447,     4 /  1447,     3 /  1447
  E23,   0.2480,   0.2444,   0.2267,    13 /  1430,     8 /  1430,    11 /  1429,     5 /  1430,    10 /  1430,     8 /  1430
  E24,   0.1312,   0.1463,   0.1189,     0 /  1038,     0 /  1038,     0 /  1038,     0 /  1038,     0 /  1038,     0 /  1038
  E25,   0.2088,   0.2409,   0.2004,     8 /   721,     2 /   719,     4 /   721,     6 /   721,     3 /   721,     6 /   721
  E26,   0.1982,   0.1925,   0.1685,     6 /  1226,     7 /  1226,     5 /  1224,     5 /  1226,     6 /  1226,     6 /  1226
  E27,   0.2778,   0.2652,   0.2484,     7 /   993,     2 /   993,     1 /   988,     2 /   993,     5 /   993,     2 /   993
  E29,   0.1994,   0.1851,   0.1758,     2 /  1128,     0 /  1128,     0 /  1128,     0 /  1128,     2 /  1128,     0 /  1128
  E30,   0.2297,   0.2691,   0.1904,     1 /   396,     1 /   396,     2 /   396,     0 /   396,     5 /   396,     2 /   396
  E31,   0.2138,   0.1915,   0.2008,     1 /  1149,     1 /  1149,     1 /  1149,     1 /  1149,     3 /  1149,     1 /  1149
  E33,   0.2508,   0.2121,   0.2093,     9 /  1412,     8 /  1410,    10 /  1412,     6 /  1412,    10 /  1412,     7 /  1412
  E34,   0.3062,   0.2703,   0.2620,     4 /   286,     2 /   285,     1 /   286,     2 /   286,     7 /   286,     2 /   286
  E36,   0.1920,   0.1691,   0.1895,     2 /   280,     0 /   280,     0 /   280,     0 /   280,     0 /   280,     0 /   280
  J02,   0.2180,   0.2065,   0.1789,    80 /  1932,    78 /  1931,    77 /  1932,    79 /  1932,     9 /  1932,    79 /  1932
  J03,   0.1920,   0.1941,   0.1609,    50 /  1938,    50 /  1938,    49 /  1938,    50 /  1938,    10 /  1938,    50 /  1938
  J04,   0.1927,   0.1871,   0.1509,    67 /  2089,    67 /  2089,    67 /  2089,    67 /  2089,     8 /  2089,    67 /  2089
  J07,   0.2782,   0.1142,   0.0570,  1055 /  2880,  1055 /  2880,  1055 /  2880,  1055 /  2880,     3 /  2880,  1055 /  2880
  C01,   0.4569,   0.4277,     ----,    58 /  2343,    64 /  2343,     0 /     0,    19 /  2343,    99 /  2343,    36 /  2343
  C02,   0.1585,   0.0998,     ----,     0 /  2880,     0 /  2880,     0 /     0,     0 /  2880,     0 /  2880,     0 /  2880
  C03,   0.1732,   0.1300,     ----,     0 /  2880,     0 /  2880,     0 /     0,     0 /  2880,     5 /  2880,     0 /  2880
  C05,   0.1473,   0.1068,     ----,     0 /  2880,     0 /  2880,     0 /     0,     0 /  2880,     1 /  2880,     0 /  2880
  C06,   0.1797,   0.1745,     ----,     0 /  2194,     0 /  2194,     0 /     0,     0 /  2194,     1 /  2194,     0 /  2194
  C11,   0.2524,   0.1865,     ----,     0 /   941,     0 /   941,     0 /     0,     0 /   941,     5 /   941,     0 /   941
  C12,   0.1652,   0.1460,     ----,     1 /   899,     1 /   899,     0 /     0,     1 /   899,     6 /   899,     1 /   899
  C13,   0.1575,   0.1897,     ----,     4 /  2205,     4 /  2205,     0 /     0,     1 /  2205,     3 /  2205,     4 /  2205
  C14,   0.2000,   0.1634,     ----,     0 /  1009,     0 /  1009,     0 /     0,     0 /  1009,     8 /  1009,     0 /  1009
  C16,   0.1795,   0.1810,     ----,     0 /  2186,     0 /  2186,     0 /     0,     0 /  2186,     3 /  2186,     0 /  2186
  C19,   0.2252,     ----,   0.2403,     5 /   914,     0 /     0,     8 /   914,     4 /   914,     1 /   914,     4 /   914
  C20,   0.1783,     ----,   0.2228,     3 /   768,     0 /     0,     3 /   768,     2 /   768,     3 /   768,     2 /   768
  C21,   0.1701,     ----,   0.2102,     2 /   773,     0 /     0,     2 /   773,     2 /   773,     3 /   773,     2 /   773
  C22,   0.2044,     ----,   0.2463,     6 /   912,     0 /     0,     6 /   912,     6 /   912,     8 /   912,     6 /   912
  C23,   0.2850,     ----,   0.1599,     3 /   878,     0 /     0,     1 /   878,     0 /   878,     3 /   878,     0 /   878
  C24,   0.2979,     ----,   0.1864,     1 /  1077,     0 /     0,     1 /  1077,     1 /  1077,     1 /  1077,     1 /  1077
  C25,   0.3477,     ----,   0.2598,    12 /  1224,     0 /     0,    13 /  1224,     8 /  1224,    10 /  1224,     9 /  1224
  C26,   0.2562,     ----,   0.2649,     1 /   805,     0 /     0,     2 /   805,     0 /   805,     6 /   805,     1 /   805
  C27,   0.2539,     ----,   0.2286,     7 /  1221,     0 /     0,    10 /  1221,     3 /  1221,     8 /  1221,     7 /  1221
  C28,   0.2711,     ----,   0.2469,    12 /  1239,     0 /     0,    11 /  1239,     3 /  1239,    10 /  1239,     7 /  1239
  C29,   0.3010,     ----,   0.1822,     1 /   544,     0 /     0,     1 /   544,     1 /   544,     0 /   544,     1 /   544
  C30,   0.1698,     ----,   0.2139,     2 /   950,     0 /     0,     2 /   950,     1 /   950,     3 /   950,     2 /   950
  C32,   0.1644,     ----,   0.1852,     1 /   912,     0 /     0,     1 /   912,     1 /   912,     2 /   912,     1 /   912
  C33,   0.1901,     ----,   0.1659,     0 /  1082,     0 /     0,     0 /  1082,     0 /  1082,     6 /  1082,     0 /  1082
  C34,   0.2590,     ----,   0.2301,     4 /  1053,     0 /     0,     3 /  1053,     1 /  1053,     8 /  1053,     2 /  1053
  C35,   0.1828,     ----,   0.1920,     2 /   718,     0 /     0,     2 /   718,     2 /   718,     3 /   718,     2 /   718
  C36,   0.3118,     ----,   0.1917,     3 /   798,     0 /     0,     4 /   798,     2 /   798,     3 /   798,     3 /   798
  C37,   0.3186,     ----,   0.1724,     3 /  1055,     0 /     0,     2 /  1055,     2 /  1055,     2 /  1055,     2 /  1055
  C38,   0.2039,     ----,   0.1480,     3 /  2108,     0 /     0,     4 /  2108,     1 /  2108,    10 /  2108,     3 /  2108
  C39,   0.1948,     ----,   0.2030,     3 /  2141,     0 /     0,     3 /  2141,     1 /  2141,    18 /  2141,     2 /  2141
  C40,   0.2215,     ----,   0.1545,     3 /  2161,     0 /     0,     3 /  2161,     2 /  2161,     3 /  2161,     2 /  2161
  C41,   0.1533,     ----,   0.1707,     2 /  1063,     0 /     0,     3 /  1063,     1 /  1063,     2 /  1063,     2 /  1063
  C42,   0.1933,     ----,   0.2346,     0 /   975,     0 /     0,     0 /   975,     0 /   975,     1 /   975,     0 /   975
  C43,   0.2865,     ----,   0.2797,     5 /   926,     0 /     0,     4 /   926,     3 /   926,     8 /   926,     3 /   926
  C44,   0.1772,     ----,   0.1169,     5 /   780,     0 /     0,     6 /   780,     5 /   780,     2 /   780,     6 /   780
  C45,   0.2213,     ----,   0.2286,     0 /   564,     0 /     0,     1 /   564,     0 /   564,     1 /   564,     0 /   564
  C47,   0.1760,     ----,   0.1868,     1 /   632,     0 /     0,     0 /   632,     0 /   632,     1 /   632,     0 /   632
  C48,   0.2613,     ----,   0.2434,     2 /   792,     0 /     0,     6 /   792,     2 /   792,     4 /   792,     2 /   792
  C49,   0.2423,     ----,   0.2348,     7 /  1156,     0 /     0,     6 /  1156,     3 /  1156,     6 /  1156,     3 /  1156
  C50,   0.1602,     ----,   0.1515,     0 /   805,     0 /     0,     0 /   805,     0 /   805,     1 /   805,     0 /   805
  C56,     ----,     ----,     ----,     0 /     0,     0 /     0,     0 /     0,     0 /     0,     0 /     0,     0 /     0
  C58,     ----,     ----,     ----,     0 /     0,     0 /     0,     0 /     0,     0 /     0,     0 /     0,     0 /     0
  C59,     ----,     ----,     ----,     0 /     0,     0 /     0,     0 /     0,     0 /     0,     0 /     0,     0 /     0
  C60,     ----,     ----,     ----,     0 /     0,     0 /     0,     0 /     0,     0 /     0,     0 /     0,     0 /     0
  I02,     ----,     ----,     ----,     0 /     0,     0 /     0,     0 /     0,     0 /     0,     0 /     0,     0 /     0
  I03,     ----,     ----,     ----,     0 /     0,     0 /     0,     0 /     0,     0 /     0,     0 /     0,     0 /     0
  I05,     ----,     ----,     ----,     0 /     0,     0 /     0,     0 /     0,     0 /     0,     0 /     0,     0 /     0
  I06,     ----,     ----,     ----,     0 /     0,     0 /     0,     0 /     0,     0 /     0,     0 /     0,     0 /     0
  I09,     ----,     ----,     ----,     0 /     0,     0 /     0,     0 /     0,     0 /     0,     0 /     0,     0 /     0
  I10,     ----,     ----,     ----,     0 /     0,     0 /     0,     0 /     0,     0 /     0,     0 /     0,     0 /     0
# ------------------------------------------
# Summary of each satellite system
% SYS, STD(MP1), STD(MP2), STD(MP5), # of slips/nobs (MP1, MP2, MP5, GF, MW, IOD(L1))
    G,   0.1853,   0.2968,   0.1908,   106 / 27984,   113 / 27980,    37 / 16966,    74 / 27984,   142 / 27984,    96 / 27984
    R,   0.2646,   0.2420,   0.2796,   211 / 17290,   223 / 17285,     5 /  1931,   136 / 17290,   124 / 17290,   195 / 17290
    E,   0.2332,   0.2206,   0.2068,   126 / 25363,    90 / 25349,    98 / 25349,    67 / 25363,   129 / 25363,    88 / 25363
    J,   0.2291,   0.1735,   0.1382,  1252 /  8839,  1250 /  8838,  1248 /  8839,  1251 /  8839,    30 /  8839,  1251 /  8839
    C,   0.2310,   0.2023,   0.2062,   162 / 51443,    69 / 20417,   108 / 31026,    78 / 51443,   268 / 51443,   116 / 51443
    I,     ----,     ----,     ----,     0 /     0,     0 /     0,     0 /     0,     0 /     0,     0 /     0,     0 /     0
